2023-10-30 00:04:01: [SHOPKNB][200041][Junner]Mua vật phẩm thành công :348 x 5==> tiêu tốn 200
2023-10-30 00:04:05: [SHOPKNB][200041][Junner]Mua vật phẩm thành công :351 x 5==> tiêu tốn 200
2023-10-30 00:04:44: [SHOPKNB][200043][QuanDoLa]Mua vật phẩm thành công :349 x 15==> tiêu tốn 1800
2023-10-30 00:04:58: [SHOPKNB][200043][QuanDoLa]Mua vật phẩm thành công :352 x 15==> tiêu tốn 1800
2023-10-30 00:05:00: [SHOPKNB][200043][QuanDoLa]Mua vật phẩm thành công :351 x 1==> tiêu tốn 40
2023-10-30 00:06:00: [SHOPKNB][200043][QuanDoLa]Mua vật phẩm thành công :348 x 15==> tiêu tốn 600
2023-10-30 00:06:05: [SHOPKNB][200043][QuanDoLa]Mua vật phẩm thành công :351 x 14==> tiêu tốn 560
2023-10-30 00:09:13: [SHOPKNB][200041][Junner]Mua vật phẩm thành công :352 x 1==> tiêu tốn 120
2023-10-30 00:09:16: [SHOPKNB][200041][Junner]Mua vật phẩm thành công :349 x 1==> tiêu tốn 120
2023-10-30 00:10:52: [SHOPKNB][200041][Junner]Mua vật phẩm thành công :349 x 4==> tiêu tốn 480
2023-10-30 00:10:56: [SHOPKNB][200041][Junner]Mua vật phẩm thành công :352 x 4==> tiêu tốn 480
2023-10-30 00:22:44: [200041][Junner] Using Discount :15006
2023-10-30 00:22:44: [SHOPKNB][200041][Junner]Mua vật phẩm thành công :2168 x 1==> tiêu tốn 9000
2023-10-30 00:30:59: [SHOPKNB][201710][concarrr]Mua vật phẩm thành công :590 x 1==> tiêu tốn 1400
2023-10-30 00:31:04: [SHOPKNB][201710][concarrr]Mua vật phẩm thành công :488 x 4==> tiêu tốn 1200
2023-10-30 01:02:53: [SHOPKNB][200129][MrPhongSiiro]Mua vật phẩm thành công :488 x 1==> tiêu tốn 300
2023-10-30 01:04:57: [200129][MrPhongSiiro] Using Discount :15007
2023-10-30 01:04:57: [SHOPKNB][200129][MrPhongSiiro]Mua vật phẩm thành công :590 x 1==> tiêu tốn 1120
2023-10-30 02:54:46: [SHOPKNB][200172][ShopeeFood]Mua vật phẩm thành công :298 x 1==> tiêu tốn 180
2023-10-30 03:14:23: [200041][Junner] Using Discount :15006
2023-10-30 03:19:23: [200041][Junner] Using Discount :15006
2023-10-30 03:29:36: [200129][MrPhongSiiro] Using Discount :15006
2023-10-30 03:29:36: [SHOPKNB][200129][MrPhongSiiro]Mua vật phẩm thành công :488 x 1==> tiêu tốn 270
2023-10-30 03:29:51: [200129][MrPhongSiiro] Using Discount :15006
2023-10-30 03:29:51: [SHOPKNB][200129][MrPhongSiiro]Mua vật phẩm thành công :590 x 1==> tiêu tốn 1260
2023-10-30 05:15:40: [SHOPKNB][200041][Junner]Mua vật phẩm thành công :487 x 3==> tiêu tốn 90
2023-10-30 06:35:34: [SHOPKNB][200213][Quinn37]Mua vật phẩm thành công :590 x 1==> tiêu tốn 1400
2023-10-30 06:56:42: [SHOPKNB][200195][kenken]Mua vật phẩm thành công :488 x 1==> tiêu tốn 300
2023-10-30 07:15:03: [SHOPKNB][200213][Quinn37]Mua vật phẩm thành công :488 x 1==> tiêu tốn 300
2023-10-30 08:22:36: [SHOPKNB][200255][BaVuongKT]Mua vật phẩm thành công :348 x 5==> tiêu tốn 200
2023-10-30 08:22:40: [SHOPKNB][200255][BaVuongKT]Mua vật phẩm thành công :351 x 5==> tiêu tốn 200
2023-10-30 08:23:02: [SHOPKNB][200255][BaVuongKT]Mua vật phẩm thành công :348 x 1==> tiêu tốn 40
2023-10-30 08:23:05: [SHOPKNB][200255][BaVuongKT]Mua vật phẩm thành công :351 x 5==> tiêu tốn 200
2023-10-30 08:57:49: [SHOPKNB][200195][kenken]Mua vật phẩm thành công :928 x 1==> tiêu tốn 250
2023-10-30 09:20:25: [200039][vodanh] Using Discount :15006
2023-10-30 09:25:05: [200195][kenken] Using Discount :15006
2023-10-30 09:25:05: [SHOPKNB][200195][kenken]Mua vật phẩm thành công :928 x 40==> tiêu tốn 9000
2023-10-30 10:01:25: [SHOPKNB][200043][QuanDoLa]Mua vật phẩm thành công :928 x 2==> tiêu tốn 500
2023-10-30 10:04:38: [SHOPKNB][200043][QuanDoLa]Mua vật phẩm thành công :928 x 20==> tiêu tốn 5000
2023-10-30 10:13:55: [SHOPKNB][200043][QuanDoLa]Mua vật phẩm thành công :15020 x 1==> tiêu tốn 40000
2023-10-30 10:14:32: [SHOPKNB][200043][QuanDoLa]Mua vật phẩm thành công :15020 x 1==> tiêu tốn 40000
2023-10-30 10:16:20: [206755][Kiemthe4] Using Discount :15008
2023-10-30 10:16:31: [206755][Kiemthe4] Using Discount :15007
2023-10-30 10:31:30: [SHOPKNB][200043][QuanDoLa]Mua vật phẩm thành công :187 x 30==> tiêu tốn 5250
2023-10-30 11:05:55: [206369][choditcai] Using Discount :15006
2023-10-30 11:05:55: [SHOPKNB][206369][choditcai]Mua vật phẩm thành công :349 x 15==> tiêu tốn 1620
2023-10-30 11:21:35: [SHOPKNB][206757][BenSieuNhan]Mua vật phẩm thành công :590 x 1==> tiêu tốn 1400
2023-10-30 11:21:49: [SHOPKNB][206757][BenSieuNhan]Mua vật phẩm thành công :487 x 1==> tiêu tốn 30
2023-10-30 11:21:57: [SHOPKNB][206757][BenSieuNhan]Mua vật phẩm thành công :928 x 3==> tiêu tốn 750
2023-10-30 12:08:07: [200255][BaVuongKT] Using Discount :15006
2023-10-30 12:08:07: [SHOPKNB][200255][BaVuongKT]Mua vật phẩm thành công :2168 x 1==> tiêu tốn 9000
2023-10-30 12:23:36: [SHOPKNB][200195][kenken]Mua vật phẩm thành công :349 x 15==> tiêu tốn 1800
2023-10-30 12:23:42: [SHOPKNB][200195][kenken]Mua vật phẩm thành công :348 x 5==> tiêu tốn 200
2023-10-30 12:23:47: [SHOPKNB][200195][kenken]Mua vật phẩm thành công :351 x 5==> tiêu tốn 200
2023-10-30 12:23:58: [200195][kenken] Using Discount :15006
2023-10-30 12:23:58: [SHOPKNB][200195][kenken]Mua vật phẩm thành công :352 x 15==> tiêu tốn 1620
2023-10-30 12:26:40: [SHOPKNB][200255][BaVuongKT]Mua vật phẩm thành công :183 x 13==> tiêu tốn 13
2023-10-30 12:27:09: [SHOPKNB][200255][BaVuongKT]Mua vật phẩm thành công :183 x 12==> tiêu tốn 12
2023-10-30 12:27:40: [SHOPKNB][200255][BaVuongKT]Mua vật phẩm thành công :183 x 11==> tiêu tốn 11
2023-10-30 12:36:02: [200195][kenken] Using Discount :15006
2023-10-30 12:41:41: [200195][kenken] Using Discount :15006
2023-10-30 12:45:20: [200195][kenken] Using Discount :15006
2023-10-30 12:57:14: [SHOPKNB][201303][ZzTanSatZz]Mua vật phẩm thành công :348 x 5==> tiêu tốn 200
2023-10-30 12:57:21: [SHOPKNB][201303][ZzTanSatZz]Mua vật phẩm thành công :351 x 6==> tiêu tốn 240
2023-10-30 12:59:15: [SHOPKNB][201303][ZzTanSatZz]Mua vật phẩm thành công :348 x 10==> tiêu tốn 400
2023-10-30 13:16:54: [SHOPKNB][201303][ZzTanSatZz]Mua vật phẩm thành công :351 x 9==> tiêu tốn 360
2023-10-30 13:17:31: [SHOPKNB][201303][ZzTanSatZz]Mua vật phẩm thành công :488 x 1==> tiêu tốn 300
2023-10-30 14:00:16: [200255][BaVuongKT] Using Discount :15006
2023-10-30 14:00:16: [SHOPKNB][200255][BaVuongKT]Mua vật phẩm thành công :348 x 500==> tiêu tốn 18000
2023-10-30 14:00:28: [200255][BaVuongKT] Using Discount :15006
2023-10-30 14:00:28: [SHOPKNB][200255][BaVuongKT]Mua vật phẩm thành công :351 x 500==> tiêu tốn 18000
2023-10-30 14:11:27: [SHOPKNB][201141][MrCarr]Mua vật phẩm thành công :928 x 2==> tiêu tốn 500
2023-10-30 14:14:24: [SHOPKNB][201141][MrCarr]Mua vật phẩm thành công :928 x 1==> tiêu tốn 250
2023-10-30 14:14:29: [SHOPKNB][201141][MrCarr]Mua vật phẩm thành công :928 x 5==> tiêu tốn 1250
2023-10-30 15:54:59: [SHOPKNB][200231][KeoMut]Mua vật phẩm thành công :488 x 1==> tiêu tốn 300
2023-10-30 16:10:04: [201710][concarrr] Using Discount :15006
2023-10-30 16:14:37: [203148][TLThanhLong] Using Discount :15006
2023-10-30 16:23:08: [206770][CLDtxt] Using Discount :15008
2023-10-30 16:30:15: [200041][Junner] Using Discount :15006
2023-10-30 16:30:15: [SHOPKNB][200041][Junner]Mua vật phẩm thành công :928 x 50==> tiêu tốn 11250
2023-10-30 16:36:45: [SHOPKNB][200043][QuanDoLa]Mua vật phẩm thành công :488 x 4==> tiêu tốn 1200
2023-10-30 16:38:00: [SHOPKNB][200811][0768593121]Mua vật phẩm thành công :382 x 1==> tiêu tốn 50
2023-10-30 16:41:20: [SHOPKNB][200255][BaVuongKT]Mua vật phẩm thành công :187 x 15==> tiêu tốn 2625
2023-10-30 16:44:32: [206778][Zcaychay19] Using Discount :15006
2023-10-30 16:49:36: [SHOPKNB][200255][BaVuongKT]Mua vật phẩm thành công :187 x 9==> tiêu tốn 1575
2023-10-30 17:04:32: [205620][Zcaychay14] Using Discount :15008
2023-10-30 17:16:25: [205657][Zcaychay15] Using Discount :15008
2023-10-30 17:34:28: [200156][ChienThien] Using Discount :15006
2023-10-30 17:34:52: [206781][Zcaychay20] Using Discount :15008
2023-10-30 17:41:06: [200144][akansi] Using Discount :15006
2023-10-30 17:43:52: [200146][BasDao] Using Discount :15006
2023-10-30 17:46:56: [200151][Richter] Using Discount :15006
2023-10-30 17:49:28: [200153][ThanNo] Using Discount :15006
2023-10-30 18:23:19: [206788][Zcaychay21] Using Discount :15008
2023-10-30 18:25:14: [206404][aaaahhhsh] Using Discount :15006
2023-10-30 18:27:22: [206782][Doccokiem] Using Discount :15006
2023-10-30 18:27:43: [206782][Doccokiem] Using Discount :15008
2023-10-30 19:22:50: [SHOPKNB][200172][ShopeeFood]Mua vật phẩm thành công :349 x 1==> tiêu tốn 120
2023-10-30 19:22:54: [SHOPKNB][200172][ShopeeFood]Mua vật phẩm thành công :352 x 2==> tiêu tốn 240
2023-10-30 19:23:09: [SHOPKNB][200172][ShopeeFood]Mua vật phẩm thành công :349 x 1==> tiêu tốn 120
2023-10-30 19:23:27: [SHOPKNB][200172][ShopeeFood]Mua vật phẩm thành công :348 x 2==> tiêu tốn 80
2023-10-30 19:23:30: [SHOPKNB][200172][ShopeeFood]Mua vật phẩm thành công :351 x 2==> tiêu tốn 80
2023-10-30 20:07:53: [SHOPKNB][200213][Quinn37]Mua vật phẩm thành công :928 x 2==> tiêu tốn 500
2023-10-30 20:09:19: [SHOPKNB][200213][Quinn37]Mua vật phẩm thành công :928 x 2==> tiêu tốn 500
2023-10-30 20:26:45: [206807][Zcaychay22] Using Discount :15008
2023-10-30 20:31:06: [206807][Zcaychay22] Using Discount :15007
2023-10-30 20:48:59: [206811][scaychay25] Using Discount :15008
2023-10-30 20:54:04: [200214][TrieuTuLong] Using Discount :15007
2023-10-30 20:55:44: [SHOPKNB][200214][TrieuTuLong]Mua vật phẩm thành công :187 x 6==> tiêu tốn 1050
2023-10-30 21:23:29: [206815][Zcaychay23] Using Discount :15008
2023-10-30 21:28:08: [SHOPKNB][200300][ConCuInox]Mua vật phẩm thành công :348 x 15==> tiêu tốn 600
2023-10-30 21:28:14: [SHOPKNB][200300][ConCuInox]Mua vật phẩm thành công :351 x 15==> tiêu tốn 600
2023-10-30 21:45:57: [200214][TrieuTuLong] Using Discount :15008
2023-10-30 21:58:53: [206818][zcaycuay26] Using Discount :15008
2023-10-30 22:16:25: [SHOPKNB][200039][vodanh]Mua vật phẩm thành công :928 x 40==> tiêu tốn 10000
2023-10-30 22:20:34: [205260][Zcaychay8] Using Discount :15008
2023-10-30 23:19:15: [203148][TLThanhLong] Using Discount :15007
2023-10-30 23:25:45: [SHOPKNB][200041][Junner]Mua vật phẩm thành công :538 x 3==> tiêu tốn 150
