2023-10-28 08:48:13: [SHOPKNB][200102][<color=#0486dc>[GM]</color> ThienVuongNu]Mua vật phẩm thành công :2168 x 9==> tiêu tốn 90000
2023-10-28 08:48:19: [SHOPKNB][200102][<color=#0486dc>[GM]</color> ThienVuongNu]Mua vật phẩm thành công :336 x 6==> tiêu tốn 1200
2023-10-28 09:13:56: [SHOPKNB][200102][<color=#0486dc>[GM]</color> ThienVuongNu]Mua vật phẩm thành công :2168 x 7==> tiêu tốn 70000
2023-10-28 09:17:14: [SHOPKNB][200101][<color=#0486dc>[GM]</color> ThienVuong]Mua vật phẩm thành công :2168 x 13==> tiêu tốn 130000
2023-10-28 09:17:19: [SHOPKNB][200101][<color=#0486dc>[GM]</color> ThienVuong]Mua vật phẩm thành công :336 x 7==> tiêu tốn 1400
2023-10-28 13:07:53: [SHOPKNB][200096][<color=#0486dc>[GM]</color> MaOiMaMa]Mua vật phẩm thành công :336 x 1==> tiêu tốn 200
2023-10-28 13:08:43: [SHOPKNB][200096][<color=#0486dc>[GM]</color> MaOiMaMa]Mua vật phẩm thành công :2168 x 6==> tiêu tốn 60000
2023-10-28 13:28:50: [SHOPKNB][200105][<color=#0486dc>[GM]</color> AnhEMM]Mua vật phẩm thành công :496 x 1==> tiêu tốn 400
2023-10-28 14:03:04: [200097][<color=#0486dc>[GM]</color> ThieuLan] Using Discount :15006
2023-10-28 14:03:04: [SHOPKNB][200097][<color=#0486dc>[GM]</color> ThieuLan]Mua vật phẩm thành công :402 x 1==> tiêu tốn 900
2023-10-28 14:04:01: [200097][<color=#0486dc>[GM]</color> ThieuLan] Using Discount :15006
2023-10-28 14:04:01: [SHOPKNB][200097][<color=#0486dc>[GM]</color> ThieuLan]Mua vật phẩm thành công :402 x 1==> tiêu tốn 900
2023-10-28 14:05:14: [SHOPKNB][200106][<color=#0486dc>[GM]</color> 111111111111]Mua vật phẩm thành công :336 x 2==> tiêu tốn 400
2023-10-28 14:05:19: [SHOPKNB][200106][<color=#0486dc>[GM]</color> 111111111111]Mua vật phẩm thành công :2168 x 5==> tiêu tốn 50000
2023-10-28 15:04:09: [SHOPKNB][200116][<color=#0486dc>[GM]</color> fghsdrgd]Mua vật phẩm thành công :496 x 1==> tiêu tốn 400
2023-10-28 15:54:50: [SHOPKNB][200113][<color=#0486dc>[GM]</color> 999999999]Mua vật phẩm thành công :555 x 1==> tiêu tốn 1500
2023-10-28 17:11:04: [SHOPKNB][200117][<color=#0486dc>[GM]</color> VaiClin]Mua vật phẩm thành công :496 x 1==> tiêu tốn 400
2023-10-28 17:24:51: [SHOPKNB][200114][<color=#0486dc>[GM]</color> dfkhiq212]Mua vật phẩm thành công :2168 x 1==> tiêu tốn 10000
2023-10-28 17:24:56: [SHOPKNB][200114][<color=#0486dc>[GM]</color> dfkhiq212]Mua vật phẩm thành công :336 x 1==> tiêu tốn 200
2023-10-28 17:27:44: [SHOPKNB][200114][<color=#0486dc>[GM]</color> dfkhiq212]Mua vật phẩm thành công :2168 x 1==> tiêu tốn 10000
2023-10-28 17:37:44: [SHOPKNB][200118][<color=#0486dc>[GM]</color> DzayMuaDi]Mua vật phẩm thành công :2168 x 9==> tiêu tốn 90000
2023-10-28 17:37:49: [SHOPKNB][200118][<color=#0486dc>[GM]</color> DzayMuaDi]Mua vật phẩm thành công :336 x 9==> tiêu tốn 1800
2023-10-28 17:40:51: [SHOPKNB][200119][<color=#0486dc>[GM]</color> aDfsdafs]Mua vật phẩm thành công :2168 x 1==> tiêu tốn 10000
2023-10-28 17:40:57: [SHOPKNB][200119][<color=#0486dc>[GM]</color> aDfsdafs]Mua vật phẩm thành công :336 x 1==> tiêu tốn 200
2023-10-28 17:41:45: [SHOPKNB][200119][<color=#0486dc>[GM]</color> aDfsdafs]Mua vật phẩm thành công :2168 x 16==> tiêu tốn 160000
2023-10-28 17:42:32: [SHOPKNB][200103][<color=#0486dc>[GM]</color> 222222222222]Mua vật phẩm thành công :2168 x 12==> tiêu tốn 120000
2023-10-28 17:42:38: [SHOPKNB][200103][<color=#0486dc>[GM]</color> 222222222222]Mua vật phẩm thành công :336 x 2==> tiêu tốn 400
2023-10-28 17:57:27: [SHOPKNB][200103][<color=#0486dc>[GM]</color> 222222222222]Mua vật phẩm thành công :2168 x 4==> tiêu tốn 40000
2023-10-28 18:01:28: [SHOPKNB][200106][<color=#0486dc>[GM]</color> 111111111111]Mua vật phẩm thành công :2168 x 5==> tiêu tốn 50000
2023-10-28 18:01:35: [SHOPKNB][200106][<color=#0486dc>[GM]</color> 111111111111]Mua vật phẩm thành công :336 x 5==> tiêu tốn 1000
2023-10-28 18:07:35: [SHOPKNB][200103][<color=#0486dc>[GM]</color> 222222222222]Mua vật phẩm thành công :2168 x 9==> tiêu tốn 90000
2023-10-28 18:24:25: [SHOPKNB][200114][<color=#0486dc>[GM]</color> dfkhiq212]Mua vật phẩm thành công :2168 x 18==> tiêu tốn 180000
2023-10-28 18:29:07: [SHOPKNB][200106][<color=#0486dc>[GM]</color> 111111111111]Mua vật phẩm thành công :2168 x 11==> tiêu tốn 110000
2023-10-28 18:42:53: [SHOPKNB][200106][<color=#0486dc>[GM]</color> 111111111111]Mua vật phẩm thành công :2168 x 1==> tiêu tốn 10000
2023-10-28 18:45:47: [SHOPKNB][200106][<color=#0486dc>[GM]</color> 111111111111]Mua vật phẩm thành công :2168 x 3==> tiêu tốn 30000
2023-10-28 18:47:10: [SHOPKNB][200119][<color=#0486dc>[GM]</color> aDfsdafs]Mua vật phẩm thành công :2168 x 1==> tiêu tốn 10000
2023-10-28 18:48:47: [SHOPKNB][200119][<color=#0486dc>[GM]</color> aDfsdafs]Mua vật phẩm thành công :2168 x 7==> tiêu tốn 70000
2023-10-28 19:31:07: [SHOPKNB][200120][<color=#0486dc>[GM]</color> PhiPhuiPhi]Mua vật phẩm thành công :2168 x 12==> tiêu tốn 120000
2023-10-28 19:31:12: [SHOPKNB][200120][<color=#0486dc>[GM]</color> PhiPhuiPhi]Mua vật phẩm thành công :336 x 9==> tiêu tốn 1800
2023-10-28 19:37:38: [SHOPKNB][200121][<color=#0486dc>[GM]</color> MeGaiMaiGu]Mua vật phẩm thành công :2168 x 8==> tiêu tốn 80000
2023-10-28 19:37:44: [SHOPKNB][200121][<color=#0486dc>[GM]</color> MeGaiMaiGu]Mua vật phẩm thành công :336 x 10==> tiêu tốn 2000
2023-10-28 19:37:58: [SHOPKNB][200106][<color=#0486dc>[GM]</color> 111111111111]Mua vật phẩm thành công :2168 x 5==> tiêu tốn 50000
2023-10-28 20:06:34: [SHOPKNB][200121][<color=#0486dc>[GM]</color> MeGaiMaiGu]Mua vật phẩm thành công :496 x 1==> tiêu tốn 400
2023-10-28 19:44:19: [200099][bavuong8] Using Discount :15008
2023-10-28 19:44:19: [200094][bavuong10] Using Discount :15008
2023-10-28 19:44:19: [200093][bavuong11] Using Discount :15008
2023-10-28 19:44:19: [200095][bavuong5] Using Discount :15008
2023-10-28 19:44:19: [200098][bavuong7] Using Discount :15008
2023-10-28 19:44:19: [200092][bavuong] Using Discount :15008
2023-10-28 19:44:19: [200097][bavuong6] Using Discount :15008
2023-10-28 19:44:19: [200101][bavuong3] Using Discount :15008
2023-10-28 19:44:19: [200103][bavuong2] Using Discount :15008
2023-10-28 19:44:19: [200102][bavuong4] Using Discount :15008
2023-10-28 19:44:19: [200096][bavuong1] Using Discount :15008
2023-10-28 19:44:19: [200100][bavuong9] Using Discount :15008
2023-10-28 19:51:44: [200048][HanBaoQuan] Using Discount :15006
2023-10-28 19:56:42: [200025][PhiMuc1] Using Discount :15006
2023-10-28 19:58:52: [200025][PhiMuc1] Using Discount :15007
2023-10-28 20:01:39: [200217][Bgcity] Using Discount :15006
2023-10-28 20:18:16: [200277][choigiaitri] Using Discount :15008
2023-10-28 20:27:03: [200229][Keshino] Using Discount :15008
2023-10-28 20:30:57: [200429][dai26cm] Using Discount :15008
2023-10-28 20:31:07: [200429][dai26cm] Using Discount :15007
2023-10-28 20:31:14: [200429][dai26cm] Using Discount :15006
2023-10-28 20:36:09: [200436][MaPhongBa] Using Discount :15008
2023-10-28 20:36:30: [200167][TraDepTaoZe] Using Discount :15006
2023-10-28 20:36:35: [200436][MaPhongBa] Using Discount :15007
2023-10-28 20:39:42: [200395][HanBaoQuanl] Using Discount :15006
2023-10-28 20:41:59: [200516][BaRoiBeo] Using Discount :15008
2023-10-28 20:42:03: [200516][BaRoiBeo] Using Discount :15007
2023-10-28 20:54:49: [SHOPKNB][200167][TraDepTaoZe]Mua vật phẩm thành công :403 x 1==> tiêu tốn 10000
2023-10-28 20:58:09: [SHOPKNB][200041][Junner]Mua vật phẩm thành công :583 x 1==> tiêu tốn 8000
2023-10-28 21:02:13: [200051][ToiLaAi] Using Discount :15006
2023-10-28 21:15:43: [200250][hahaka] Using Discount :15007
2023-10-28 21:17:49: [200756][Punpun] Using Discount :15008
2023-10-28 21:18:33: [200756][Punpun] Using Discount :15007
2023-10-28 21:25:57: [200838][nguyenrose] Using Discount :15008
2023-10-28 21:27:29: [200838][nguyenrose] Using Discount :15007
2023-10-28 21:28:57: [200838][nguyenrose] Using Discount :15006
2023-10-28 21:35:25: [200854][BeoKaKa] Using Discount :15008
2023-10-28 21:51:53: [SHOPKNB][200043][QuanDoLa]Mua vật phẩm thành công :15020 x 5==> tiêu tốn 200000
2023-10-28 22:01:14: [200463][Sexxxx] Using Discount :15008
2023-10-28 22:01:44: [SHOPKNB][200043][QuanDoLa]Mua vật phẩm thành công :183 x 5==> tiêu tốn 5
2023-10-28 22:02:47: [SHOPKNB][200043][QuanDoLa]Mua vật phẩm thành công :187 x 7==> tiêu tốn 1225
2023-10-28 22:03:52: [200030][zZMapKaZz] Using Discount :15008
2023-10-28 22:03:52: [SHOPKNB][200030][zZMapKaZz]Mua vật phẩm thành công :557 x 1==> tiêu tốn 574
2023-10-28 22:04:13: [201316][zZaaaaaazZ] Using Discount :15008
2023-10-28 22:08:17: [200213][Quinn37] Using Discount :15008
2023-10-28 22:08:17: [SHOPKNB][200213][Quinn37]Mua vật phẩm thành công :187 x 50==> tiêu tốn 6125
2023-10-28 22:08:49: [SHOPKNB][200178][1DaoDoAtMang]Mua vật phẩm thành công :349 x 10==> tiêu tốn 1200
2023-10-28 22:08:53: [SHOPKNB][200178][1DaoDoAtMang]Mua vật phẩm thành công :352 x 10==> tiêu tốn 1200
2023-10-28 22:09:09: [SHOPKNB][200213][Quinn37]Mua vật phẩm thành công :185 x 40==> tiêu tốn 600
2023-10-28 22:12:40: [201316][zZaaaaaazZ] Using Discount :15007
2023-10-28 22:16:31: [SHOPKNB][200213][Quinn37]Mua vật phẩm thành công :488 x 1==> tiêu tốn 300
2023-10-28 22:16:37: [SHOPKNB][200167][TraDepTaoZe]Mua vật phẩm thành công :488 x 4==> tiêu tốn 1200
2023-10-28 22:17:29: [200046][Classic] Using Discount :15008
2023-10-28 22:18:47: [200046][Classic] Using Discount :15007
2023-10-28 22:19:21: [SHOPKNB][200043][QuanDoLa]Mua vật phẩm thành công :187 x 12==> tiêu tốn 2100
2023-10-28 22:21:41: [201702][zZLongLonzZ] Using Discount :15008
2023-10-28 22:23:28: [SHOPKNB][200167][TraDepTaoZe]Mua vật phẩm thành công :590 x 1==> tiêu tốn 1400
2023-10-28 22:23:34: [SHOPKNB][200043][QuanDoLa]Mua vật phẩm thành công :15020 x 1==> tiêu tốn 40000
2023-10-28 22:26:46: [SHOPKNB][200178][1DaoDoAtMang]Mua vật phẩm thành công :349 x 5==> tiêu tốn 600
2023-10-28 22:26:49: [SHOPKNB][200178][1DaoDoAtMang]Mua vật phẩm thành công :352 x 5==> tiêu tốn 600
2023-10-28 22:29:04: [SHOPKNB][200043][QuanDoLa]Mua vật phẩm thành công :488 x 1==> tiêu tốn 300
2023-10-28 22:29:07: [SHOPKNB][200043][QuanDoLa]Mua vật phẩm thành công :488 x 1==> tiêu tốn 300
2023-10-28 22:33:21: [201830][ZzHutMauzZ] Using Discount :15008
2023-10-28 22:35:29: [201830][ZzHutMauzZ] Using Discount :15007
2023-10-28 22:35:34: [201830][ZzHutMauzZ] Using Discount :15006
2023-10-28 22:39:49: [SHOPKNB][200043][QuanDoLa]Mua vật phẩm thành công :590 x 1==> tiêu tốn 1400
2023-10-28 22:39:55: [SHOPKNB][200043][QuanDoLa]Mua vật phẩm thành công :344 x 1==> tiêu tốn 200
2023-10-28 22:40:47: [201303][Master] Using Discount :15006
2023-10-28 22:40:47: [SHOPKNB][201303][Master]Mua vật phẩm thành công :928 x 40==> tiêu tốn 9000
2023-10-28 22:48:00: [200253][tansat1] Using Discount :15006
2023-10-28 22:48:24: [SHOPKNB][201303][Master]Mua vật phẩm thành công :348 x 15==> tiêu tốn 600
2023-10-28 22:48:27: [SHOPKNB][201303][Master]Mua vật phẩm thành công :349 x 15==> tiêu tốn 1800
2023-10-28 22:48:31: [SHOPKNB][201303][Master]Mua vật phẩm thành công :352 x 15==> tiêu tốn 1800
2023-10-28 22:48:34: [SHOPKNB][201303][Master]Mua vật phẩm thành công :351 x 15==> tiêu tốn 600
2023-10-28 22:51:54: [200188][Duonghung] Using Discount :15006
2023-10-28 22:51:54: [SHOPKNB][200188][Duonghung]Mua vật phẩm thành công :928 x 1==> tiêu tốn 225
2023-10-28 22:59:44: [SHOPKNB][201303][Master]Mua vật phẩm thành công :488 x 1==> tiêu tốn 300
2023-10-28 23:08:00: [SHOPKNB][200178][1DaoDoAtMang]Mua vật phẩm thành công :928 x 1==> tiêu tốn 250
2023-10-28 23:09:50: [202346][TojLaAi] Using Discount :15008
2023-10-28 23:09:59: [202346][TojLaAi] Using Discount :15007
2023-10-28 23:10:26: [200178][1DaoDoAtMang] Using Discount :15007
2023-10-28 23:10:26: [SHOPKNB][200178][1DaoDoAtMang]Mua vật phẩm thành công :928 x 19==> tiêu tốn 3800
2023-10-28 23:13:54: [SHOPKNB][200043][QuanDoLa]Mua vật phẩm thành công :352 x 15==> tiêu tốn 1800
2023-10-28 23:14:01: [SHOPKNB][200043][QuanDoLa]Mua vật phẩm thành công :349 x 15==> tiêu tốn 1800
2023-10-28 23:18:36: [SHOPKNB][200030][zZMapKaZz]Mua vật phẩm thành công :349 x 5==> tiêu tốn 600
2023-10-28 23:18:40: [SHOPKNB][200030][zZMapKaZz]Mua vật phẩm thành công :352 x 5==> tiêu tốn 600
2023-10-28 23:18:45: [SHOPKNB][200030][zZMapKaZz]Mua vật phẩm thành công :351 x 5==> tiêu tốn 200
2023-10-28 23:18:49: [SHOPKNB][200030][zZMapKaZz]Mua vật phẩm thành công :348 x 5==> tiêu tốn 200
2023-10-28 23:18:54: [SHOPKNB][200030][zZMapKaZz]Mua vật phẩm thành công :349 x 5==> tiêu tốn 600
2023-10-28 23:18:59: [SHOPKNB][200030][zZMapKaZz]Mua vật phẩm thành công :352 x 5==> tiêu tốn 600
2023-10-28 23:19:02: [SHOPKNB][200030][zZMapKaZz]Mua vật phẩm thành công :351 x 5==> tiêu tốn 200
2023-10-28 23:19:05: [SHOPKNB][200030][zZMapKaZz]Mua vật phẩm thành công :348 x 5==> tiêu tốn 200
2023-10-28 23:19:11: [SHOPKNB][200030][zZMapKaZz]Mua vật phẩm thành công :349 x 5==> tiêu tốn 600
2023-10-28 23:19:16: [SHOPKNB][200030][zZMapKaZz]Mua vật phẩm thành công :352 x 5==> tiêu tốn 600
2023-10-28 23:19:31: [SHOPKNB][200030][zZMapKaZz]Mua vật phẩm thành công :185 x 1==> tiêu tốn 15
2023-10-28 23:19:36: [SHOPKNB][200030][zZMapKaZz]Mua vật phẩm thành công :183 x 11==> tiêu tốn 11
2023-10-28 23:35:58: [202425][6789bl] Using Discount :15008
2023-10-28 23:36:38: [202425][6789bl] Using Discount :15007
2023-10-28 23:38:40: [202523][ToiiLaAi] Using Discount :15007
2023-10-28 23:39:00: [202523][ToiiLaAi] Using Discount :15008
2023-10-28 23:41:04: [200213][Quinn37] Using Discount :15007
2023-10-28 23:44:32: [SHOPKNB][201303][Master]Mua vật phẩm thành công :488 x 1==> tiêu tốn 300
2023-10-28 23:52:18: [202425][6789bl] Using Discount :15006
2023-10-28 23:52:34: [SHOPKNB][200110][AMapSS]Mua vật phẩm thành công :488 x 1==> tiêu tốn 300
2023-10-28 23:56:40: [SHOPKNB][200043][QuanDoLa]Mua vật phẩm thành công :348 x 10==> tiêu tốn 400
2023-10-28 23:56:45: [SHOPKNB][200043][QuanDoLa]Mua vật phẩm thành công :351 x 10==> tiêu tốn 400
