2023-10-29 00:30:46: [SHOPKNB][200103][222222222222]Mua vật phẩm thành công :348 x 5==> tiêu tốn 200
2023-10-29 00:30:51: [SHOPKNB][200103][222222222222]Mua vật phẩm thành công :348 x 1==> tiêu tốn 40
2023-10-29 00:32:31: [SHOPKNB][200103][222222222222]Mua vật phẩm thành công :348 x 10==> tiêu tốn 400
2023-10-29 00:33:25: [SHOPKNB][200103][222222222222]Mua vật phẩm thành công :349 x 16==> tiêu tốn 1920
2023-10-29 00:34:42: [SHOPKNB][200103][222222222222]Mua vật phẩm thành công :496 x 1==> tiêu tốn 400
2023-10-29 00:16:07: [203156][TojjLaAi] Using Discount :15008
2023-10-29 00:28:56: [203327][ThanhThao] Using Discount :15008
2023-10-29 00:32:28: [203327][ThanhThao] Using Discount :15007
2023-10-29 00:59:57: [200811][0768593121] Using Discount :15008
2023-10-29 00:59:57: [SHOPKNB][200811][0768593121]Mua vật phẩm thành công :403 x 6==> tiêu tốn 42000
2023-10-29 01:00:21: [200811][0768593121] Using Discount :15007
2023-10-29 01:00:21: [SHOPKNB][200811][0768593121]Mua vật phẩm thành công :403 x 1==> tiêu tốn 8000
2023-10-29 01:00:44: [200811][0768593121] Using Discount :15006
2023-10-29 01:00:44: [SHOPKNB][200811][0768593121]Mua vật phẩm thành công :403 x 1==> tiêu tốn 9000
2023-10-29 01:00:53: [200811][0768593121] Using Discount :15006
2023-10-29 01:00:53: [SHOPKNB][200811][0768593121]Mua vật phẩm thành công :402 x 1==> tiêu tốn 900
2023-10-29 01:13:23: [SHOPKNB][200043][QuanDoLa]Mua vật phẩm thành công :352 x 15==> tiêu tốn 1800
2023-10-29 01:13:29: [SHOPKNB][200043][QuanDoLa]Mua vật phẩm thành công :349 x 15==> tiêu tốn 1800
2023-10-29 01:14:58: [SHOPKNB][200043][QuanDoLa]Mua vật phẩm thành công :348 x 5==> tiêu tốn 200
2023-10-29 01:15:01: [SHOPKNB][200043][QuanDoLa]Mua vật phẩm thành công :351 x 5==> tiêu tốn 200
2023-10-29 01:57:02: [SHOPKNB][200041][Junner]Mua vật phẩm thành công :348 x 15==> tiêu tốn 600
2023-10-29 01:57:08: [SHOPKNB][200041][Junner]Mua vật phẩm thành công :351 x 15==> tiêu tốn 600
2023-10-29 01:58:12: [203993][Shinichi1] Using Discount :15007
2023-10-29 01:58:28: [203993][Shinichi1] Using Discount :15006
2023-10-29 02:28:12: [SHOPKNB][200041][Junner]Mua vật phẩm thành công :382 x 1==> tiêu tốn 50
2023-10-29 02:30:22: [SHOPKNB][200178][1DaoDoAtMang]Mua vật phẩm thành công :348 x 15==> tiêu tốn 600
2023-10-29 02:30:38: [200178][1DaoDoAtMang] Using Discount :15006
2023-10-29 02:30:38: [SHOPKNB][200178][1DaoDoAtMang]Mua vật phẩm thành công :349 x 30==> tiêu tốn 3240
2023-10-29 02:30:47: [SHOPKNB][200178][1DaoDoAtMang]Mua vật phẩm thành công :351 x 15==> tiêu tốn 600
2023-10-29 02:30:58: [200178][1DaoDoAtMang] Using Discount :15006
2023-10-29 02:30:58: [SHOPKNB][200178][1DaoDoAtMang]Mua vật phẩm thành công :352 x 30==> tiêu tốn 3240
2023-10-29 02:34:24: [200129][MrPhongSiiro] Using Discount :15008
2023-10-29 02:34:24: [SHOPKNB][200129][MrPhongSiiro]Mua vật phẩm thành công :488 x 1==> tiêu tốn 210
2023-10-29 02:35:33: [SHOPKNB][200041][Junner]Mua vật phẩm thành công :382 x 1==> tiêu tốn 50
2023-10-29 02:41:21: [204264][CbrPK1] Using Discount :15007
2023-10-29 02:48:51: [SHOPKNB][200129][MrPhongSiiro]Mua vật phẩm thành công :187 x 12==> tiêu tốn 2100
2023-10-29 02:51:10: [SHOPKNB][200129][MrPhongSiiro]Mua vật phẩm thành công :582 x 1==> tiêu tốn 800
2023-10-29 03:06:09: [202387][Linhrohe] Using Discount :15008
2023-10-29 05:27:29: [200437][ohnoooo] Using Discount :15008
2023-10-29 05:27:34: [200437][ohnoooo] Using Discount :15007
2023-10-29 05:27:39: [200437][ohnoooo] Using Discount :15006
2023-10-29 05:37:25: [SHOPKNB][200167][TraDepTaoZe]Mua vật phẩm thành công :336 x 1==> tiêu tốn 200
2023-10-29 05:52:42: [SHOPKNB][200167][TraDepTaoZe]Mua vật phẩm thành công :2167 x 1==> tiêu tốn 2000
2023-10-29 06:56:47: [206009][CaiBangAnMay] Using Discount :15006
2023-10-29 07:12:09: [SHOPKNB][201303][Master]Mua vật phẩm thành công :590 x 1==> tiêu tốn 1400
2023-10-29 07:14:10: [SHOPKNB][201303][Master]Mua vật phẩm thành công :382 x 1==> tiêu tốn 50
2023-10-29 07:28:04: [202387][Linhrohe] Using Discount :15007
2023-10-29 07:30:33: [202387][Linhrohe] Using Discount :15006
2023-10-29 07:30:33: [SHOPKNB][202387][Linhrohe]Mua vật phẩm thành công :187 x 2==> tiêu tốn 315
2023-10-29 07:47:02: [205923][NgaoTuyetxZ] Using Discount :15006
2023-10-29 08:10:34: [SHOPKNB][200188][Duonghung]Mua vật phẩm thành công :488 x 1==> tiêu tốn 300
2023-10-29 08:28:04: [SHOPKNB][200213][Quinn37]Mua vật phẩm thành công :382 x 1==> tiêu tốn 50
2023-10-29 08:52:34: [SHOPKNB][200110][AMapSS]Mua vật phẩm thành công :488 x 1==> tiêu tốn 300
2023-10-29 08:54:23: [SHOPKNB][200213][Quinn37]Mua vật phẩm thành công :187 x 6==> tiêu tốn 1050
2023-10-29 09:04:29: [206030][jdienjf] Using Discount :15008
2023-10-29 09:06:42: [206030][jdienjf] Using Discount :15007
2023-10-29 09:15:22: [SHOPKNB][201303][Master]Mua vật phẩm thành công :590 x 1==> tiêu tốn 1400
2023-10-29 09:16:00: [SHOPKNB][201303][Master]Mua vật phẩm thành công :488 x 1==> tiêu tốn 300
2023-10-29 09:21:23: [SHOPKNB][201303][Master]Mua vật phẩm thành công :382 x 4==> tiêu tốn 200
2023-10-29 09:23:25: [SHOPKNB][201710][concarrr]Mua vật phẩm thành công :488 x 1==> tiêu tốn 300
2023-10-29 09:25:55: [206024][CoiChungChet] Using Discount :15008
2023-10-29 09:29:52: [SHOPKNB][201710][concarrr]Mua vật phẩm thành công :928 x 7==> tiêu tốn 1750
2023-10-29 09:30:59: [SHOPKNB][201303][Master]Mua vật phẩm thành công :382 x 3==> tiêu tốn 150
2023-10-29 09:48:38: [SHOPKNB][202387][Linhrohe]Mua vật phẩm thành công :582 x 3==> tiêu tốn 2400
2023-10-29 09:48:57: [202387][Linhrohe] Using Discount :15006
2023-10-29 09:48:57: [SHOPKNB][202387][Linhrohe]Mua vật phẩm thành công :187 x 10==> tiêu tốn 1575
2023-10-29 09:49:03: [SHOPKNB][200213][Quinn37]Mua vật phẩm thành công :538 x 1==> tiêu tốn 50
2023-10-29 09:49:41: [SHOPKNB][200213][Quinn37]Mua vật phẩm thành công :538 x 1==> tiêu tốn 50
2023-10-29 09:51:45: [SHOPKNB][200043][QuanDoLa]Mua vật phẩm thành công :488 x 2==> tiêu tốn 600
2023-10-29 09:52:12: [SHOPKNB][200043][QuanDoLa]Mua vật phẩm thành công :488 x 2==> tiêu tốn 600
2023-10-29 09:58:37: [SHOPKNB][200213][Quinn37]Mua vật phẩm thành công :488 x 1==> tiêu tốn 300
2023-10-29 10:03:24: [SHOPKNB][200039][vodanh]Mua vật phẩm thành công :488 x 2==> tiêu tốn 600
2023-10-29 10:11:49: [SHOPKNB][200167][IB0961742730]Mua vật phẩm thành công :383 x 1==> tiêu tốn 450
2023-10-29 10:26:12: [SHOPKNB][201303][Master]Mua vật phẩm thành công :382 x 1==> tiêu tốn 50
2023-10-29 10:27:31: [SHOPKNB][200167][IB0961742730]Mua vật phẩm thành công :382 x 4==> tiêu tốn 200
2023-10-29 10:30:49: [SHOPKNB][200167][IB0961742730]Mua vật phẩm thành công :382 x 10==> tiêu tốn 500
2023-10-29 10:31:09: [200255][BaVuongKT] Using Discount :15008
2023-10-29 10:31:09: [SHOPKNB][200255][BaVuongKT]Mua vật phẩm thành công :928 x 112==> tiêu tốn 19600
2023-10-29 10:36:25: [SHOPKNB][200213][Quinn37]Mua vật phẩm thành công :382 x 1==> tiêu tốn 50
2023-10-29 10:50:57: [200041][Junner] Using Discount :15006
2023-10-29 10:52:27: [200395][HanBaoQuanl] Using Discount :15007
2023-10-29 10:54:42: [200255][BaVuongKT] Using Discount :15007
2023-10-29 10:55:18: [SHOPKNB][200167][IB0961742730]Mua vật phẩm thành công :336 x 1==> tiêu tốn 200
2023-10-29 10:57:30: [SHOPKNB][200395][HanBaoQuanl]Mua vật phẩm thành công :582 x 2==> tiêu tốn 1600
2023-10-29 10:57:57: [200839][ThienThien] Using Discount :15007
2023-10-29 10:58:00: [206178][PeHotBang] Using Discount :15008
2023-10-29 10:58:29: [206178][PeHotBang] Using Discount :15007
2023-10-29 10:58:33: [200041][Junner] Using Discount :15006
2023-10-29 10:59:13: [206178][PeHotBang] Using Discount :15006
2023-10-29 11:01:55: [206177][LiOnKing] Using Discount :15007
2023-10-29 11:02:57: [206177][LiOnKing] Using Discount :15006
2023-10-29 11:10:21: [206185][ASuKaa] Using Discount :15006
2023-10-29 11:14:28: [SHOPKNB][200167][IB0961742730]Mua vật phẩm thành công :336 x 1==> tiêu tốn 200
2023-10-29 11:19:04: [206185][ASuKaa] Using Discount :15008
2023-10-29 11:23:23: [SHOPKNB][200463][Sexxxx]Mua vật phẩm thành công :487 x 1==> tiêu tốn 30
2023-10-29 11:25:38: [206191][AsuuKa] Using Discount :15007
2023-10-29 11:30:05: [206196][VKLadd] Using Discount :15007
2023-10-29 11:30:59: [206196][VKLadd] Using Discount :15008
2023-10-29 11:31:06: [206196][VKLadd] Using Discount :15006
2023-10-29 11:47:32: [200178][1DaoDoAtMang] Using Discount :15008
2023-10-29 11:51:45: [206200][vipquas] Using Discount :15008
2023-10-29 11:51:52: [206200][vipquas] Using Discount :15007
2023-10-29 11:51:58: [206200][vipquas] Using Discount :15006
2023-10-29 11:53:31: [200255][BaVuongKT] Using Discount :15006
2023-10-29 11:53:31: [SHOPKNB][200255][BaVuongKT]Mua vật phẩm thành công :590 x 6==> tiêu tốn 7560
2023-10-29 11:54:23: [200255][BaVuongKT] Using Discount :15006
2023-10-29 11:54:23: [SHOPKNB][200255][BaVuongKT]Mua vật phẩm thành công :488 x 2==> tiêu tốn 540
2023-10-29 11:54:41: [SHOPKNB][200255][BaVuongKT]Mua vật phẩm thành công :488 x 1==> tiêu tốn 300
2023-10-29 11:58:02: [206200][vipquas] Using Discount :15006
2023-10-29 12:08:06: [200337][SevenCoong] Using Discount :15006
2023-10-29 12:08:58: [200252][DMBaVuong] Using Discount :15008
2023-10-29 12:09:59: [200252][DMBaVuong] Using Discount :15007
2023-10-29 12:12:51: [200395][HanBaoQuanl] Using Discount :15008
2023-10-29 12:12:52: [SHOPKNB][200395][HanBaoQuanl]Mua vật phẩm thành công :187 x 48==> tiêu tốn 5880
2023-10-29 12:16:07: [SHOPKNB][200395][HanBaoQuanl]Mua vật phẩm thành công :187 x 14==> tiêu tốn 2450
2023-10-29 12:16:16: [206204][kiemthe1] Using Discount :15008
2023-10-29 12:16:28: [206204][kiemthe1] Using Discount :15007
2023-10-29 12:16:48: [SHOPKNB][200395][HanBaoQuanl]Mua vật phẩm thành công :348 x 1==> tiêu tốn 40
2023-10-29 12:16:52: [SHOPKNB][200395][HanBaoQuanl]Mua vật phẩm thành công :185 x 2==> tiêu tốn 30
2023-10-29 13:13:23: [SHOPKNB][200043][QuanDoLa]Mua vật phẩm thành công :15020 x 6==> tiêu tốn 240000
2023-10-29 13:14:39: [SHOPKNB][200043][QuanDoLa]Mua vật phẩm thành công :15020 x 2==> tiêu tốn 80000
2023-10-29 13:14:46: [SHOPKNB][200231][KeoMut]Mua vật phẩm thành công :488 x 1==> tiêu tốn 300
2023-10-29 13:18:14: [203743][VuiVe30] Using Discount :15006
2023-10-29 13:18:14: [SHOPKNB][203743][VuiVe30]Mua vật phẩm thành công :187 x 30==> tiêu tốn 4725
2023-10-29 13:21:37: [SHOPKNB][203743][VuiVe30]Mua vật phẩm thành công :187 x 6==> tiêu tốn 1050
2023-10-29 13:23:58: [SHOPKNB][200195][Anhken]Mua vật phẩm thành công :348 x 5==> tiêu tốn 200
2023-10-29 13:24:02: [SHOPKNB][200195][Anhken]Mua vật phẩm thành công :349 x 10==> tiêu tốn 1200
2023-10-29 13:24:06: [SHOPKNB][200195][Anhken]Mua vật phẩm thành công :351 x 5==> tiêu tốn 200
2023-10-29 13:24:12: [SHOPKNB][200195][Anhken]Mua vật phẩm thành công :352 x 10==> tiêu tốn 1200
2023-10-29 13:24:40: [SHOPKNB][200195][Anhken]Mua vật phẩm thành công :349 x 5==> tiêu tốn 600
2023-10-29 13:24:45: [SHOPKNB][200195][Anhken]Mua vật phẩm thành công :352 x 5==> tiêu tốn 600
2023-10-29 13:25:29: [SHOPKNB][200195][Anhken]Mua vật phẩm thành công :348 x 5==> tiêu tốn 200
2023-10-29 13:25:33: [SHOPKNB][200195][Anhken]Mua vật phẩm thành công :351 x 5==> tiêu tốn 200
2023-10-29 13:26:03: [203743][VuiVe30] Using Discount :15006
2023-10-29 13:26:38: [200110][AMapSS] Using Discount :15006
2023-10-29 13:28:49: [203743][VuiVe30] Using Discount :15008
2023-10-29 13:28:49: [SHOPKNB][203743][VuiVe30]Mua vật phẩm thành công :349 x 45==> tiêu tốn 3780
2023-10-29 13:31:20: [SHOPKNB][200195][Anhken]Mua vật phẩm thành công :402 x 1==> tiêu tốn 1000
2023-10-29 13:32:07: [203743][VuiVe30] Using Discount :15007
2023-10-29 13:32:07: [SHOPKNB][203743][VuiVe30]Mua vật phẩm thành công :352 x 45==> tiêu tốn 4320
2023-10-29 13:34:09: [SHOPKNB][201303][Master]Mua vật phẩm thành công :928 x 4==> tiêu tốn 1000
2023-10-29 13:35:27: [206212][Britisttan] Using Discount :15008
2023-10-29 13:35:27: [SHOPKNB][206212][Britisttan]Mua vật phẩm thành công :187 x 90==> tiêu tốn 11025
2023-10-29 13:43:45: [206223][kakatagu1] Using Discount :15008
2023-10-29 13:45:02: [206212][Britisttan] Using Discount :15007
2023-10-29 13:45:02: [SHOPKNB][206212][Britisttan]Mua vật phẩm thành công :583 x 1==> tiêu tốn 6400
2023-10-29 13:45:08: [200172][MeiMei] Using Discount :15008
2023-10-29 13:45:08: [SHOPKNB][200172][MeiMei]Mua vật phẩm thành công :349 x 10==> tiêu tốn 840
2023-10-29 13:45:13: [206223][kakatagu1] Using Discount :15007
2023-10-29 13:45:17: [200172][MeiMei] Using Discount :15007
2023-10-29 13:45:17: [SHOPKNB][200172][MeiMei]Mua vật phẩm thành công :352 x 10==> tiêu tốn 960
2023-10-29 13:45:24: [200172][MeiMei] Using Discount :15006
2023-10-29 13:45:24: [SHOPKNB][200172][MeiMei]Mua vật phẩm thành công :351 x 10==> tiêu tốn 360
2023-10-29 13:45:32: [200172][MeiMei] Using Discount :15006
2023-10-29 13:45:32: [SHOPKNB][200172][MeiMei]Mua vật phẩm thành công :348 x 10==> tiêu tốn 360
2023-10-29 13:45:50: [206224][HaoKiemxx] Using Discount :15008
2023-10-29 13:45:59: [206224][HaoKiemxx] Using Discount :15007
2023-10-29 13:47:55: [206212][Britisttan] Using Discount :15006
2023-10-29 13:47:55: [SHOPKNB][206212][Britisttan]Mua vật phẩm thành công :582 x 3==> tiêu tốn 2160
2023-10-29 13:49:43: [206223][kakatagu1] Using Discount :15006
2023-10-29 13:55:54: [SHOPKNB][200172][MeiMei]Mua vật phẩm thành công :928 x 1==> tiêu tốn 250
2023-10-29 13:56:54: [SHOPKNB][200172][MeiMei]Mua vật phẩm thành công :928 x 1==> tiêu tốn 250
2023-10-29 14:22:54: [SHOPKNB][206212][Britisttan]Mua vật phẩm thành công :382 x 2==> tiêu tốn 100
2023-10-29 14:25:41: [SHOPKNB][201303][Master]Mua vật phẩm thành công :590 x 1==> tiêu tốn 1400
2023-10-29 14:32:29: [SHOPKNB][201303][Master]Mua vật phẩm thành công :382 x 1==> tiêu tốn 50
2023-10-29 14:35:50: [206229][HanTamThien] Using Discount :15008
2023-10-29 14:35:56: [206229][HanTamThien] Using Discount :15007
2023-10-29 14:36:04: [206229][HanTamThien] Using Discount :15006
2023-10-29 14:40:59: [SHOPKNB][200300][ConCuInox]Mua vật phẩm thành công :348 x 10==> tiêu tốn 400
2023-10-29 14:41:04: [SHOPKNB][200300][ConCuInox]Mua vật phẩm thành công :351 x 10==> tiêu tốn 400
2023-10-29 14:45:43: [201212][SayThuocLao] Using Discount :15008
2023-10-29 14:45:43: [SHOPKNB][201212][SayThuocLao]Mua vật phẩm thành công :583 x 1==> tiêu tốn 5600
2023-10-29 14:45:49: [201212][SayThuocLao] Using Discount :15006
2023-10-29 14:45:49: [SHOPKNB][201212][SayThuocLao]Mua vật phẩm thành công :590 x 1==> tiêu tốn 1260
2023-10-29 14:57:40: [SHOPKNB][206200][vipquas]Mua vật phẩm thành công :487 x 5==> tiêu tốn 150
2023-10-29 15:02:36: [SHOPKNB][200213][Quinn37]Mua vật phẩm thành công :590 x 1==> tiêu tốn 1400
2023-10-29 15:43:40: [200811][0768593121] Using Discount :15006
2023-10-29 15:48:57: [SHOPKNB][200214][TrieuTuLong]Mua vật phẩm thành công :488 x 1==> tiêu tốn 300
2023-10-29 15:48:59: [SHOPKNB][200214][TrieuTuLong]Mua vật phẩm thành công :488 x 1==> tiêu tốn 300
2023-10-29 15:53:50: [200195][kenken] Using Discount :15006
2023-10-29 15:57:35: [SHOPKNB][200195][kenken]Mua vật phẩm thành công :513 x 1==> tiêu tốn 1880
2023-10-29 16:00:22: [SHOPKNB][201303][Master]Mua vật phẩm thành công :382 x 2==> tiêu tốn 100
2023-10-29 16:28:30: [206371][kiemthe3] Using Discount :15008
2023-10-29 16:28:39: [206371][kiemthe3] Using Discount :15007
2023-10-29 16:37:10: [200175][QuaiKiet] Using Discount :15008
2023-10-29 16:43:42: [200195][kenken] Using Discount :15007
2023-10-29 16:51:26: [SHOPKNB][200195][kenken]Mua vật phẩm thành công :402 x 1==> tiêu tốn 1000
2023-10-29 16:53:09: [203327][ThanhThao] Using Discount :15006
2023-10-29 16:54:32: [SHOPKNB][200195][kenken]Mua vật phẩm thành công :402 x 1==> tiêu tốn 1000
2023-10-29 17:05:18: [200217][Bgcity] Using Discount :15008
2023-10-29 17:08:02: [200031][SoryBaby] Using Discount :15008
2023-10-29 17:10:05: [203148][SatThu4] Using Discount :15008
2023-10-29 17:14:27: [203158][SatThu1] Using Discount :15008
2023-10-29 17:20:01: [203149][SatThu2] Using Discount :15008
2023-10-29 17:23:22: [203157][SatThu3] Using Discount :15008
2023-10-29 17:46:59: [200214][TrieuTuLong] Using Discount :15006
2023-10-29 17:46:59: [SHOPKNB][200214][TrieuTuLong]Mua vật phẩm thành công :590 x 1==> tiêu tốn 1260
2023-10-29 17:48:07: [SHOPKNB][201141][MrCarr]Mua vật phẩm thành công :488 x 1==> tiêu tốn 300
2023-10-29 17:49:26: [SHOPKNB][200231][KeoMut]Mua vật phẩm thành công :488 x 1==> tiêu tốn 300
2023-10-29 17:59:09: [SHOPKNB][201920][zZzMapKazZz]Mua vật phẩm thành công :488 x 1==> tiêu tốn 300
2023-10-29 18:02:27: [SHOPKNB][200178][1DaoDoAtMang]Mua vật phẩm thành công :488 x 1==> tiêu tốn 300
2023-10-29 18:21:43: [SHOPKNB][200463][Sexxxx]Mua vật phẩm thành công :488 x 1==> tiêu tốn 300
2023-10-29 18:27:37: [SHOPKNB][201303][Master]Mua vật phẩm thành công :488 x 1==> tiêu tốn 300
2023-10-29 18:44:02: [SHOPKNB][201212][SayThuocLao]Mua vật phẩm thành công :488 x 1==> tiêu tốn 300
2023-10-29 18:47:30: [SHOPKNB][201303][Master]Mua vật phẩm thành công :538 x 6==> tiêu tốn 300
2023-10-29 18:52:27: [SHOPKNB][200213][Quinn37]Mua vật phẩm thành công :488 x 1==> tiêu tốn 300
2023-10-29 19:17:35: [SHOPKNB][200395][HanBaoQuanl]Mua vật phẩm thành công :187 x 2==> tiêu tốn 350
2023-10-29 19:19:40: [SHOPKNB][200395][HanBaoQuanl]Mua vật phẩm thành công :187 x 1==> tiêu tốn 175
2023-10-29 19:20:08: [SHOPKNB][200395][HanBaoQuanl]Mua vật phẩm thành công :187 x 9==> tiêu tốn 1575
2023-10-29 19:28:04: [SHOPKNB][200395][HanBaoQuanl]Mua vật phẩm thành công :582 x 2==> tiêu tốn 1600
2023-10-29 20:44:13: [206407][SugarBaby] Using Discount :15006
2023-10-29 20:47:08: [206407][SugarBaby] Using Discount :15007
2023-10-29 20:49:02: [202618][Vanlydochanh] Using Discount :15008
2023-10-29 20:52:59: [SHOPKNB][200043][QuanDoLa]Mua vật phẩm thành công :382 x 3==> tiêu tốn 150
2023-10-29 21:43:56: [200854][BeoKaKa] Using Discount :15007
2023-10-29 21:47:08: [SHOPKNB][200043][QuanDoLa]Mua vật phẩm thành công :590 x 1==> tiêu tốn 1400
2023-10-29 21:49:01: [SHOPKNB][200043][QuanDoLa]Mua vật phẩm thành công :488 x 2==> tiêu tốn 600
2023-10-29 21:49:50: [201303][Master] Using Discount :15008
2023-10-29 21:49:50: [SHOPKNB][201303][Master]Mua vật phẩm thành công :15020 x 3==> tiêu tốn 84000
2023-10-29 21:49:52: [SHOPKNB][201303][Master]Mua vật phẩm thành công :15020 x 1==> tiêu tốn 40000
2023-10-29 21:49:54: [SHOPKNB][201303][Master]Mua vật phẩm thành công :583 x 1==> tiêu tốn 8000
2023-10-29 21:51:15: [201212][SayThuocLao] Using Discount :15006
2023-10-29 21:51:15: [SHOPKNB][201212][SayThuocLao]Mua vật phẩm thành công :928 x 10==> tiêu tốn 2250
2023-10-29 21:53:59: [201303][Master] Using Discount :15007
2023-10-29 21:59:13: [200188][Duonghung] Using Discount :15007
2023-10-29 22:00:33: [SHOPKNB][201303][Master]Mua vật phẩm thành công :187 x 20==> tiêu tốn 3500
2023-10-29 22:01:44: [SHOPKNB][201303][Master]Mua vật phẩm thành công :187 x 30==> tiêu tốn 5250
2023-10-29 22:03:21: [200188][Duonghung] Using Discount :15006
2023-10-29 22:05:42: [SHOPKNB][201303][Master]Mua vật phẩm thành công :382 x 1==> tiêu tốn 50
2023-10-29 22:06:38: [200213][Quinn37] Using Discount :15006
2023-10-29 22:09:10: [SHOPKNB][200188][Duonghung]Mua vật phẩm thành công :928 x 1==> tiêu tốn 250
2023-10-29 22:10:51: [200188][Duonghung] Using Discount :15008
2023-10-29 22:10:51: [SHOPKNB][200188][Duonghung]Mua vật phẩm thành công :928 x 36==> tiêu tốn 6300
2023-10-29 22:20:55: [SHOPKNB][200188][Duonghung]Mua vật phẩm thành công :187 x 12==> tiêu tốn 2100
2023-10-29 22:26:25: [SHOPKNB][200172][MeiMei]Mua vật phẩm thành công :348 x 15==> tiêu tốn 600
2023-10-29 22:26:34: [SHOPKNB][200172][MeiMei]Mua vật phẩm thành công :349 x 15==> tiêu tốn 1800
2023-10-29 22:26:42: [SHOPKNB][200172][MeiMei]Mua vật phẩm thành công :352 x 15==> tiêu tốn 1800
2023-10-29 22:26:49: [SHOPKNB][200172][MeiMei]Mua vật phẩm thành công :351 x 15==> tiêu tốn 600
2023-10-29 22:28:38: [SHOPKNB][200214][TrieuTuLong]Mua vật phẩm thành công :352 x 20==> tiêu tốn 2400
2023-10-29 22:28:45: [SHOPKNB][200214][TrieuTuLong]Mua vật phẩm thành công :349 x 20==> tiêu tốn 2400
2023-10-29 22:28:54: [SHOPKNB][200214][TrieuTuLong]Mua vật phẩm thành công :348 x 10==> tiêu tốn 400
2023-10-29 22:29:04: [SHOPKNB][200214][TrieuTuLong]Mua vật phẩm thành công :351 x 10==> tiêu tốn 400
2023-10-29 22:41:29: [SHOPKNB][200188][Duonghung]Mua vật phẩm thành công :582 x 1==> tiêu tốn 800
2023-10-29 22:42:10: [SHOPKNB][200039][vodanh]Mua vật phẩm thành công :928 x 38==> tiêu tốn 9500
2023-10-29 22:52:58: [200039][vodanh] Using Discount :15008
2023-10-29 23:10:26: [SHOPKNB][203743][VuiVe30]Mua vật phẩm thành công :348 x 25==> tiêu tốn 1000
2023-10-29 23:10:33: [SHOPKNB][203743][VuiVe30]Mua vật phẩm thành công :351 x 25==> tiêu tốn 1000
2023-10-29 23:11:36: [SHOPKNB][203743][VuiVe30]Mua vật phẩm thành công :349 x 15==> tiêu tốn 1800
2023-10-29 23:11:43: [SHOPKNB][203743][VuiVe30]Mua vật phẩm thành công :352 x 15==> tiêu tốn 1800
2023-10-29 23:12:31: [SHOPKNB][203743][VuiVe30]Mua vật phẩm thành công :348 x 13==> tiêu tốn 520
2023-10-29 23:12:38: [SHOPKNB][203743][VuiVe30]Mua vật phẩm thành công :183 x 5==> tiêu tốn 5
