2023-10-30 00:18:11: Người chơi [200041][Junner][10348][11527721] mang Phá Sơn Đao cường hóa :[1] với tỉ lệ  :94
2023-10-30 00:18:21: Người chơi [200041][Junner][10348][11527721] mang Phá Sơn Đao cường hóa :[2] với tỉ lệ  :76
2023-10-30 00:18:26: Người chơi [200041][Junner][10348][11527721] mang Phá Sơn Đao cường hóa :[3] với tỉ lệ  :91
2023-10-30 00:18:36: Người chơi [200041][Junner][10348][11527721] mang Phá Sơn Đao cường hóa :[4] với tỉ lệ  :80
2023-10-30 00:18:43: Người chơi [200041][Junner][10348][11527721] mang Phá Sơn Đao cường hóa :[5] với tỉ lệ  :87
2023-10-30 00:19:42: Người chơi [200041][Junner][10348][11527721] mang Phá Sơn Đao cường hóa :[6] với tỉ lệ  :93
2023-10-30 00:19:53: Người chơi [200041][Junner][10348][11527721] mang Phá Sơn Đao cường hóa :[7] với tỉ lệ  :100
2023-10-30 00:20:18: Người chơi [200041][Junner][10348][11527721] mang Phá Sơn Đao cường hóa :[8] với tỉ lệ  :100
2023-10-30 00:20:33: Người chơi [200041][Junner][10348][11527721] mang Phá Sơn Đao cường hóa :[9] với tỉ lệ  :100
2023-10-30 00:20:41: Người chơi [200041][Junner][10348][11527721] mang Phá Sơn Đao cường hóa :[10] với tỉ lệ  :100
2023-10-30 00:21:08: Người chơi [200041][Junner][6942][11334831] mang Võ Thần Hộ Uyển cường hóa :[6] với tỉ lệ  :74
2023-10-30 00:21:10: Người chơi [200041][Junner][6942][11334831] mang Võ Thần Hộ Uyển cường hóa :[6] với tỉ lệ  :74
2023-10-30 00:21:13: Người chơi [200041][Junner][6942][11334831] mang Võ Thần Hộ Uyển cường hóa :[7] với tỉ lệ  :74
2023-10-30 00:21:27: Người chơi [200041][Junner][5728][11334832] mang Ngọa Hổ Thúc Yêu cường hóa :[6] với tỉ lệ  :74
2023-10-30 00:21:30: Người chơi [200041][Junner][5728][11334832] mang Ngọa Hổ Thúc Yêu cường hóa :[7] với tỉ lệ  :74
2023-10-30 00:37:18: Người chơi [203743][VuiVe30][10968][11436278] mang Thanh Sương Kiếm cường hóa :[11] với tỉ lệ  :39
2023-10-30 00:38:47: Người chơi [200255][BaVuongKT][9277][11342156] mang Sơn Quỷ Phát Quán cường hóa :[6] với tỉ lệ  :97
2023-10-30 00:39:28: Người chơi [200255][BaVuongKT][9277][11342156] mang Sơn Quỷ Phát Quán cường hóa :[7] với tỉ lệ  :92
2023-10-30 00:39:52: Người chơi [200255][BaVuongKT][9277][11342156] mang Sơn Quỷ Phát Quán cường hóa :[8] với tỉ lệ  :98
2023-10-30 00:40:18: Người chơi [200255][BaVuongKT][4468][11342154] mang Toàn Long Bào cường hóa :[6] với tỉ lệ  :97
2023-10-30 00:40:32: Người chơi [200255][BaVuongKT][4468][11342154] mang Toàn Long Bào cường hóa :[7] với tỉ lệ  :85
2023-10-30 00:40:41: Người chơi [200255][BaVuongKT][4468][11342154] mang Toàn Long Bào cường hóa :[8] với tỉ lệ  :95
2023-10-30 01:24:04: Người chơi [206744][Testvui][10968][11528806] mang Thanh Sương Kiếm cường hóa :[6] với tỉ lệ  :95
2023-10-30 01:24:30: Người chơi [206744][Testvui][10968][11528806] mang Thanh Sương Kiếm cường hóa :[7] với tỉ lệ  :95
2023-10-30 01:50:51: Người chơi [206743][Xiloxila][10388][11529119] mang Thanh Sương Kiếm cường hóa :[6] với tỉ lệ  :85
2023-10-30 01:51:05: Người chơi [206743][Xiloxila][10388][11529119] mang Thanh Sương Kiếm cường hóa :[7] với tỉ lệ  :82
2023-10-30 03:10:18: Người chơi [200041][Junner][5728][11334832] mang Ngọa Hổ Thúc Yêu cường hóa :[8] với tỉ lệ  :100
2023-10-30 03:10:24: Người chơi [200041][Junner][5728][11334832] mang Ngọa Hổ Thúc Yêu cường hóa :[9] với tỉ lệ  :100
2023-10-30 03:10:37: Người chơi [200041][Junner][5728][11334832] mang Ngọa Hổ Thúc Yêu cường hóa :[10] với tỉ lệ  :100
2023-10-30 03:11:10: Người chơi [200041][Junner][6942][11334831] mang Võ Thần Hộ Uyển cường hóa :[8] với tỉ lệ  :96
2023-10-30 03:11:18: Người chơi [200041][Junner][6942][11334831] mang Võ Thần Hộ Uyển cường hóa :[9] với tỉ lệ  :100
2023-10-30 03:14:57: Người chơi [200041][Junner][6942][11334831] mang Võ Thần Hộ Uyển cường hóa :[10] với tỉ lệ  :100
2023-10-30 03:15:16: Người chơi [200041][Junner][4006][11334834] mang Thiên Ma Phù cường hóa :[7] với tỉ lệ  :74
2023-10-30 03:15:27: Người chơi [200041][Junner][4006][11334834] mang Thiên Ma Phù cường hóa :[8] với tỉ lệ  :97
2023-10-30 03:15:41: Người chơi [200041][Junner][4006][11334834] mang Thiên Ma Phù cường hóa :[9] với tỉ lệ  :98
2023-10-30 03:15:57: Người chơi [200041][Junner][4006][11334834] mang Thiên Ma Phù cường hóa :[10] với tỉ lệ  :100
2023-10-30 03:16:23: Người chơi [200041][Junner][11635][11334827] mang Bắc Thần Liên cường hóa :[6] với tỉ lệ  :74
2023-10-30 03:16:26: Người chơi [200041][Junner][11635][11334827] mang Bắc Thần Liên cường hóa :[7] với tỉ lệ  :74
2023-10-30 03:16:55: Người chơi [200041][Junner][11635][11334827] mang Bắc Thần Liên cường hóa :[8] với tỉ lệ  :97
2023-10-30 03:17:16: Người chơi [200041][Junner][11635][11334827] mang Bắc Thần Liên cường hóa :[9] với tỉ lệ  :98
2023-10-30 03:17:28: Người chơi [200041][Junner][11635][11334827] mang Bắc Thần Liên cường hóa :[10] với tỉ lệ  :93
2023-10-30 03:17:47: Người chơi [200041][Junner][12889][11334828] mang Thương Khung Giới cường hóa :[6] với tỉ lệ  :74
2023-10-30 03:17:50: Người chơi [200041][Junner][12889][11334828] mang Thương Khung Giới cường hóa :[7] với tỉ lệ  :74
2023-10-30 03:17:58: Người chơi [200041][Junner][12889][11334828] mang Thương Khung Giới cường hóa :[8] với tỉ lệ  :53
2023-10-30 03:19:48: Người chơi [200041][Junner][12889][11334828] mang Thương Khung Giới cường hóa :[8] với tỉ lệ  :97
2023-10-30 03:20:07: Người chơi [200041][Junner][12889][11334828] mang Thương Khung Giới cường hóa :[9] với tỉ lệ  :98
2023-10-30 03:22:15: Người chơi [200041][Junner][12889][11334828] mang Thương Khung Giới cường hóa :[10] với tỉ lệ  :95
2023-10-30 03:22:26: Người chơi [200041][Junner][12065][11334829] mang Long Thủ Bội cường hóa :[6] với tỉ lệ  :74
2023-10-30 03:22:29: Người chơi [200041][Junner][12065][11334829] mang Long Thủ Bội cường hóa :[7] với tỉ lệ  :74
2023-10-30 03:22:32: Người chơi [200041][Junner][12065][11334829] mang Long Thủ Bội cường hóa :[7] với tỉ lệ  :74
2023-10-30 03:22:38: Người chơi [200041][Junner][12065][11334829] mang Long Thủ Bội cường hóa :[8] với tỉ lệ  :95
2023-10-30 03:22:46: Người chơi [200041][Junner][12065][11334829] mang Long Thủ Bội cường hóa :[9] với tỉ lệ  :91
2023-10-30 03:22:51: Người chơi [200041][Junner][12065][11334829] mang Long Thủ Bội cường hóa :[9] với tỉ lệ  :76
2023-10-30 03:22:56: Người chơi [200041][Junner][12065][11334829] mang Long Thủ Bội cường hóa :[10] với tỉ lệ  :94
2023-10-30 03:45:26: Người chơi [200144][akansi][10968][11337870] mang Thanh Sương Kiếm cường hóa :[10] với tỉ lệ  :100
2023-10-30 03:46:37: Người chơi [200144][akansi][5366][11337877] mang Lăng La Sam cường hóa :[8] với tỉ lệ  :95
2023-10-30 03:46:48: Người chơi [200144][akansi][5366][11337877] mang Lăng La Sam cường hóa :[8] với tỉ lệ  :95
2023-10-30 03:46:59: Người chơi [200144][akansi][5366][11337877] mang Lăng La Sam cường hóa :[9] với tỉ lệ  :91
2023-10-30 03:48:25: Người chơi [200146][BasDao][10348][11337820] mang Phá Sơn Đao cường hóa :[10] với tỉ lệ  :100
2023-10-30 03:48:59: Người chơi [200146][BasDao][4528][11337817] mang Tỏa Tử Hoàng Kim Giáp cường hóa :[8] với tỉ lệ  :96
2023-10-30 03:49:08: Người chơi [200146][BasDao][4528][11337817] mang Tỏa Tử Hoàng Kim Giáp cường hóa :[9] với tỉ lệ  :100
2023-10-30 03:49:19: Người chơi [200146][BasDao][4528][11337817] mang Tỏa Tử Hoàng Kim Giáp cường hóa :[10] với tỉ lệ  :81
2023-10-30 03:50:34: Người chơi [200151][Richter][10378][11337836] mang Thanh Sương Kiếm cường hóa :[10] với tỉ lệ  :100
2023-10-30 03:51:06: Người chơi [200151][Richter][4568][11337831] mang Tỏa Tử Hoàng Kim Giáp cường hóa :[8] với tỉ lệ  :97
2023-10-30 03:51:18: Người chơi [200151][Richter][4568][11337831] mang Tỏa Tử Hoàng Kim Giáp cường hóa :[9] với tỉ lệ  :100
2023-10-30 03:51:29: Người chơi [200151][Richter][4568][11337831] mang Tỏa Tử Hoàng Kim Giáp cường hóa :[10] với tỉ lệ  :81
2023-10-30 03:53:11: Người chơi [200153][ThanNo][12665][11337851] mang Hàm Sa Xạ Ảnh cường hóa :[10] với tỉ lệ  :100
2023-10-30 03:54:02: Người chơi [200153][ThanNo][4468][11337845] mang Toàn Long Bào cường hóa :[8] với tỉ lệ  :98
2023-10-30 03:54:11: Người chơi [200153][ThanNo][4468][11337845] mang Toàn Long Bào cường hóa :[9] với tỉ lệ  :100
2023-10-30 03:54:25: Người chơi [200153][ThanNo][4468][11337845] mang Toàn Long Bào cường hóa :[10] với tỉ lệ  :86
2023-10-30 03:55:34: Người chơi [200156][ChienThien][10238][11337864] mang Thấu Cốt Thương cường hóa :[10] với tỉ lệ  :100
2023-10-30 03:56:04: Người chơi [200156][ChienThien][4428][11337859] mang Sơn Quỷ Trang cường hóa :[8] với tỉ lệ  :100
2023-10-30 03:56:23: Người chơi [200156][ChienThien][4428][11337859] mang Sơn Quỷ Trang cường hóa :[9] với tỉ lệ  :100
2023-10-30 03:56:37: Người chơi [200156][ChienThien][4428][11337859] mang Sơn Quỷ Trang cường hóa :[10] với tỉ lệ  :86
2023-10-30 04:08:08: Người chơi [206745][clsssss][10388][11530484] mang Thanh Sương Kiếm cường hóa :[6] với tỉ lệ  :99
2023-10-30 04:08:15: Người chơi [206745][clsssss][10388][11530484] mang Thanh Sương Kiếm cường hóa :[7] với tỉ lệ  :100
2023-10-30 06:41:45: Người chơi [206441][HoaTinh][12065][11521411] mang Long Thủ Bội cường hóa :[6] với tỉ lệ  :74
2023-10-30 06:43:29: Người chơi [206746][conganxom][10218][11531332] mang Phá Sơn Đao cường hóa :[6] với tỉ lệ  :91
2023-10-30 06:43:45: Người chơi [206746][conganxom][10218][11531332] mang Phá Sơn Đao cường hóa :[7] với tỉ lệ  :95
2023-10-30 07:16:15: Người chơi [206216][leondh][6400][11503403] mang Tuyệt Hỏa Ngoa cường hóa :[6] với tỉ lệ  :85
2023-10-30 07:16:20: Người chơi [206216][leondh][6400][11503403] mang Tuyệt Hỏa Ngoa cường hóa :[6] với tỉ lệ  :20
2023-10-30 07:16:29: Người chơi [206216][leondh][6400][11503403] mang Tuyệt Hỏa Ngoa cường hóa :[7] với tỉ lệ  :77
2023-10-30 07:16:33: Người chơi [206216][leondh][6400][11503403] mang Tuyệt Hỏa Ngoa cường hóa :[7] với tỉ lệ  :37
2023-10-30 07:16:48: Người chơi [206216][leondh][10278][11503409] mang Phá Sơn Đao cường hóa :[9] với tỉ lệ  :22
2023-10-30 07:27:01: Người chơi [200045][KingCua][12665][11331627] mang Hàm Sa Xạ Ảnh cường hóa :[8] với tỉ lệ  :81
2023-10-30 07:27:06: Người chơi [200045][KingCua][12665][11331627] mang Hàm Sa Xạ Ảnh cường hóa :[8] với tỉ lệ  :28
2023-10-30 07:33:38: Người chơi [201830][ZzHutMauzZ][5728][11384439] mang Ngọa Hổ Thúc Yêu cường hóa :[6] với tỉ lệ  :57
2023-10-30 07:33:46: Người chơi [201830][ZzHutMauzZ][5728][11384439] mang Ngọa Hổ Thúc Yêu cường hóa :[7] với tỉ lệ  :100
2023-10-30 07:34:00: Người chơi [206416][1243145][10348][11531831] mang Phá Sơn Đao cường hóa :[6] với tỉ lệ  :67
2023-10-30 07:34:02: Người chơi [206416][1243145][10348][11531831] mang Phá Sơn Đao cường hóa :[6] với tỉ lệ  :67
2023-10-30 07:34:12: Người chơi [206416][1243145][10348][11531831] mang Phá Sơn Đao cường hóa :[7] với tỉ lệ  :67
2023-10-30 07:34:18: Người chơi [206416][1243145][10348][11531831] mang Phá Sơn Đao cường hóa :[7] với tỉ lệ  :52
2023-10-30 07:34:19: Người chơi [201830][ZzHutMauzZ][5728][11384439] mang Ngọa Hổ Thúc Yêu cường hóa :[8] với tỉ lệ  :53
2023-10-30 07:34:27: Người chơi [201830][ZzHutMauzZ][5728][11384439] mang Ngọa Hổ Thúc Yêu cường hóa :[9] với tỉ lệ  :100
2023-10-30 07:34:30: Người chơi [206416][1243145][10348][11531831] mang Phá Sơn Đao cường hóa :[7] với tỉ lệ  :40
2023-10-30 08:06:27: Người chơi [200172][ShopeeFood][10338][11337479] mang Chu Tước Triền Thủ cường hóa :[9] với tỉ lệ  :95
2023-10-30 08:20:34: Người chơi [203327][ThanhThao][3986][11424786] mang Thiên Ma Phù cường hóa :[6] với tỉ lệ  :74
2023-10-30 08:21:34: Người chơi [203327][ThanhThao][3986][11424786] mang Thiên Ma Phù cường hóa :[7] với tỉ lệ  :66
2023-10-30 08:21:41: Người chơi [203327][ThanhThao][3986][11424786] mang Thiên Ma Phù cường hóa :[8] với tỉ lệ  :95
2023-10-30 08:21:46: Người chơi [201830][ZzHutMauzZ][4528][11384440] mang Tỏa Tử Hoàng Kim Giáp cường hóa :[6] với tỉ lệ  :90
2023-10-30 08:21:48: Người chơi [203327][ThanhThao][3986][11424786] mang Thiên Ma Phù cường hóa :[9] với tỉ lệ  :50
2023-10-30 08:21:53: Người chơi [201830][ZzHutMauzZ][4528][11384440] mang Tỏa Tử Hoàng Kim Giáp cường hóa :[7] với tỉ lệ  :100
2023-10-30 08:21:53: Người chơi [203327][ThanhThao][3986][11424786] mang Thiên Ma Phù cường hóa :[10] với tỉ lệ  :77
2023-10-30 08:22:00: Người chơi [201830][ZzHutMauzZ][4528][11384440] mang Tỏa Tử Hoàng Kim Giáp cường hóa :[8] với tỉ lệ  :100
2023-10-30 08:23:08: Người chơi [200575][TongGiang][6420][11352411] mang Tuyệt Hỏa Ngoa cường hóa :[8] với tỉ lệ  :95
2023-10-30 08:25:48: Người chơi [206744][Testvui][10968][11528806] mang Thanh Sương Kiếm cường hóa :[8] với tỉ lệ  :96
2023-10-30 08:26:47: Người chơi [206744][Testvui][11615][11528807] mang Bắc Thần Liên cường hóa :[6] với tỉ lệ  :74
2023-10-30 08:26:51: Người chơi [206744][Testvui][11615][11528807] mang Bắc Thần Liên cường hóa :[6] với tỉ lệ  :74
2023-10-30 08:26:56: Người chơi [206744][Testvui][11615][11528807] mang Bắc Thần Liên cường hóa :[7] với tỉ lệ  :74
2023-10-30 08:27:00: Người chơi [206744][Testvui][11615][11528807] mang Bắc Thần Liên cường hóa :[7] với tỉ lệ  :74
2023-10-30 08:27:37: Người chơi [206744][Testvui][12869][11528808] mang Thương Khung Giới cường hóa :[6] với tỉ lệ  :74
2023-10-30 08:27:42: Người chơi [206744][Testvui][12869][11528808] mang Thương Khung Giới cường hóa :[7] với tỉ lệ  :74
2023-10-30 08:27:47: Người chơi [206744][Testvui][12035][11528809] mang Tiên Xạ Hương Nang cường hóa :[6] với tỉ lệ  :74
2023-10-30 08:28:17: Người chơi [206744][Testvui][12035][11528809] mang Tiên Xạ Hương Nang cường hóa :[7] với tỉ lệ  :37
2023-10-30 08:28:19: Người chơi [206744][Testvui][12035][11528809] mang Tiên Xạ Hương Nang cường hóa :[7] với tỉ lệ  :37
2023-10-30 08:28:21: Người chơi [206744][Testvui][12035][11528809] mang Tiên Xạ Hương Nang cường hóa :[7] với tỉ lệ  :37
2023-10-30 08:28:30: Người chơi [206744][Testvui][3986][11528814] mang Thiên Ma Phù cường hóa :[6] với tỉ lệ  :74
2023-10-30 08:34:16: Người chơi [200150][DINHATTIEU][10968][11336308] mang Thanh Sương Kiếm cường hóa :[8] với tỉ lệ  :19
2023-10-30 08:53:44: Người chơi [200178][1DaoDoAtMang][10278][11337351] mang Phá Sơn Đao cường hóa :[9] với tỉ lệ  :93
2023-10-30 08:55:20: Người chơi [206749][TxTqTpTxT][10218][11532421] mang Phá Sơn Đao cường hóa :[6] với tỉ lệ  :99
2023-10-30 08:55:56: Người chơi [206749][TxTqTpTxT][10218][11532421] mang Phá Sơn Đao cường hóa :[7] với tỉ lệ  :56
2023-10-30 08:56:10: Người chơi [206749][TxTqTpTxT][10218][11532421] mang Phá Sơn Đao cường hóa :[7] với tỉ lệ  :37
2023-10-30 08:56:16: Người chơi [206749][TxTqTpTxT][10218][11532421] mang Phá Sơn Đao cường hóa :[7] với tỉ lệ  :52
2023-10-30 09:08:43: Người chơi [200575][TongGiang][4006][11352415] mang Thiên Ma Phù cường hóa :[6] với tỉ lệ  :74
2023-10-30 09:08:48: Người chơi [200575][TongGiang][4006][11352415] mang Thiên Ma Phù cường hóa :[6] với tỉ lệ  :74
2023-10-30 09:09:25: Người chơi [200575][TongGiang][4006][11352415] mang Thiên Ma Phù cường hóa :[7] với tỉ lệ  :94
2023-10-30 09:09:32: Người chơi [200575][TongGiang][4006][11352415] mang Thiên Ma Phù cường hóa :[8] với tỉ lệ  :95
2023-10-30 09:19:50: Người chơi [200039][vodanh][9597][11331421] mang Thôn Long Khôi cường hóa :[6] với tỉ lệ  :100
2023-10-30 09:20:04: Người chơi [200039][vodanh][9597][11331421] mang Thôn Long Khôi cường hóa :[7] với tỉ lệ  :62
2023-10-30 09:20:46: Người chơi [200039][vodanh][9597][11331421] mang Thôn Long Khôi cường hóa :[8] với tỉ lệ  :76
2023-10-30 09:21:02: Người chơi [200039][vodanh][11645][11331413] mang Bắc Thần Liên cường hóa :[6] với tỉ lệ  :74
2023-10-30 09:21:05: Người chơi [200039][vodanh][11645][11331413] mang Bắc Thần Liên cường hóa :[7] với tỉ lệ  :74
2023-10-30 09:21:36: Người chơi [200039][vodanh][11645][11331413] mang Bắc Thần Liên cường hóa :[8] với tỉ lệ  :72
2023-10-30 09:21:42: Người chơi [200039][vodanh][11645][11331413] mang Bắc Thần Liên cường hóa :[8] với tỉ lệ  :100
2023-10-30 09:22:42: Người chơi [200039][vodanh][12899][11331414] mang Thương Khung Giới cường hóa :[6] với tỉ lệ  :74
2023-10-30 09:22:44: Người chơi [200039][vodanh][12899][11331414] mang Thương Khung Giới cường hóa :[7] với tỉ lệ  :74
2023-10-30 09:22:56: Người chơi [200039][vodanh][12899][11331414] mang Thương Khung Giới cường hóa :[7] với tỉ lệ  :37
2023-10-30 09:33:42: Người chơi [206752][TxTxYxTxT][10308][11533105] mang Thanh Sương Kiếm cường hóa :[6] với tỉ lệ  :80
2023-10-30 09:34:06: Người chơi [206752][TxTxYxTxT][10308][11533105] mang Thanh Sương Kiếm cường hóa :[7] với tỉ lệ  :91
2023-10-30 09:34:57: Người chơi [206752][TxTxYxTxT][10308][11533105] mang Thanh Sương Kiếm cường hóa :[8] với tỉ lệ  :59
2023-10-30 09:36:29: Người chơi [200519][XxAcBaxX][10348][11351121] mang Phá Sơn Đao cường hóa :[9] với tỉ lệ  :81
2023-10-30 09:39:26: Người chơi [200024][xxtokudaxx][10348][11331770] mang Phá Sơn Đao cường hóa :[9] với tỉ lệ  :91
2023-10-30 10:01:42: Người chơi [201224][thienhoanhan][10348][11389645] mang Phá Sơn Đao cường hóa :[6] với tỉ lệ  :85
2023-10-30 10:01:50: Người chơi [201224][thienhoanhan][10348][11389645] mang Phá Sơn Đao cường hóa :[6] với tỉ lệ  :67
2023-10-30 10:02:06: Người chơi [201830][ZzHutMauzZ][9557][11384442] mang Thôn Long Khôi cường hóa :[6] với tỉ lệ  :74
2023-10-30 10:02:13: Người chơi [201830][ZzHutMauzZ][9557][11384442] mang Thôn Long Khôi cường hóa :[7] với tỉ lệ  :100
2023-10-30 10:02:18: Người chơi [201830][ZzHutMauzZ][9557][11384442] mang Thôn Long Khôi cường hóa :[8] với tỉ lệ  :95
2023-10-30 10:03:03: Người chơi [201830][ZzHutMauzZ][4006][11384441] mang Thiên Ma Phù cường hóa :[6] với tỉ lệ  :74
2023-10-30 10:04:56: Người chơi [201830][ZzHutMauzZ][4006][11384441] mang Thiên Ma Phù cường hóa :[7] với tỉ lệ  :74
2023-10-30 10:05:03: Người chơi [201830][ZzHutMauzZ][4006][11384441] mang Thiên Ma Phù cường hóa :[8] với tỉ lệ  :100
2023-10-30 10:05:44: Người chơi [206753][zZNamLunZz][10278][11533488] mang Phá Sơn Đao cường hóa :[6] với tỉ lệ  :96
2023-10-30 10:05:53: Người chơi [206753][zZNamLunZz][10278][11533488] mang Phá Sơn Đao cường hóa :[7] với tỉ lệ  :95
2023-10-30 10:16:33: Người chơi [206178][PeHotBang][6420][11496287] mang Tuyệt Hỏa Ngoa cường hóa :[8] với tỉ lệ  :64
2023-10-30 10:16:50: Người chơi [206755][Kiemthe4][6410][11533921] mang Khinh Vân Ngoa cường hóa :[6] với tỉ lệ  :91
2023-10-30 10:16:59: Người chơi [206755][Kiemthe4][6410][11533921] mang Khinh Vân Ngoa cường hóa :[7] với tỉ lệ  :95
2023-10-30 10:17:13: Người chơi [206755][Kiemthe4][6410][11533921] mang Khinh Vân Ngoa cường hóa :[8] với tỉ lệ  :97
2023-10-30 10:17:21: Người chơi [206755][Kiemthe4][3996][11533925] mang Thiên Ma Phù cường hóa :[6] với tỉ lệ  :95
2023-10-30 10:17:31: Người chơi [206755][Kiemthe4][3996][11533925] mang Thiên Ma Phù cường hóa :[7] với tỉ lệ  :95
2023-10-30 10:17:42: Người chơi [206755][Kiemthe4][3996][11533925] mang Thiên Ma Phù cường hóa :[8] với tỉ lệ  :97
2023-10-30 10:17:50: Người chơi [206755][Kiemthe4][4498][11533924] mang Hàn Quang Nhạn Linh Giáp cường hóa :[6] với tỉ lệ  :74
2023-10-30 10:17:53: Người chơi [206755][Kiemthe4][4498][11533924] mang Hàn Quang Nhạn Linh Giáp cường hóa :[7] với tỉ lệ  :74
2023-10-30 10:17:54: Người chơi [201710][concarrr][9557][11380821] mang Thôn Long Khôi cường hóa :[6] với tỉ lệ  :51
2023-10-30 10:17:56: Người chơi [206755][Kiemthe4][4498][11533924] mang Hàn Quang Nhạn Linh Giáp cường hóa :[7] với tỉ lệ  :74
2023-10-30 10:18:04: Người chơi [201710][concarrr][9557][11380821] mang Thôn Long Khôi cường hóa :[6] với tỉ lệ  :51
2023-10-30 10:18:08: Người chơi [206755][Kiemthe4][4498][11533924] mang Hàn Quang Nhạn Linh Giáp cường hóa :[8] với tỉ lệ  :97
2023-10-30 10:18:21: Người chơi [206755][Kiemthe4][9527][11533926] mang Phượng Miên Khôi cường hóa :[6] với tỉ lệ  :74
2023-10-30 10:18:22: Người chơi [201710][concarrr][9557][11380821] mang Thôn Long Khôi cường hóa :[7] với tỉ lệ  :55
2023-10-30 10:18:25: Người chơi [206755][Kiemthe4][9527][11533926] mang Phượng Miên Khôi cường hóa :[7] với tỉ lệ  :74
2023-10-30 10:18:36: Người chơi [206755][Kiemthe4][9527][11533926] mang Phượng Miên Khôi cường hóa :[8] với tỉ lệ  :95
2023-10-30 10:18:43: Người chơi [206755][Kiemthe4][5718][11533923] mang Ngạo Mai Ngọc Đái cường hóa :[6] với tỉ lệ  :74
2023-10-30 10:18:45: Người chơi [201710][concarrr][9557][11380821] mang Thôn Long Khôi cường hóa :[8] với tỉ lệ  :52
2023-10-30 10:18:47: Người chơi [206755][Kiemthe4][5718][11533923] mang Ngạo Mai Ngọc Đái cường hóa :[7] với tỉ lệ  :100
2023-10-30 10:18:57: Người chơi [206755][Kiemthe4][5718][11533923] mang Ngạo Mai Ngọc Đái cường hóa :[8] với tỉ lệ  :72
2023-10-30 10:19:00: Người chơi [206755][Kiemthe4][5718][11533923] mang Ngạo Mai Ngọc Đái cường hóa :[8] với tỉ lệ  :100
2023-10-30 10:19:01: Người chơi [201710][concarrr][9557][11380821] mang Thôn Long Khôi cường hóa :[8] với tỉ lệ  :24
2023-10-30 10:19:23: Người chơi [201710][concarrr][4528][11380819] mang Tỏa Tử Hoàng Kim Giáp cường hóa :[6] với tỉ lệ  :34
2023-10-30 10:24:13: Người chơi [206757][BenSieuNhan][10368][11534217] mang Thanh Sương Kiếm cường hóa :[6] với tỉ lệ  :100
2023-10-30 10:24:26: Người chơi [206757][BenSieuNhan][10368][11534217] mang Thanh Sương Kiếm cường hóa :[7] với tỉ lệ  :100
2023-10-30 10:26:23: Người chơi [206757][BenSieuNhan][10368][11534217] mang Thanh Sương Kiếm cường hóa :[8] với tỉ lệ  :94
2023-10-30 10:27:03: Người chơi [206757][BenSieuNhan][4568][11534213] mang Tỏa Tử Hoàng Kim Giáp cường hóa :[6] với tỉ lệ  :74
2023-10-30 10:27:13: Người chơi [206757][BenSieuNhan][11645][11534207] mang Bắc Thần Liên cường hóa :[6] với tỉ lệ  :74
2023-10-30 10:27:21: Người chơi [206757][BenSieuNhan][12085][11534209] mang Long Thủ Bội cường hóa :[6] với tỉ lệ  :74
2023-10-30 10:27:28: Người chơi [206757][BenSieuNhan][6440][11534210] mang Tuyệt Hỏa Ngoa cường hóa :[6] với tỉ lệ  :74
2023-10-30 10:27:33: Người chơi [206757][BenSieuNhan][6962][11534211] mang Võ Thần Hộ Uyển cường hóa :[6] với tỉ lệ  :74
2023-10-30 10:27:35: Người chơi [200172][ShopeeFood][4006][11337474] mang Thiên Ma Phù cường hóa :[8] với tỉ lệ  :100
2023-10-30 10:27:39: Người chơi [206757][BenSieuNhan][5748][11534212] mang Ngọa Hổ Thúc Yêu cường hóa :[6] với tỉ lệ  :74
2023-10-30 10:27:43: Người chơi [206757][BenSieuNhan][5748][11534212] mang Ngọa Hổ Thúc Yêu cường hóa :[6] với tỉ lệ  :74
2023-10-30 10:27:45: Người chơi [206757][BenSieuNhan][5748][11534212] mang Ngọa Hổ Thúc Yêu cường hóa :[6] với tỉ lệ  :74
2023-10-30 10:27:47: Người chơi [206757][BenSieuNhan][5748][11534212] mang Ngọa Hổ Thúc Yêu cường hóa :[6] với tỉ lệ  :74
2023-10-30 10:28:19: Người chơi [206757][BenSieuNhan][5748][11534212] mang Ngọa Hổ Thúc Yêu cường hóa :[6] với tỉ lệ  :91
2023-10-30 10:28:33: Người chơi [206757][BenSieuNhan][4568][11534213] mang Tỏa Tử Hoàng Kim Giáp cường hóa :[7] với tỉ lệ  :100
2023-10-30 10:28:47: Người chơi [206757][BenSieuNhan][9597][11534215] mang Thôn Long Khôi cường hóa :[6] với tỉ lệ  :74
2023-10-30 10:29:46: Người chơi [200043][QuanDoLa][11625][11340558] mang Bắc Thần Liên cường hóa :[6] với tỉ lệ  :74
2023-10-30 10:29:51: Người chơi [200043][QuanDoLa][11625][11340558] mang Bắc Thần Liên cường hóa :[7] với tỉ lệ  :74
2023-10-30 10:30:03: Người chơi [200043][QuanDoLa][11625][11340558] mang Bắc Thần Liên cường hóa :[8] với tỉ lệ  :88
2023-10-30 10:30:36: Người chơi [200043][QuanDoLa][12879][11340559] mang Thương Khung Giới cường hóa :[6] với tỉ lệ  :74
2023-10-30 10:30:39: Người chơi [200043][QuanDoLa][12879][11340559] mang Thương Khung Giới cường hóa :[7] với tỉ lệ  :74
2023-10-30 10:30:42: Người chơi [200043][QuanDoLa][12879][11340559] mang Thương Khung Giới cường hóa :[7] với tỉ lệ  :74
2023-10-30 10:30:57: Người chơi [200043][QuanDoLa][12879][11340559] mang Thương Khung Giới cường hóa :[8] với tỉ lệ  :85
2023-10-30 10:31:04: Người chơi [200043][QuanDoLa][12879][11340559] mang Thương Khung Giới cường hóa :[8] với tỉ lệ  :53
2023-10-30 10:31:10: Người chơi [200043][QuanDoLa][12879][11340559] mang Thương Khung Giới cường hóa :[8] với tỉ lệ  :100
2023-10-30 10:36:43: Người chơi [200043][QuanDoLa][12045][11340560] mang Long Thủ Bội cường hóa :[6] với tỉ lệ  :74
2023-10-30 10:36:47: Người chơi [200043][QuanDoLa][12045][11340560] mang Long Thủ Bội cường hóa :[7] với tỉ lệ  :74
2023-10-30 10:36:57: Người chơi [200043][QuanDoLa][12045][11340560] mang Long Thủ Bội cường hóa :[8] với tỉ lệ  :88
2023-10-30 10:37:20: Người chơi [200043][QuanDoLa][3996][11340565] mang Thiên Ma Phù cường hóa :[6] với tỉ lệ  :74
2023-10-30 10:37:22: Người chơi [200043][QuanDoLa][3996][11340565] mang Thiên Ma Phù cường hóa :[6] với tỉ lệ  :74
2023-10-30 10:37:25: Người chơi [200043][QuanDoLa][3996][11340565] mang Thiên Ma Phù cường hóa :[7] với tỉ lệ  :74
2023-10-30 10:37:29: Người chơi [200043][QuanDoLa][3996][11340565] mang Thiên Ma Phù cường hóa :[7] với tỉ lệ  :74
2023-10-30 10:37:37: Người chơi [200043][QuanDoLa][3996][11340565] mang Thiên Ma Phù cường hóa :[8] với tỉ lệ  :85
2023-10-30 10:41:14: Người chơi [200043][QuanDoLa][9337][11340566] mang Tử Kim Thúc Ngạch cường hóa :[9] với tỉ lệ  :91
2023-10-30 10:41:27: Người chơi [200043][QuanDoLa][9337][11340566] mang Tử Kim Thúc Ngạch cường hóa :[10] với tỉ lệ  :100
2023-10-30 10:45:45: Người chơi [206754][iKingCuai][12665][11533764] mang Hàm Sa Xạ Ảnh cường hóa :[6] với tỉ lệ  :94
2023-10-30 10:46:00: Người chơi [206754][iKingCuai][12665][11533764] mang Hàm Sa Xạ Ảnh cường hóa :[7] với tỉ lệ  :76
2023-10-30 10:47:35: Người chơi [206754][iKingCuai][12665][11533764] mang Hàm Sa Xạ Ảnh cường hóa :[8] với tỉ lệ  :77
2023-10-30 10:49:59: Người chơi [200043][QuanDoLa][4508][11340564] mang Toàn Long Bào cường hóa :[9] với tỉ lệ  :84
2023-10-30 10:50:07: Người chơi [200043][QuanDoLa][4508][11340564] mang Toàn Long Bào cường hóa :[10] với tỉ lệ  :83
2023-10-30 10:50:50: Người chơi [200043][QuanDoLa][6400][11340561] mang Tuyệt Hỏa Ngoa cường hóa :[9] với tỉ lệ  :84
2023-10-30 10:51:02: Người chơi [200043][QuanDoLa][6400][11340561] mang Tuyệt Hỏa Ngoa cường hóa :[10] với tỉ lệ  :100
2023-10-30 10:51:18: Người chơi [200043][QuanDoLa][6922][11340562] mang Võ Thần Hộ Uyển cường hóa :[9] với tỉ lệ  :92
2023-10-30 10:52:05: Người chơi [200043][QuanDoLa][5708][11340563] mang Ngọa Hổ Thúc Yêu cường hóa :[9] với tỉ lệ  :84
2023-10-30 10:52:26: Người chơi [200043][QuanDoLa][5708][11340563] mang Ngọa Hổ Thúc Yêu cường hóa :[10] với tỉ lệ  :69
2023-10-30 10:53:09: Người chơi [200043][QuanDoLa][6922][11340562] mang Võ Thần Hộ Uyển cường hóa :[10] với tỉ lệ  :82
2023-10-30 10:53:20: Người chơi [200043][QuanDoLa][6922][11340562] mang Võ Thần Hộ Uyển cường hóa :[10] với tỉ lệ  :41
2023-10-30 10:53:52: Người chơi [200043][QuanDoLa][6922][11340562] mang Võ Thần Hộ Uyển cường hóa :[10] với tỉ lệ  :69
2023-10-30 10:54:08: Người chơi [200043][QuanDoLa][6922][11340562] mang Võ Thần Hộ Uyển cường hóa :[11] với tỉ lệ  :34
2023-10-30 10:57:36: Người chơi [201710][concarrr][10348][11380822] mang Phá Sơn Đao cường hóa :[9] với tỉ lệ  :31
2023-10-30 10:58:21: Người chơi [200024][xxtokudaxx][10348][11331770] mang Phá Sơn Đao cường hóa :[10] với tỉ lệ  :84
2023-10-30 11:04:00: Người chơi [200429][dai26cm][6400][11347417] mang Tuyệt Hỏa Ngoa cường hóa :[7] với tỉ lệ  :99
2023-10-30 11:26:18: Người chơi [201920][zZzMapKazZz][12889][11387457] mang Thương Khung Giới cường hóa :[6] với tỉ lệ  :98
2023-10-30 11:36:01: Người chơi [201181][iiKingii][10388][11366021] mang Thanh Sương Kiếm cường hóa :[6] với tỉ lệ  :82
2023-10-30 11:36:22: Người chơi [201181][iiKingii][10388][11366021] mang Thanh Sương Kiếm cường hóa :[7] với tỉ lệ  :91
2023-10-30 11:36:34: Người chơi [201181][iiKingii][10388][11366021] mang Thanh Sương Kiếm cường hóa :[7] với tỉ lệ  :74
2023-10-30 11:38:04: Người chơi [201181][iiKingii][10388][11366021] mang Thanh Sương Kiếm cường hóa :[8] với tỉ lệ  :84
2023-10-30 11:47:04: Người chơi [200024][xxtokudaxx][10348][11331770] mang Phá Sơn Đao cường hóa :[11] với tỉ lệ  :100
2023-10-30 12:01:06: Người chơi [206762][Yumangel][10388][11535668] mang Thanh Sương Kiếm cường hóa :[6] với tỉ lệ  :100
2023-10-30 12:01:14: Người chơi [206762][Yumangel][10388][11535668] mang Thanh Sương Kiếm cường hóa :[7] với tỉ lệ  :100
2023-10-30 12:01:36: Người chơi [206762][Yumangel][10388][11535668] mang Thanh Sương Kiếm cường hóa :[8] với tỉ lệ  :52
2023-10-30 12:10:12: Người chơi [200395][HanBaoQuanl][3986][11346643] mang Thiên Ma Phù cường hóa :[10] với tỉ lệ  :99
2023-10-30 12:10:40: Người chơi [200395][HanBaoQuanl][11615][11346636] mang Bắc Thần Liên cường hóa :[9] với tỉ lệ  :91
2023-10-30 12:10:44: Người chơi [200395][HanBaoQuanl][11615][11346636] mang Bắc Thần Liên cường hóa :[10] với tỉ lệ  :77
2023-10-30 12:10:49: Người chơi [200395][HanBaoQuanl][11615][11346636] mang Bắc Thần Liên cường hóa :[10] với tỉ lệ  :94
2023-10-30 12:11:51: Người chơi [200395][HanBaoQuanl][6380][11346639] mang Tuyệt Hỏa Ngoa cường hóa :[9] với tỉ lệ  :77
2023-10-30 12:11:58: Người chơi [200395][HanBaoQuanl][6380][11346639] mang Tuyệt Hỏa Ngoa cường hóa :[10] với tỉ lệ  :83
2023-10-30 12:17:06: Người chơi [200255][BaVuongKT][10707][11535850] mang Phách Phong Đao cường hóa :[1] với tỉ lệ  :100
2023-10-30 12:17:17: Người chơi [200255][BaVuongKT][10707][11535850] mang Phách Phong Đao cường hóa :[2] với tỉ lệ  :92
2023-10-30 12:17:25: Người chơi [200255][BaVuongKT][10707][11535850] mang Phách Phong Đao cường hóa :[3] với tỉ lệ  :96
2023-10-30 12:19:47: Người chơi [200255][BaVuongKT][10707][11535850] mang Phách Phong Đao cường hóa :[4] với tỉ lệ  :99
2023-10-30 12:19:51: Người chơi [200255][BaVuongKT][10707][11535850] mang Phách Phong Đao cường hóa :[5] với tỉ lệ  :100
2023-10-30 12:19:57: Người chơi [200255][BaVuongKT][10707][11535850] mang Phách Phong Đao cường hóa :[6] với tỉ lệ  :93
2023-10-30 12:20:11: Người chơi [200255][BaVuongKT][10707][11535850] mang Phách Phong Đao cường hóa :[7] với tỉ lệ  :100
2023-10-30 12:21:42: Người chơi [200255][BaVuongKT][10707][11535850] mang Phách Phong Đao cường hóa :[8] với tỉ lệ  :92
2023-10-30 12:25:29: Người chơi [206768][000000000000][10378][11536320] mang Thanh Sương Kiếm cường hóa :[6] với tỉ lệ  :85
2023-10-30 12:25:37: Người chơi [200255][BaVuongKT][10707][11535850] mang Phách Phong Đao cường hóa :[9] với tỉ lệ  :97
2023-10-30 12:25:38: Người chơi [206768][000000000000][10378][11536320] mang Thanh Sương Kiếm cường hóa :[7] với tỉ lệ  :67
2023-10-30 12:26:05: Người chơi [200255][BaVuongKT][10707][11535850] mang Phách Phong Đao cường hóa :[10] với tỉ lệ  :100
2023-10-30 12:26:49: Người chơi [200255][BaVuongKT][12655][11342159] mang Quang Liên Đao cường hóa :[1] với tỉ lệ  :13
2023-10-30 12:26:52: Người chơi [200255][BaVuongKT][12655][11342159] mang Quang Liên Đao cường hóa :[1] với tỉ lệ  :13
2023-10-30 12:26:54: Người chơi [200255][BaVuongKT][12655][11342159] mang Quang Liên Đao cường hóa :[1] với tỉ lệ  :13
2023-10-30 12:26:57: Người chơi [200255][BaVuongKT][12655][11342159] mang Quang Liên Đao cường hóa :[1] với tỉ lệ  :13
2023-10-30 12:26:59: Người chơi [200255][BaVuongKT][12655][11342159] mang Quang Liên Đao cường hóa :[1] với tỉ lệ  :13
2023-10-30 12:27:01: Người chơi [200255][BaVuongKT][12655][11342159] mang Quang Liên Đao cường hóa :[1] với tỉ lệ  :13
2023-10-30 12:27:05: Người chơi [206768][000000000000][10378][11536320] mang Thanh Sương Kiếm cường hóa :[8] với tỉ lệ  :65
2023-10-30 12:27:17: Người chơi [200255][BaVuongKT][12655][11342159] mang Quang Liên Đao cường hóa :[1] với tỉ lệ  :13
2023-10-30 12:27:19: Người chơi [200255][BaVuongKT][12655][11342159] mang Quang Liên Đao cường hóa :[1] với tỉ lệ  :13
2023-10-30 12:27:22: Người chơi [200255][BaVuongKT][12655][11342159] mang Quang Liên Đao cường hóa :[1] với tỉ lệ  :13
2023-10-30 12:27:24: Người chơi [200255][BaVuongKT][12655][11342159] mang Quang Liên Đao cường hóa :[1] với tỉ lệ  :13
2023-10-30 12:27:27: Người chơi [200255][BaVuongKT][12655][11342159] mang Quang Liên Đao cường hóa :[1] với tỉ lệ  :13
2023-10-30 12:27:29: Người chơi [200255][BaVuongKT][12655][11342159] mang Quang Liên Đao cường hóa :[1] với tỉ lệ  :13
2023-10-30 12:27:47: Người chơi [200255][BaVuongKT][12655][11342159] mang Quang Liên Đao cường hóa :[1] với tỉ lệ  :13
2023-10-30 12:27:56: Người chơi [200255][BaVuongKT][12655][11342159] mang Quang Liên Đao cường hóa :[2] với tỉ lệ  :11
2023-10-30 12:28:00: Người chơi [200255][BaVuongKT][12655][11342159] mang Quang Liên Đao cường hóa :[2] với tỉ lệ  :11
2023-10-30 12:28:04: Người chơi [201710][concarrr][10348][11380822] mang Phá Sơn Đao cường hóa :[9] với tỉ lệ  :51
2023-10-30 12:28:06: Người chơi [200255][BaVuongKT][12655][11342159] mang Quang Liên Đao cường hóa :[3] với tỉ lệ  :12
2023-10-30 12:28:07: Người chơi [200255][BaVuongKT][12655][11342159] mang Quang Liên Đao cường hóa :[3] với tỉ lệ  :12
2023-10-30 12:28:14: Người chơi [200255][BaVuongKT][12655][11342159] mang Quang Liên Đao cường hóa :[4] với tỉ lệ  :12
2023-10-30 12:30:20: Người chơi [200195][kenken][10668][11536477] mang Thanh Sương Kiếm cường hóa :[1] với tỉ lệ  :75
2023-10-30 12:30:30: Người chơi [200195][kenken][10668][11536477] mang Thanh Sương Kiếm cường hóa :[2] với tỉ lệ  :82
2023-10-30 12:30:35: Người chơi [200195][kenken][10668][11536477] mang Thanh Sương Kiếm cường hóa :[3] với tỉ lệ  :86
2023-10-30 12:30:45: Người chơi [200195][kenken][10668][11536477] mang Thanh Sương Kiếm cường hóa :[4] với tỉ lệ  :88
2023-10-30 12:31:06: Người chơi [200195][kenken][10668][11536477] mang Thanh Sương Kiếm cường hóa :[5] với tỉ lệ  :87
2023-10-30 12:31:11: Người chơi [200195][kenken][10668][11536477] mang Thanh Sương Kiếm cường hóa :[6] với tỉ lệ  :85
2023-10-30 12:31:34: Người chơi [200195][kenken][10668][11536477] mang Thanh Sương Kiếm cường hóa :[7] với tỉ lệ  :76
2023-10-30 12:32:23: Người chơi [200195][kenken][10668][11536477] mang Thanh Sương Kiếm cường hóa :[7] với tỉ lệ  :85
2023-10-30 12:32:41: Người chơi [200195][kenken][10668][11536477] mang Thanh Sương Kiếm cường hóa :[8] với tỉ lệ  :78
2023-10-30 12:33:00: Người chơi [200195][kenken][10668][11536477] mang Thanh Sương Kiếm cường hóa :[9] với tỉ lệ  :75
2023-10-30 12:33:24: Người chơi [200195][kenken][10668][11536477] mang Thanh Sương Kiếm cường hóa :[10] với tỉ lệ  :77
2023-10-30 12:34:17: Người chơi [206769][ooLOITHANoo][10388][11536696] mang Thanh Sương Kiếm cường hóa :[6] với tỉ lệ  :81
2023-10-30 12:34:30: Người chơi [206769][ooLOITHANoo][10388][11536696] mang Thanh Sương Kiếm cường hóa :[7] với tỉ lệ  :91
2023-10-30 12:36:07: Người chơi [206769][ooLOITHANoo][10388][11536696] mang Thanh Sương Kiếm cường hóa :[8] với tỉ lệ  :92
2023-10-30 12:36:45: Người chơi [206769][ooLOITHANoo][6440][11536687] mang Tuyệt Hỏa Ngoa cường hóa :[6] với tỉ lệ  :91
2023-10-30 12:37:15: Người chơi [206769][ooLOITHANoo][6440][11536687] mang Tuyệt Hỏa Ngoa cường hóa :[7] với tỉ lệ  :74
2023-10-30 12:37:17: Người chơi [206769][ooLOITHANoo][6440][11536687] mang Tuyệt Hỏa Ngoa cường hóa :[7] với tỉ lệ  :74
2023-10-30 12:37:20: Người chơi [206769][ooLOITHANoo][6440][11536687] mang Tuyệt Hỏa Ngoa cường hóa :[7] với tỉ lệ  :74
2023-10-30 12:37:23: Người chơi [206769][ooLOITHANoo][6440][11536687] mang Tuyệt Hỏa Ngoa cường hóa :[7] với tỉ lệ  :74
2023-10-30 12:37:25: Người chơi [206769][ooLOITHANoo][6440][11536687] mang Tuyệt Hỏa Ngoa cường hóa :[7] với tỉ lệ  :74
2023-10-30 12:40:26: Người chơi [200195][kenken][10668][11536477] mang Thanh Sương Kiếm cường hóa :[11] với tỉ lệ  :81
2023-10-30 12:44:24: Người chơi [206399][LyHaMay][10958][11517680] mang Kim Qua Chùy cường hóa :[8] với tỉ lệ  :92
2023-10-30 12:49:19: Người chơi [206750][Pk89SloKill][10308][11537202] mang Thanh Sương Kiếm cường hóa :[6] với tỉ lệ  :80
2023-10-30 12:49:29: Người chơi [206750][Pk89SloKill][10308][11537202] mang Thanh Sương Kiếm cường hóa :[7] với tỉ lệ  :80
2023-10-30 12:51:08: Người chơi [200195][kenken][9337][11339084] mang Tử Kim Thúc Ngạch cường hóa :[6] với tỉ lệ  :74
2023-10-30 12:51:22: Người chơi [200195][kenken][9337][11339084] mang Tử Kim Thúc Ngạch cường hóa :[7] với tỉ lệ  :75
2023-10-30 12:51:30: Người chơi [200195][kenken][9337][11339084] mang Tử Kim Thúc Ngạch cường hóa :[7] với tỉ lệ  :75
2023-10-30 12:51:43: Người chơi [200195][kenken][9337][11339084] mang Tử Kim Thúc Ngạch cường hóa :[8] với tỉ lệ  :90
2023-10-30 12:52:35: Người chơi [200195][kenken][5708][11339081] mang Ngọa Hổ Thúc Yêu cường hóa :[6] với tỉ lệ  :74
2023-10-30 12:52:39: Người chơi [200195][kenken][5708][11339081] mang Ngọa Hổ Thúc Yêu cường hóa :[7] với tỉ lệ  :77
2023-10-30 12:52:50: Người chơi [200195][kenken][5708][11339081] mang Ngọa Hổ Thúc Yêu cường hóa :[8] với tỉ lệ  :85
2023-10-30 12:52:58: Người chơi [200195][kenken][5708][11339081] mang Ngọa Hổ Thúc Yêu cường hóa :[8] với tỉ lệ  :76
2023-10-30 12:53:05: Người chơi [200195][kenken][5708][11339081] mang Ngọa Hổ Thúc Yêu cường hóa :[8] với tỉ lệ  :81
2023-10-30 12:53:14: Người chơi [200195][kenken][6922][11339080] mang Võ Thần Hộ Uyển cường hóa :[6] với tỉ lệ  :74
2023-10-30 12:53:18: Người chơi [200195][kenken][6922][11339080] mang Võ Thần Hộ Uyển cường hóa :[7] với tỉ lệ  :74
2023-10-30 12:53:25: Người chơi [200195][kenken][6922][11339080] mang Võ Thần Hộ Uyển cường hóa :[8] với tỉ lệ  :72
2023-10-30 12:53:52: Người chơi [200039][vodanh][12899][11331414] mang Thương Khung Giới cường hóa :[7] với tỉ lệ  :83
2023-10-30 12:54:07: Người chơi [200039][vodanh][12899][11331414] mang Thương Khung Giới cường hóa :[8] với tỉ lệ  :75
2023-10-30 12:54:14: Người chơi [200039][vodanh][12899][11331414] mang Thương Khung Giới cường hóa :[8] với tỉ lệ  :81
2023-10-30 12:54:40: Người chơi [200039][vodanh][4016][11331420] mang Thiên Ma Phù cường hóa :[6] với tỉ lệ  :74
2023-10-30 12:54:53: Người chơi [206750][Pk89SloKill][10308][11537202] mang Thanh Sương Kiếm cường hóa :[8] với tỉ lệ  :85
2023-10-30 12:54:53: Người chơi [200039][vodanh][4016][11331420] mang Thiên Ma Phù cường hóa :[7] với tỉ lệ  :85
2023-10-30 12:55:08: Người chơi [200039][vodanh][4016][11331420] mang Thiên Ma Phù cường hóa :[8] với tỉ lệ  :76
2023-10-30 12:55:33: Người chơi [200280][Anhkuden][10348][11342777] mang Phá Sơn Đao cường hóa :[9] với tỉ lệ  :95
2023-10-30 12:55:49: Người chơi [200280][Anhkuden][4006][11342775] mang Thiên Ma Phù cường hóa :[6] với tỉ lệ  :74
2023-10-30 12:55:58: Người chơi [200280][Anhkuden][4006][11342775] mang Thiên Ma Phù cường hóa :[7] với tỉ lệ  :37
2023-10-30 13:02:27: Người chơi [200280][Anhkuden][4006][11342775] mang Thiên Ma Phù cường hóa :[7] với tỉ lệ  :100
2023-10-30 13:04:25: Người chơi [200280][Anhkuden][4006][11342775] mang Thiên Ma Phù cường hóa :[8] với tỉ lệ  :56
2023-10-30 13:18:06: Người chơi [200129][MrPhongSiiro][4528][11336961] mang Tỏa Tử Hoàng Kim Giáp cường hóa :[9] với tỉ lệ  :95
2023-10-30 13:19:22: Người chơi [200129][MrPhongSiiro][4528][11336961] mang Tỏa Tử Hoàng Kim Giáp cường hóa :[10] với tỉ lệ  :93
2023-10-30 13:21:25: Người chơi [200004][mimiiso][6410][11331339] mang Khinh Vân Ngoa cường hóa :[6] với tỉ lệ  :95
2023-10-30 13:21:30: Người chơi [200004][mimiiso][6410][11331339] mang Khinh Vân Ngoa cường hóa :[7] với tỉ lệ  :95
2023-10-30 13:21:35: Người chơi [200004][mimiiso][6410][11331339] mang Khinh Vân Ngoa cường hóa :[8] với tỉ lệ  :72
2023-10-30 13:21:44: Người chơi [200004][mimiiso][6410][11331339] mang Khinh Vân Ngoa cường hóa :[9] với tỉ lệ  :87
2023-10-30 13:27:00: Người chơi [200214][TrieuTuLong][12889][11339792] mang Thương Khung Giới cường hóa :[6] với tỉ lệ  :68
2023-10-30 13:27:16: Người chơi [200214][TrieuTuLong][12889][11339792] mang Thương Khung Giới cường hóa :[6] với tỉ lệ  :73
2023-10-30 13:27:30: Người chơi [200214][TrieuTuLong][12889][11339792] mang Thương Khung Giới cường hóa :[7] với tỉ lệ  :54
2023-10-30 13:35:32: Người chơi [200024][xxtokudaxx][12889][11331762] mang Thương Khung Giới cường hóa :[8] với tỉ lệ  :100
2023-10-30 13:36:08: Người chơi [200024][xxtokudaxx][12065][11331763] mang Long Thủ Bội cường hóa :[6] với tỉ lệ  :84
2023-10-30 13:36:12: Người chơi [200024][xxtokudaxx][12065][11331763] mang Long Thủ Bội cường hóa :[6] với tỉ lệ  :41
2023-10-30 13:36:29: Người chơi [200024][xxtokudaxx][12065][11331763] mang Long Thủ Bội cường hóa :[7] với tỉ lệ  :94
2023-10-30 13:36:35: Người chơi [200024][xxtokudaxx][12065][11331763] mang Long Thủ Bội cường hóa :[8] với tỉ lệ  :100
2023-10-30 13:36:55: Người chơi [200024][xxtokudaxx][4006][11331768] mang Thiên Ma Phù cường hóa :[6] với tỉ lệ  :74
2023-10-30 13:37:17: Người chơi [200024][xxtokudaxx][4006][11331768] mang Thiên Ma Phù cường hóa :[7] với tỉ lệ  :77
2023-10-30 13:37:26: Người chơi [200024][xxtokudaxx][4006][11331768] mang Thiên Ma Phù cường hóa :[8] với tỉ lệ  :72
2023-10-30 13:37:46: Người chơi [200024][xxtokudaxx][6942][11331765] mang Võ Thần Hộ Uyển cường hóa :[6] với tỉ lệ  :74
2023-10-30 13:37:53: Người chơi [200024][xxtokudaxx][6942][11331765] mang Võ Thần Hộ Uyển cường hóa :[7] với tỉ lệ  :74
2023-10-30 13:37:57: Người chơi [200024][xxtokudaxx][6942][11331765] mang Võ Thần Hộ Uyển cường hóa :[7] với tỉ lệ  :74
2023-10-30 13:38:03: Người chơi [200024][xxtokudaxx][6942][11331765] mang Võ Thần Hộ Uyển cường hóa :[8] với tỉ lệ  :95
2023-10-30 13:43:29: Người chơi [200039][vodanh][12085][11331415] mang Long Thủ Bội cường hóa :[6] với tỉ lệ  :74
2023-10-30 13:43:33: Người chơi [200039][vodanh][12085][11331415] mang Long Thủ Bội cường hóa :[7] với tỉ lệ  :74
2023-10-30 13:43:49: Người chơi [200039][vodanh][12085][11331415] mang Long Thủ Bội cường hóa :[8] với tỉ lệ  :81
2023-10-30 13:44:45: Người chơi [200039][vodanh][4568][11331419] mang Tỏa Tử Hoàng Kim Giáp cường hóa :[9] với tỉ lệ  :91
2023-10-30 13:45:11: Người chơi [200039][vodanh][4568][11331419] mang Tỏa Tử Hoàng Kim Giáp cường hóa :[10] với tỉ lệ  :70
2023-10-30 14:07:20: Người chơi [201710][concarrr][6420][11380816] mang Tuyệt Hỏa Ngoa cường hóa :[6] với tỉ lệ  :74
2023-10-30 14:07:23: Người chơi [201710][concarrr][6420][11380816] mang Tuyệt Hỏa Ngoa cường hóa :[7] với tỉ lệ  :74
2023-10-30 14:07:31: Người chơi [201710][concarrr][6420][11380816] mang Tuyệt Hỏa Ngoa cường hóa :[8] với tỉ lệ  :67
2023-10-30 14:07:35: Người chơi [201710][concarrr][6420][11380816] mang Tuyệt Hỏa Ngoa cường hóa :[8] với tỉ lệ  :72
2023-10-30 14:08:09: Người chơi [201710][concarrr][10348][11380822] mang Phá Sơn Đao cường hóa :[10] với tỉ lệ  :45
2023-10-30 14:24:38: Người chơi [201141][MrCarr][10388][11365533] mang Thanh Sương Kiếm cường hóa :[9] với tỉ lệ  :85
2023-10-30 14:27:11: Người chơi [206772][NTD1995][12665][11538665] mang Hàm Sa Xạ Ảnh cường hóa :[6] với tỉ lệ  :91
2023-10-30 14:27:29: Người chơi [206772][NTD1995][12665][11538665] mang Hàm Sa Xạ Ảnh cường hóa :[7] với tỉ lệ  :91
2023-10-30 14:32:00: Người chơi [206772][NTD1995][12665][11538665] mang Hàm Sa Xạ Ảnh cường hóa :[8] với tỉ lệ  :94
2023-10-30 14:32:21: Người chơi [206772][NTD1995][6380][11538656] mang Tuyệt Hỏa Ngoa cường hóa :[6] với tỉ lệ  :74
2023-10-30 14:32:22: Người chơi [206772][NTD1995][6380][11538656] mang Tuyệt Hỏa Ngoa cường hóa :[6] với tỉ lệ  :74
2023-10-30 14:33:28: Người chơi [206772][NTD1995][6380][11538656] mang Tuyệt Hỏa Ngoa cường hóa :[7] với tỉ lệ  :91
2023-10-30 14:34:13: Người chơi [206772][NTD1995][6380][11538656] mang Tuyệt Hỏa Ngoa cường hóa :[8] với tỉ lệ  :90
2023-10-30 14:50:19: Người chơi [201710][concarrr][10348][11380822] mang Phá Sơn Đao cường hóa :[10] với tỉ lệ  :53
2023-10-30 14:57:22: Người chơi [200193][SamSon][9557][11339373] mang Thôn Long Khôi cường hóa :[6] với tỉ lệ  :96
2023-10-30 14:57:30: Người chơi [200193][SamSon][9557][11339373] mang Thôn Long Khôi cường hóa :[6] với tỉ lệ  :95
2023-10-30 14:58:13: Người chơi [200193][SamSon][9557][11339373] mang Thôn Long Khôi cường hóa :[7] với tỉ lệ  :100
2023-10-30 14:58:27: Người chơi [200193][SamSon][9557][11339373] mang Thôn Long Khôi cường hóa :[8] với tỉ lệ  :71
2023-10-30 15:22:43: Người chơi [201374][tykthkt][10958][11539450] mang Kim Qua Chùy cường hóa :[6] với tỉ lệ  :81
2023-10-30 15:22:52: Người chơi [201374][tykthkt][10958][11539450] mang Kim Qua Chùy cường hóa :[7] với tỉ lệ  :85
2023-10-30 15:28:12: Người chơi [206775][Emmanuel][10308][11539319] mang Thanh Sương Kiếm cường hóa :[6] với tỉ lệ  :97
2023-10-30 15:28:31: Người chơi [206775][Emmanuel][10308][11539319] mang Thanh Sương Kiếm cường hóa :[7] với tỉ lệ  :100
2023-10-30 15:30:12: Người chơi [206775][Emmanuel][10308][11539319] mang Thanh Sương Kiếm cường hóa :[8] với tỉ lệ  :89
2023-10-30 15:40:09: Người chơi [200024][xxtokudaxx][4528][11331767] mang Tỏa Tử Hoàng Kim Giáp cường hóa :[6] với tỉ lệ  :74
2023-10-30 15:40:15: Người chơi [200024][xxtokudaxx][4528][11331767] mang Tỏa Tử Hoàng Kim Giáp cường hóa :[7] với tỉ lệ  :74
2023-10-30 15:40:29: Người chơi [200024][xxtokudaxx][4528][11331767] mang Tỏa Tử Hoàng Kim Giáp cường hóa :[8] với tỉ lệ  :95
2023-10-30 15:40:44: Người chơi [200024][xxtokudaxx][5728][11331766] mang Ngọa Hổ Thúc Yêu cường hóa :[6] với tỉ lệ  :74
2023-10-30 15:40:46: Người chơi [200024][xxtokudaxx][5728][11331766] mang Ngọa Hổ Thúc Yêu cường hóa :[6] với tỉ lệ  :74
2023-10-30 15:40:50: Người chơi [200024][xxtokudaxx][5728][11331766] mang Ngọa Hổ Thúc Yêu cường hóa :[7] với tỉ lệ  :74
2023-10-30 15:41:02: Người chơi [200024][xxtokudaxx][5728][11331766] mang Ngọa Hổ Thúc Yêu cường hóa :[8] với tỉ lệ  :81
2023-10-30 15:41:35: Người chơi [200024][xxtokudaxx][9557][11331769] mang Thôn Long Khôi cường hóa :[6] với tỉ lệ  :74
2023-10-30 15:41:37: Người chơi [200024][xxtokudaxx][9557][11331769] mang Thôn Long Khôi cường hóa :[6] với tỉ lệ  :74
2023-10-30 15:41:43: Người chơi [200024][xxtokudaxx][9557][11331769] mang Thôn Long Khôi cường hóa :[7] với tỉ lệ  :74
2023-10-30 15:44:23: Người chơi [200024][xxtokudaxx][6420][11331764] mang Tuyệt Hỏa Ngoa cường hóa :[9] với tỉ lệ  :91
2023-10-30 15:47:21: Người chơi [200231][KeoMut][11635][11340212] mang Bắc Thần Liên cường hóa :[6] với tỉ lệ  :90
2023-10-30 15:47:28: Người chơi [200231][KeoMut][11635][11340212] mang Bắc Thần Liên cường hóa :[7] với tỉ lệ  :85
2023-10-30 15:47:39: Người chơi [200231][KeoMut][11635][11340212] mang Bắc Thần Liên cường hóa :[8] với tỉ lệ  :90
2023-10-30 15:48:08: Người chơi [200231][KeoMut][12889][11340213] mang Thương Khung Giới cường hóa :[6] với tỉ lệ  :82
2023-10-30 15:48:19: Người chơi [200231][KeoMut][12889][11340213] mang Thương Khung Giới cường hóa :[6] với tỉ lệ  :86
2023-10-30 15:48:30: Người chơi [200231][KeoMut][12889][11340213] mang Thương Khung Giới cường hóa :[7] với tỉ lệ  :85
2023-10-30 15:49:26: Người chơi [200231][KeoMut][12889][11340213] mang Thương Khung Giới cường hóa :[8] với tỉ lệ  :75
2023-10-30 15:49:55: Người chơi [200231][KeoMut][12889][11340213] mang Thương Khung Giới cường hóa :[8] với tỉ lệ  :48
2023-10-30 15:58:18: Người chơi [203327][ThanhThao][3986][11424786] mang Thiên Ma Phù cường hóa :[10] với tỉ lệ  :60
2023-10-30 16:00:55: Người chơi [203327][ThanhThao][12869][11424780] mang Thương Khung Giới cường hóa :[6] với tỉ lệ  :80
2023-10-30 16:01:03: Người chơi [203327][ThanhThao][12869][11424780] mang Thương Khung Giới cường hóa :[7] với tỉ lệ  :74
2023-10-30 16:01:10: Người chơi [203327][ThanhThao][12869][11424780] mang Thương Khung Giới cường hóa :[8] với tỉ lệ  :63
2023-10-30 16:09:43: Người chơi [201710][concarrr][6420][11380816] mang Tuyệt Hỏa Ngoa cường hóa :[8] với tỉ lệ  :95
2023-10-30 16:10:22: Người chơi [201710][concarrr][4528][11380819] mang Tỏa Tử Hoàng Kim Giáp cường hóa :[7] với tỉ lệ  :37
2023-10-30 16:10:25: Người chơi [201710][concarrr][4528][11380819] mang Tỏa Tử Hoàng Kim Giáp cường hóa :[7] với tỉ lệ  :37
2023-10-30 16:10:28: Người chơi [201710][concarrr][4528][11380819] mang Tỏa Tử Hoàng Kim Giáp cường hóa :[7] với tỉ lệ  :74
2023-10-30 16:10:30: Người chơi [201710][concarrr][4528][11380819] mang Tỏa Tử Hoàng Kim Giáp cường hóa :[7] với tỉ lệ  :74
2023-10-30 16:10:33: Người chơi [201710][concarrr][4528][11380819] mang Tỏa Tử Hoàng Kim Giáp cường hóa :[7] với tỉ lệ  :37
2023-10-30 16:10:36: Người chơi [201710][concarrr][4528][11380819] mang Tỏa Tử Hoàng Kim Giáp cường hóa :[7] với tỉ lệ  :74
2023-10-30 16:10:41: Người chơi [201710][concarrr][4528][11380819] mang Tỏa Tử Hoàng Kim Giáp cường hóa :[8] với tỉ lệ  :63
2023-10-30 16:10:58: Người chơi [201710][concarrr][5728][11380818] mang Ngọa Hổ Thúc Yêu cường hóa :[6] với tỉ lệ  :74
2023-10-30 16:11:04: Người chơi [201710][concarrr][5728][11380818] mang Ngọa Hổ Thúc Yêu cường hóa :[7] với tỉ lệ  :37
2023-10-30 16:11:16: Người chơi [201710][concarrr][5728][11380818] mang Ngọa Hổ Thúc Yêu cường hóa :[8] với tỉ lệ  :95
2023-10-30 16:11:32: Người chơi [201710][concarrr][6942][11380817] mang Võ Thần Hộ Uyển cường hóa :[6] với tỉ lệ  :74
2023-10-30 16:11:35: Người chơi [201710][concarrr][6942][11380817] mang Võ Thần Hộ Uyển cường hóa :[7] với tỉ lệ  :74
2023-10-30 16:11:44: Người chơi [201710][concarrr][6942][11380817] mang Võ Thần Hộ Uyển cường hóa :[8] với tỉ lệ  :72
2023-10-30 16:12:04: Người chơi [201710][concarrr][12065][11380815] mang Long Thủ Bội cường hóa :[7] với tỉ lệ  :74
2023-10-30 16:12:08: Người chơi [201710][concarrr][12065][11380815] mang Long Thủ Bội cường hóa :[7] với tỉ lệ  :74
2023-10-30 16:12:11: Người chơi [201710][concarrr][12065][11380815] mang Long Thủ Bội cường hóa :[8] với tỉ lệ  :100
2023-10-30 16:12:31: Người chơi [201710][concarrr][4006][11380820] mang Thiên Ma Phù cường hóa :[6] với tỉ lệ  :100
2023-10-30 16:12:57: Người chơi [201710][concarrr][4006][11380820] mang Thiên Ma Phù cường hóa :[7] với tỉ lệ  :74
2023-10-30 16:22:26: Người chơi [206777][Scaychay18][10348][11540346] mang Phá Sơn Đao cường hóa :[6] với tỉ lệ  :85
2023-10-30 16:22:37: Người chơi [206777][Scaychay18][10348][11540346] mang Phá Sơn Đao cường hóa :[7] với tỉ lệ  :95
2023-10-30 16:23:46: Người chơi [206770][CLDtxt][10358][11540288] mang Phá Sơn Đao cường hóa :[6] với tỉ lệ  :95
2023-10-30 16:24:03: Người chơi [206770][CLDtxt][10358][11540288] mang Phá Sơn Đao cường hóa :[7] với tỉ lệ  :100
2023-10-30 16:24:29: Người chơi [206770][CLDtxt][10358][11540288] mang Phá Sơn Đao cường hóa :[8] với tỉ lệ  :88
2023-10-30 16:24:49: Người chơi [206770][CLDtxt][6440][11540282] mang Tuyệt Hỏa Ngoa cường hóa :[6] với tỉ lệ  :100
2023-10-30 16:24:59: Người chơi [206770][CLDtxt][6440][11540282] mang Tuyệt Hỏa Ngoa cường hóa :[7] với tỉ lệ  :100
2023-10-30 16:25:17: Người chơi [206770][CLDtxt][6440][11540282] mang Tuyệt Hỏa Ngoa cường hóa :[8] với tỉ lệ  :97
2023-10-30 16:25:32: Người chơi [206770][CLDtxt][4016][11540286] mang Thiên Ma Phù cường hóa :[6] với tỉ lệ  :95
2023-10-30 16:25:36: Người chơi [206770][CLDtxt][4016][11540286] mang Thiên Ma Phù cường hóa :[7] với tỉ lệ  :74
2023-10-30 16:25:37: Người chơi [200280][Anhkuden][12889][11342769] mang Thương Khung Giới cường hóa :[6] với tỉ lệ  :74
2023-10-30 16:25:44: Người chơi [200280][Anhkuden][12889][11342769] mang Thương Khung Giới cường hóa :[7] với tỉ lệ  :100
2023-10-30 16:26:00: Người chơi [200280][Anhkuden][12889][11342769] mang Thương Khung Giới cường hóa :[8] với tỉ lệ  :95
2023-10-30 16:26:21: Người chơi [200280][Anhkuden][5728][11342773] mang Ngọa Hổ Thúc Yêu cường hóa :[6] với tỉ lệ  :74
2023-10-30 16:26:25: Người chơi [200280][Anhkuden][5728][11342773] mang Ngọa Hổ Thúc Yêu cường hóa :[7] với tỉ lệ  :74
2023-10-30 16:26:29: Người chơi [200280][Anhkuden][5728][11342773] mang Ngọa Hổ Thúc Yêu cường hóa :[8] với tỉ lệ  :95
2023-10-30 16:37:52: Người chơi [206778][Zcaychay19][10348][11540674] mang Phá Sơn Đao cường hóa :[6] với tỉ lệ  :99
2023-10-30 16:38:09: Người chơi [206778][Zcaychay19][10348][11540674] mang Phá Sơn Đao cường hóa :[7] với tỉ lệ  :97
2023-10-30 16:39:47: Người chơi [200255][BaVuongKT][4927][11540600] mang Sơn Văn Tự Giáp cường hóa :[1] với tỉ lệ  :100
2023-10-30 16:39:48: Người chơi [200255][BaVuongKT][4927][11540600] mang Sơn Văn Tự Giáp cường hóa :[2] với tỉ lệ  :40
2023-10-30 16:39:50: Người chơi [200255][BaVuongKT][4927][11540600] mang Sơn Văn Tự Giáp cường hóa :[2] với tỉ lệ  :40
2023-10-30 16:39:52: Người chơi [200255][BaVuongKT][4927][11540600] mang Sơn Văn Tự Giáp cường hóa :[2] với tỉ lệ  :40
2023-10-30 16:39:54: Người chơi [200255][BaVuongKT][4927][11540600] mang Sơn Văn Tự Giáp cường hóa :[3] với tỉ lệ  :13
2023-10-30 16:39:56: Người chơi [200255][BaVuongKT][4927][11540600] mang Sơn Văn Tự Giáp cường hóa :[3] với tỉ lệ  :13
2023-10-30 16:39:58: Người chơi [200255][BaVuongKT][4927][11540600] mang Sơn Văn Tự Giáp cường hóa :[3] với tỉ lệ  :13
2023-10-30 16:39:59: Người chơi [200255][BaVuongKT][4927][11540600] mang Sơn Văn Tự Giáp cường hóa :[3] với tỉ lệ  :13
2023-10-30 16:40:02: Người chơi [200255][BaVuongKT][4927][11540600] mang Sơn Văn Tự Giáp cường hóa :[3] với tỉ lệ  :13
2023-10-30 16:40:03: Người chơi [200255][BaVuongKT][4927][11540600] mang Sơn Văn Tự Giáp cường hóa :[3] với tỉ lệ  :13
2023-10-30 16:40:06: Người chơi [200255][BaVuongKT][4927][11540600] mang Sơn Văn Tự Giáp cường hóa :[3] với tỉ lệ  :13
2023-10-30 16:40:08: Người chơi [200255][BaVuongKT][4927][11540600] mang Sơn Văn Tự Giáp cường hóa :[3] với tỉ lệ  :13
2023-10-30 16:40:10: Người chơi [200255][BaVuongKT][4927][11540600] mang Sơn Văn Tự Giáp cường hóa :[3] với tỉ lệ  :13
2023-10-30 16:40:12: Người chơi [200255][BaVuongKT][4927][11540600] mang Sơn Văn Tự Giáp cường hóa :[3] với tỉ lệ  :13
2023-10-30 16:40:14: Người chơi [200255][BaVuongKT][4927][11540600] mang Sơn Văn Tự Giáp cường hóa :[3] với tỉ lệ  :13
2023-10-30 16:40:16: Người chơi [200255][BaVuongKT][4927][11540600] mang Sơn Văn Tự Giáp cường hóa :[3] với tỉ lệ  :13
2023-10-30 16:40:49: Người chơi [200255][BaVuongKT][10707][11535850] mang Phách Phong Đao cường hóa :[11] với tỉ lệ  :35
2023-10-30 16:41:43: Người chơi [200255][BaVuongKT][10707][11535850] mang Phách Phong Đao cường hóa :[11] với tỉ lệ  :11
2023-10-30 16:42:42: Người chơi [206778][Zcaychay19][10348][11540674] mang Phá Sơn Đao cường hóa :[8] với tỉ lệ  :100
2023-10-30 16:42:54: Người chơi [200255][BaVuongKT][10707][11535850] mang Phách Phong Đao cường hóa :[11] với tỉ lệ  :14
2023-10-30 16:43:59: Người chơi [200255][BaVuongKT][10707][11535850] mang Phách Phong Đao cường hóa :[11] với tỉ lệ  :14
2023-10-30 16:44:36: Người chơi [206771][TxTyeuTxT][10348][11538365] mang Phá Sơn Đao cường hóa :[6] với tỉ lệ  :83
2023-10-30 16:45:00: Người chơi [206771][TxTyeuTxT][10348][11538365] mang Phá Sơn Đao cường hóa :[7] với tỉ lệ  :86
2023-10-30 16:45:10: Người chơi [200255][BaVuongKT][10707][11535850] mang Phách Phong Đao cường hóa :[11] với tỉ lệ  :21
2023-10-30 16:45:13: Người chơi [206771][TxTyeuTxT][10348][11538365] mang Phá Sơn Đao cường hóa :[8] với tỉ lệ  :59
2023-10-30 16:46:09: Người chơi [200255][BaVuongKT][10707][11535850] mang Phách Phong Đao cường hóa :[11] với tỉ lệ  :21
2023-10-30 16:46:25: Người chơi [200255][BaVuongKT][4927][11540600] mang Sơn Văn Tự Giáp cường hóa :[3] với tỉ lệ  :96
2023-10-30 16:46:32: Người chơi [200255][BaVuongKT][4927][11540600] mang Sơn Văn Tự Giáp cường hóa :[4] với tỉ lệ  :93
2023-10-30 16:46:37: Người chơi [200255][BaVuongKT][4927][11540600] mang Sơn Văn Tự Giáp cường hóa :[5] với tỉ lệ  :100
2023-10-30 16:46:39: Người chơi [200255][BaVuongKT][4927][11540600] mang Sơn Văn Tự Giáp cường hóa :[6] với tỉ lệ  :74
2023-10-30 16:46:41: Người chơi [200255][BaVuongKT][4927][11540600] mang Sơn Văn Tự Giáp cường hóa :[7] với tỉ lệ  :74
2023-10-30 16:47:16: Người chơi [200255][BaVuongKT][4927][11540600] mang Sơn Văn Tự Giáp cường hóa :[8] với tỉ lệ  :97
2023-10-30 16:47:27: Người chơi [200255][BaVuongKT][6941][11540618] mang Xạ Nhật Hộ Uyển cường hóa :[1] với tỉ lệ  :100
2023-10-30 16:47:28: Người chơi [200255][BaVuongKT][6941][11540618] mang Xạ Nhật Hộ Uyển cường hóa :[2] với tỉ lệ  :40
2023-10-30 16:47:36: Người chơi [200255][BaVuongKT][6941][11540618] mang Xạ Nhật Hộ Uyển cường hóa :[3] với tỉ lệ  :93
2023-10-30 16:47:53: Người chơi [200255][BaVuongKT][6941][11540618] mang Xạ Nhật Hộ Uyển cường hóa :[4] với tỉ lệ  :96
2023-10-30 16:47:56: Người chơi [200255][BaVuongKT][6941][11540618] mang Xạ Nhật Hộ Uyển cường hóa :[5] với tỉ lệ  :100
2023-10-30 16:47:58: Người chơi [200255][BaVuongKT][6941][11540618] mang Xạ Nhật Hộ Uyển cường hóa :[6] với tỉ lệ  :74
2023-10-30 16:47:59: Người chơi [200255][BaVuongKT][6941][11540618] mang Xạ Nhật Hộ Uyển cường hóa :[6] với tỉ lệ  :74
2023-10-30 16:48:01: Người chơi [200255][BaVuongKT][6941][11540618] mang Xạ Nhật Hộ Uyển cường hóa :[6] với tỉ lệ  :74
2023-10-30 16:48:03: Người chơi [200255][BaVuongKT][6941][11540618] mang Xạ Nhật Hộ Uyển cường hóa :[6] với tỉ lệ  :74
2023-10-30 16:48:24: Người chơi [200255][BaVuongKT][6941][11540618] mang Xạ Nhật Hộ Uyển cường hóa :[7] với tỉ lệ  :74
2023-10-30 16:48:27: Người chơi [200255][BaVuongKT][6941][11540618] mang Xạ Nhật Hộ Uyển cường hóa :[7] với tỉ lệ  :74
2023-10-30 16:48:35: Người chơi [200255][BaVuongKT][6941][11540618] mang Xạ Nhật Hộ Uyển cường hóa :[8] với tỉ lệ  :88
2023-10-30 16:50:21: Người chơi [201830][ZzHutMauzZ][12065][11384436] mang Long Thủ Bội cường hóa :[6] với tỉ lệ  :74
2023-10-30 16:50:24: Người chơi [201830][ZzHutMauzZ][12065][11384436] mang Long Thủ Bội cường hóa :[6] với tỉ lệ  :74
2023-10-30 16:50:32: Người chơi [201830][ZzHutMauzZ][12065][11384436] mang Long Thủ Bội cường hóa :[7] với tỉ lệ  :100
2023-10-30 16:50:44: Người chơi [201830][ZzHutMauzZ][12065][11384436] mang Long Thủ Bội cường hóa :[8] với tỉ lệ  :95
2023-10-30 16:51:06: Người chơi [200255][BaVuongKT][10707][11535850] mang Phách Phong Đao cường hóa :[11] với tỉ lệ  :20
2023-10-30 16:51:09: Người chơi [201830][ZzHutMauzZ][12889][11384435] mang Thương Khung Giới cường hóa :[6] với tỉ lệ  :74
2023-10-30 16:51:18: Người chơi [201830][ZzHutMauzZ][12889][11384435] mang Thương Khung Giới cường hóa :[7] với tỉ lệ  :100
2023-10-30 16:51:23: Người chơi [201830][ZzHutMauzZ][12889][11384435] mang Thương Khung Giới cường hóa :[8] với tỉ lệ  :95
2023-10-30 16:51:59: Người chơi [201830][ZzHutMauzZ][11635][11384434] mang Bắc Thần Liên cường hóa :[6] với tỉ lệ  :74
2023-10-30 16:52:04: Người chơi [201830][ZzHutMauzZ][11635][11384434] mang Bắc Thần Liên cường hóa :[7] với tỉ lệ  :100
2023-10-30 16:52:09: Người chơi [201830][ZzHutMauzZ][11635][11384434] mang Bắc Thần Liên cường hóa :[8] với tỉ lệ  :95
2023-10-30 16:52:15: Người chơi [201830][ZzHutMauzZ][11635][11384434] mang Bắc Thần Liên cường hóa :[8] với tỉ lệ  :40
2023-10-30 17:06:03: Người chơi [205620][Zcaychay14][10348][11479012] mang Phá Sơn Đao cường hóa :[8] với tỉ lệ  :100
2023-10-30 17:06:24: Người chơi [205620][Zcaychay14][4006][11479010] mang Thiên Ma Phù cường hóa :[6] với tỉ lệ  :74
2023-10-30 17:06:57: Người chơi [205620][Zcaychay14][4006][11479010] mang Thiên Ma Phù cường hóa :[7] với tỉ lệ  :100
2023-10-30 17:07:04: Người chơi [205620][Zcaychay14][4006][11479010] mang Thiên Ma Phù cường hóa :[8] với tỉ lệ  :95
2023-10-30 17:16:04: Người chơi [206779][HuskyShoppe][6380][11541367] mang Tuyệt Hỏa Ngoa cường hóa :[6] với tỉ lệ  :97
2023-10-30 17:16:24: Người chơi [206779][HuskyShoppe][10268][11541374] mang Chu Tước Triền Thủ cường hóa :[6] với tỉ lệ  :100
2023-10-30 17:16:32: Người chơi [206779][HuskyShoppe][10268][11541374] mang Chu Tước Triền Thủ cường hóa :[7] với tỉ lệ  :100
2023-10-30 17:16:48: Người chơi [200043][QuanDoLa][11625][11340558] mang Bắc Thần Liên cường hóa :[9] với tỉ lệ  :100
2023-10-30 17:17:01: Người chơi [200043][QuanDoLa][11625][11340558] mang Bắc Thần Liên cường hóa :[10] với tỉ lệ  :100
2023-10-30 17:18:31: Người chơi [205657][Zcaychay15][10348][11479996] mang Phá Sơn Đao cường hóa :[8] với tỉ lệ  :100
2023-10-30 17:19:02: Người chơi [205657][Zcaychay15][4006][11479994] mang Thiên Ma Phù cường hóa :[6] với tỉ lệ  :74
2023-10-30 17:19:06: Người chơi [205657][Zcaychay15][4006][11479994] mang Thiên Ma Phù cường hóa :[7] với tỉ lệ  :74
2023-10-30 17:20:51: Người chơi [200043][QuanDoLa][12879][11340559] mang Thương Khung Giới cường hóa :[9] với tỉ lệ  :91
2023-10-30 17:20:58: Người chơi [200043][QuanDoLa][12879][11340559] mang Thương Khung Giới cường hóa :[10] với tỉ lệ  :94
2023-10-30 17:21:05: Người chơi [200043][QuanDoLa][12045][11340560] mang Long Thủ Bội cường hóa :[9] với tỉ lệ  :91
2023-10-30 17:21:10: Người chơi [200043][QuanDoLa][12045][11340560] mang Long Thủ Bội cường hóa :[10] với tỉ lệ  :94
2023-10-30 17:21:20: Người chơi [200043][QuanDoLa][3996][11340565] mang Thiên Ma Phù cường hóa :[9] với tỉ lệ  :91
2023-10-30 17:21:39: Người chơi [200043][QuanDoLa][3996][11340565] mang Thiên Ma Phù cường hóa :[10] với tỉ lệ  :69
2023-10-30 17:26:46: Người chơi [200043][QuanDoLa][10308][11340570] mang Thanh Sương Kiếm cường hóa :[11] với tỉ lệ  :100
2023-10-30 17:29:08: Người chơi [206780][SweetLove][10308][11541591] mang Thanh Sương Kiếm cường hóa :[6] với tỉ lệ  :100
2023-10-30 17:29:12: Người chơi [206780][SweetLove][10308][11541591] mang Thanh Sương Kiếm cường hóa :[7] với tỉ lệ  :100
2023-10-30 17:34:52: Người chơi [200156][ChienThien][6360][11337856] mang Tuyệt Hỏa Ngoa cường hóa :[7] với tỉ lệ  :80
2023-10-30 17:35:42: Người chơi [206781][Zcaychay20][10348][11542101] mang Phá Sơn Đao cường hóa :[6] với tỉ lệ  :99
2023-10-30 17:35:51: Người chơi [200156][ChienThien][6360][11337856] mang Tuyệt Hỏa Ngoa cường hóa :[8] với tỉ lệ  :99
2023-10-30 17:37:18: Người chơi [206781][Zcaychay20][10348][11542101] mang Phá Sơn Đao cường hóa :[7] với tỉ lệ  :100
2023-10-30 17:37:38: Người chơi [206781][Zcaychay20][10348][11542101] mang Phá Sơn Đao cường hóa :[8] với tỉ lệ  :97
2023-10-30 17:47:22: Người chơi [201710][concarrr][10348][11380822] mang Phá Sơn Đao cường hóa :[11] với tỉ lệ  :19
2023-10-30 17:53:16: Người chơi [200043][QuanDoLa][10308][11340570] mang Thanh Sương Kiếm cường hóa :[12] với tỉ lệ  :100
2023-10-30 17:55:36: Người chơi [200255][BaVuongKT][6419][11543156] mang Ưng Sí Ngoa cường hóa :[1] với tỉ lệ  :100
2023-10-30 17:55:39: Người chơi [200255][BaVuongKT][6419][11543156] mang Ưng Sí Ngoa cường hóa :[2] với tỉ lệ  :80
2023-10-30 17:55:42: Người chơi [200255][BaVuongKT][6419][11543156] mang Ưng Sí Ngoa cường hóa :[3] với tỉ lệ  :17
2023-10-30 17:56:41: Người chơi [200255][BaVuongKT][6419][11543156] mang Ưng Sí Ngoa cường hóa :[3] với tỉ lệ  :55
2023-10-30 17:57:38: Người chơi [200255][BaVuongKT][6419][11543156] mang Ưng Sí Ngoa cường hóa :[3] với tỉ lệ  :53
2023-10-30 17:57:46: Người chơi [200255][BaVuongKT][6419][11543156] mang Ưng Sí Ngoa cường hóa :[4] với tỉ lệ  :96
2023-10-30 17:57:58: Người chơi [200255][BaVuongKT][6419][11543156] mang Ưng Sí Ngoa cường hóa :[5] với tỉ lệ  :90
2023-10-30 17:58:28: Người chơi [200255][BaVuongKT][6419][11543156] mang Ưng Sí Ngoa cường hóa :[5] với tỉ lệ  :90
2023-10-30 17:58:35: Người chơi [200255][BaVuongKT][6419][11543156] mang Ưng Sí Ngoa cường hóa :[6] với tỉ lệ  :74
2023-10-30 17:58:39: Người chơi [200255][BaVuongKT][6419][11543156] mang Ưng Sí Ngoa cường hóa :[7] với tỉ lệ  :100
2023-10-30 17:58:50: Người chơi [200255][BaVuongKT][6419][11543156] mang Ưng Sí Ngoa cường hóa :[8] với tỉ lệ  :97
2023-10-30 17:59:25: Người chơi [200255][BaVuongKT][6380][11342151] mang Tuyệt Hỏa Ngoa cường hóa :[8] với tỉ lệ  :88
2023-10-30 18:20:07: Người chơi [206787][TvTsamTvT][10338][11543364] mang Chu Tước Triền Thủ cường hóa :[6] với tỉ lệ  :83
2023-10-30 18:20:27: Người chơi [206787][TvTsamTvT][10338][11543364] mang Chu Tước Triền Thủ cường hóa :[7] với tỉ lệ  :89
2023-10-30 18:20:44: Người chơi [206787][TvTsamTvT][10338][11543364] mang Chu Tước Triền Thủ cường hóa :[8] với tỉ lệ  :60
2023-10-30 18:22:04: Người chơi [206782][Doccokiem][10218][11543090] mang Phá Sơn Đao cường hóa :[6] với tỉ lệ  :91
2023-10-30 18:22:12: Người chơi [206782][Doccokiem][10218][11543090] mang Phá Sơn Đao cường hóa :[7] với tỉ lệ  :100
2023-10-30 18:23:51: Người chơi [206788][Zcaychay21][10348][11543408] mang Phá Sơn Đao cường hóa :[6] với tỉ lệ  :99
2023-10-30 18:23:51: Người chơi [206785][xxDzuBuxx][10338][11543203] mang Chu Tước Triền Thủ cường hóa :[6] với tỉ lệ  :67
2023-10-30 18:23:54: Người chơi [206785][xxDzuBuxx][10338][11543203] mang Chu Tước Triền Thủ cường hóa :[6] với tỉ lệ  :67
2023-10-30 18:24:04: Người chơi [206785][xxDzuBuxx][10338][11543203] mang Chu Tước Triền Thủ cường hóa :[7] với tỉ lệ  :67
2023-10-30 18:24:07: Người chơi [206782][Doccokiem][10218][11543090] mang Phá Sơn Đao cường hóa :[8] với tỉ lệ  :86
2023-10-30 18:24:27: Người chơi [206788][Zcaychay21][10348][11543408] mang Phá Sơn Đao cường hóa :[7] với tỉ lệ  :95
2023-10-30 18:24:38: Người chơi [206788][Zcaychay21][10348][11543408] mang Phá Sơn Đao cường hóa :[7] với tỉ lệ  :93
2023-10-30 18:25:29: Người chơi [206788][Zcaychay21][10348][11543408] mang Phá Sơn Đao cường hóa :[8] với tỉ lệ  :97
2023-10-30 18:26:06: Người chơi [206404][aaaahhhsh][10348][11518465] mang Phá Sơn Đao cường hóa :[8] với tỉ lệ  :100
2023-10-30 18:26:31: Người chơi [206404][aaaahhhsh][6420][11518459] mang Tuyệt Hỏa Ngoa cường hóa :[6] với tỉ lệ  :74
2023-10-30 18:26:33: Người chơi [206404][aaaahhhsh][6420][11518459] mang Tuyệt Hỏa Ngoa cường hóa :[6] với tỉ lệ  :74
2023-10-30 18:27:20: Người chơi [206785][xxDzuBuxx][10338][11543203] mang Chu Tước Triền Thủ cường hóa :[7] với tỉ lệ  :100
2023-10-30 18:27:30: Người chơi [206785][xxDzuBuxx][10338][11543203] mang Chu Tước Triền Thủ cường hóa :[8] với tỉ lệ  :73
2023-10-30 18:28:09: Người chơi [206404][aaaahhhsh][6420][11518459] mang Tuyệt Hỏa Ngoa cường hóa :[7] với tỉ lệ  :74
2023-10-30 18:28:13: Người chơi [206404][aaaahhhsh][6420][11518459] mang Tuyệt Hỏa Ngoa cường hóa :[8] với tỉ lệ  :63
2023-10-30 18:28:20: Người chơi [206782][Doccokiem][4428][11543087] mang Sơn Quỷ Trang cường hóa :[6] với tỉ lệ  :74
2023-10-30 18:28:23: Người chơi [206782][Doccokiem][4428][11543087] mang Sơn Quỷ Trang cường hóa :[7] với tỉ lệ  :74
2023-10-30 18:29:06: Người chơi [206782][Doccokiem][4428][11543087] mang Sơn Quỷ Trang cường hóa :[8] với tỉ lệ  :100
2023-10-30 18:39:28: Người chơi [201789][giathien][10238][11487688] mang Thấu Cốt Thương cường hóa :[6] với tỉ lệ  :100
2023-10-30 18:39:40: Người chơi [201789][giathien][10238][11487688] mang Thấu Cốt Thương cường hóa :[7] với tỉ lệ  :100
2023-10-30 18:40:23: Người chơi [201801][Aloaloapo][10358][11383567] mang Phá Sơn Đao cường hóa :[8] với tỉ lệ  :86
2023-10-30 18:42:30: Người chơi [206786][zcaychay24][10348][11544045] mang Phá Sơn Đao cường hóa :[6] với tỉ lệ  :99
2023-10-30 18:43:05: Người chơi [206786][zcaychay24][10348][11544045] mang Phá Sơn Đao cường hóa :[7] với tỉ lệ  :95
2023-10-30 18:44:16: Người chơi [206786][zcaychay24][10348][11544045] mang Phá Sơn Đao cường hóa :[8] với tỉ lệ  :100
2023-10-30 18:44:38: Người chơi [206786][zcaychay24][4006][11544043] mang Thiên Ma Phù cường hóa :[6] với tỉ lệ  :74
2023-10-30 18:44:43: Người chơi [206786][zcaychay24][4006][11544043] mang Thiên Ma Phù cường hóa :[7] với tỉ lệ  :100
2023-10-30 18:44:48: Người chơi [206786][zcaychay24][4006][11544043] mang Thiên Ma Phù cường hóa :[8] với tỉ lệ  :31
2023-10-30 18:46:26: Người chơi [206800][Alotest][10298][11544475] mang Chu Tước Triền Thủ cường hóa :[6] với tỉ lệ  :96
2023-10-30 18:46:33: Người chơi [206800][Alotest][10298][11544475] mang Chu Tước Triền Thủ cường hóa :[7] với tỉ lệ  :100
2023-10-30 18:48:27: Người chơi [206800][Alotest][10298][11544475] mang Chu Tước Triền Thủ cường hóa :[8] với tỉ lệ  :74
2023-10-30 18:49:41: Người chơi [206796][AngLenDiCon][10348][11544099] mang Phá Sơn Đao cường hóa :[6] với tỉ lệ  :67
2023-10-30 18:49:44: Người chơi [206796][AngLenDiCon][10348][11544099] mang Phá Sơn Đao cường hóa :[6] với tỉ lệ  :67
2023-10-30 18:49:48: Người chơi [206796][AngLenDiCon][10348][11544099] mang Phá Sơn Đao cường hóa :[7] với tỉ lệ  :100
2023-10-30 18:59:53: Người chơi [206064][Bigbom][4006][11491788] mang Thiên Ma Phù cường hóa :[6] với tỉ lệ  :62
2023-10-30 18:59:57: Người chơi [206064][Bigbom][4006][11491788] mang Thiên Ma Phù cường hóa :[6] với tỉ lệ  :47
2023-10-30 19:00:10: Người chơi [206064][Bigbom][4006][11491788] mang Thiên Ma Phù cường hóa :[7] với tỉ lệ  :66
2023-10-30 19:00:23: Người chơi [206064][Bigbom][4006][11491788] mang Thiên Ma Phù cường hóa :[8] với tỉ lệ  :59
2023-10-30 19:00:52: Người chơi [206064][Bigbom][6420][11491784] mang Tuyệt Hỏa Ngoa cường hóa :[6] với tỉ lệ  :60
2023-10-30 19:00:58: Người chơi [206064][Bigbom][6420][11491784] mang Tuyệt Hỏa Ngoa cường hóa :[6] với tỉ lệ  :62
2023-10-30 19:01:05: Người chơi [206064][Bigbom][6420][11491784] mang Tuyệt Hỏa Ngoa cường hóa :[6] với tỉ lệ  :62
2023-10-30 19:01:25: Người chơi [206064][Bigbom][6420][11491784] mang Tuyệt Hỏa Ngoa cường hóa :[6] với tỉ lệ  :74
2023-10-30 19:01:29: Người chơi [206064][Bigbom][6420][11491784] mang Tuyệt Hỏa Ngoa cường hóa :[7] với tỉ lệ  :74
2023-10-30 19:01:32: Người chơi [206064][Bigbom][6420][11491784] mang Tuyệt Hỏa Ngoa cường hóa :[7] với tỉ lệ  :74
2023-10-30 19:01:36: Người chơi [206064][Bigbom][6420][11491784] mang Tuyệt Hỏa Ngoa cường hóa :[7] với tỉ lệ  :74
2023-10-30 19:01:38: Người chơi [200255][BaVuongKT][12988][11543872] mang Hỏa Phủ Giới cường hóa :[1] với tỉ lệ  :83
2023-10-30 19:01:45: Người chơi [206064][Bigbom][6420][11491784] mang Tuyệt Hỏa Ngoa cường hóa :[8] với tỉ lệ  :58
2023-10-30 19:01:53: Người chơi [200255][BaVuongKT][12988][11543872] mang Hỏa Phủ Giới cường hóa :[2] với tỉ lệ  :100
2023-10-30 19:01:56: Người chơi [200255][BaVuongKT][12988][11543872] mang Hỏa Phủ Giới cường hóa :[3] với tỉ lệ  :96
2023-10-30 19:02:04: Người chơi [200255][BaVuongKT][12988][11543872] mang Hỏa Phủ Giới cường hóa :[4] với tỉ lệ  :96
2023-10-30 19:02:06: Người chơi [200255][BaVuongKT][12988][11543872] mang Hỏa Phủ Giới cường hóa :[5] với tỉ lệ  :100
2023-10-30 19:02:11: Người chơi [200255][BaVuongKT][12988][11543872] mang Hỏa Phủ Giới cường hóa :[6] với tỉ lệ  :91
2023-10-30 19:02:12: Người chơi [206064][Bigbom][6420][11491784] mang Tuyệt Hỏa Ngoa cường hóa :[8] với tỉ lệ  :53
2023-10-30 19:02:15: Người chơi [200255][BaVuongKT][12988][11543872] mang Hỏa Phủ Giới cường hóa :[7] với tỉ lệ  :100
2023-10-30 19:02:35: Người chơi [200255][BaVuongKT][4105][11544014] mang Lôi Thần Phù cường hóa :[1] với tỉ lệ  :100
2023-10-30 19:02:43: Người chơi [200255][BaVuongKT][4105][11544014] mang Lôi Thần Phù cường hóa :[2] với tỉ lệ  :100
2023-10-30 19:02:46: Người chơi [200255][BaVuongKT][4105][11544014] mang Lôi Thần Phù cường hóa :[3] với tỉ lệ  :96
2023-10-30 19:02:55: Người chơi [200255][BaVuongKT][4105][11544014] mang Lôi Thần Phù cường hóa :[4] với tỉ lệ  :60
2023-10-30 19:03:55: Người chơi [200255][BaVuongKT][12988][11543872] mang Hỏa Phủ Giới cường hóa :[8] với tỉ lệ  :97
2023-10-30 19:04:08: Người chơi [200255][BaVuongKT][4105][11544014] mang Lôi Thần Phù cường hóa :[4] với tỉ lệ  :96
2023-10-30 19:04:10: Người chơi [200255][BaVuongKT][4105][11544014] mang Lôi Thần Phù cường hóa :[5] với tỉ lệ  :100
2023-10-30 19:04:14: Người chơi [200255][BaVuongKT][4105][11544014] mang Lôi Thần Phù cường hóa :[6] với tỉ lệ  :86
2023-10-30 19:04:25: Người chơi [200255][BaVuongKT][9356][11544880] mang Dị Thần Khôi cường hóa :[1] với tỉ lệ  :83
2023-10-30 19:04:33: Người chơi [200255][BaVuongKT][9356][11544880] mang Dị Thần Khôi cường hóa :[2] với tỉ lệ  :88
2023-10-30 19:04:39: Người chơi [200255][BaVuongKT][9356][11544880] mang Dị Thần Khôi cường hóa :[3] với tỉ lệ  :96
2023-10-30 19:04:46: Người chơi [200255][BaVuongKT][9356][11544880] mang Dị Thần Khôi cường hóa :[4] với tỉ lệ  :96
2023-10-30 19:04:57: Người chơi [200255][BaVuongKT][5727][11544776] mang Đông Hải Thúc Yêu cường hóa :[1] với tỉ lệ  :83
2023-10-30 19:05:06: Người chơi [200255][BaVuongKT][5727][11544776] mang Đông Hải Thúc Yêu cường hóa :[2] với tỉ lệ  :100
2023-10-30 19:05:18: Người chơi [200255][BaVuongKT][12064][11544609] mang Câu Vân Bội cường hóa :[1] với tỉ lệ  :55
2023-10-30 19:07:13: Người chơi [200255][BaVuongKT][4105][11544014] mang Lôi Thần Phù cường hóa :[7] với tỉ lệ  :100
2023-10-30 19:07:23: Người chơi [200255][BaVuongKT][4105][11544014] mang Lôi Thần Phù cường hóa :[8] với tỉ lệ  :97
2023-10-30 19:07:51: Người chơi [200255][BaVuongKT][9356][11544880] mang Dị Thần Khôi cường hóa :[5] với tỉ lệ  :99
2023-10-30 19:07:59: Người chơi [200255][BaVuongKT][9356][11544880] mang Dị Thần Khôi cường hóa :[6] với tỉ lệ  :91
2023-10-30 19:08:03: Người chơi [200255][BaVuongKT][9356][11544880] mang Dị Thần Khôi cường hóa :[7] với tỉ lệ  :100
2023-10-30 19:08:19: Người chơi [200255][BaVuongKT][11634][11543528] mang Bí Ẩn Liên cường hóa :[1] với tỉ lệ  :83
2023-10-30 19:08:27: Người chơi [200255][BaVuongKT][11634][11543528] mang Bí Ẩn Liên cường hóa :[2] với tỉ lệ  :100
2023-10-30 19:08:32: Người chơi [200255][BaVuongKT][11634][11543528] mang Bí Ẩn Liên cường hóa :[3] với tỉ lệ  :99
2023-10-30 19:08:43: Người chơi [200255][BaVuongKT][5727][11544776] mang Đông Hải Thúc Yêu cường hóa :[3] với tỉ lệ  :96
2023-10-30 19:08:51: Người chơi [200255][BaVuongKT][5727][11544776] mang Đông Hải Thúc Yêu cường hóa :[4] với tỉ lệ  :29
2023-10-30 19:09:44: Người chơi [200255][BaVuongKT][9356][11544880] mang Dị Thần Khôi cường hóa :[8] với tỉ lệ  :97
2023-10-30 19:09:56: Người chơi [200255][BaVuongKT][5727][11544776] mang Đông Hải Thúc Yêu cường hóa :[4] với tỉ lệ  :96
2023-10-30 19:09:59: Người chơi [200255][BaVuongKT][5727][11544776] mang Đông Hải Thúc Yêu cường hóa :[5] với tỉ lệ  :100
2023-10-30 19:10:03: Người chơi [200255][BaVuongKT][5727][11544776] mang Đông Hải Thúc Yêu cường hóa :[6] với tỉ lệ  :91
2023-10-30 19:10:08: Người chơi [200255][BaVuongKT][5727][11544776] mang Đông Hải Thúc Yêu cường hóa :[7] với tỉ lệ  :100
2023-10-30 19:10:35: Người chơi [200255][BaVuongKT][11634][11543528] mang Bí Ẩn Liên cường hóa :[4] với tỉ lệ  :96
2023-10-30 19:10:37: Người chơi [200255][BaVuongKT][11634][11543528] mang Bí Ẩn Liên cường hóa :[5] với tỉ lệ  :100
2023-10-30 19:10:41: Người chơi [200255][BaVuongKT][11634][11543528] mang Bí Ẩn Liên cường hóa :[6] với tỉ lệ  :80
2023-10-30 19:10:44: Người chơi [200255][BaVuongKT][11634][11543528] mang Bí Ẩn Liên cường hóa :[7] với tỉ lệ  :74
2023-10-30 19:11:16: Người chơi [200255][BaVuongKT][11634][11543528] mang Bí Ẩn Liên cường hóa :[8] với tỉ lệ  :97
2023-10-30 19:11:35: Người chơi [200255][BaVuongKT][5727][11544776] mang Đông Hải Thúc Yêu cường hóa :[8] với tỉ lệ  :97
2023-10-30 19:11:47: Người chơi [200255][BaVuongKT][12064][11544609] mang Câu Vân Bội cường hóa :[2] với tỉ lệ  :100
2023-10-30 19:12:43: Người chơi [200255][BaVuongKT][12064][11544609] mang Câu Vân Bội cường hóa :[3] với tỉ lệ  :96
2023-10-30 19:12:50: Người chơi [200255][BaVuongKT][12064][11544609] mang Câu Vân Bội cường hóa :[4] với tỉ lệ  :96
2023-10-30 19:12:52: Người chơi [200255][BaVuongKT][12064][11544609] mang Câu Vân Bội cường hóa :[5] với tỉ lệ  :100
2023-10-30 19:12:57: Người chơi [200255][BaVuongKT][12064][11544609] mang Câu Vân Bội cường hóa :[6] với tỉ lệ  :91
2023-10-30 19:13:03: Người chơi [200255][BaVuongKT][12064][11544609] mang Câu Vân Bội cường hóa :[7] với tỉ lệ  :80
2023-10-30 19:13:13: Người chơi [200255][BaVuongKT][12064][11544609] mang Câu Vân Bội cường hóa :[8] với tỉ lệ  :53
2023-10-30 19:13:42: Người chơi [200255][BaVuongKT][12064][11544609] mang Câu Vân Bội cường hóa :[8] với tỉ lệ  :97
2023-10-30 19:14:36: Người chơi [206064][Bigbom][12889][11491782] mang Thương Khung Giới cường hóa :[6] với tỉ lệ  :52
2023-10-30 19:14:45: Người chơi [206064][Bigbom][12889][11491782] mang Thương Khung Giới cường hóa :[6] với tỉ lệ  :58
2023-10-30 19:14:49: Người chơi [206064][Bigbom][12889][11491782] mang Thương Khung Giới cường hóa :[7] với tỉ lệ  :47
2023-10-30 19:20:00: Người chơi [200037][ooHAOHANoo][10348][11331188] mang Phá Sơn Đao cường hóa :[8] với tỉ lệ  :96
2023-10-30 19:26:31: Người chơi [206805][ZzTanAcZz][10218][11545473] mang Phá Sơn Đao cường hóa :[6] với tỉ lệ  :94
2023-10-30 19:26:41: Người chơi [206805][ZzTanAcZz][10218][11545473] mang Phá Sơn Đao cường hóa :[7] với tỉ lệ  :100
2023-10-30 19:39:59: Người chơi [206805][ZzTanAcZz][10218][11545473] mang Phá Sơn Đao cường hóa :[8] với tỉ lệ  :78
2023-10-30 20:07:49: Người chơi [200255][BaVuongKT][10707][11535850] mang Phách Phong Đao cường hóa :[12] với tỉ lệ  :38
2023-10-30 20:28:03: Người chơi [206807][Zcaychay22][10348][11546607] mang Phá Sơn Đao cường hóa :[6] với tỉ lệ  :99
2023-10-30 20:28:17: Người chơi [206807][Zcaychay22][10348][11546607] mang Phá Sơn Đao cường hóa :[7] với tỉ lệ  :95
2023-10-30 20:30:28: Người chơi [206807][Zcaychay22][10348][11546607] mang Phá Sơn Đao cường hóa :[8] với tỉ lệ  :100
2023-10-30 20:30:37: Người chơi [206807][Zcaychay22][4006][11546605] mang Thiên Ma Phù cường hóa :[6] với tỉ lệ  :74
2023-10-30 20:30:45: Người chơi [206807][Zcaychay22][4006][11546605] mang Thiên Ma Phù cường hóa :[7] với tỉ lệ  :85
2023-10-30 20:31:36: Người chơi [206807][Zcaychay22][4006][11546605] mang Thiên Ma Phù cường hóa :[8] với tỉ lệ  :100
2023-10-30 20:47:25: Người chơi [200033][ILOVEYOU][3996][11331117] mang Thiên Ma Phù cường hóa :[7] với tỉ lệ  :82
2023-10-30 20:48:24: Người chơi [200024][xxtokudaxx][9557][11331769] mang Thôn Long Khôi cường hóa :[7] với tỉ lệ  :93
2023-10-30 20:48:55: Người chơi [200024][xxtokudaxx][9557][11331769] mang Thôn Long Khôi cường hóa :[8] với tỉ lệ  :100
2023-10-30 20:49:38: Người chơi [200024][xxtokudaxx][11635][11331761] mang Bắc Thần Liên cường hóa :[9] với tỉ lệ  :49
2023-10-30 20:50:18: Người chơi [206811][scaychay25][10348][11547125] mang Phá Sơn Đao cường hóa :[6] với tỉ lệ  :94
2023-10-30 20:50:25: Người chơi [206811][scaychay25][10348][11547125] mang Phá Sơn Đao cường hóa :[6] với tỉ lệ  :55
2023-10-30 20:50:28: Người chơi [206811][scaychay25][10348][11547125] mang Phá Sơn Đao cường hóa :[6] với tỉ lệ  :18
2023-10-30 20:50:31: Người chơi [206811][scaychay25][10348][11547125] mang Phá Sơn Đao cường hóa :[6] với tỉ lệ  :18
2023-10-30 20:50:33: Người chơi [206811][scaychay25][10348][11547125] mang Phá Sơn Đao cường hóa :[6] với tỉ lệ  :18
2023-10-30 20:50:38: Người chơi [206811][scaychay25][10348][11547125] mang Phá Sơn Đao cường hóa :[6] với tỉ lệ  :29
2023-10-30 20:50:42: Người chơi [206811][scaychay25][10348][11547125] mang Phá Sơn Đao cường hóa :[6] với tỉ lệ  :55
2023-10-30 20:50:45: Người chơi [206811][scaychay25][10348][11547125] mang Phá Sơn Đao cường hóa :[6] với tỉ lệ  :55
2023-10-30 20:50:56: Người chơi [206811][scaychay25][10348][11547125] mang Phá Sơn Đao cường hóa :[7] với tỉ lệ  :93
2023-10-30 20:51:24: Người chơi [201830][ZzHutMauzZ][11635][11384434] mang Bắc Thần Liên cường hóa :[8] với tỉ lệ  :95
2023-10-30 20:52:26: Người chơi [206811][scaychay25][10348][11547125] mang Phá Sơn Đao cường hóa :[8] với tỉ lệ  :91
2023-10-30 20:52:50: Người chơi [201830][ZzHutMauzZ][10348][11384443] mang Phá Sơn Đao cường hóa :[9] với tỉ lệ  :100
2023-10-30 20:53:03: Người chơi [201830][ZzHutMauzZ][10348][11384443] mang Phá Sơn Đao cường hóa :[10] với tỉ lệ  :24
2023-10-30 20:55:18: Người chơi [200214][TrieuTuLong][12065][11339793] mang Long Thủ Bội cường hóa :[6] với tỉ lệ  :95
2023-10-30 20:55:32: Người chơi [200214][TrieuTuLong][12065][11339793] mang Long Thủ Bội cường hóa :[7] với tỉ lệ  :55
2023-10-30 20:55:51: Người chơi [200214][TrieuTuLong][12065][11339793] mang Long Thủ Bội cường hóa :[7] với tỉ lệ  :74
2023-10-30 20:55:54: Người chơi [200214][TrieuTuLong][12065][11339793] mang Long Thủ Bội cường hóa :[7] với tỉ lệ  :74
2023-10-30 20:56:00: Người chơi [200214][TrieuTuLong][12065][11339793] mang Long Thủ Bội cường hóa :[7] với tỉ lệ  :74
2023-10-30 20:56:05: Người chơi [200214][TrieuTuLong][12065][11339793] mang Long Thủ Bội cường hóa :[8] với tỉ lệ  :95
2023-10-30 20:56:35: Người chơi [200214][TrieuTuLong][12889][11339792] mang Thương Khung Giới cường hóa :[7] với tỉ lệ  :74
2023-10-30 20:56:40: Người chơi [200214][TrieuTuLong][12889][11339792] mang Thương Khung Giới cường hóa :[8] với tỉ lệ  :31
2023-10-30 21:02:57: Người chơi [206812][zZluxubuZz][12665][11547399] mang Hàm Sa Xạ Ảnh cường hóa :[6] với tỉ lệ  :85
2023-10-30 21:03:01: Người chơi [206812][zZluxubuZz][12665][11547399] mang Hàm Sa Xạ Ảnh cường hóa :[6] với tỉ lệ  :100
2023-10-30 21:03:10: Người chơi [206812][zZluxubuZz][12665][11547399] mang Hàm Sa Xạ Ảnh cường hóa :[7] với tỉ lệ  :100
2023-10-30 21:09:42: Người chơi [206768][000000000000][6440][11536312] mang Tuyệt Hỏa Ngoa cường hóa :[6] với tỉ lệ  :81
2023-10-30 21:09:46: Người chơi [206768][000000000000][6440][11536312] mang Tuyệt Hỏa Ngoa cường hóa :[7] với tỉ lệ  :74
2023-10-30 21:09:55: Người chơi [201284][HPgaumeo][6420][11368341] mang Tuyệt Hỏa Ngoa cường hóa :[9] với tỉ lệ  :86
2023-10-30 21:09:56: Người chơi [206768][000000000000][6440][11536312] mang Tuyệt Hỏa Ngoa cường hóa :[8] với tỉ lệ  :62
2023-10-30 21:10:30: Người chơi [206768][000000000000][4016][11536316] mang Thiên Ma Phù cường hóa :[6] với tỉ lệ  :74
2023-10-30 21:10:33: Người chơi [206768][000000000000][4016][11536316] mang Thiên Ma Phù cường hóa :[7] với tỉ lệ  :74
2023-10-30 21:10:43: Người chơi [206768][000000000000][4016][11536316] mang Thiên Ma Phù cường hóa :[8] với tỉ lệ  :62
2023-10-30 21:10:45: Người chơi [201284][HPgaumeo][6420][11368341] mang Tuyệt Hỏa Ngoa cường hóa :[10] với tỉ lệ  :65
2023-10-30 21:11:22: Người chơi [206768][000000000000][12085][11536311] mang Long Thủ Bội cường hóa :[6] với tỉ lệ  :74
2023-10-30 21:11:23: Người chơi [201284][HPgaumeo][6420][11368341] mang Tuyệt Hỏa Ngoa cường hóa :[10] với tỉ lệ  :62
2023-10-30 21:11:25: Người chơi [206768][000000000000][12085][11536311] mang Long Thủ Bội cường hóa :[7] với tỉ lệ  :74
2023-10-30 21:11:27: Người chơi [206768][000000000000][12085][11536311] mang Long Thủ Bội cường hóa :[7] với tỉ lệ  :74
2023-10-30 21:11:58: Người chơi [206768][000000000000][12085][11536311] mang Long Thủ Bội cường hóa :[8] với tỉ lệ  :71
2023-10-30 21:13:11: Người chơi [206768][000000000000][11645][11536309] mang Bắc Thần Liên cường hóa :[6] với tỉ lệ  :74
2023-10-30 21:13:14: Người chơi [206768][000000000000][11645][11536309] mang Bắc Thần Liên cường hóa :[6] với tỉ lệ  :74
2023-10-30 21:13:15: Người chơi [206768][000000000000][11645][11536309] mang Bắc Thần Liên cường hóa :[6] với tỉ lệ  :74
2023-10-30 21:22:11: Người chơi [201455][DuongLucLang][10308][11395768] mang Thanh Sương Kiếm cường hóa :[8] với tỉ lệ  :57
2023-10-30 21:23:19: Người chơi [206398][ChayNgayDi][10958][11517666] mang Kim Qua Chùy cường hóa :[8] với tỉ lệ  :100
2023-10-30 21:24:16: Người chơi [206815][Zcaychay23][10348][11547967] mang Phá Sơn Đao cường hóa :[6] với tỉ lệ  :99
2023-10-30 21:24:29: Người chơi [206815][Zcaychay23][10348][11547967] mang Phá Sơn Đao cường hóa :[7] với tỉ lệ  :100
2023-10-30 21:25:28: Người chơi [206816][Chimsun][10388][11548085] mang Thanh Sương Kiếm cường hóa :[6] với tỉ lệ  :63
2023-10-30 21:25:39: Người chơi [206816][Chimsun][10388][11548085] mang Thanh Sương Kiếm cường hóa :[7] với tỉ lệ  :61
2023-10-30 21:25:42: Người chơi [206815][Zcaychay23][10348][11547967] mang Phá Sơn Đao cường hóa :[8] với tỉ lệ  :100
2023-10-30 21:25:59: Người chơi [206815][Zcaychay23][4006][11547965] mang Thiên Ma Phù cường hóa :[6] với tỉ lệ  :74
2023-10-30 21:26:02: Người chơi [206815][Zcaychay23][4006][11547965] mang Thiên Ma Phù cường hóa :[7] với tỉ lệ  :74
2023-10-30 21:26:04: Người chơi [206815][Zcaychay23][4006][11547965] mang Thiên Ma Phù cường hóa :[7] với tỉ lệ  :74
2023-10-30 21:26:05: Người chơi [206816][Chimsun][10388][11548085] mang Thanh Sương Kiếm cường hóa :[8] với tỉ lệ  :60
2023-10-30 21:26:23: Người chơi [206815][Zcaychay23][4006][11547965] mang Thiên Ma Phù cường hóa :[8] với tỉ lệ  :100
2023-10-30 21:26:34: Người chơi [206815][Zcaychay23][4528][11547964] mang Tỏa Tử Hoàng Kim Giáp cường hóa :[6] với tỉ lệ  :74
2023-10-30 21:26:37: Người chơi [206399][LyHaMay][4468][11517675] mang Toàn Long Bào cường hóa :[6] với tỉ lệ  :94
2023-10-30 21:26:50: Người chơi [206399][LyHaMay][4468][11517675] mang Toàn Long Bào cường hóa :[7] với tỉ lệ  :98
2023-10-30 21:27:03: Người chơi [206399][LyHaMay][4468][11517675] mang Toàn Long Bào cường hóa :[8] với tỉ lệ  :99
2023-10-30 21:27:11: Người chơi [206816][Chimsun][10388][11548085] mang Thanh Sương Kiếm cường hóa :[8] với tỉ lệ  :33
2023-10-30 21:27:21: Người chơi [206399][LyHaMay][6902][11517673] mang Võ Thần Hộ Uyển cường hóa :[6] với tỉ lệ  :82
2023-10-30 21:27:27: Người chơi [206399][LyHaMay][6902][11517673] mang Võ Thần Hộ Uyển cường hóa :[7] với tỉ lệ  :95
2023-10-30 21:27:40: Người chơi [206816][Chimsun][4016][11548080] mang Thiên Ma Phù cường hóa :[6] với tỉ lệ  :49
2023-10-30 21:27:52: Người chơi [206816][Chimsun][4016][11548080] mang Thiên Ma Phù cường hóa :[7] với tỉ lệ  :58
2023-10-30 21:28:06: Người chơi [206816][Chimsun][4016][11548080] mang Thiên Ma Phù cường hóa :[8] với tỉ lệ  :53
2023-10-30 21:28:13: Người chơi [206399][LyHaMay][6902][11517673] mang Võ Thần Hộ Uyển cường hóa :[8] với tỉ lệ  :100
2023-10-30 21:28:44: Người chơi [206816][Chimsun][6440][11548076] mang Tuyệt Hỏa Ngoa cường hóa :[6] với tỉ lệ  :74
2023-10-30 21:28:52: Người chơi [206816][Chimsun][6440][11548076] mang Tuyệt Hỏa Ngoa cường hóa :[7] với tỉ lệ  :74
2023-10-30 21:29:12: Người chơi [206816][Chimsun][6440][11548076] mang Tuyệt Hỏa Ngoa cường hóa :[8] với tỉ lệ  :62
2023-10-30 21:34:02: Người chơi [206813][BeoKa1988][10288][11547587] mang Chu Tước Triền Thủ cường hóa :[6] với tỉ lệ  :96
2023-10-30 21:34:11: Người chơi [206813][BeoKa1988][10288][11547587] mang Chu Tước Triền Thủ cường hóa :[7] với tỉ lệ  :95
2023-10-30 21:44:41: Người chơi [206817][doctoanthan][10258][11548495] mang Phá Sơn Đao cường hóa :[6] với tỉ lệ  :95
2023-10-30 21:44:54: Người chơi [206817][doctoanthan][10258][11548495] mang Phá Sơn Đao cường hóa :[7] với tỉ lệ  :100
2023-10-30 21:46:26: Người chơi [200033][ILOVEYOU][12045][11331112] mang Long Thủ Bội cường hóa :[7] với tỉ lệ  :78
2023-10-30 21:46:49: Người chơi [200214][TrieuTuLong][12065][11339793] mang Long Thủ Bội cường hóa :[8] với tỉ lệ  :95
2023-10-30 21:46:59: Người chơi [200214][TrieuTuLong][12889][11339792] mang Thương Khung Giới cường hóa :[8] với tỉ lệ  :100
2023-10-30 21:47:19: Người chơi [206817][doctoanthan][9287][11548507] mang Điêu Bì Diện Tráo cường hóa :[6] với tỉ lệ  :34
2023-10-30 21:49:19: Người chơi [201303][ZzTanSatZz][12065][11369004] mang Long Thủ Bội cường hóa :[9] với tỉ lệ  :100
2023-10-30 21:50:01: Người chơi [201303][ZzTanSatZz][12065][11369004] mang Long Thủ Bội cường hóa :[10] với tỉ lệ  :93
2023-10-30 21:56:35: Người chơi [206819][clonHP1][10338][11548918] mang Chu Tước Triền Thủ cường hóa :[6] với tỉ lệ  :87
2023-10-30 21:56:42: Người chơi [200213][Quinn37][10348][11339488] mang Phá Sơn Đao cường hóa :[10] với tỉ lệ  :93
2023-10-30 21:56:55: Người chơi [206819][clonHP1][10338][11548918] mang Chu Tước Triền Thủ cường hóa :[7] với tỉ lệ  :94
2023-10-30 21:57:54: Người chơi [206819][clonHP1][10338][11548918] mang Chu Tước Triền Thủ cường hóa :[8] với tỉ lệ  :57
2023-10-30 21:57:56: Người chơi [201710][concarrr][4006][11380820] mang Thiên Ma Phù cường hóa :[8] với tỉ lệ  :42
2023-10-30 21:59:50: Người chơi [206819][clonHP1][10338][11548918] mang Chu Tước Triền Thủ cường hóa :[8] với tỉ lệ  :47
2023-10-30 22:00:34: Người chơi [206818][zcaycuay26][10348][11548867] mang Phá Sơn Đao cường hóa :[6] với tỉ lệ  :99
2023-10-30 22:00:51: Người chơi [206818][zcaycuay26][10348][11548867] mang Phá Sơn Đao cường hóa :[7] với tỉ lệ  :95
2023-10-30 22:02:19: Người chơi [206818][zcaycuay26][10348][11548867] mang Phá Sơn Đao cường hóa :[8] với tỉ lệ  :100
2023-10-30 22:02:34: Người chơi [206818][zcaycuay26][4006][11548865] mang Thiên Ma Phù cường hóa :[6] với tỉ lệ  :74
2023-10-30 22:02:36: Người chơi [206818][zcaycuay26][4006][11548865] mang Thiên Ma Phù cường hóa :[7] với tỉ lệ  :74
2023-10-30 22:02:41: Người chơi [206818][zcaycuay26][4006][11548865] mang Thiên Ma Phù cường hóa :[8] với tỉ lệ  :44
2023-10-30 22:09:01: Người chơi [200039][vodanh][4568][11331419] mang Tỏa Tử Hoàng Kim Giáp cường hóa :[11] với tỉ lệ  :64
2023-10-30 22:12:07: Người chơi [200039][vodanh][4568][11331419] mang Tỏa Tử Hoàng Kim Giáp cường hóa :[12] với tỉ lệ  :55
2023-10-30 22:16:54: Người chơi [200039][vodanh][10378][11331424] mang Thanh Sương Kiếm cường hóa :[6] với tỉ lệ  :67
2023-10-30 22:16:57: Người chơi [200039][vodanh][10378][11331424] mang Thanh Sương Kiếm cường hóa :[6] với tỉ lệ  :67
2023-10-30 22:17:00: Người chơi [200039][vodanh][10378][11331424] mang Thanh Sương Kiếm cường hóa :[6] với tỉ lệ  :67
2023-10-30 22:17:38: Người chơi [200039][vodanh][10378][11331424] mang Thanh Sương Kiếm cường hóa :[7] với tỉ lệ  :83
2023-10-30 22:18:16: Người chơi [200039][vodanh][10378][11331424] mang Thanh Sương Kiếm cường hóa :[7] với tỉ lệ  :93
2023-10-30 22:19:30: Người chơi [206399][LyHaMay][9277][11517677] mang Sơn Quỷ Phát Quán cường hóa :[6] với tỉ lệ  :95
2023-10-30 22:19:35: Người chơi [206399][LyHaMay][9277][11517677] mang Sơn Quỷ Phát Quán cường hóa :[7] với tỉ lệ  :95
2023-10-30 22:19:45: Người chơi [200039][vodanh][5748][11331418] mang Ngọa Hổ Thúc Yêu cường hóa :[6] với tỉ lệ  :74
2023-10-30 22:19:49: Người chơi [200039][vodanh][5748][11331418] mang Ngọa Hổ Thúc Yêu cường hóa :[7] với tỉ lệ  :74
2023-10-30 22:19:57: Người chơi [206399][LyHaMay][9277][11517677] mang Sơn Quỷ Phát Quán cường hóa :[8] với tỉ lệ  :99
2023-10-30 22:20:02: Người chơi [200039][vodanh][5748][11331418] mang Ngọa Hổ Thúc Yêu cường hóa :[8] với tỉ lệ  :71
2023-10-30 22:20:30: Người chơi [200039][vodanh][6962][11331417] mang Võ Thần Hộ Uyển cường hóa :[6] với tỉ lệ  :74
2023-10-30 22:20:34: Người chơi [200039][vodanh][6962][11331417] mang Võ Thần Hộ Uyển cường hóa :[7] với tỉ lệ  :74
2023-10-30 22:20:45: Người chơi [200039][vodanh][6962][11331417] mang Võ Thần Hộ Uyển cường hóa :[8] với tỉ lệ  :62
2023-10-30 22:21:19: Người chơi [200039][vodanh][6440][11331416] mang Tuyệt Hỏa Ngoa cường hóa :[6] với tỉ lệ  :74
2023-10-30 22:21:23: Người chơi [200039][vodanh][6440][11331416] mang Tuyệt Hỏa Ngoa cường hóa :[7] với tỉ lệ  :74
2023-10-30 22:21:37: Người chơi [200039][vodanh][6440][11331416] mang Tuyệt Hỏa Ngoa cường hóa :[8] với tỉ lệ  :62
2023-10-30 22:23:41: Người chơi [206399][LyHaMay][5688][11517674] mang Ngọa Hổ Thúc Yêu cường hóa :[6] với tỉ lệ  :95
2023-10-30 22:23:47: Người chơi [206399][LyHaMay][5688][11517674] mang Ngọa Hổ Thúc Yêu cường hóa :[7] với tỉ lệ  :100
2023-10-30 22:23:54: Người chơi [206399][LyHaMay][5688][11517674] mang Ngọa Hổ Thúc Yêu cường hóa :[8] với tỉ lệ  :100
2023-10-30 22:24:36: Người chơi [205260][Zcaychay8][10348][11471321] mang Phá Sơn Đao cường hóa :[8] với tỉ lệ  :99
2023-10-30 22:24:37: Người chơi [206399][LyHaMay][6380][11517672] mang Tuyệt Hỏa Ngoa cường hóa :[6] với tỉ lệ  :95
2023-10-30 22:24:44: Người chơi [206399][LyHaMay][6380][11517672] mang Tuyệt Hỏa Ngoa cường hóa :[7] với tỉ lệ  :100
2023-10-30 22:24:58: Người chơi [205260][Zcaychay8][4006][11471319] mang Thiên Ma Phù cường hóa :[6] với tỉ lệ  :74
2023-10-30 22:25:02: Người chơi [205260][Zcaychay8][4006][11471319] mang Thiên Ma Phù cường hóa :[7] với tỉ lệ  :100
2023-10-30 22:25:14: Người chơi [205260][Zcaychay8][4006][11471319] mang Thiên Ma Phù cường hóa :[8] với tỉ lệ  :99
2023-10-30 22:26:14: Người chơi [206750][Pk89SloKill][6400][11537193] mang Tuyệt Hỏa Ngoa cường hóa :[6] với tỉ lệ  :83
2023-10-30 22:26:25: Người chơi [206750][Pk89SloKill][6400][11537193] mang Tuyệt Hỏa Ngoa cường hóa :[7] với tỉ lệ  :44
2023-10-30 22:34:14: Người chơi [206399][LyHaMay][6380][11517672] mang Tuyệt Hỏa Ngoa cường hóa :[8] với tỉ lệ  :95
2023-10-30 22:34:39: Người chơi [206399][LyHaMay][3986][11517676] mang Thiên Ma Phù cường hóa :[6] với tỉ lệ  :100
2023-10-30 22:52:08: Người chơi [200280][Anhkuden][10348][11342777] mang Phá Sơn Đao cường hóa :[10] với tỉ lệ  :100
2023-10-30 22:52:46: Người chơi [200280][Anhkuden][9557][11342776] mang Thôn Long Khôi cường hóa :[6] với tỉ lệ  :74
2023-10-30 22:53:07: Người chơi [200280][Anhkuden][4006][11342775] mang Thiên Ma Phù cường hóa :[9] với tỉ lệ  :98
2023-10-30 22:54:46: Người chơi [200280][Anhkuden][9557][11342776] mang Thôn Long Khôi cường hóa :[7] với tỉ lệ  :100
2023-10-30 22:54:56: Người chơi [200280][Anhkuden][9557][11342776] mang Thôn Long Khôi cường hóa :[8] với tỉ lệ  :34
2023-10-30 23:00:31: Người chơi [206821][clonHP2][10338][11550279] mang Chu Tước Triền Thủ cường hóa :[6] với tỉ lệ  :93
2023-10-30 23:00:41: Người chơi [206821][clonHP2][10338][11550279] mang Chu Tước Triền Thủ cường hóa :[7] với tỉ lệ  :93
2023-10-30 23:01:02: Người chơi [206821][clonHP2][10338][11550279] mang Chu Tước Triền Thủ cường hóa :[8] với tỉ lệ  :88
2023-10-30 23:01:26: Người chơi [206821][clonHP2][10338][11550279] mang Chu Tước Triền Thủ cường hóa :[8] với tỉ lệ  :13
2023-10-30 23:11:36: Người chơi [206822][clonmeo1][10338][11550530] mang Chu Tước Triền Thủ cường hóa :[6] với tỉ lệ  :93
2023-10-30 23:11:46: Người chơi [206822][clonmeo1][10338][11550530] mang Chu Tước Triền Thủ cường hóa :[7] với tỉ lệ  :93
2023-10-30 23:11:49: Người chơi [200150][DINHATTIEU][6380][11336299] mang Tuyệt Hỏa Ngoa cường hóa :[6] với tỉ lệ  :80
2023-10-30 23:12:17: Người chơi [200150][DINHATTIEU][6380][11336299] mang Tuyệt Hỏa Ngoa cường hóa :[7] với tỉ lệ  :80
2023-10-30 23:13:01: Người chơi [206822][clonmeo1][10338][11550530] mang Chu Tước Triền Thủ cường hóa :[8] với tỉ lệ  :100
2023-10-30 23:13:34: Người chơi [206822][clonmeo1][6420][11550521] mang Tuyệt Hỏa Ngoa cường hóa :[6] với tỉ lệ  :95
2023-10-30 23:14:55: Người chơi [206822][clonmeo1][9557][11550526] mang Thôn Long Khôi cường hóa :[6] với tỉ lệ  :74
2023-10-30 23:20:13: Người chơi [203148][TLThanhLong][4528][11421400] mang Tỏa Tử Hoàng Kim Giáp cường hóa :[6] với tỉ lệ  :74
2023-10-30 23:20:20: Người chơi [203148][TLThanhLong][4528][11421400] mang Tỏa Tử Hoàng Kim Giáp cường hóa :[7] với tỉ lệ  :74
2023-10-30 23:21:14: Người chơi [203148][TLThanhLong][4528][11421400] mang Tỏa Tử Hoàng Kim Giáp cường hóa :[8] với tỉ lệ  :100
2023-10-30 23:21:44: Người chơi [203148][TLThanhLong][4006][11421401] mang Thiên Ma Phù cường hóa :[6] với tỉ lệ  :74
2023-10-30 23:21:48: Người chơi [203148][TLThanhLong][4006][11421401] mang Thiên Ma Phù cường hóa :[7] với tỉ lệ  :74
2023-10-30 23:22:48: Người chơi [203148][TLThanhLong][12065][11421395] mang Long Thủ Bội cường hóa :[6] với tỉ lệ  :74
2023-10-30 23:24:22: Người chơi [206823][clonmeo2][10338][11550776] mang Chu Tước Triền Thủ cường hóa :[6] với tỉ lệ  :93
2023-10-30 23:24:31: Người chơi [206823][clonmeo2][10338][11550776] mang Chu Tước Triền Thủ cường hóa :[7] với tỉ lệ  :93
2023-10-30 23:26:08: Người chơi [206823][clonmeo2][10338][11550776] mang Chu Tước Triền Thủ cường hóa :[8] với tỉ lệ  :97
2023-10-30 23:32:42: Người chơi [206016][Vippper][10348][11487717] mang Phá Sơn Đao cường hóa :[9] với tỉ lệ  :100
2023-10-30 23:33:52: Người chơi [206824][clonmeo3][10338][11550947] mang Chu Tước Triền Thủ cường hóa :[6] với tỉ lệ  :96
2023-10-30 23:34:10: Người chơi [206824][clonmeo3][10338][11550947] mang Chu Tước Triền Thủ cường hóa :[7] với tỉ lệ  :93
2023-10-30 23:34:53: Người chơi [206824][clonmeo3][10338][11550947] mang Chu Tước Triền Thủ cường hóa :[8] với tỉ lệ  :92
2023-10-30 23:37:33: Người chơi [206016][Vippper][4006][11487715] mang Thiên Ma Phù cường hóa :[6] với tỉ lệ  :74
2023-10-30 23:37:37: Người chơi [206016][Vippper][4006][11487715] mang Thiên Ma Phù cường hóa :[7] với tỉ lệ  :74
2023-10-30 23:37:42: Người chơi [206016][Vippper][4006][11487715] mang Thiên Ma Phù cường hóa :[8] với tỉ lệ  :95
2023-10-30 23:38:05: Người chơi [200463][Sexxxx][6380][11348640] mang Tuyệt Hỏa Ngoa cường hóa :[8] với tỉ lệ  :77
2023-10-30 23:42:51: Người chơi [206825][clonmeo4][10338][11551156] mang Chu Tước Triền Thủ cường hóa :[6] với tỉ lệ  :99
2023-10-30 23:43:03: Người chơi [206825][clonmeo4][10338][11551156] mang Chu Tước Triền Thủ cường hóa :[7] với tỉ lệ  :95
2023-10-30 23:43:42: Người chơi [206825][clonmeo4][10338][11551156] mang Chu Tước Triền Thủ cường hóa :[8] với tỉ lệ  :95
2023-10-30 23:50:32: Người chơi [201303][ZzTanSatZz][5728][11369007] mang Ngọa Hổ Thúc Yêu cường hóa :[6] với tỉ lệ  :95
2023-10-30 23:50:47: Người chơi [201303][ZzTanSatZz][5728][11369007] mang Ngọa Hổ Thúc Yêu cường hóa :[7] với tỉ lệ  :74
2023-10-30 23:50:52: Người chơi [201303][ZzTanSatZz][5728][11369007] mang Ngọa Hổ Thúc Yêu cường hóa :[7] với tỉ lệ  :74
2023-10-30 23:51:24: Người chơi [201303][ZzTanSatZz][5728][11369007] mang Ngọa Hổ Thúc Yêu cường hóa :[8] với tỉ lệ  :76
