2023-10-29 04:25:44: [ERROR] Execute Lua Script function got error, Dir = 'NPC/BietKinhPhu/ThuongGiaTieuDao.lua', Function = 'Scripts[39]:OnSelection'
Lua Message: chunk_16:(114,10-83): attempt to index a nil value
Exception: MoonSharp.Interpreter.ScriptRuntimeException: attempt to index a nil value
   at MoonSharp.Interpreter.Execution.VM.Processor.ExecIndex(Instruction i, Int32 instructionPtr) in Z:\git\my\moonsharp\src\MoonSharp.Interpreter\Execution\VM\Processor\Processor_InstructionLoop.cs:line 1349
   at MoonSharp.Interpreter.Execution.VM.Processor.Processing_Loop(Int32 instructionPtr) in Z:\git\my\moonsharp\src\MoonSharp.Interpreter\Execution\VM\Processor\Processor_InstructionLoop.cs:line 279
   at MoonSharp.Interpreter.Execution.VM.Processor.Call(DynValue function, DynValue[] args) in Z:\git\my\moonsharp\src\MoonSharp.Interpreter\Execution\VM\Processor\Processor.cs:line 67
   at MoonSharp.Interpreter.Closure.Call(Object[] args) in Z:\git\my\moonsharp\src\MoonSharp.Interpreter\DataTypes\Closure.cs:line 91
   at GameServer.KiemThe.Entities.KTLuaScript.DoExecuteFunction(Script luaEnv, LuaScript script, String functionName, Object[] param) in C:\Gs_HaoKiemTkim_Open\GameServer\KTGameServer\GameServer\KiemThe\LuaSystem\KTLuaScript.cs:line 406
2023-10-29 04:25:46: [ERROR] Execute Lua Script function got error, Dir = 'NPC/BietKinhPhu/ThuongGiaTieuDao.lua', Function = 'Scripts[39]:OnSelection'
Lua Message: chunk_16:(114,10-83): attempt to index a nil value
Exception: MoonSharp.Interpreter.ScriptRuntimeException: attempt to index a nil value
   at MoonSharp.Interpreter.Execution.VM.Processor.ExecIndex(Instruction i, Int32 instructionPtr) in Z:\git\my\moonsharp\src\MoonSharp.Interpreter\Execution\VM\Processor\Processor_InstructionLoop.cs:line 1349
   at MoonSharp.Interpreter.Execution.VM.Processor.Processing_Loop(Int32 instructionPtr) in Z:\git\my\moonsharp\src\MoonSharp.Interpreter\Execution\VM\Processor\Processor_InstructionLoop.cs:line 279
   at MoonSharp.Interpreter.Execution.VM.Processor.Call(DynValue function, DynValue[] args) in Z:\git\my\moonsharp\src\MoonSharp.Interpreter\Execution\VM\Processor\Processor.cs:line 67
   at MoonSharp.Interpreter.Closure.Call(Object[] args) in Z:\git\my\moonsharp\src\MoonSharp.Interpreter\DataTypes\Closure.cs:line 91
   at GameServer.KiemThe.Entities.KTLuaScript.DoExecuteFunction(Script luaEnv, LuaScript script, String functionName, Object[] param) in C:\Gs_HaoKiemTkim_Open\GameServer\KTGameServer\GameServer\KiemThe\LuaSystem\KTLuaScript.cs:line 406
2023-10-29 04:25:47: [ERROR] Execute Lua Script function got error, Dir = 'NPC/BietKinhPhu/ThuongGiaTieuDao.lua', Function = 'Scripts[39]:OnSelection'
Lua Message: chunk_16:(114,10-83): attempt to index a nil value
Exception: MoonSharp.Interpreter.ScriptRuntimeException: attempt to index a nil value
   at MoonSharp.Interpreter.Execution.VM.Processor.ExecIndex(Instruction i, Int32 instructionPtr) in Z:\git\my\moonsharp\src\MoonSharp.Interpreter\Execution\VM\Processor\Processor_InstructionLoop.cs:line 1349
   at MoonSharp.Interpreter.Execution.VM.Processor.Processing_Loop(Int32 instructionPtr) in Z:\git\my\moonsharp\src\MoonSharp.Interpreter\Execution\VM\Processor\Processor_InstructionLoop.cs:line 279
   at MoonSharp.Interpreter.Execution.VM.Processor.Call(DynValue function, DynValue[] args) in Z:\git\my\moonsharp\src\MoonSharp.Interpreter\Execution\VM\Processor\Processor.cs:line 67
   at MoonSharp.Interpreter.Closure.Call(Object[] args) in Z:\git\my\moonsharp\src\MoonSharp.Interpreter\DataTypes\Closure.cs:line 91
   at GameServer.KiemThe.Entities.KTLuaScript.DoExecuteFunction(Script luaEnv, LuaScript script, String functionName, Object[] param) in C:\Gs_HaoKiemTkim_Open\GameServer\KTGameServer\GameServer\KiemThe\LuaSystem\KTLuaScript.cs:line 406
2023-10-29 04:25:47: [ERROR] Execute Lua Script function got error, Dir = 'NPC/BietKinhPhu/ThuongGiaTieuDao.lua', Function = 'Scripts[39]:OnSelection'
Lua Message: chunk_16:(114,10-83): attempt to index a nil value
Exception: MoonSharp.Interpreter.ScriptRuntimeException: attempt to index a nil value
   at MoonSharp.Interpreter.Execution.VM.Processor.ExecIndex(Instruction i, Int32 instructionPtr) in Z:\git\my\moonsharp\src\MoonSharp.Interpreter\Execution\VM\Processor\Processor_InstructionLoop.cs:line 1349
   at MoonSharp.Interpreter.Execution.VM.Processor.Processing_Loop(Int32 instructionPtr) in Z:\git\my\moonsharp\src\MoonSharp.Interpreter\Execution\VM\Processor\Processor_InstructionLoop.cs:line 279
   at MoonSharp.Interpreter.Execution.VM.Processor.Call(DynValue function, DynValue[] args) in Z:\git\my\moonsharp\src\MoonSharp.Interpreter\Execution\VM\Processor\Processor.cs:line 67
   at MoonSharp.Interpreter.Closure.Call(Object[] args) in Z:\git\my\moonsharp\src\MoonSharp.Interpreter\DataTypes\Closure.cs:line 91
   at GameServer.KiemThe.Entities.KTLuaScript.DoExecuteFunction(Script luaEnv, LuaScript script, String functionName, Object[] param) in C:\Gs_HaoKiemTkim_Open\GameServer\KTGameServer\GameServer\KiemThe\LuaSystem\KTLuaScript.cs:line 406
2023-10-29 04:25:48: [ERROR] Execute Lua Script function got error, Dir = 'NPC/BietKinhPhu/ThuongGiaTieuDao.lua', Function = 'Scripts[39]:OnSelection'
Lua Message: chunk_16:(114,10-83): attempt to index a nil value
Exception: MoonSharp.Interpreter.ScriptRuntimeException: attempt to index a nil value
   at MoonSharp.Interpreter.Execution.VM.Processor.ExecIndex(Instruction i, Int32 instructionPtr) in Z:\git\my\moonsharp\src\MoonSharp.Interpreter\Execution\VM\Processor\Processor_InstructionLoop.cs:line 1349
   at MoonSharp.Interpreter.Execution.VM.Processor.Processing_Loop(Int32 instructionPtr) in Z:\git\my\moonsharp\src\MoonSharp.Interpreter\Execution\VM\Processor\Processor_InstructionLoop.cs:line 279
   at MoonSharp.Interpreter.Execution.VM.Processor.Call(DynValue function, DynValue[] args) in Z:\git\my\moonsharp\src\MoonSharp.Interpreter\Execution\VM\Processor\Processor.cs:line 67
   at MoonSharp.Interpreter.Closure.Call(Object[] args) in Z:\git\my\moonsharp\src\MoonSharp.Interpreter\DataTypes\Closure.cs:line 91
   at GameServer.KiemThe.Entities.KTLuaScript.DoExecuteFunction(Script luaEnv, LuaScript script, String functionName, Object[] param) in C:\Gs_HaoKiemTkim_Open\GameServer\KTGameServer\GameServer\KiemThe\LuaSystem\KTLuaScript.cs:line 406
2023-10-29 04:26:33: [ERROR] Execute Lua Script function got error, Dir = 'NPC/BietKinhPhu/ThuongGiaTieuDao.lua', Function = 'Scripts[39]:OnSelection'
Lua Message: chunk_16:(114,10-83): attempt to index a nil value
Exception: MoonSharp.Interpreter.ScriptRuntimeException: attempt to index a nil value
   at MoonSharp.Interpreter.Execution.VM.Processor.ExecIndex(Instruction i, Int32 instructionPtr) in Z:\git\my\moonsharp\src\MoonSharp.Interpreter\Execution\VM\Processor\Processor_InstructionLoop.cs:line 1349
   at MoonSharp.Interpreter.Execution.VM.Processor.Processing_Loop(Int32 instructionPtr) in Z:\git\my\moonsharp\src\MoonSharp.Interpreter\Execution\VM\Processor\Processor_InstructionLoop.cs:line 279
   at MoonSharp.Interpreter.Execution.VM.Processor.Call(DynValue function, DynValue[] args) in Z:\git\my\moonsharp\src\MoonSharp.Interpreter\Execution\VM\Processor\Processor.cs:line 67
   at MoonSharp.Interpreter.Closure.Call(Object[] args) in Z:\git\my\moonsharp\src\MoonSharp.Interpreter\DataTypes\Closure.cs:line 91
   at GameServer.KiemThe.Entities.KTLuaScript.DoExecuteFunction(Script luaEnv, LuaScript script, String functionName, Object[] param) in C:\Gs_HaoKiemTkim_Open\GameServer\KTGameServer\GameServer\KiemThe\LuaSystem\KTLuaScript.cs:line 406
2023-10-29 04:26:34: [ERROR] Execute Lua Script function got error, Dir = 'NPC/BietKinhPhu/ThuongGiaTieuDao.lua', Function = 'Scripts[39]:OnSelection'
Lua Message: chunk_16:(114,10-83): attempt to index a nil value
Exception: MoonSharp.Interpreter.ScriptRuntimeException: attempt to index a nil value
   at MoonSharp.Interpreter.Execution.VM.Processor.ExecIndex(Instruction i, Int32 instructionPtr) in Z:\git\my\moonsharp\src\MoonSharp.Interpreter\Execution\VM\Processor\Processor_InstructionLoop.cs:line 1349
   at MoonSharp.Interpreter.Execution.VM.Processor.Processing_Loop(Int32 instructionPtr) in Z:\git\my\moonsharp\src\MoonSharp.Interpreter\Execution\VM\Processor\Processor_InstructionLoop.cs:line 279
   at MoonSharp.Interpreter.Execution.VM.Processor.Call(DynValue function, DynValue[] args) in Z:\git\my\moonsharp\src\MoonSharp.Interpreter\Execution\VM\Processor\Processor.cs:line 67
   at MoonSharp.Interpreter.Closure.Call(Object[] args) in Z:\git\my\moonsharp\src\MoonSharp.Interpreter\DataTypes\Closure.cs:line 91
   at GameServer.KiemThe.Entities.KTLuaScript.DoExecuteFunction(Script luaEnv, LuaScript script, String functionName, Object[] param) in C:\Gs_HaoKiemTkim_Open\GameServer\KTGameServer\GameServer\KiemThe\LuaSystem\KTLuaScript.cs:line 406
2023-10-29 04:26:35: [ERROR] Execute Lua Script function got error, Dir = 'NPC/BietKinhPhu/ThuongGiaTieuDao.lua', Function = 'Scripts[39]:OnSelection'
Lua Message: chunk_16:(114,10-83): attempt to index a nil value
Exception: MoonSharp.Interpreter.ScriptRuntimeException: attempt to index a nil value
   at MoonSharp.Interpreter.Execution.VM.Processor.ExecIndex(Instruction i, Int32 instructionPtr) in Z:\git\my\moonsharp\src\MoonSharp.Interpreter\Execution\VM\Processor\Processor_InstructionLoop.cs:line 1349
   at MoonSharp.Interpreter.Execution.VM.Processor.Processing_Loop(Int32 instructionPtr) in Z:\git\my\moonsharp\src\MoonSharp.Interpreter\Execution\VM\Processor\Processor_InstructionLoop.cs:line 279
   at MoonSharp.Interpreter.Execution.VM.Processor.Call(DynValue function, DynValue[] args) in Z:\git\my\moonsharp\src\MoonSharp.Interpreter\Execution\VM\Processor\Processor.cs:line 67
   at MoonSharp.Interpreter.Closure.Call(Object[] args) in Z:\git\my\moonsharp\src\MoonSharp.Interpreter\DataTypes\Closure.cs:line 91
   at GameServer.KiemThe.Entities.KTLuaScript.DoExecuteFunction(Script luaEnv, LuaScript script, String functionName, Object[] param) in C:\Gs_HaoKiemTkim_Open\GameServer\KTGameServer\GameServer\KiemThe\LuaSystem\KTLuaScript.cs:line 406
2023-10-29 04:26:36: [ERROR] Execute Lua Script function got error, Dir = 'NPC/BietKinhPhu/ThuongGiaTieuDao.lua', Function = 'Scripts[39]:OnSelection'
Lua Message: chunk_16:(114,10-83): attempt to index a nil value
Exception: MoonSharp.Interpreter.ScriptRuntimeException: attempt to index a nil value
   at MoonSharp.Interpreter.Execution.VM.Processor.ExecIndex(Instruction i, Int32 instructionPtr) in Z:\git\my\moonsharp\src\MoonSharp.Interpreter\Execution\VM\Processor\Processor_InstructionLoop.cs:line 1349
   at MoonSharp.Interpreter.Execution.VM.Processor.Processing_Loop(Int32 instructionPtr) in Z:\git\my\moonsharp\src\MoonSharp.Interpreter\Execution\VM\Processor\Processor_InstructionLoop.cs:line 279
   at MoonSharp.Interpreter.Execution.VM.Processor.Call(DynValue function, DynValue[] args) in Z:\git\my\moonsharp\src\MoonSharp.Interpreter\Execution\VM\Processor\Processor.cs:line 67
   at MoonSharp.Interpreter.Closure.Call(Object[] args) in Z:\git\my\moonsharp\src\MoonSharp.Interpreter\DataTypes\Closure.cs:line 91
   at GameServer.KiemThe.Entities.KTLuaScript.DoExecuteFunction(Script luaEnv, LuaScript script, String functionName, Object[] param) in C:\Gs_HaoKiemTkim_Open\GameServer\KTGameServer\GameServer\KiemThe\LuaSystem\KTLuaScript.cs:line 406
2023-10-29 04:26:36: [ERROR] Execute Lua Script function got error, Dir = 'NPC/BietKinhPhu/ThuongGiaTieuDao.lua', Function = 'Scripts[39]:OnSelection'
Lua Message: chunk_16:(114,10-83): attempt to index a nil value
Exception: MoonSharp.Interpreter.ScriptRuntimeException: attempt to index a nil value
   at MoonSharp.Interpreter.Execution.VM.Processor.ExecIndex(Instruction i, Int32 instructionPtr) in Z:\git\my\moonsharp\src\MoonSharp.Interpreter\Execution\VM\Processor\Processor_InstructionLoop.cs:line 1349
   at MoonSharp.Interpreter.Execution.VM.Processor.Processing_Loop(Int32 instructionPtr) in Z:\git\my\moonsharp\src\MoonSharp.Interpreter\Execution\VM\Processor\Processor_InstructionLoop.cs:line 279
   at MoonSharp.Interpreter.Execution.VM.Processor.Call(DynValue function, DynValue[] args) in Z:\git\my\moonsharp\src\MoonSharp.Interpreter\Execution\VM\Processor\Processor.cs:line 67
   at MoonSharp.Interpreter.Closure.Call(Object[] args) in Z:\git\my\moonsharp\src\MoonSharp.Interpreter\DataTypes\Closure.cs:line 91
   at GameServer.KiemThe.Entities.KTLuaScript.DoExecuteFunction(Script luaEnv, LuaScript script, String functionName, Object[] param) in C:\Gs_HaoKiemTkim_Open\GameServer\KTGameServer\GameServer\KiemThe\LuaSystem\KTLuaScript.cs:line 406
2023-10-29 04:26:37: [ERROR] Execute Lua Script function got error, Dir = 'NPC/BietKinhPhu/ThuongGiaTieuDao.lua', Function = 'Scripts[39]:OnSelection'
Lua Message: chunk_16:(114,10-83): attempt to index a nil value
Exception: MoonSharp.Interpreter.ScriptRuntimeException: attempt to index a nil value
   at MoonSharp.Interpreter.Execution.VM.Processor.ExecIndex(Instruction i, Int32 instructionPtr) in Z:\git\my\moonsharp\src\MoonSharp.Interpreter\Execution\VM\Processor\Processor_InstructionLoop.cs:line 1349
   at MoonSharp.Interpreter.Execution.VM.Processor.Processing_Loop(Int32 instructionPtr) in Z:\git\my\moonsharp\src\MoonSharp.Interpreter\Execution\VM\Processor\Processor_InstructionLoop.cs:line 279
   at MoonSharp.Interpreter.Execution.VM.Processor.Call(DynValue function, DynValue[] args) in Z:\git\my\moonsharp\src\MoonSharp.Interpreter\Execution\VM\Processor\Processor.cs:line 67
   at MoonSharp.Interpreter.Closure.Call(Object[] args) in Z:\git\my\moonsharp\src\MoonSharp.Interpreter\DataTypes\Closure.cs:line 91
   at GameServer.KiemThe.Entities.KTLuaScript.DoExecuteFunction(Script luaEnv, LuaScript script, String functionName, Object[] param) in C:\Gs_HaoKiemTkim_Open\GameServer\KTGameServer\GameServer\KiemThe\LuaSystem\KTLuaScript.cs:line 406
2023-10-29 04:26:37: [ERROR] Execute Lua Script function got error, Dir = 'NPC/BietKinhPhu/ThuongGiaTieuDao.lua', Function = 'Scripts[39]:OnSelection'
Lua Message: chunk_16:(114,10-83): attempt to index a nil value
Exception: MoonSharp.Interpreter.ScriptRuntimeException: attempt to index a nil value
   at MoonSharp.Interpreter.Execution.VM.Processor.ExecIndex(Instruction i, Int32 instructionPtr) in Z:\git\my\moonsharp\src\MoonSharp.Interpreter\Execution\VM\Processor\Processor_InstructionLoop.cs:line 1349
   at MoonSharp.Interpreter.Execution.VM.Processor.Processing_Loop(Int32 instructionPtr) in Z:\git\my\moonsharp\src\MoonSharp.Interpreter\Execution\VM\Processor\Processor_InstructionLoop.cs:line 279
   at MoonSharp.Interpreter.Execution.VM.Processor.Call(DynValue function, DynValue[] args) in Z:\git\my\moonsharp\src\MoonSharp.Interpreter\Execution\VM\Processor\Processor.cs:line 67
   at MoonSharp.Interpreter.Closure.Call(Object[] args) in Z:\git\my\moonsharp\src\MoonSharp.Interpreter\DataTypes\Closure.cs:line 91
   at GameServer.KiemThe.Entities.KTLuaScript.DoExecuteFunction(Script luaEnv, LuaScript script, String functionName, Object[] param) in C:\Gs_HaoKiemTkim_Open\GameServer\KTGameServer\GameServer\KiemThe\LuaSystem\KTLuaScript.cs:line 406
2023-10-29 04:26:38: [ERROR] Execute Lua Script function got error, Dir = 'NPC/BietKinhPhu/ThuongGiaTieuDao.lua', Function = 'Scripts[39]:OnSelection'
Lua Message: chunk_16:(114,10-83): attempt to index a nil value
Exception: MoonSharp.Interpreter.ScriptRuntimeException: attempt to index a nil value
   at MoonSharp.Interpreter.Execution.VM.Processor.ExecIndex(Instruction i, Int32 instructionPtr) in Z:\git\my\moonsharp\src\MoonSharp.Interpreter\Execution\VM\Processor\Processor_InstructionLoop.cs:line 1349
   at MoonSharp.Interpreter.Execution.VM.Processor.Processing_Loop(Int32 instructionPtr) in Z:\git\my\moonsharp\src\MoonSharp.Interpreter\Execution\VM\Processor\Processor_InstructionLoop.cs:line 279
   at MoonSharp.Interpreter.Execution.VM.Processor.Call(DynValue function, DynValue[] args) in Z:\git\my\moonsharp\src\MoonSharp.Interpreter\Execution\VM\Processor\Processor.cs:line 67
   at MoonSharp.Interpreter.Closure.Call(Object[] args) in Z:\git\my\moonsharp\src\MoonSharp.Interpreter\DataTypes\Closure.cs:line 91
   at GameServer.KiemThe.Entities.KTLuaScript.DoExecuteFunction(Script luaEnv, LuaScript script, String functionName, Object[] param) in C:\Gs_HaoKiemTkim_Open\GameServer\KTGameServer\GameServer\KiemThe\LuaSystem\KTLuaScript.cs:line 406
2023-10-29 04:26:39: [ERROR] Execute Lua Script function got error, Dir = 'NPC/BietKinhPhu/ThuongGiaTieuDao.lua', Function = 'Scripts[39]:OnSelection'
Lua Message: chunk_16:(114,10-83): attempt to index a nil value
Exception: MoonSharp.Interpreter.ScriptRuntimeException: attempt to index a nil value
   at MoonSharp.Interpreter.Execution.VM.Processor.ExecIndex(Instruction i, Int32 instructionPtr) in Z:\git\my\moonsharp\src\MoonSharp.Interpreter\Execution\VM\Processor\Processor_InstructionLoop.cs:line 1349
   at MoonSharp.Interpreter.Execution.VM.Processor.Processing_Loop(Int32 instructionPtr) in Z:\git\my\moonsharp\src\MoonSharp.Interpreter\Execution\VM\Processor\Processor_InstructionLoop.cs:line 279
   at MoonSharp.Interpreter.Execution.VM.Processor.Call(DynValue function, DynValue[] args) in Z:\git\my\moonsharp\src\MoonSharp.Interpreter\Execution\VM\Processor\Processor.cs:line 67
   at MoonSharp.Interpreter.Closure.Call(Object[] args) in Z:\git\my\moonsharp\src\MoonSharp.Interpreter\DataTypes\Closure.cs:line 91
   at GameServer.KiemThe.Entities.KTLuaScript.DoExecuteFunction(Script luaEnv, LuaScript script, String functionName, Object[] param) in C:\Gs_HaoKiemTkim_Open\GameServer\KTGameServer\GameServer\KiemThe\LuaSystem\KTLuaScript.cs:line 406
2023-10-29 00:02:42: [ERROR] Execute Lua Script function got error, Dir = 'NPC/Common/ChuongMon.lua', Function = 'Scripts[152]:OnSelection'
Lua Message: chunk_32:(414,9-92): attempt to index a nil value
Exception: MoonSharp.Interpreter.ScriptRuntimeException: attempt to index a nil value
   at MoonSharp.Interpreter.Execution.VM.Processor.ExecIndex(Instruction i, Int32 instructionPtr) in Z:\git\my\moonsharp\src\MoonSharp.Interpreter\Execution\VM\Processor\Processor_InstructionLoop.cs:line 1349
   at MoonSharp.Interpreter.Execution.VM.Processor.Processing_Loop(Int32 instructionPtr) in Z:\git\my\moonsharp\src\MoonSharp.Interpreter\Execution\VM\Processor\Processor_InstructionLoop.cs:line 279
   at MoonSharp.Interpreter.Execution.VM.Processor.Call(DynValue function, DynValue[] args) in Z:\git\my\moonsharp\src\MoonSharp.Interpreter\Execution\VM\Processor\Processor.cs:line 67
   at MoonSharp.Interpreter.Closure.Call(Object[] args) in Z:\git\my\moonsharp\src\MoonSharp.Interpreter\DataTypes\Closure.cs:line 91
   at GameServer.KiemThe.Entities.KTLuaScript.DoExecuteFunction(Script luaEnv, LuaScript script, String functionName, Object[] param) in C:\Users\Administrator\Downloads\Gs_HaoKiemTkim_Open\GameServer\KTGameServer\GameServer\KiemThe\LuaSystem\KTLuaScript.cs:line 406
2023-10-29 00:02:47: [ERROR] Execute Lua Script function got error, Dir = 'NPC/Common/ChuongMon.lua', Function = 'Scripts[152]:OnSelection'
Lua Message: chunk_32:(414,9-92): attempt to index a nil value
Exception: MoonSharp.Interpreter.ScriptRuntimeException: attempt to index a nil value
   at MoonSharp.Interpreter.Execution.VM.Processor.ExecIndex(Instruction i, Int32 instructionPtr) in Z:\git\my\moonsharp\src\MoonSharp.Interpreter\Execution\VM\Processor\Processor_InstructionLoop.cs:line 1349
   at MoonSharp.Interpreter.Execution.VM.Processor.Processing_Loop(Int32 instructionPtr) in Z:\git\my\moonsharp\src\MoonSharp.Interpreter\Execution\VM\Processor\Processor_InstructionLoop.cs:line 279
   at MoonSharp.Interpreter.Execution.VM.Processor.Call(DynValue function, DynValue[] args) in Z:\git\my\moonsharp\src\MoonSharp.Interpreter\Execution\VM\Processor\Processor.cs:line 67
   at MoonSharp.Interpreter.Closure.Call(Object[] args) in Z:\git\my\moonsharp\src\MoonSharp.Interpreter\DataTypes\Closure.cs:line 91
   at GameServer.KiemThe.Entities.KTLuaScript.DoExecuteFunction(Script luaEnv, LuaScript script, String functionName, Object[] param) in C:\Users\Administrator\Downloads\Gs_HaoKiemTkim_Open\GameServer\KTGameServer\GameServer\KiemThe\LuaSystem\KTLuaScript.cs:line 406
2023-10-29 00:52:45: [ERROR] Lua Script not found, ID = '-1'
2023-10-29 01:16:58: [ERROR] Execute Lua Script function got error, Dir = 'NPC/Common/ChuongMon.lua', Function = 'Scripts[152]:OnSelection'
Lua Message: chunk_32:(414,9-92): attempt to index a nil value
Exception: MoonSharp.Interpreter.ScriptRuntimeException: attempt to index a nil value
   at MoonSharp.Interpreter.Execution.VM.Processor.ExecIndex(Instruction i, Int32 instructionPtr) in Z:\git\my\moonsharp\src\MoonSharp.Interpreter\Execution\VM\Processor\Processor_InstructionLoop.cs:line 1349
   at MoonSharp.Interpreter.Execution.VM.Processor.Processing_Loop(Int32 instructionPtr) in Z:\git\my\moonsharp\src\MoonSharp.Interpreter\Execution\VM\Processor\Processor_InstructionLoop.cs:line 279
   at MoonSharp.Interpreter.Execution.VM.Processor.Call(DynValue function, DynValue[] args) in Z:\git\my\moonsharp\src\MoonSharp.Interpreter\Execution\VM\Processor\Processor.cs:line 67
   at MoonSharp.Interpreter.Closure.Call(Object[] args) in Z:\git\my\moonsharp\src\MoonSharp.Interpreter\DataTypes\Closure.cs:line 91
   at GameServer.KiemThe.Entities.KTLuaScript.DoExecuteFunction(Script luaEnv, LuaScript script, String functionName, Object[] param) in C:\Users\Administrator\Downloads\Gs_HaoKiemTkim_Open\GameServer\KTGameServer\GameServer\KiemThe\LuaSystem\KTLuaScript.cs:line 406
2023-10-29 01:16:59: [ERROR] Execute Lua Script function got error, Dir = 'NPC/Common/ChuongMon.lua', Function = 'Scripts[152]:OnSelection'
Lua Message: chunk_32:(414,9-92): attempt to index a nil value
Exception: MoonSharp.Interpreter.ScriptRuntimeException: attempt to index a nil value
   at MoonSharp.Interpreter.Execution.VM.Processor.ExecIndex(Instruction i, Int32 instructionPtr) in Z:\git\my\moonsharp\src\MoonSharp.Interpreter\Execution\VM\Processor\Processor_InstructionLoop.cs:line 1349
   at MoonSharp.Interpreter.Execution.VM.Processor.Processing_Loop(Int32 instructionPtr) in Z:\git\my\moonsharp\src\MoonSharp.Interpreter\Execution\VM\Processor\Processor_InstructionLoop.cs:line 279
   at MoonSharp.Interpreter.Execution.VM.Processor.Call(DynValue function, DynValue[] args) in Z:\git\my\moonsharp\src\MoonSharp.Interpreter\Execution\VM\Processor\Processor.cs:line 67
   at MoonSharp.Interpreter.Closure.Call(Object[] args) in Z:\git\my\moonsharp\src\MoonSharp.Interpreter\DataTypes\Closure.cs:line 91
   at GameServer.KiemThe.Entities.KTLuaScript.DoExecuteFunction(Script luaEnv, LuaScript script, String functionName, Object[] param) in C:\Users\Administrator\Downloads\Gs_HaoKiemTkim_Open\GameServer\KTGameServer\GameServer\KiemThe\LuaSystem\KTLuaScript.cs:line 406
2023-10-29 01:17:00: [ERROR] Execute Lua Script function got error, Dir = 'NPC/Common/ChuongMon.lua', Function = 'Scripts[152]:OnSelection'
Lua Message: chunk_32:(414,9-92): attempt to index a nil value
Exception: MoonSharp.Interpreter.ScriptRuntimeException: attempt to index a nil value
   at MoonSharp.Interpreter.Execution.VM.Processor.ExecIndex(Instruction i, Int32 instructionPtr) in Z:\git\my\moonsharp\src\MoonSharp.Interpreter\Execution\VM\Processor\Processor_InstructionLoop.cs:line 1349
   at MoonSharp.Interpreter.Execution.VM.Processor.Processing_Loop(Int32 instructionPtr) in Z:\git\my\moonsharp\src\MoonSharp.Interpreter\Execution\VM\Processor\Processor_InstructionLoop.cs:line 279
   at MoonSharp.Interpreter.Execution.VM.Processor.Call(DynValue function, DynValue[] args) in Z:\git\my\moonsharp\src\MoonSharp.Interpreter\Execution\VM\Processor\Processor.cs:line 67
   at MoonSharp.Interpreter.Closure.Call(Object[] args) in Z:\git\my\moonsharp\src\MoonSharp.Interpreter\DataTypes\Closure.cs:line 91
   at GameServer.KiemThe.Entities.KTLuaScript.DoExecuteFunction(Script luaEnv, LuaScript script, String functionName, Object[] param) in C:\Users\Administrator\Downloads\Gs_HaoKiemTkim_Open\GameServer\KTGameServer\GameServer\KiemThe\LuaSystem\KTLuaScript.cs:line 406
2023-10-29 01:17:01: [ERROR] Execute Lua Script function got error, Dir = 'NPC/Common/ChuongMon.lua', Function = 'Scripts[152]:OnSelection'
Lua Message: chunk_32:(414,9-92): attempt to index a nil value
Exception: MoonSharp.Interpreter.ScriptRuntimeException: attempt to index a nil value
   at MoonSharp.Interpreter.Execution.VM.Processor.ExecIndex(Instruction i, Int32 instructionPtr) in Z:\git\my\moonsharp\src\MoonSharp.Interpreter\Execution\VM\Processor\Processor_InstructionLoop.cs:line 1349
   at MoonSharp.Interpreter.Execution.VM.Processor.Processing_Loop(Int32 instructionPtr) in Z:\git\my\moonsharp\src\MoonSharp.Interpreter\Execution\VM\Processor\Processor_InstructionLoop.cs:line 279
   at MoonSharp.Interpreter.Execution.VM.Processor.Call(DynValue function, DynValue[] args) in Z:\git\my\moonsharp\src\MoonSharp.Interpreter\Execution\VM\Processor\Processor.cs:line 67
   at MoonSharp.Interpreter.Closure.Call(Object[] args) in Z:\git\my\moonsharp\src\MoonSharp.Interpreter\DataTypes\Closure.cs:line 91
   at GameServer.KiemThe.Entities.KTLuaScript.DoExecuteFunction(Script luaEnv, LuaScript script, String functionName, Object[] param) in C:\Users\Administrator\Downloads\Gs_HaoKiemTkim_Open\GameServer\KTGameServer\GameServer\KiemThe\LuaSystem\KTLuaScript.cs:line 406
2023-10-29 01:17:01: [ERROR] Execute Lua Script function got error, Dir = 'NPC/Common/ChuongMon.lua', Function = 'Scripts[152]:OnSelection'
Lua Message: chunk_32:(414,9-92): attempt to index a nil value
Exception: MoonSharp.Interpreter.ScriptRuntimeException: attempt to index a nil value
   at MoonSharp.Interpreter.Execution.VM.Processor.ExecIndex(Instruction i, Int32 instructionPtr) in Z:\git\my\moonsharp\src\MoonSharp.Interpreter\Execution\VM\Processor\Processor_InstructionLoop.cs:line 1349
   at MoonSharp.Interpreter.Execution.VM.Processor.Processing_Loop(Int32 instructionPtr) in Z:\git\my\moonsharp\src\MoonSharp.Interpreter\Execution\VM\Processor\Processor_InstructionLoop.cs:line 279
   at MoonSharp.Interpreter.Execution.VM.Processor.Call(DynValue function, DynValue[] args) in Z:\git\my\moonsharp\src\MoonSharp.Interpreter\Execution\VM\Processor\Processor.cs:line 67
   at MoonSharp.Interpreter.Closure.Call(Object[] args) in Z:\git\my\moonsharp\src\MoonSharp.Interpreter\DataTypes\Closure.cs:line 91
   at GameServer.KiemThe.Entities.KTLuaScript.DoExecuteFunction(Script luaEnv, LuaScript script, String functionName, Object[] param) in C:\Users\Administrator\Downloads\Gs_HaoKiemTkim_Open\GameServer\KTGameServer\GameServer\KiemThe\LuaSystem\KTLuaScript.cs:line 406
2023-10-29 01:17:03: [ERROR] Execute Lua Script function got error, Dir = 'NPC/Common/ChuongMon.lua', Function = 'Scripts[152]:OnSelection'
Lua Message: chunk_32:(414,9-92): attempt to index a nil value
Exception: MoonSharp.Interpreter.ScriptRuntimeException: attempt to index a nil value
   at MoonSharp.Interpreter.Execution.VM.Processor.ExecIndex(Instruction i, Int32 instructionPtr) in Z:\git\my\moonsharp\src\MoonSharp.Interpreter\Execution\VM\Processor\Processor_InstructionLoop.cs:line 1349
   at MoonSharp.Interpreter.Execution.VM.Processor.Processing_Loop(Int32 instructionPtr) in Z:\git\my\moonsharp\src\MoonSharp.Interpreter\Execution\VM\Processor\Processor_InstructionLoop.cs:line 279
   at MoonSharp.Interpreter.Execution.VM.Processor.Call(DynValue function, DynValue[] args) in Z:\git\my\moonsharp\src\MoonSharp.Interpreter\Execution\VM\Processor\Processor.cs:line 67
   at MoonSharp.Interpreter.Closure.Call(Object[] args) in Z:\git\my\moonsharp\src\MoonSharp.Interpreter\DataTypes\Closure.cs:line 91
   at GameServer.KiemThe.Entities.KTLuaScript.DoExecuteFunction(Script luaEnv, LuaScript script, String functionName, Object[] param) in C:\Users\Administrator\Downloads\Gs_HaoKiemTkim_Open\GameServer\KTGameServer\GameServer\KiemThe\LuaSystem\KTLuaScript.cs:line 406
2023-10-29 01:17:08: [ERROR] Execute Lua Script function got error, Dir = 'NPC/Common/ChuongMon.lua', Function = 'Scripts[152]:OnSelection'
Lua Message: chunk_32:(414,9-92): attempt to index a nil value
Exception: MoonSharp.Interpreter.ScriptRuntimeException: attempt to index a nil value
   at MoonSharp.Interpreter.Execution.VM.Processor.ExecIndex(Instruction i, Int32 instructionPtr) in Z:\git\my\moonsharp\src\MoonSharp.Interpreter\Execution\VM\Processor\Processor_InstructionLoop.cs:line 1349
   at MoonSharp.Interpreter.Execution.VM.Processor.Processing_Loop(Int32 instructionPtr) in Z:\git\my\moonsharp\src\MoonSharp.Interpreter\Execution\VM\Processor\Processor_InstructionLoop.cs:line 279
   at MoonSharp.Interpreter.Execution.VM.Processor.Call(DynValue function, DynValue[] args) in Z:\git\my\moonsharp\src\MoonSharp.Interpreter\Execution\VM\Processor\Processor.cs:line 67
   at MoonSharp.Interpreter.Closure.Call(Object[] args) in Z:\git\my\moonsharp\src\MoonSharp.Interpreter\DataTypes\Closure.cs:line 91
   at GameServer.KiemThe.Entities.KTLuaScript.DoExecuteFunction(Script luaEnv, LuaScript script, String functionName, Object[] param) in C:\Users\Administrator\Downloads\Gs_HaoKiemTkim_Open\GameServer\KTGameServer\GameServer\KiemThe\LuaSystem\KTLuaScript.cs:line 406
2023-10-29 01:17:09: [ERROR] Execute Lua Script function got error, Dir = 'NPC/Common/ChuongMon.lua', Function = 'Scripts[152]:OnSelection'
Lua Message: chunk_32:(414,9-92): attempt to index a nil value
Exception: MoonSharp.Interpreter.ScriptRuntimeException: attempt to index a nil value
   at MoonSharp.Interpreter.Execution.VM.Processor.ExecIndex(Instruction i, Int32 instructionPtr) in Z:\git\my\moonsharp\src\MoonSharp.Interpreter\Execution\VM\Processor\Processor_InstructionLoop.cs:line 1349
   at MoonSharp.Interpreter.Execution.VM.Processor.Processing_Loop(Int32 instructionPtr) in Z:\git\my\moonsharp\src\MoonSharp.Interpreter\Execution\VM\Processor\Processor_InstructionLoop.cs:line 279
   at MoonSharp.Interpreter.Execution.VM.Processor.Call(DynValue function, DynValue[] args) in Z:\git\my\moonsharp\src\MoonSharp.Interpreter\Execution\VM\Processor\Processor.cs:line 67
   at MoonSharp.Interpreter.Closure.Call(Object[] args) in Z:\git\my\moonsharp\src\MoonSharp.Interpreter\DataTypes\Closure.cs:line 91
   at GameServer.KiemThe.Entities.KTLuaScript.DoExecuteFunction(Script luaEnv, LuaScript script, String functionName, Object[] param) in C:\Users\Administrator\Downloads\Gs_HaoKiemTkim_Open\GameServer\KTGameServer\GameServer\KiemThe\LuaSystem\KTLuaScript.cs:line 406
2023-10-29 01:17:10: [ERROR] Execute Lua Script function got error, Dir = 'NPC/Common/ChuongMon.lua', Function = 'Scripts[152]:OnSelection'
Lua Message: chunk_32:(414,9-92): attempt to index a nil value
Exception: MoonSharp.Interpreter.ScriptRuntimeException: attempt to index a nil value
   at MoonSharp.Interpreter.Execution.VM.Processor.ExecIndex(Instruction i, Int32 instructionPtr) in Z:\git\my\moonsharp\src\MoonSharp.Interpreter\Execution\VM\Processor\Processor_InstructionLoop.cs:line 1349
   at MoonSharp.Interpreter.Execution.VM.Processor.Processing_Loop(Int32 instructionPtr) in Z:\git\my\moonsharp\src\MoonSharp.Interpreter\Execution\VM\Processor\Processor_InstructionLoop.cs:line 279
   at MoonSharp.Interpreter.Execution.VM.Processor.Call(DynValue function, DynValue[] args) in Z:\git\my\moonsharp\src\MoonSharp.Interpreter\Execution\VM\Processor\Processor.cs:line 67
   at MoonSharp.Interpreter.Closure.Call(Object[] args) in Z:\git\my\moonsharp\src\MoonSharp.Interpreter\DataTypes\Closure.cs:line 91
   at GameServer.KiemThe.Entities.KTLuaScript.DoExecuteFunction(Script luaEnv, LuaScript script, String functionName, Object[] param) in C:\Users\Administrator\Downloads\Gs_HaoKiemTkim_Open\GameServer\KTGameServer\GameServer\KiemThe\LuaSystem\KTLuaScript.cs:line 406
2023-10-29 01:17:43: [ERROR] Execute Lua Script function got error, Dir = 'NPC/Common/ChuongMon.lua', Function = 'Scripts[152]:OnSelection'
Lua Message: chunk_32:(414,9-92): attempt to index a nil value
Exception: MoonSharp.Interpreter.ScriptRuntimeException: attempt to index a nil value
   at MoonSharp.Interpreter.Execution.VM.Processor.ExecIndex(Instruction i, Int32 instructionPtr) in Z:\git\my\moonsharp\src\MoonSharp.Interpreter\Execution\VM\Processor\Processor_InstructionLoop.cs:line 1349
   at MoonSharp.Interpreter.Execution.VM.Processor.Processing_Loop(Int32 instructionPtr) in Z:\git\my\moonsharp\src\MoonSharp.Interpreter\Execution\VM\Processor\Processor_InstructionLoop.cs:line 279
   at MoonSharp.Interpreter.Execution.VM.Processor.Call(DynValue function, DynValue[] args) in Z:\git\my\moonsharp\src\MoonSharp.Interpreter\Execution\VM\Processor\Processor.cs:line 67
   at MoonSharp.Interpreter.Closure.Call(Object[] args) in Z:\git\my\moonsharp\src\MoonSharp.Interpreter\DataTypes\Closure.cs:line 91
   at GameServer.KiemThe.Entities.KTLuaScript.DoExecuteFunction(Script luaEnv, LuaScript script, String functionName, Object[] param) in C:\Users\Administrator\Downloads\Gs_HaoKiemTkim_Open\GameServer\KTGameServer\GameServer\KiemThe\LuaSystem\KTLuaScript.cs:line 406
2023-10-29 01:17:44: [ERROR] Execute Lua Script function got error, Dir = 'NPC/Common/ChuongMon.lua', Function = 'Scripts[152]:OnSelection'
Lua Message: chunk_32:(414,9-92): attempt to index a nil value
Exception: MoonSharp.Interpreter.ScriptRuntimeException: attempt to index a nil value
   at MoonSharp.Interpreter.Execution.VM.Processor.ExecIndex(Instruction i, Int32 instructionPtr) in Z:\git\my\moonsharp\src\MoonSharp.Interpreter\Execution\VM\Processor\Processor_InstructionLoop.cs:line 1349
   at MoonSharp.Interpreter.Execution.VM.Processor.Processing_Loop(Int32 instructionPtr) in Z:\git\my\moonsharp\src\MoonSharp.Interpreter\Execution\VM\Processor\Processor_InstructionLoop.cs:line 279
   at MoonSharp.Interpreter.Execution.VM.Processor.Call(DynValue function, DynValue[] args) in Z:\git\my\moonsharp\src\MoonSharp.Interpreter\Execution\VM\Processor\Processor.cs:line 67
   at MoonSharp.Interpreter.Closure.Call(Object[] args) in Z:\git\my\moonsharp\src\MoonSharp.Interpreter\DataTypes\Closure.cs:line 91
   at GameServer.KiemThe.Entities.KTLuaScript.DoExecuteFunction(Script luaEnv, LuaScript script, String functionName, Object[] param) in C:\Users\Administrator\Downloads\Gs_HaoKiemTkim_Open\GameServer\KTGameServer\GameServer\KiemThe\LuaSystem\KTLuaScript.cs:line 406
2023-10-29 01:17:50: [ERROR] Execute Lua Script function got error, Dir = 'NPC/Common/ChuongMon.lua', Function = 'Scripts[152]:OnSelection'
Lua Message: chunk_32:(414,9-92): attempt to index a nil value
Exception: MoonSharp.Interpreter.ScriptRuntimeException: attempt to index a nil value
   at MoonSharp.Interpreter.Execution.VM.Processor.ExecIndex(Instruction i, Int32 instructionPtr) in Z:\git\my\moonsharp\src\MoonSharp.Interpreter\Execution\VM\Processor\Processor_InstructionLoop.cs:line 1349
   at MoonSharp.Interpreter.Execution.VM.Processor.Processing_Loop(Int32 instructionPtr) in Z:\git\my\moonsharp\src\MoonSharp.Interpreter\Execution\VM\Processor\Processor_InstructionLoop.cs:line 279
   at MoonSharp.Interpreter.Execution.VM.Processor.Call(DynValue function, DynValue[] args) in Z:\git\my\moonsharp\src\MoonSharp.Interpreter\Execution\VM\Processor\Processor.cs:line 67
   at MoonSharp.Interpreter.Closure.Call(Object[] args) in Z:\git\my\moonsharp\src\MoonSharp.Interpreter\DataTypes\Closure.cs:line 91
   at GameServer.KiemThe.Entities.KTLuaScript.DoExecuteFunction(Script luaEnv, LuaScript script, String functionName, Object[] param) in C:\Users\Administrator\Downloads\Gs_HaoKiemTkim_Open\GameServer\KTGameServer\GameServer\KiemThe\LuaSystem\KTLuaScript.cs:line 406
2023-10-29 01:18:19: [ERROR] Execute Lua Script function got error, Dir = 'NPC/Common/ChuongMon.lua', Function = 'Scripts[152]:OnSelection'
Lua Message: chunk_32:(414,9-92): attempt to index a nil value
Exception: MoonSharp.Interpreter.ScriptRuntimeException: attempt to index a nil value
   at MoonSharp.Interpreter.Execution.VM.Processor.ExecIndex(Instruction i, Int32 instructionPtr) in Z:\git\my\moonsharp\src\MoonSharp.Interpreter\Execution\VM\Processor\Processor_InstructionLoop.cs:line 1349
   at MoonSharp.Interpreter.Execution.VM.Processor.Processing_Loop(Int32 instructionPtr) in Z:\git\my\moonsharp\src\MoonSharp.Interpreter\Execution\VM\Processor\Processor_InstructionLoop.cs:line 279
   at MoonSharp.Interpreter.Execution.VM.Processor.Call(DynValue function, DynValue[] args) in Z:\git\my\moonsharp\src\MoonSharp.Interpreter\Execution\VM\Processor\Processor.cs:line 67
   at MoonSharp.Interpreter.Closure.Call(Object[] args) in Z:\git\my\moonsharp\src\MoonSharp.Interpreter\DataTypes\Closure.cs:line 91
   at GameServer.KiemThe.Entities.KTLuaScript.DoExecuteFunction(Script luaEnv, LuaScript script, String functionName, Object[] param) in C:\Users\Administrator\Downloads\Gs_HaoKiemTkim_Open\GameServer\KTGameServer\GameServer\KiemThe\LuaSystem\KTLuaScript.cs:line 406
2023-10-29 01:18:19: [ERROR] Execute Lua Script function got error, Dir = 'NPC/Common/ChuongMon.lua', Function = 'Scripts[152]:OnSelection'
Lua Message: chunk_32:(414,9-92): attempt to index a nil value
Exception: MoonSharp.Interpreter.ScriptRuntimeException: attempt to index a nil value
   at MoonSharp.Interpreter.Execution.VM.Processor.ExecIndex(Instruction i, Int32 instructionPtr) in Z:\git\my\moonsharp\src\MoonSharp.Interpreter\Execution\VM\Processor\Processor_InstructionLoop.cs:line 1349
   at MoonSharp.Interpreter.Execution.VM.Processor.Processing_Loop(Int32 instructionPtr) in Z:\git\my\moonsharp\src\MoonSharp.Interpreter\Execution\VM\Processor\Processor_InstructionLoop.cs:line 279
   at MoonSharp.Interpreter.Execution.VM.Processor.Call(DynValue function, DynValue[] args) in Z:\git\my\moonsharp\src\MoonSharp.Interpreter\Execution\VM\Processor\Processor.cs:line 67
   at MoonSharp.Interpreter.Closure.Call(Object[] args) in Z:\git\my\moonsharp\src\MoonSharp.Interpreter\DataTypes\Closure.cs:line 91
   at GameServer.KiemThe.Entities.KTLuaScript.DoExecuteFunction(Script luaEnv, LuaScript script, String functionName, Object[] param) in C:\Users\Administrator\Downloads\Gs_HaoKiemTkim_Open\GameServer\KTGameServer\GameServer\KiemThe\LuaSystem\KTLuaScript.cs:line 406
2023-10-29 01:18:20: [ERROR] Execute Lua Script function got error, Dir = 'NPC/Common/ChuongMon.lua', Function = 'Scripts[152]:OnSelection'
Lua Message: chunk_32:(414,9-92): attempt to index a nil value
Exception: MoonSharp.Interpreter.ScriptRuntimeException: attempt to index a nil value
   at MoonSharp.Interpreter.Execution.VM.Processor.ExecIndex(Instruction i, Int32 instructionPtr) in Z:\git\my\moonsharp\src\MoonSharp.Interpreter\Execution\VM\Processor\Processor_InstructionLoop.cs:line 1349
   at MoonSharp.Interpreter.Execution.VM.Processor.Processing_Loop(Int32 instructionPtr) in Z:\git\my\moonsharp\src\MoonSharp.Interpreter\Execution\VM\Processor\Processor_InstructionLoop.cs:line 279
   at MoonSharp.Interpreter.Execution.VM.Processor.Call(DynValue function, DynValue[] args) in Z:\git\my\moonsharp\src\MoonSharp.Interpreter\Execution\VM\Processor\Processor.cs:line 67
   at MoonSharp.Interpreter.Closure.Call(Object[] args) in Z:\git\my\moonsharp\src\MoonSharp.Interpreter\DataTypes\Closure.cs:line 91
   at GameServer.KiemThe.Entities.KTLuaScript.DoExecuteFunction(Script luaEnv, LuaScript script, String functionName, Object[] param) in C:\Users\Administrator\Downloads\Gs_HaoKiemTkim_Open\GameServer\KTGameServer\GameServer\KiemThe\LuaSystem\KTLuaScript.cs:line 406
2023-10-29 01:23:11: [ERROR] Execute Lua Script function got error, Dir = 'NPC/Common/ChuongMon.lua', Function = 'Scripts[152]:OnSelection'
Lua Message: chunk_32:(414,9-92): attempt to index a nil value
Exception: MoonSharp.Interpreter.ScriptRuntimeException: attempt to index a nil value
   at MoonSharp.Interpreter.Execution.VM.Processor.ExecIndex(Instruction i, Int32 instructionPtr) in Z:\git\my\moonsharp\src\MoonSharp.Interpreter\Execution\VM\Processor\Processor_InstructionLoop.cs:line 1349
   at MoonSharp.Interpreter.Execution.VM.Processor.Processing_Loop(Int32 instructionPtr) in Z:\git\my\moonsharp\src\MoonSharp.Interpreter\Execution\VM\Processor\Processor_InstructionLoop.cs:line 279
   at MoonSharp.Interpreter.Execution.VM.Processor.Call(DynValue function, DynValue[] args) in Z:\git\my\moonsharp\src\MoonSharp.Interpreter\Execution\VM\Processor\Processor.cs:line 67
   at MoonSharp.Interpreter.Closure.Call(Object[] args) in Z:\git\my\moonsharp\src\MoonSharp.Interpreter\DataTypes\Closure.cs:line 91
   at GameServer.KiemThe.Entities.KTLuaScript.DoExecuteFunction(Script luaEnv, LuaScript script, String functionName, Object[] param) in C:\Users\Administrator\Downloads\Gs_HaoKiemTkim_Open\GameServer\KTGameServer\GameServer\KiemThe\LuaSystem\KTLuaScript.cs:line 406
2023-10-29 01:23:12: [ERROR] Execute Lua Script function got error, Dir = 'NPC/Common/ChuongMon.lua', Function = 'Scripts[152]:OnSelection'
Lua Message: chunk_32:(414,9-92): attempt to index a nil value
Exception: MoonSharp.Interpreter.ScriptRuntimeException: attempt to index a nil value
   at MoonSharp.Interpreter.Execution.VM.Processor.ExecIndex(Instruction i, Int32 instructionPtr) in Z:\git\my\moonsharp\src\MoonSharp.Interpreter\Execution\VM\Processor\Processor_InstructionLoop.cs:line 1349
   at MoonSharp.Interpreter.Execution.VM.Processor.Processing_Loop(Int32 instructionPtr) in Z:\git\my\moonsharp\src\MoonSharp.Interpreter\Execution\VM\Processor\Processor_InstructionLoop.cs:line 279
   at MoonSharp.Interpreter.Execution.VM.Processor.Call(DynValue function, DynValue[] args) in Z:\git\my\moonsharp\src\MoonSharp.Interpreter\Execution\VM\Processor\Processor.cs:line 67
   at MoonSharp.Interpreter.Closure.Call(Object[] args) in Z:\git\my\moonsharp\src\MoonSharp.Interpreter\DataTypes\Closure.cs:line 91
   at GameServer.KiemThe.Entities.KTLuaScript.DoExecuteFunction(Script luaEnv, LuaScript script, String functionName, Object[] param) in C:\Users\Administrator\Downloads\Gs_HaoKiemTkim_Open\GameServer\KTGameServer\GameServer\KiemThe\LuaSystem\KTLuaScript.cs:line 406
2023-10-29 01:23:12: [ERROR] Execute Lua Script function got error, Dir = 'NPC/Common/ChuongMon.lua', Function = 'Scripts[152]:OnSelection'
Lua Message: chunk_32:(414,9-92): attempt to index a nil value
Exception: MoonSharp.Interpreter.ScriptRuntimeException: attempt to index a nil value
   at MoonSharp.Interpreter.Execution.VM.Processor.ExecIndex(Instruction i, Int32 instructionPtr) in Z:\git\my\moonsharp\src\MoonSharp.Interpreter\Execution\VM\Processor\Processor_InstructionLoop.cs:line 1349
   at MoonSharp.Interpreter.Execution.VM.Processor.Processing_Loop(Int32 instructionPtr) in Z:\git\my\moonsharp\src\MoonSharp.Interpreter\Execution\VM\Processor\Processor_InstructionLoop.cs:line 279
   at MoonSharp.Interpreter.Execution.VM.Processor.Call(DynValue function, DynValue[] args) in Z:\git\my\moonsharp\src\MoonSharp.Interpreter\Execution\VM\Processor\Processor.cs:line 67
   at MoonSharp.Interpreter.Closure.Call(Object[] args) in Z:\git\my\moonsharp\src\MoonSharp.Interpreter\DataTypes\Closure.cs:line 91
   at GameServer.KiemThe.Entities.KTLuaScript.DoExecuteFunction(Script luaEnv, LuaScript script, String functionName, Object[] param) in C:\Users\Administrator\Downloads\Gs_HaoKiemTkim_Open\GameServer\KTGameServer\GameServer\KiemThe\LuaSystem\KTLuaScript.cs:line 406
2023-10-29 01:23:13: [ERROR] Execute Lua Script function got error, Dir = 'NPC/Common/ChuongMon.lua', Function = 'Scripts[152]:OnSelection'
Lua Message: chunk_32:(414,9-92): attempt to index a nil value
Exception: MoonSharp.Interpreter.ScriptRuntimeException: attempt to index a nil value
   at MoonSharp.Interpreter.Execution.VM.Processor.ExecIndex(Instruction i, Int32 instructionPtr) in Z:\git\my\moonsharp\src\MoonSharp.Interpreter\Execution\VM\Processor\Processor_InstructionLoop.cs:line 1349
   at MoonSharp.Interpreter.Execution.VM.Processor.Processing_Loop(Int32 instructionPtr) in Z:\git\my\moonsharp\src\MoonSharp.Interpreter\Execution\VM\Processor\Processor_InstructionLoop.cs:line 279
   at MoonSharp.Interpreter.Execution.VM.Processor.Call(DynValue function, DynValue[] args) in Z:\git\my\moonsharp\src\MoonSharp.Interpreter\Execution\VM\Processor\Processor.cs:line 67
   at MoonSharp.Interpreter.Closure.Call(Object[] args) in Z:\git\my\moonsharp\src\MoonSharp.Interpreter\DataTypes\Closure.cs:line 91
   at GameServer.KiemThe.Entities.KTLuaScript.DoExecuteFunction(Script luaEnv, LuaScript script, String functionName, Object[] param) in C:\Users\Administrator\Downloads\Gs_HaoKiemTkim_Open\GameServer\KTGameServer\GameServer\KiemThe\LuaSystem\KTLuaScript.cs:line 406
2023-10-29 01:23:26: [ERROR] Execute Lua Script function got error, Dir = 'NPC/Common/ChuongMon.lua', Function = 'Scripts[152]:OnSelection'
Lua Message: chunk_32:(414,9-92): attempt to index a nil value
Exception: MoonSharp.Interpreter.ScriptRuntimeException: attempt to index a nil value
   at MoonSharp.Interpreter.Execution.VM.Processor.ExecIndex(Instruction i, Int32 instructionPtr) in Z:\git\my\moonsharp\src\MoonSharp.Interpreter\Execution\VM\Processor\Processor_InstructionLoop.cs:line 1349
   at MoonSharp.Interpreter.Execution.VM.Processor.Processing_Loop(Int32 instructionPtr) in Z:\git\my\moonsharp\src\MoonSharp.Interpreter\Execution\VM\Processor\Processor_InstructionLoop.cs:line 279
   at MoonSharp.Interpreter.Execution.VM.Processor.Call(DynValue function, DynValue[] args) in Z:\git\my\moonsharp\src\MoonSharp.Interpreter\Execution\VM\Processor\Processor.cs:line 67
   at MoonSharp.Interpreter.Closure.Call(Object[] args) in Z:\git\my\moonsharp\src\MoonSharp.Interpreter\DataTypes\Closure.cs:line 91
   at GameServer.KiemThe.Entities.KTLuaScript.DoExecuteFunction(Script luaEnv, LuaScript script, String functionName, Object[] param) in C:\Users\Administrator\Downloads\Gs_HaoKiemTkim_Open\GameServer\KTGameServer\GameServer\KiemThe\LuaSystem\KTLuaScript.cs:line 406
2023-10-29 01:23:27: [ERROR] Execute Lua Script function got error, Dir = 'NPC/Common/ChuongMon.lua', Function = 'Scripts[152]:OnSelection'
Lua Message: chunk_32:(414,9-92): attempt to index a nil value
Exception: MoonSharp.Interpreter.ScriptRuntimeException: attempt to index a nil value
   at MoonSharp.Interpreter.Execution.VM.Processor.ExecIndex(Instruction i, Int32 instructionPtr) in Z:\git\my\moonsharp\src\MoonSharp.Interpreter\Execution\VM\Processor\Processor_InstructionLoop.cs:line 1349
   at MoonSharp.Interpreter.Execution.VM.Processor.Processing_Loop(Int32 instructionPtr) in Z:\git\my\moonsharp\src\MoonSharp.Interpreter\Execution\VM\Processor\Processor_InstructionLoop.cs:line 279
   at MoonSharp.Interpreter.Execution.VM.Processor.Call(DynValue function, DynValue[] args) in Z:\git\my\moonsharp\src\MoonSharp.Interpreter\Execution\VM\Processor\Processor.cs:line 67
   at MoonSharp.Interpreter.Closure.Call(Object[] args) in Z:\git\my\moonsharp\src\MoonSharp.Interpreter\DataTypes\Closure.cs:line 91
   at GameServer.KiemThe.Entities.KTLuaScript.DoExecuteFunction(Script luaEnv, LuaScript script, String functionName, Object[] param) in C:\Users\Administrator\Downloads\Gs_HaoKiemTkim_Open\GameServer\KTGameServer\GameServer\KiemThe\LuaSystem\KTLuaScript.cs:line 406
2023-10-29 01:23:28: [ERROR] Execute Lua Script function got error, Dir = 'NPC/Common/ChuongMon.lua', Function = 'Scripts[152]:OnSelection'
Lua Message: chunk_32:(414,9-92): attempt to index a nil value
Exception: MoonSharp.Interpreter.ScriptRuntimeException: attempt to index a nil value
   at MoonSharp.Interpreter.Execution.VM.Processor.ExecIndex(Instruction i, Int32 instructionPtr) in Z:\git\my\moonsharp\src\MoonSharp.Interpreter\Execution\VM\Processor\Processor_InstructionLoop.cs:line 1349
   at MoonSharp.Interpreter.Execution.VM.Processor.Processing_Loop(Int32 instructionPtr) in Z:\git\my\moonsharp\src\MoonSharp.Interpreter\Execution\VM\Processor\Processor_InstructionLoop.cs:line 279
   at MoonSharp.Interpreter.Execution.VM.Processor.Call(DynValue function, DynValue[] args) in Z:\git\my\moonsharp\src\MoonSharp.Interpreter\Execution\VM\Processor\Processor.cs:line 67
   at MoonSharp.Interpreter.Closure.Call(Object[] args) in Z:\git\my\moonsharp\src\MoonSharp.Interpreter\DataTypes\Closure.cs:line 91
   at GameServer.KiemThe.Entities.KTLuaScript.DoExecuteFunction(Script luaEnv, LuaScript script, String functionName, Object[] param) in C:\Users\Administrator\Downloads\Gs_HaoKiemTkim_Open\GameServer\KTGameServer\GameServer\KiemThe\LuaSystem\KTLuaScript.cs:line 406
2023-10-29 01:23:29: [ERROR] Execute Lua Script function got error, Dir = 'NPC/Common/ChuongMon.lua', Function = 'Scripts[152]:OnSelection'
Lua Message: chunk_32:(414,9-92): attempt to index a nil value
Exception: MoonSharp.Interpreter.ScriptRuntimeException: attempt to index a nil value
   at MoonSharp.Interpreter.Execution.VM.Processor.ExecIndex(Instruction i, Int32 instructionPtr) in Z:\git\my\moonsharp\src\MoonSharp.Interpreter\Execution\VM\Processor\Processor_InstructionLoop.cs:line 1349
   at MoonSharp.Interpreter.Execution.VM.Processor.Processing_Loop(Int32 instructionPtr) in Z:\git\my\moonsharp\src\MoonSharp.Interpreter\Execution\VM\Processor\Processor_InstructionLoop.cs:line 279
   at MoonSharp.Interpreter.Execution.VM.Processor.Call(DynValue function, DynValue[] args) in Z:\git\my\moonsharp\src\MoonSharp.Interpreter\Execution\VM\Processor\Processor.cs:line 67
   at MoonSharp.Interpreter.Closure.Call(Object[] args) in Z:\git\my\moonsharp\src\MoonSharp.Interpreter\DataTypes\Closure.cs:line 91
   at GameServer.KiemThe.Entities.KTLuaScript.DoExecuteFunction(Script luaEnv, LuaScript script, String functionName, Object[] param) in C:\Users\Administrator\Downloads\Gs_HaoKiemTkim_Open\GameServer\KTGameServer\GameServer\KiemThe\LuaSystem\KTLuaScript.cs:line 406
2023-10-29 01:23:29: [ERROR] Execute Lua Script function got error, Dir = 'NPC/Common/ChuongMon.lua', Function = 'Scripts[152]:OnSelection'
Lua Message: chunk_32:(414,9-92): attempt to index a nil value
Exception: MoonSharp.Interpreter.ScriptRuntimeException: attempt to index a nil value
   at MoonSharp.Interpreter.Execution.VM.Processor.ExecIndex(Instruction i, Int32 instructionPtr) in Z:\git\my\moonsharp\src\MoonSharp.Interpreter\Execution\VM\Processor\Processor_InstructionLoop.cs:line 1349
   at MoonSharp.Interpreter.Execution.VM.Processor.Processing_Loop(Int32 instructionPtr) in Z:\git\my\moonsharp\src\MoonSharp.Interpreter\Execution\VM\Processor\Processor_InstructionLoop.cs:line 279
   at MoonSharp.Interpreter.Execution.VM.Processor.Call(DynValue function, DynValue[] args) in Z:\git\my\moonsharp\src\MoonSharp.Interpreter\Execution\VM\Processor\Processor.cs:line 67
   at MoonSharp.Interpreter.Closure.Call(Object[] args) in Z:\git\my\moonsharp\src\MoonSharp.Interpreter\DataTypes\Closure.cs:line 91
   at GameServer.KiemThe.Entities.KTLuaScript.DoExecuteFunction(Script luaEnv, LuaScript script, String functionName, Object[] param) in C:\Users\Administrator\Downloads\Gs_HaoKiemTkim_Open\GameServer\KTGameServer\GameServer\KiemThe\LuaSystem\KTLuaScript.cs:line 406
2023-10-29 01:43:59: Script ID = 200095, Function = OnSelection took 126ms to be processed
2023-10-29 01:44:00: Script ID = 200095, Function = OnSelection took 118ms to be processed
2023-10-29 01:44:01: Script ID = 200095, Function = OnSelection took 226ms to be processed
2023-10-29 01:44:01: Script ID = 200095, Function = OnSelection took 121ms to be processed
2023-10-29 02:44:02: Script ID = 200095, Function = OnSelection took 134ms to be processed
2023-10-29 05:01:27: [ERROR] Lua Script not found, ID = '-1'
2023-10-29 06:54:04: Script ID = 200095, Function = OnSelection took 172ms to be processed
2023-10-29 09:21:50: [ERROR] Lua Script not found, ID = '-1'
2023-10-29 09:21:57: [ERROR] Lua Script not found, ID = '-1'
2023-10-29 09:22:01: [ERROR] Lua Script not found, ID = '-1'
2023-10-29 09:22:05: [ERROR] Lua Script not found, ID = '-1'
2023-10-29 09:30:34: [ERROR] Lua Script not found, ID = '-1'
2023-10-29 09:30:35: [ERROR] Lua Script not found, ID = '-1'
2023-10-29 09:31:05: [ERROR] Lua Script not found, ID = '-1'
2023-10-29 09:31:06: [ERROR] Lua Script not found, ID = '-1'
2023-10-29 09:32:29: [ERROR] Lua Script not found, ID = '-1'
2023-10-29 09:32:30: [ERROR] Lua Script not found, ID = '-1'
2023-10-29 09:33:48: [ERROR] Lua Script not found, ID = '-1'
2023-10-29 10:21:47: [ERROR] Lua Script not found, ID = '-1'
2023-10-29 10:21:48: [ERROR] Lua Script not found, ID = '-1'
2023-10-29 10:32:35: [ERROR] Lua Script not found, ID = '-1'
2023-10-29 10:32:36: [ERROR] Lua Script not found, ID = '-1'
2023-10-29 10:34:14: [ERROR] Lua Script not found, ID = '-1'
2023-10-29 10:34:17: [ERROR] Lua Script not found, ID = '-1'
2023-10-29 10:48:43: [ERROR] Lua Script not found, ID = '-1'
2023-10-29 10:48:45: [ERROR] Lua Script not found, ID = '-1'
2023-10-29 10:50:14: [ERROR] Lua Script not found, ID = '5000'
2023-10-29 10:50:16: [ERROR] Lua Script not found, ID = '5000'
2023-10-29 10:50:19: [ERROR] Lua Script not found, ID = '5000'
2023-10-29 10:50:29: [ERROR] Lua Script not found, ID = '5000'
2023-10-29 10:55:05: [ERROR] Lua Script not found, ID = '5000'
2023-10-29 10:55:36: [ERROR] Lua Script not found, ID = '5000'
2023-10-29 10:57:26: [ERROR] Lua Script not found, ID = '5000'
2023-10-29 10:57:29: [ERROR] Lua Script not found, ID = '5000'
2023-10-29 10:57:31: [ERROR] Lua Script not found, ID = '5000'
2023-10-29 10:57:36: [ERROR] Lua Script not found, ID = '5000'
2023-10-29 10:57:37: [ERROR] Lua Script not found, ID = '5000'
2023-10-29 10:58:13: [ERROR] Lua Script not found, ID = '5000'
2023-10-29 10:58:30: [ERROR] Lua Script not found, ID = '5000'
2023-10-29 10:58:32: [ERROR] Lua Script not found, ID = '5000'
2023-10-29 10:58:33: [ERROR] Lua Script not found, ID = '5000'
2023-10-29 10:58:40: [ERROR] Lua Script not found, ID = '5000'
2023-10-29 10:58:47: [ERROR] Lua Script not found, ID = '5000'
2023-10-29 10:58:54: [ERROR] Lua Script not found, ID = '5000'
2023-10-29 10:59:09: [ERROR] Lua Script not found, ID = '5000'
2023-10-29 10:59:28: [ERROR] Lua Script not found, ID = '5000'
2023-10-29 10:59:40: [ERROR] Lua Script not found, ID = '5000'
2023-10-29 10:59:41: [ERROR] Lua Script not found, ID = '5000'
2023-10-29 10:59:57: [ERROR] Lua Script not found, ID = '5000'
2023-10-29 10:59:57: [ERROR] Lua Script not found, ID = '5000'
2023-10-29 10:59:57: [ERROR] Lua Script not found, ID = '5000'
2023-10-29 10:59:57: [ERROR] Lua Script not found, ID = '5000'
2023-10-29 10:59:57: [ERROR] Lua Script not found, ID = '5000'
2023-10-29 11:00:00: [ERROR] Lua Script not found, ID = '5000'
2023-10-29 11:00:00: [ERROR] Lua Script not found, ID = '5000'
2023-10-29 11:00:00: [ERROR] Lua Script not found, ID = '5000'
2023-10-29 11:00:00: [ERROR] Lua Script not found, ID = '5000'
2023-10-29 11:00:00: [ERROR] Lua Script not found, ID = '5000'
2023-10-29 11:00:07: [ERROR] Lua Script not found, ID = '5000'
2023-10-29 11:45:08: [ERROR] Lua Script not found, ID = '5000'
2023-10-29 11:45:12: [ERROR] Lua Script not found, ID = '5000'
2023-10-29 11:45:13: [ERROR] Lua Script not found, ID = '5000'
2023-10-29 11:45:15: [ERROR] Lua Script not found, ID = '5000'
2023-10-29 11:45:15: [ERROR] Lua Script not found, ID = '5000'
2023-10-29 11:45:17: [ERROR] Lua Script not found, ID = '5000'
2023-10-29 11:45:18: [ERROR] Lua Script not found, ID = '5000'
2023-10-29 11:45:18: [ERROR] Lua Script not found, ID = '5000'
2023-10-29 11:45:18: [ERROR] Lua Script not found, ID = '5000'
2023-10-29 11:45:20: [ERROR] Lua Script not found, ID = '5000'
2023-10-29 11:45:23: [ERROR] Lua Script not found, ID = '5000'
2023-10-29 11:45:31: [ERROR] Lua Script not found, ID = '5000'
2023-10-29 11:45:38: [ERROR] Lua Script not found, ID = '5000'
2023-10-29 11:45:45: [ERROR] Lua Script not found, ID = '5000'
2023-10-29 11:45:46: [ERROR] Lua Script not found, ID = '5000'
2023-10-29 11:46:40: [ERROR] Lua Script not found, ID = '5000'
2023-10-29 11:47:01: [ERROR] Lua Script not found, ID = '5000'
2023-10-29 11:47:05: [ERROR] Lua Script not found, ID = '5000'
2023-10-29 11:47:46: [ERROR] Lua Script not found, ID = '5000'
2023-10-29 11:58:57: [ERROR] Lua Script not found, ID = '5000'
2023-10-29 12:05:31: [ERROR] Lua Script not found, ID = '-1'
2023-10-29 12:08:50: [ERROR] Lua Script not found, ID = '-1'
2023-10-29 12:08:51: [ERROR] Lua Script not found, ID = '-1'
2023-10-29 12:08:51: [ERROR] Lua Script not found, ID = '-1'
2023-10-29 12:08:53: [ERROR] Lua Script not found, ID = '-1'
2023-10-29 12:10:23: [ERROR] Lua Script not found, ID = '-1'
2023-10-29 12:10:24: [ERROR] Lua Script not found, ID = '-1'
2023-10-29 12:10:39: [ERROR] Lua Script not found, ID = '-1'
2023-10-29 12:10:40: [ERROR] Lua Script not found, ID = '-1'
2023-10-29 12:10:41: [ERROR] Lua Script not found, ID = '-1'
2023-10-29 12:10:42: [ERROR] Lua Script not found, ID = '-1'
2023-10-29 12:12:20: [ERROR] Lua Script not found, ID = '-1'
2023-10-29 12:12:20: [ERROR] Lua Script not found, ID = '-1'
2023-10-29 12:12:21: [ERROR] Lua Script not found, ID = '-1'
2023-10-29 12:12:22: [ERROR] Lua Script not found, ID = '-1'
2023-10-29 13:08:57: [ERROR] Lua Script not found, ID = '-1'
2023-10-29 13:08:58: [ERROR] Lua Script not found, ID = '-1'
2023-10-29 13:08:59: [ERROR] Lua Script not found, ID = '-1'
2023-10-29 13:08:59: [ERROR] Lua Script not found, ID = '-1'
2023-10-29 13:10:43: [ERROR] Lua Script not found, ID = '-1'
2023-10-29 13:10:44: [ERROR] Lua Script not found, ID = '-1'
2023-10-29 13:10:44: [ERROR] Lua Script not found, ID = '-1'
2023-10-29 13:10:46: [ERROR] Lua Script not found, ID = '-1'
2023-10-29 13:12:22: [ERROR] Lua Script not found, ID = '-1'
2023-10-29 13:12:23: [ERROR] Lua Script not found, ID = '-1'
2023-10-29 13:12:23: [ERROR] Lua Script not found, ID = '-1'
2023-10-29 13:12:24: [ERROR] Lua Script not found, ID = '-1'
2023-10-29 13:34:23: [ERROR] Lua Script not found, ID = '-1'
2023-10-29 13:34:24: [ERROR] Lua Script not found, ID = '-1'
2023-10-29 13:46:37: [ERROR] Lua Script not found, ID = '-1'
2023-10-29 13:56:33: [ERROR] Lua Script not found, ID = '-1'
2023-10-29 13:56:35: [ERROR] Lua Script not found, ID = '-1'
2023-10-29 13:57:04: [ERROR] Lua Script not found, ID = '-1'
2023-10-29 13:57:05: [ERROR] Lua Script not found, ID = '-1'
2023-10-29 14:35:57: [ERROR] Lua Script not found, ID = '-1'
2023-10-29 14:35:58: [ERROR] Lua Script not found, ID = '-1'
2023-10-29 14:35:58: [ERROR] Lua Script not found, ID = '-1'
2023-10-29 14:35:59: [ERROR] Lua Script not found, ID = '-1'
2023-10-29 14:35:59: [ERROR] Lua Script not found, ID = '-1'
2023-10-29 14:36:01: [ERROR] Lua Script not found, ID = '-1'
2023-10-29 14:37:14: [ERROR] Lua Script not found, ID = '-1'
2023-10-29 14:37:15: [ERROR] Lua Script not found, ID = '-1'
2023-10-29 14:37:15: [ERROR] Lua Script not found, ID = '-1'
2023-10-29 14:37:16: [ERROR] Lua Script not found, ID = '-1'
2023-10-29 14:38:31: [ERROR] Lua Script not found, ID = '-1'
2023-10-29 14:38:32: [ERROR] Lua Script not found, ID = '-1'
2023-10-29 14:38:32: [ERROR] Lua Script not found, ID = '-1'
2023-10-29 14:38:33: [ERROR] Lua Script not found, ID = '-1'
2023-10-29 15:10:26: [ERROR] Lua Script not found, ID = '-1'
2023-10-29 15:10:27: [ERROR] Lua Script not found, ID = '-1'
2023-10-29 15:10:27: [ERROR] Lua Script not found, ID = '-1'
2023-10-29 15:10:28: [ERROR] Lua Script not found, ID = '-1'
2023-10-29 15:12:09: [ERROR] Lua Script not found, ID = '-1'
2023-10-29 15:12:10: [ERROR] Lua Script not found, ID = '-1'
2023-10-29 15:12:10: [ERROR] Lua Script not found, ID = '-1'
2023-10-29 15:12:11: [ERROR] Lua Script not found, ID = '-1'
2023-10-29 15:14:12: [ERROR] Lua Script not found, ID = '-1'
2023-10-29 15:14:12: [ERROR] Lua Script not found, ID = '-1'
2023-10-29 15:14:13: [ERROR] Lua Script not found, ID = '-1'
2023-10-29 15:14:13: [ERROR] Lua Script not found, ID = '-1'
2023-10-29 15:14:14: [ERROR] Lua Script not found, ID = '-1'
2023-10-29 15:37:15: [ERROR] Lua Script not found, ID = '-1'
2023-10-29 15:37:16: [ERROR] Lua Script not found, ID = '-1'
2023-10-29 15:41:47: [ERROR] Lua Script not found, ID = '-1'
2023-10-29 15:41:48: [ERROR] Lua Script not found, ID = '-1'
2023-10-29 16:24:13: Script ID = 200095, Function = OnSelection took 161ms to be processed
2023-10-29 16:50:52: [ERROR] Lua Script not found, ID = '5000'
2023-10-29 16:50:54: [ERROR] Lua Script not found, ID = '5000'
2023-10-29 16:50:57: [ERROR] Lua Script not found, ID = '5000'
2023-10-29 16:52:22: [ERROR] Lua Script not found, ID = '5000'
2023-10-29 16:52:33: [ERROR] Lua Script not found, ID = '5000'
2023-10-29 16:53:00: [ERROR] Lua Script not found, ID = '5000'
2023-10-29 16:55:00: [ERROR] Lua Script not found, ID = '5000'
2023-10-29 16:55:01: [ERROR] Lua Script not found, ID = '5000'
2023-10-29 16:55:02: [ERROR] Lua Script not found, ID = '5000'
2023-10-29 16:55:03: [ERROR] Lua Script not found, ID = '5000'
2023-10-29 16:55:10: [ERROR] Lua Script not found, ID = '5000'
2023-10-29 16:55:19: [ERROR] Lua Script not found, ID = '5000'
2023-10-29 16:55:30: [ERROR] Lua Script not found, ID = '5000'
2023-10-29 16:56:01: [ERROR] Lua Script not found, ID = '5000'
2023-10-29 16:56:14: [ERROR] Lua Script not found, ID = '5000'
2023-10-29 16:56:16: [ERROR] Lua Script not found, ID = '5000'
2023-10-29 16:56:21: [ERROR] Lua Script not found, ID = '5000'
2023-10-29 16:56:23: [ERROR] Lua Script not found, ID = '5000'
2023-10-29 16:56:26: [ERROR] Lua Script not found, ID = '5000'
2023-10-29 16:57:05: [ERROR] Lua Script not found, ID = '5000'
2023-10-29 16:57:59: [ERROR] Lua Script not found, ID = '5000'
2023-10-29 16:58:26: [ERROR] Lua Script not found, ID = '5000'
2023-10-29 16:58:27: [ERROR] Lua Script not found, ID = '5000'
2023-10-29 16:58:46: [ERROR] Lua Script not found, ID = '5000'
2023-10-29 16:59:01: [ERROR] Lua Script not found, ID = '5000'
2023-10-29 16:59:07: [ERROR] Lua Script not found, ID = '5000'
2023-10-29 17:00:22: [ERROR] Lua Script not found, ID = '5000'
2023-10-29 17:00:26: [ERROR] Lua Script not found, ID = '5000'
2023-10-29 17:01:07: [ERROR] Lua Script not found, ID = '5000'
2023-10-29 17:01:11: [ERROR] Lua Script not found, ID = '5000'
2023-10-29 17:04:44: [ERROR] Lua Script not found, ID = '5000'
2023-10-29 17:05:03: [ERROR] Lua Script not found, ID = '5000'
2023-10-29 17:05:07: [ERROR] Lua Script not found, ID = '5000'
2023-10-29 17:05:08: [ERROR] Lua Script not found, ID = '5000'
2023-10-29 17:05:08: [ERROR] Lua Script not found, ID = '5000'
2023-10-29 17:05:08: [ERROR] Lua Script not found, ID = '5000'
2023-10-29 17:05:08: [ERROR] Lua Script not found, ID = '5000'
2023-10-29 17:05:08: [ERROR] Lua Script not found, ID = '5000'
2023-10-29 17:05:10: [ERROR] Lua Script not found, ID = '5000'
2023-10-29 17:05:10: [ERROR] Lua Script not found, ID = '5000'
2023-10-29 17:05:10: [ERROR] Lua Script not found, ID = '5000'
2023-10-29 17:05:10: [ERROR] Lua Script not found, ID = '5000'
2023-10-29 17:05:10: [ERROR] Lua Script not found, ID = '5000'
2023-10-29 17:08:31: [ERROR] Lua Script not found, ID = '5000'
2023-10-29 17:12:58: [ERROR] Lua Script not found, ID = '5000'
2023-10-29 17:13:01: [ERROR] Lua Script not found, ID = '5000'
2023-10-29 17:25:08: [ERROR] Lua Script not found, ID = '-1'
2023-10-29 17:25:08: [ERROR] Lua Script not found, ID = '-1'
2023-10-29 17:25:09: [ERROR] Lua Script not found, ID = '-1'
2023-10-29 17:25:09: [ERROR] Lua Script not found, ID = '-1'
2023-10-29 17:26:59: [ERROR] Lua Script not found, ID = '-1'
2023-10-29 17:27:01: [ERROR] Lua Script not found, ID = '-1'
2023-10-29 17:27:01: [ERROR] Lua Script not found, ID = '-1'
2023-10-29 17:27:02: [ERROR] Lua Script not found, ID = '-1'
2023-10-29 17:28:37: [ERROR] Lua Script not found, ID = '-1'
2023-10-29 17:28:37: [ERROR] Lua Script not found, ID = '-1'
2023-10-29 17:28:38: [ERROR] Lua Script not found, ID = '-1'
2023-10-29 17:28:39: [ERROR] Lua Script not found, ID = '-1'
2023-10-29 17:37:49: [ERROR] Lua Script not found, ID = '5000'
2023-10-29 17:45:10: [ERROR] Lua Script not found, ID = '5000'
2023-10-29 17:45:10: [ERROR] Lua Script not found, ID = '5000'
2023-10-29 17:45:11: [ERROR] Lua Script not found, ID = '5000'
2023-10-29 17:45:13: [ERROR] Lua Script not found, ID = '5000'
2023-10-29 17:45:14: [ERROR] Lua Script not found, ID = '5000'
2023-10-29 17:45:14: [ERROR] Lua Script not found, ID = '5000'
2023-10-29 17:45:15: [ERROR] Lua Script not found, ID = '5000'
2023-10-29 17:45:17: [ERROR] Lua Script not found, ID = '5000'
2023-10-29 17:45:17: [ERROR] Lua Script not found, ID = '5000'
2023-10-29 17:45:18: [ERROR] Lua Script not found, ID = '5000'
2023-10-29 17:45:21: [ERROR] Lua Script not found, ID = '5000'
2023-10-29 17:45:22: [ERROR] Lua Script not found, ID = '5000'
2023-10-29 17:45:24: [ERROR] Lua Script not found, ID = '5000'
2023-10-29 17:45:24: [ERROR] Lua Script not found, ID = '5000'
2023-10-29 17:45:25: [ERROR] Lua Script not found, ID = '5000'
2023-10-29 17:45:25: [ERROR] Lua Script not found, ID = '5000'
2023-10-29 17:45:29: [ERROR] Lua Script not found, ID = '5000'
2023-10-29 17:45:31: [ERROR] Lua Script not found, ID = '5000'
2023-10-29 17:45:31: [ERROR] Lua Script not found, ID = '5000'
2023-10-29 17:45:31: [ERROR] Lua Script not found, ID = '5000'
2023-10-29 17:45:33: [ERROR] Lua Script not found, ID = '5000'
2023-10-29 17:45:34: [ERROR] Lua Script not found, ID = '5000'
2023-10-29 17:45:35: [ERROR] Lua Script not found, ID = '5000'
2023-10-29 17:45:36: [ERROR] Lua Script not found, ID = '5000'
2023-10-29 17:45:36: [ERROR] Lua Script not found, ID = '5000'
2023-10-29 17:45:36: [ERROR] Lua Script not found, ID = '5000'
2023-10-29 17:45:36: [ERROR] Lua Script not found, ID = '5000'
2023-10-29 17:45:36: [ERROR] Lua Script not found, ID = '5000'
2023-10-29 17:45:43: [ERROR] Lua Script not found, ID = '5000'
2023-10-29 17:45:43: [ERROR] Lua Script not found, ID = '5000'
2023-10-29 17:45:43: [ERROR] Lua Script not found, ID = '5000'
2023-10-29 17:45:43: [ERROR] Lua Script not found, ID = '5000'
2023-10-29 17:45:43: [ERROR] Lua Script not found, ID = '5000'
2023-10-29 17:45:43: [ERROR] Lua Script not found, ID = '5000'
2023-10-29 17:45:43: [ERROR] Lua Script not found, ID = '5000'
2023-10-29 17:47:09: [ERROR] Lua Script not found, ID = '5000'
2023-10-29 17:47:13: [ERROR] Lua Script not found, ID = '5000'
2023-10-29 17:47:28: [ERROR] Lua Script not found, ID = '5000'
2023-10-29 17:47:30: [ERROR] Lua Script not found, ID = '5000'
2023-10-29 17:47:35: [ERROR] Lua Script not found, ID = '5000'
2023-10-29 17:47:37: [ERROR] Lua Script not found, ID = '5000'
2023-10-29 17:47:40: [ERROR] Lua Script not found, ID = '5000'
2023-10-29 18:28:49: [ERROR] Execute Lua Script function got error, Dir = 'NPC/Common/ChuongMon.lua', Function = 'Scripts[152]:OnSelection'
Lua Message: chunk_54:(414,9-92): attempt to index a nil value
Exception: MoonSharp.Interpreter.ScriptRuntimeException: attempt to index a nil value
   at MoonSharp.Interpreter.Execution.VM.Processor.ExecIndex(Instruction i, Int32 instructionPtr) in Z:\git\my\moonsharp\src\MoonSharp.Interpreter\Execution\VM\Processor\Processor_InstructionLoop.cs:line 1349
   at MoonSharp.Interpreter.Execution.VM.Processor.Processing_Loop(Int32 instructionPtr) in Z:\git\my\moonsharp\src\MoonSharp.Interpreter\Execution\VM\Processor\Processor_InstructionLoop.cs:line 279
   at MoonSharp.Interpreter.Execution.VM.Processor.Call(DynValue function, DynValue[] args) in Z:\git\my\moonsharp\src\MoonSharp.Interpreter\Execution\VM\Processor\Processor.cs:line 67
   at MoonSharp.Interpreter.Closure.Call(Object[] args) in Z:\git\my\moonsharp\src\MoonSharp.Interpreter\DataTypes\Closure.cs:line 91
   at GameServer.KiemThe.Entities.KTLuaScript.DoExecuteFunction(Script luaEnv, LuaScript script, String functionName, Object[] param) in C:\Users\Administrator\Downloads\Gs_HaoKiemTkim_Open\GameServer\KTGameServer\GameServer\KiemThe\LuaSystem\KTLuaScript.cs:line 406
2023-10-29 18:28:54: [ERROR] Execute Lua Script function got error, Dir = 'NPC/Common/ChuongMon.lua', Function = 'Scripts[152]:OnSelection'
Lua Message: chunk_54:(414,9-92): attempt to index a nil value
Exception: MoonSharp.Interpreter.ScriptRuntimeException: attempt to index a nil value
   at MoonSharp.Interpreter.Execution.VM.Processor.ExecIndex(Instruction i, Int32 instructionPtr) in Z:\git\my\moonsharp\src\MoonSharp.Interpreter\Execution\VM\Processor\Processor_InstructionLoop.cs:line 1349
   at MoonSharp.Interpreter.Execution.VM.Processor.Processing_Loop(Int32 instructionPtr) in Z:\git\my\moonsharp\src\MoonSharp.Interpreter\Execution\VM\Processor\Processor_InstructionLoop.cs:line 279
   at MoonSharp.Interpreter.Execution.VM.Processor.Call(DynValue function, DynValue[] args) in Z:\git\my\moonsharp\src\MoonSharp.Interpreter\Execution\VM\Processor\Processor.cs:line 67
   at MoonSharp.Interpreter.Closure.Call(Object[] args) in Z:\git\my\moonsharp\src\MoonSharp.Interpreter\DataTypes\Closure.cs:line 91
   at GameServer.KiemThe.Entities.KTLuaScript.DoExecuteFunction(Script luaEnv, LuaScript script, String functionName, Object[] param) in C:\Users\Administrator\Downloads\Gs_HaoKiemTkim_Open\GameServer\KTGameServer\GameServer\KiemThe\LuaSystem\KTLuaScript.cs:line 406
2023-10-29 18:28:56: [ERROR] Execute Lua Script function got error, Dir = 'NPC/Common/ChuongMon.lua', Function = 'Scripts[152]:OnSelection'
Lua Message: chunk_54:(414,9-92): attempt to index a nil value
Exception: MoonSharp.Interpreter.ScriptRuntimeException: attempt to index a nil value
   at MoonSharp.Interpreter.Execution.VM.Processor.ExecIndex(Instruction i, Int32 instructionPtr) in Z:\git\my\moonsharp\src\MoonSharp.Interpreter\Execution\VM\Processor\Processor_InstructionLoop.cs:line 1349
   at MoonSharp.Interpreter.Execution.VM.Processor.Processing_Loop(Int32 instructionPtr) in Z:\git\my\moonsharp\src\MoonSharp.Interpreter\Execution\VM\Processor\Processor_InstructionLoop.cs:line 279
   at MoonSharp.Interpreter.Execution.VM.Processor.Call(DynValue function, DynValue[] args) in Z:\git\my\moonsharp\src\MoonSharp.Interpreter\Execution\VM\Processor\Processor.cs:line 67
   at MoonSharp.Interpreter.Closure.Call(Object[] args) in Z:\git\my\moonsharp\src\MoonSharp.Interpreter\DataTypes\Closure.cs:line 91
   at GameServer.KiemThe.Entities.KTLuaScript.DoExecuteFunction(Script luaEnv, LuaScript script, String functionName, Object[] param) in C:\Users\Administrator\Downloads\Gs_HaoKiemTkim_Open\GameServer\KTGameServer\GameServer\KiemThe\LuaSystem\KTLuaScript.cs:line 406
2023-10-29 18:28:57: [ERROR] Execute Lua Script function got error, Dir = 'NPC/Common/ChuongMon.lua', Function = 'Scripts[152]:OnSelection'
Lua Message: chunk_54:(414,9-92): attempt to index a nil value
Exception: MoonSharp.Interpreter.ScriptRuntimeException: attempt to index a nil value
   at MoonSharp.Interpreter.Execution.VM.Processor.ExecIndex(Instruction i, Int32 instructionPtr) in Z:\git\my\moonsharp\src\MoonSharp.Interpreter\Execution\VM\Processor\Processor_InstructionLoop.cs:line 1349
   at MoonSharp.Interpreter.Execution.VM.Processor.Processing_Loop(Int32 instructionPtr) in Z:\git\my\moonsharp\src\MoonSharp.Interpreter\Execution\VM\Processor\Processor_InstructionLoop.cs:line 279
   at MoonSharp.Interpreter.Execution.VM.Processor.Call(DynValue function, DynValue[] args) in Z:\git\my\moonsharp\src\MoonSharp.Interpreter\Execution\VM\Processor\Processor.cs:line 67
   at MoonSharp.Interpreter.Closure.Call(Object[] args) in Z:\git\my\moonsharp\src\MoonSharp.Interpreter\DataTypes\Closure.cs:line 91
   at GameServer.KiemThe.Entities.KTLuaScript.DoExecuteFunction(Script luaEnv, LuaScript script, String functionName, Object[] param) in C:\Users\Administrator\Downloads\Gs_HaoKiemTkim_Open\GameServer\KTGameServer\GameServer\KiemThe\LuaSystem\KTLuaScript.cs:line 406
2023-10-29 18:28:57: [ERROR] Execute Lua Script function got error, Dir = 'NPC/Common/ChuongMon.lua', Function = 'Scripts[152]:OnSelection'
Lua Message: chunk_54:(414,9-92): attempt to index a nil value
Exception: MoonSharp.Interpreter.ScriptRuntimeException: attempt to index a nil value
   at MoonSharp.Interpreter.Execution.VM.Processor.ExecIndex(Instruction i, Int32 instructionPtr) in Z:\git\my\moonsharp\src\MoonSharp.Interpreter\Execution\VM\Processor\Processor_InstructionLoop.cs:line 1349
   at MoonSharp.Interpreter.Execution.VM.Processor.Processing_Loop(Int32 instructionPtr) in Z:\git\my\moonsharp\src\MoonSharp.Interpreter\Execution\VM\Processor\Processor_InstructionLoop.cs:line 279
   at MoonSharp.Interpreter.Execution.VM.Processor.Call(DynValue function, DynValue[] args) in Z:\git\my\moonsharp\src\MoonSharp.Interpreter\Execution\VM\Processor\Processor.cs:line 67
   at MoonSharp.Interpreter.Closure.Call(Object[] args) in Z:\git\my\moonsharp\src\MoonSharp.Interpreter\DataTypes\Closure.cs:line 91
   at GameServer.KiemThe.Entities.KTLuaScript.DoExecuteFunction(Script luaEnv, LuaScript script, String functionName, Object[] param) in C:\Users\Administrator\Downloads\Gs_HaoKiemTkim_Open\GameServer\KTGameServer\GameServer\KiemThe\LuaSystem\KTLuaScript.cs:line 406
2023-10-29 18:39:36: [ERROR] Lua Script not found, ID = '-1'
2023-10-29 19:01:44: [ERROR] Lua Script not found, ID = '-1'
2023-10-29 19:01:44: [ERROR] Lua Script not found, ID = '-1'
2023-10-29 19:01:45: [ERROR] Lua Script not found, ID = '-1'
2023-10-29 19:01:46: [ERROR] Lua Script not found, ID = '-1'
2023-10-29 19:03:16: [ERROR] Lua Script not found, ID = '-1'
2023-10-29 19:03:17: [ERROR] Lua Script not found, ID = '-1'
2023-10-29 19:03:18: [ERROR] Lua Script not found, ID = '-1'
2023-10-29 19:03:19: [ERROR] Lua Script not found, ID = '-1'
2023-10-29 19:04:20: [ERROR] Lua Script not found, ID = '-1'
2023-10-29 19:04:21: [ERROR] Lua Script not found, ID = '-1'
2023-10-29 19:04:22: [ERROR] Lua Script not found, ID = '-1'
2023-10-29 19:04:23: [ERROR] Lua Script not found, ID = '-1'
2023-10-29 19:07:08: [ERROR] Lua Script not found, ID = '-1'
2023-10-29 19:07:09: [ERROR] Lua Script not found, ID = '-1'
2023-10-29 19:07:10: [ERROR] Lua Script not found, ID = '-1'
2023-10-29 19:07:10: [ERROR] Lua Script not found, ID = '-1'
2023-10-29 19:08:51: [ERROR] Lua Script not found, ID = '-1'
2023-10-29 19:08:51: [ERROR] Lua Script not found, ID = '-1'
2023-10-29 19:08:52: [ERROR] Lua Script not found, ID = '-1'
2023-10-29 19:08:53: [ERROR] Lua Script not found, ID = '-1'
2023-10-29 19:13:18: [ERROR] Lua Script not found, ID = '-1'
2023-10-29 19:13:19: [ERROR] Lua Script not found, ID = '-1'
2023-10-29 19:13:20: [ERROR] Lua Script not found, ID = '-1'
2023-10-29 19:13:21: [ERROR] Lua Script not found, ID = '-1'
2023-10-29 19:38:06: [ERROR] Lua Script not found, ID = '-1'
2023-10-29 19:38:06: [ERROR] Lua Script not found, ID = '-1'
2023-10-29 19:38:07: [ERROR] Lua Script not found, ID = '-1'
2023-10-29 19:38:07: [ERROR] Lua Script not found, ID = '-1'
2023-10-29 19:41:48: [ERROR] Lua Script not found, ID = '-1'
2023-10-29 19:41:48: [ERROR] Lua Script not found, ID = '-1'
2023-10-29 19:41:49: [ERROR] Lua Script not found, ID = '-1'
2023-10-29 19:41:50: [ERROR] Lua Script not found, ID = '-1'
2023-10-29 19:43:31: [ERROR] Lua Script not found, ID = '-1'
2023-10-29 19:43:31: [ERROR] Lua Script not found, ID = '-1'
2023-10-29 19:43:32: [ERROR] Lua Script not found, ID = '-1'
2023-10-29 19:43:32: [ERROR] Lua Script not found, ID = '-1'
2023-10-29 19:59:22: [ERROR] Lua Script not found, ID = '-1'
2023-10-29 19:59:23: [ERROR] Lua Script not found, ID = '-1'
2023-10-29 19:59:23: [ERROR] Lua Script not found, ID = '-1'
2023-10-29 19:59:24: [ERROR] Lua Script not found, ID = '-1'
2023-10-29 20:00:33: [ERROR] Lua Script not found, ID = '-1'
2023-10-29 20:00:34: [ERROR] Lua Script not found, ID = '-1'
2023-10-29 20:00:34: [ERROR] Lua Script not found, ID = '-1'
2023-10-29 20:00:35: [ERROR] Lua Script not found, ID = '-1'
2023-10-29 20:01:48: [ERROR] Lua Script not found, ID = '-1'
2023-10-29 20:01:49: [ERROR] Lua Script not found, ID = '-1'
2023-10-29 20:01:50: [ERROR] Lua Script not found, ID = '-1'
2023-10-29 20:01:51: [ERROR] Lua Script not found, ID = '-1'
2023-10-29 20:06:01: [ERROR] Lua Script not found, ID = '-1'
2023-10-29 20:06:02: [ERROR] Lua Script not found, ID = '-1'
2023-10-29 20:06:03: [ERROR] Lua Script not found, ID = '-1'
2023-10-29 20:06:03: [ERROR] Lua Script not found, ID = '-1'
2023-10-29 20:08:09: [ERROR] Lua Script not found, ID = '-1'
2023-10-29 20:08:10: [ERROR] Lua Script not found, ID = '-1'
2023-10-29 20:08:10: [ERROR] Lua Script not found, ID = '-1'
2023-10-29 20:08:11: [ERROR] Lua Script not found, ID = '-1'
2023-10-29 20:09:51: [ERROR] Lua Script not found, ID = '-1'
2023-10-29 20:09:52: [ERROR] Lua Script not found, ID = '-1'
2023-10-29 20:09:52: [ERROR] Lua Script not found, ID = '-1'
2023-10-29 20:09:53: [ERROR] Lua Script not found, ID = '-1'
2023-10-29 20:35:35: [ERROR] Lua Script not found, ID = '-1'
2023-10-29 20:35:35: [ERROR] Lua Script not found, ID = '-1'
2023-10-29 20:35:36: [ERROR] Lua Script not found, ID = '-1'
2023-10-29 20:35:37: [ERROR] Lua Script not found, ID = '-1'
2023-10-29 20:37:45: [ERROR] Lua Script not found, ID = '-1'
2023-10-29 20:37:46: [ERROR] Lua Script not found, ID = '-1'
2023-10-29 20:37:46: [ERROR] Lua Script not found, ID = '-1'
2023-10-29 20:37:47: [ERROR] Lua Script not found, ID = '-1'
2023-10-29 20:50:46: [ERROR] Lua Script not found, ID = '5000'
2023-10-29 20:52:09: [ERROR] Lua Script not found, ID = '5000'
2023-10-29 20:52:18: [ERROR] Lua Script not found, ID = '5000'
2023-10-29 20:52:20: [ERROR] Lua Script not found, ID = '5000'
2023-10-29 20:52:42: [ERROR] Lua Script not found, ID = '5000'
2023-10-29 20:55:16: [ERROR] Lua Script not found, ID = '5000'
2023-10-29 20:56:20: [ERROR] Lua Script not found, ID = '5000'
2023-10-29 20:56:29: [ERROR] Lua Script not found, ID = '5000'
2023-10-29 20:56:30: [ERROR] Lua Script not found, ID = '5000'
2023-10-29 20:56:31: [ERROR] Lua Script not found, ID = '5000'
2023-10-29 20:56:31: [ERROR] Lua Script not found, ID = '5000'
2023-10-29 20:56:32: [ERROR] Lua Script not found, ID = '5000'
2023-10-29 20:56:34: [ERROR] Lua Script not found, ID = '5000'
2023-10-29 20:56:58: [ERROR] Lua Script not found, ID = '5000'
2023-10-29 20:56:58: [ERROR] Lua Script not found, ID = '5000'
2023-10-29 20:57:02: [ERROR] Lua Script not found, ID = '5000'
2023-10-29 20:57:41: [ERROR] Lua Script not found, ID = '5000'
2023-10-29 20:57:43: [ERROR] Lua Script not found, ID = '5000'
2023-10-29 20:57:52: [ERROR] Lua Script not found, ID = '5000'
2023-10-29 20:57:57: [ERROR] Lua Script not found, ID = '5000'
2023-10-29 20:58:13: [ERROR] Lua Script not found, ID = '5000'
2023-10-29 20:58:18: [ERROR] Lua Script not found, ID = '5000'
2023-10-29 20:58:20: [ERROR] Lua Script not found, ID = '5000'
2023-10-29 20:58:29: [ERROR] Lua Script not found, ID = '5000'
2023-10-29 20:58:34: [ERROR] Lua Script not found, ID = '5000'
2023-10-29 20:58:37: [ERROR] Lua Script not found, ID = '5000'
2023-10-29 20:58:41: [ERROR] Lua Script not found, ID = '5000'
2023-10-29 20:58:55: [ERROR] Lua Script not found, ID = '5000'
2023-10-29 20:59:02: [ERROR] Lua Script not found, ID = '5000'
2023-10-29 20:59:26: [ERROR] Lua Script not found, ID = '5000'
2023-10-29 20:59:34: [ERROR] Lua Script not found, ID = '5000'
2023-10-29 20:59:36: [ERROR] Lua Script not found, ID = '5000'
2023-10-29 21:00:53: [ERROR] Lua Script not found, ID = '5000'
2023-10-29 21:04:54: [ERROR] Lua Script not found, ID = '5000'
2023-10-29 21:04:54: [ERROR] Lua Script not found, ID = '5000'
2023-10-29 21:04:54: [ERROR] Lua Script not found, ID = '5000'
2023-10-29 21:04:54: [ERROR] Lua Script not found, ID = '5000'
2023-10-29 21:04:54: [ERROR] Lua Script not found, ID = '5000'
2023-10-29 21:05:06: [ERROR] Lua Script not found, ID = '5000'
2023-10-29 21:07:04: [ERROR] Lua Script not found, ID = '-1'
2023-10-29 21:07:05: [ERROR] Lua Script not found, ID = '-1'
2023-10-29 21:12:09: [ERROR] Lua Script not found, ID = '5000'
2023-10-29 21:21:50: [ERROR] Lua Script not found, ID = '5000'
2023-10-29 21:35:56: [ERROR] Lua Script not found, ID = '5000'
2023-10-29 21:36:08: [ERROR] Lua Script not found, ID = '5000'
2023-10-29 21:45:13: [ERROR] Lua Script not found, ID = '5000'
2023-10-29 21:45:14: [ERROR] Lua Script not found, ID = '5000'
2023-10-29 21:45:14: [ERROR] Lua Script not found, ID = '5000'
2023-10-29 21:45:16: [ERROR] Lua Script not found, ID = '5000'
2023-10-29 21:45:16: [ERROR] Lua Script not found, ID = '5000'
2023-10-29 21:45:16: [ERROR] Lua Script not found, ID = '5000'
2023-10-29 21:45:17: [ERROR] Lua Script not found, ID = '-1'
2023-10-29 21:45:17: [ERROR] Lua Script not found, ID = '5000'
2023-10-29 21:45:17: [ERROR] Lua Script not found, ID = '-1'
2023-10-29 21:45:18: [ERROR] Lua Script not found, ID = '5000'
2023-10-29 21:45:18: [ERROR] Lua Script not found, ID = '-1'
2023-10-29 21:45:19: [ERROR] Lua Script not found, ID = '-1'
2023-10-29 21:45:19: [ERROR] Lua Script not found, ID = '5000'
2023-10-29 21:45:19: [ERROR] Lua Script not found, ID = '5000'
2023-10-29 21:45:20: [ERROR] Lua Script not found, ID = '5000'
2023-10-29 21:45:20: [ERROR] Lua Script not found, ID = '5000'
2023-10-29 21:45:20: [ERROR] Lua Script not found, ID = '5000'
2023-10-29 21:45:21: [ERROR] Lua Script not found, ID = '5000'
2023-10-29 21:45:23: [ERROR] Lua Script not found, ID = '5000'
2023-10-29 21:45:23: [ERROR] Lua Script not found, ID = '5000'
2023-10-29 21:45:24: [ERROR] Lua Script not found, ID = '5000'
2023-10-29 21:45:24: [ERROR] Lua Script not found, ID = '5000'
2023-10-29 21:45:26: [ERROR] Lua Script not found, ID = '5000'
2023-10-29 21:45:26: [ERROR] Lua Script not found, ID = '5000'
2023-10-29 21:45:26: [ERROR] Lua Script not found, ID = '5000'
2023-10-29 21:45:27: [ERROR] Lua Script not found, ID = '5000'
2023-10-29 21:45:29: [ERROR] Lua Script not found, ID = '5000'
2023-10-29 21:45:31: [ERROR] Lua Script not found, ID = '5000'
2023-10-29 21:45:31: [ERROR] Lua Script not found, ID = '5000'
2023-10-29 21:45:32: [ERROR] Lua Script not found, ID = '5000'
2023-10-29 21:45:32: [ERROR] Lua Script not found, ID = '5000'
2023-10-29 21:45:33: [ERROR] Lua Script not found, ID = '5000'
2023-10-29 21:45:33: [ERROR] Lua Script not found, ID = '5000'
2023-10-29 21:45:34: [ERROR] Lua Script not found, ID = '5000'
2023-10-29 21:45:34: [ERROR] Lua Script not found, ID = '5000'
2023-10-29 21:45:36: [ERROR] Lua Script not found, ID = '5000'
2023-10-29 21:45:36: [ERROR] Lua Script not found, ID = '5000'
2023-10-29 21:45:36: [ERROR] Lua Script not found, ID = '5000'
2023-10-29 21:45:36: [ERROR] Lua Script not found, ID = '5000'
2023-10-29 21:45:36: [ERROR] Lua Script not found, ID = '5000'
2023-10-29 21:45:46: [ERROR] Lua Script not found, ID = '5000'
2023-10-29 21:45:54: [ERROR] Lua Script not found, ID = '5000'
2023-10-29 21:45:54: [ERROR] Lua Script not found, ID = '5000'
2023-10-29 21:45:54: [ERROR] Lua Script not found, ID = '5000'
2023-10-29 21:45:54: [ERROR] Lua Script not found, ID = '5000'
2023-10-29 21:45:55: [ERROR] Lua Script not found, ID = '5000'
2023-10-29 21:45:58: [ERROR] Lua Script not found, ID = '5000'
2023-10-29 21:46:29: [ERROR] Lua Script not found, ID = '5000'
2023-10-29 21:46:57: [ERROR] Lua Script not found, ID = '-1'
2023-10-29 21:46:58: [ERROR] Lua Script not found, ID = '-1'
2023-10-29 21:47:07: [ERROR] Lua Script not found, ID = '5000'
2023-10-29 21:47:36: [ERROR] Lua Script not found, ID = '5000'
2023-10-29 21:47:38: [ERROR] Lua Script not found, ID = '5000'
2023-10-29 21:47:39: [ERROR] Lua Script not found, ID = '5000'
2023-10-29 21:47:43: [ERROR] Lua Script not found, ID = '5000'
2023-10-29 21:47:47: [ERROR] Lua Script not found, ID = '5000'
2023-10-29 21:47:48: [ERROR] Lua Script not found, ID = '5000'
2023-10-29 21:47:51: [ERROR] Lua Script not found, ID = '5000'
2023-10-29 21:48:01: [ERROR] Lua Script not found, ID = '5000'
2023-10-29 21:48:04: [ERROR] Lua Script not found, ID = '5000'
2023-10-29 21:48:22: [ERROR] Lua Script not found, ID = '5000'
2023-10-29 21:48:29: [ERROR] Lua Script not found, ID = '5000'
2023-10-29 21:48:32: [ERROR] Lua Script not found, ID = '5000'
2023-10-29 21:52:24: [ERROR] Lua Script not found, ID = '-1'
2023-10-29 21:52:24: [ERROR] Lua Script not found, ID = '-1'
2023-10-29 21:52:50: [ERROR] Lua Script not found, ID = '-1'
2023-10-29 21:52:54: [ERROR] Lua Script not found, ID = '-1'
2023-10-29 21:52:55: [ERROR] Lua Script not found, ID = '-1'
2023-10-29 21:52:56: [ERROR] Lua Script not found, ID = '-1'
2023-10-29 22:10:00: [ERROR] Lua Script not found, ID = '-1'
2023-10-29 22:10:01: [ERROR] Lua Script not found, ID = '-1'
2023-10-29 22:10:58: [ERROR] Lua Script not found, ID = '-1'
2023-10-29 22:11:14: [ERROR] Lua Script not found, ID = '-1'
2023-10-29 22:11:38: [ERROR] Lua Script not found, ID = '-1'
2023-10-29 22:11:39: [ERROR] Lua Script not found, ID = '-1'
2023-10-29 22:36:20: [ERROR] Lua Script not found, ID = '-1'
2023-10-29 22:36:21: [ERROR] Lua Script not found, ID = '-1'
2023-10-29 22:43:04: [ERROR] Lua Script not found, ID = '-1'
2023-10-29 22:43:05: [ERROR] Lua Script not found, ID = '-1'
2023-10-29 22:47:49: [ERROR] Lua Script not found, ID = '-1'
2023-10-29 22:58:39: [ERROR] Lua Script not found, ID = '-1'
2023-10-29 22:58:40: [ERROR] Lua Script not found, ID = '-1'
2023-10-29 22:58:41: [ERROR] Lua Script not found, ID = '-1'
2023-10-29 22:58:42: [ERROR] Lua Script not found, ID = '-1'
2023-10-29 23:02:32: [ERROR] Lua Script not found, ID = '-1'
2023-10-29 23:02:33: [ERROR] Lua Script not found, ID = '-1'
2023-10-29 23:02:33: [ERROR] Lua Script not found, ID = '-1'
2023-10-29 23:02:34: [ERROR] Lua Script not found, ID = '-1'
2023-10-29 23:07:15: [ERROR] Lua Script not found, ID = '-1'
2023-10-29 23:07:15: [ERROR] Lua Script not found, ID = '-1'
2023-10-29 23:07:16: [ERROR] Lua Script not found, ID = '-1'
2023-10-29 23:07:17: [ERROR] Lua Script not found, ID = '-1'
