2023-10-30 00:23:02: Script ID = 156, Function = OnSelection took 102ms to be processed
2023-10-30 00:37:27: [ERROR] Lua Script not found, ID = '-1'
2023-10-30 00:37:27: [ERROR] Lua Script not found, ID = '-1'
2023-10-30 00:37:28: [ERROR] Lua Script not found, ID = '-1'
2023-10-30 00:37:29: [ERROR] Lua Script not found, ID = '-1'
2023-10-30 00:37:30: [ERROR] Lua Script not found, ID = '-1'
2023-10-30 00:39:18: [ERROR] Lua Script not found, ID = '-1'
2023-10-30 00:39:19: [ERROR] Lua Script not found, ID = '-1'
2023-10-30 00:39:19: [ERROR] Lua Script not found, ID = '-1'
2023-10-30 00:39:20: [ERROR] Lua Script not found, ID = '-1'
2023-10-30 00:39:22: [ERROR] Lua Script not found, ID = '-1'
2023-10-30 00:41:31: [ERROR] Lua Script not found, ID = '-1'
2023-10-30 00:41:32: [ERROR] Lua Script not found, ID = '-1'
2023-10-30 00:41:32: [ERROR] Lua Script not found, ID = '-1'
2023-10-30 00:41:33: [ERROR] Lua Script not found, ID = '-1'
2023-10-30 00:41:34: [ERROR] Lua Script not found, ID = '-1'
2023-10-30 00:58:35: [ERROR] Lua Script not found, ID = '-1'
2023-10-30 00:58:35: [ERROR] Lua Script not found, ID = '-1'
2023-10-30 00:58:35: [ERROR] Lua Script not found, ID = '-1'
2023-10-30 00:58:35: [ERROR] Lua Script not found, ID = '-1'
2023-10-30 00:58:35: [ERROR] Lua Script not found, ID = '-1'
2023-10-30 00:58:36: [ERROR] Lua Script not found, ID = '-1'
2023-10-30 00:58:36: [ERROR] Lua Script not found, ID = '-1'
2023-10-30 00:58:36: [ERROR] Lua Script not found, ID = '-1'
2023-10-30 00:58:36: [ERROR] Lua Script not found, ID = '-1'
2023-10-30 00:58:36: [ERROR] Lua Script not found, ID = '-1'
2023-10-30 00:58:37: [ERROR] Lua Script not found, ID = '-1'
2023-10-30 00:58:37: [ERROR] Lua Script not found, ID = '-1'
2023-10-30 00:58:37: [ERROR] Lua Script not found, ID = '-1'
2023-10-30 00:58:37: [ERROR] Lua Script not found, ID = '-1'
2023-10-30 00:58:37: [ERROR] Lua Script not found, ID = '-1'
2023-10-30 00:58:38: [ERROR] Lua Script not found, ID = '-1'
2023-10-30 00:58:38: [ERROR] Lua Script not found, ID = '-1'
2023-10-30 00:58:38: [ERROR] Lua Script not found, ID = '-1'
2023-10-30 00:58:38: [ERROR] Lua Script not found, ID = '-1'
2023-10-30 00:58:38: [ERROR] Lua Script not found, ID = '-1'
2023-10-30 01:00:06: [ERROR] Lua Script not found, ID = '-1'
2023-10-30 01:00:06: [ERROR] Lua Script not found, ID = '-1'
2023-10-30 01:00:06: [ERROR] Lua Script not found, ID = '-1'
2023-10-30 01:00:06: [ERROR] Lua Script not found, ID = '-1'
2023-10-30 01:00:06: [ERROR] Lua Script not found, ID = '-1'
2023-10-30 01:00:07: [ERROR] Lua Script not found, ID = '-1'
2023-10-30 01:00:07: [ERROR] Lua Script not found, ID = '-1'
2023-10-30 01:00:07: [ERROR] Lua Script not found, ID = '-1'
2023-10-30 01:00:07: [ERROR] Lua Script not found, ID = '-1'
2023-10-30 01:00:07: [ERROR] Lua Script not found, ID = '-1'
2023-10-30 01:00:08: [ERROR] Lua Script not found, ID = '-1'
2023-10-30 01:00:08: [ERROR] Lua Script not found, ID = '-1'
2023-10-30 01:00:08: [ERROR] Lua Script not found, ID = '-1'
2023-10-30 01:00:08: [ERROR] Lua Script not found, ID = '-1'
2023-10-30 01:00:08: [ERROR] Lua Script not found, ID = '-1'
2023-10-30 01:00:09: [ERROR] Lua Script not found, ID = '-1'
2023-10-30 01:00:09: [ERROR] Lua Script not found, ID = '-1'
2023-10-30 01:00:09: [ERROR] Lua Script not found, ID = '-1'
2023-10-30 01:00:09: [ERROR] Lua Script not found, ID = '-1'
2023-10-30 01:00:09: [ERROR] Lua Script not found, ID = '-1'
2023-10-30 01:01:06: [ERROR] Lua Script not found, ID = '-1'
2023-10-30 01:01:07: [ERROR] Lua Script not found, ID = '-1'
2023-10-30 01:01:51: [ERROR] Lua Script not found, ID = '-1'
2023-10-30 01:01:51: [ERROR] Lua Script not found, ID = '-1'
2023-10-30 01:01:51: [ERROR] Lua Script not found, ID = '-1'
2023-10-30 01:01:51: [ERROR] Lua Script not found, ID = '-1'
2023-10-30 01:01:51: [ERROR] Lua Script not found, ID = '-1'
2023-10-30 01:01:52: [ERROR] Lua Script not found, ID = '-1'
2023-10-30 01:01:52: [ERROR] Lua Script not found, ID = '-1'
2023-10-30 01:01:52: [ERROR] Lua Script not found, ID = '-1'
2023-10-30 01:01:52: [ERROR] Lua Script not found, ID = '-1'
2023-10-30 01:01:52: [ERROR] Lua Script not found, ID = '-1'
2023-10-30 01:01:53: [ERROR] Lua Script not found, ID = '-1'
2023-10-30 01:01:53: [ERROR] Lua Script not found, ID = '-1'
2023-10-30 01:01:53: [ERROR] Lua Script not found, ID = '-1'
2023-10-30 01:01:53: [ERROR] Lua Script not found, ID = '-1'
2023-10-30 01:01:53: [ERROR] Lua Script not found, ID = '-1'
2023-10-30 01:01:54: [ERROR] Lua Script not found, ID = '-1'
2023-10-30 01:01:54: [ERROR] Lua Script not found, ID = '-1'
2023-10-30 01:01:54: [ERROR] Lua Script not found, ID = '-1'
2023-10-30 01:01:54: [ERROR] Lua Script not found, ID = '-1'
2023-10-30 01:01:54: [ERROR] Lua Script not found, ID = '-1'
2023-10-30 06:01:07: [ERROR] Lua Script not found, ID = '-1'
2023-10-30 06:01:08: [ERROR] Lua Script not found, ID = '-1'
2023-10-30 08:14:37: [ERROR] Lua Script not found, ID = '-1'
2023-10-30 08:14:38: [ERROR] Lua Script not found, ID = '-1'
2023-10-30 08:58:03: [ERROR] Lua Script not found, ID = '-1'
2023-10-30 08:58:05: [ERROR] Lua Script not found, ID = '-1'
2023-10-30 09:02:11: [ERROR] Lua Script not found, ID = '-1'
2023-10-30 09:25:37: [ERROR] Lua Script not found, ID = '-1'
2023-10-30 09:25:38: [ERROR] Lua Script not found, ID = '-1'
2023-10-30 09:39:55: [ERROR] Lua Script not found, ID = '-1'
2023-10-30 10:02:48: [ERROR] Lua Script not found, ID = '-1'
2023-10-30 10:02:51: [ERROR] Lua Script not found, ID = '-1'
2023-10-30 10:03:45: [ERROR] Lua Script not found, ID = '-1'
2023-10-30 10:03:56: [ERROR] Lua Script not found, ID = '-1'
2023-10-30 10:04:15: [ERROR] Lua Script not found, ID = '-1'
2023-10-30 10:05:07: [ERROR] Lua Script not found, ID = '-1'
2023-10-30 10:05:08: [ERROR] Lua Script not found, ID = '-1'
2023-10-30 10:22:05: [ERROR] Lua Script not found, ID = '-1'
2023-10-30 10:22:06: [ERROR] Lua Script not found, ID = '-1'
2023-10-30 10:22:07: [ERROR] Lua Script not found, ID = '-1'
2023-10-30 10:22:07: [ERROR] Lua Script not found, ID = '-1'
2023-10-30 10:23:32: [ERROR] Lua Script not found, ID = '-1'
2023-10-30 10:23:32: [ERROR] Lua Script not found, ID = '-1'
2023-10-30 10:23:33: [ERROR] Lua Script not found, ID = '-1'
2023-10-30 10:23:33: [ERROR] Lua Script not found, ID = '-1'
2023-10-30 10:24:50: [ERROR] Lua Script not found, ID = '-1'
2023-10-30 10:24:51: [ERROR] Lua Script not found, ID = '-1'
2023-10-30 10:24:51: [ERROR] Lua Script not found, ID = '-1'
2023-10-30 10:24:52: [ERROR] Lua Script not found, ID = '-1'
2023-10-30 10:52:08: [ERROR] Lua Script not found, ID = '5000'
2023-10-30 10:52:10: [ERROR] Lua Script not found, ID = '5000'
2023-10-30 10:53:22: [ERROR] Lua Script not found, ID = '5000'
2023-10-30 10:53:42: [ERROR] Lua Script not found, ID = '5000'
2023-10-30 10:53:45: [ERROR] Lua Script not found, ID = '5000'
2023-10-30 10:53:48: [ERROR] Lua Script not found, ID = '5000'
2023-10-30 10:54:15: [ERROR] Lua Script not found, ID = '5000'
2023-10-30 10:56:12: [ERROR] Lua Script not found, ID = '5000'
2023-10-30 10:56:58: [ERROR] Lua Script not found, ID = '5000'
2023-10-30 10:56:59: [ERROR] Lua Script not found, ID = '5000'
2023-10-30 10:57:32: [ERROR] Lua Script not found, ID = '5000'
2023-10-30 10:57:35: [ERROR] Lua Script not found, ID = '5000'
2023-10-30 10:57:39: [ERROR] Lua Script not found, ID = '5000'
2023-10-30 10:57:40: [ERROR] Lua Script not found, ID = '5000'
2023-10-30 10:57:42: [ERROR] Lua Script not found, ID = '5000'
2023-10-30 10:58:11: [ERROR] Lua Script not found, ID = '5000'
2023-10-30 10:59:00: [ERROR] Lua Script not found, ID = '5000'
2023-10-30 10:59:02: [ERROR] Lua Script not found, ID = '5000'
2023-10-30 10:59:06: [ERROR] Lua Script not found, ID = '5000'
2023-10-30 10:59:24: [ERROR] Lua Script not found, ID = '5000'
2023-10-30 10:59:26: [ERROR] Lua Script not found, ID = '5000'
2023-10-30 10:59:26: [ERROR] Lua Script not found, ID = '5000'
2023-10-30 10:59:27: [ERROR] Lua Script not found, ID = '5000'
2023-10-30 11:00:17: [ERROR] Lua Script not found, ID = '5000'
2023-10-30 11:00:19: [ERROR] Lua Script not found, ID = '5000'
2023-10-30 11:00:20: [ERROR] Lua Script not found, ID = '5000'
2023-10-30 11:05:38: [ERROR] Lua Script not found, ID = '5000'
2023-10-30 11:12:18: [ERROR] Lua Script not found, ID = '-1'
2023-10-30 11:12:20: [ERROR] Lua Script not found, ID = '-1'
2023-10-30 11:15:58: [ERROR] Lua Script not found, ID = '-1'
2023-10-30 11:15:58: [ERROR] Lua Script not found, ID = '-1'
2023-10-30 11:19:16: [ERROR] Lua Script not found, ID = '-1'
2023-10-30 11:21:23: [ERROR] Lua Script not found, ID = '-1'
2023-10-30 11:22:33: [ERROR] Lua Script not found, ID = '-1'
2023-10-30 11:22:35: [ERROR] Lua Script not found, ID = '-1'
2023-10-30 11:23:49: [ERROR] Lua Script not found, ID = '-1'
2023-10-30 11:23:51: [ERROR] Lua Script not found, ID = '-1'
2023-10-30 11:24:30: [ERROR] Lua Script not found, ID = '-1'
2023-10-30 11:24:32: [ERROR] Lua Script not found, ID = '-1'
2023-10-30 11:25:21: [ERROR] Lua Script not found, ID = '5000'
2023-10-30 11:25:42: [ERROR] Lua Script not found, ID = '5000'
2023-10-30 11:45:09: [ERROR] Lua Script not found, ID = '5000'
2023-10-30 11:45:11: [ERROR] Lua Script not found, ID = '5000'
2023-10-30 11:45:13: [ERROR] Lua Script not found, ID = '5000'
2023-10-30 11:45:14: [ERROR] Lua Script not found, ID = '5000'
2023-10-30 11:45:15: [ERROR] Lua Script not found, ID = '5000'
2023-10-30 11:45:15: [ERROR] Lua Script not found, ID = '5000'
2023-10-30 11:45:16: [ERROR] Lua Script not found, ID = '5000'
2023-10-30 11:45:17: [ERROR] Lua Script not found, ID = '5000'
2023-10-30 11:45:18: [ERROR] Lua Script not found, ID = '5000'
2023-10-30 11:45:18: [ERROR] Lua Script not found, ID = '5000'
2023-10-30 11:45:18: [ERROR] Lua Script not found, ID = '5000'
2023-10-30 11:45:19: [ERROR] Lua Script not found, ID = '5000'
2023-10-30 11:45:20: [ERROR] Lua Script not found, ID = '5000'
2023-10-30 11:45:22: [ERROR] Lua Script not found, ID = '5000'
2023-10-30 11:45:23: [ERROR] Lua Script not found, ID = '5000'
2023-10-30 11:45:24: [ERROR] Lua Script not found, ID = '5000'
2023-10-30 11:45:25: [ERROR] Lua Script not found, ID = '5000'
2023-10-30 11:45:25: [ERROR] Lua Script not found, ID = '5000'
2023-10-30 11:45:26: [ERROR] Lua Script not found, ID = '5000'
2023-10-30 11:45:30: [ERROR] Lua Script not found, ID = '5000'
2023-10-30 11:45:34: [ERROR] Lua Script not found, ID = '5000'
2023-10-30 11:45:40: [ERROR] Lua Script not found, ID = '5000'
2023-10-30 11:45:41: [ERROR] Lua Script not found, ID = '5000'
2023-10-30 11:45:44: [ERROR] Lua Script not found, ID = '5000'
2023-10-30 11:45:49: [ERROR] Lua Script not found, ID = '5000'
2023-10-30 11:46:56: [ERROR] Lua Script not found, ID = '5000'
2023-10-30 11:47:01: [ERROR] Lua Script not found, ID = '5000'
2023-10-30 11:47:18: [ERROR] Lua Script not found, ID = '5000'
2023-10-30 11:47:21: [ERROR] Lua Script not found, ID = '5000'
2023-10-30 11:47:44: [ERROR] Lua Script not found, ID = '5000'
2023-10-30 12:11:22: Script ID = 156, Function = OnSelection took 111ms to be processed
2023-10-30 12:29:51: [ERROR] Lua Script not found, ID = '-1'
2023-10-30 12:29:56: [ERROR] Lua Script not found, ID = '-1'
2023-10-30 12:29:57: [ERROR] Lua Script not found, ID = '-1'
2023-10-30 12:57:31: [ERROR] Lua Script not found, ID = '-1'
2023-10-30 12:57:32: [ERROR] Lua Script not found, ID = '-1'
2023-10-30 13:01:44: [ERROR] Lua Script not found, ID = '-1'
2023-10-30 13:37:35: [ERROR] Execute Lua Script function got error, Dir = 'NPC/Common/ChuongMon.lua', Function = 'Scripts[152]:OnSelection'
Lua Message: chunk_54:(414,9-92): attempt to index a nil value
Exception: MoonSharp.Interpreter.ScriptRuntimeException: attempt to index a nil value
   at MoonSharp.Interpreter.Execution.VM.Processor.ExecIndex(Instruction i, Int32 instructionPtr) in Z:\git\my\moonsharp\src\MoonSharp.Interpreter\Execution\VM\Processor\Processor_InstructionLoop.cs:line 1349
   at MoonSharp.Interpreter.Execution.VM.Processor.Processing_Loop(Int32 instructionPtr) in Z:\git\my\moonsharp\src\MoonSharp.Interpreter\Execution\VM\Processor\Processor_InstructionLoop.cs:line 279
   at MoonSharp.Interpreter.Execution.VM.Processor.Call(DynValue function, DynValue[] args) in Z:\git\my\moonsharp\src\MoonSharp.Interpreter\Execution\VM\Processor\Processor.cs:line 67
   at MoonSharp.Interpreter.Closure.Call(Object[] args) in Z:\git\my\moonsharp\src\MoonSharp.Interpreter\DataTypes\Closure.cs:line 91
   at GameServer.KiemThe.Entities.KTLuaScript.DoExecuteFunction(Script luaEnv, LuaScript script, String functionName, Object[] param) in C:\Users\Administrator\Downloads\Gs_HaoKiemTkim_Open\GameServer\KTGameServer\GameServer\KiemThe\LuaSystem\KTLuaScript.cs:line 406
2023-10-30 13:37:36: [ERROR] Execute Lua Script function got error, Dir = 'NPC/Common/ChuongMon.lua', Function = 'Scripts[152]:OnSelection'
Lua Message: chunk_54:(414,9-92): attempt to index a nil value
Exception: MoonSharp.Interpreter.ScriptRuntimeException: attempt to index a nil value
   at MoonSharp.Interpreter.Execution.VM.Processor.ExecIndex(Instruction i, Int32 instructionPtr) in Z:\git\my\moonsharp\src\MoonSharp.Interpreter\Execution\VM\Processor\Processor_InstructionLoop.cs:line 1349
   at MoonSharp.Interpreter.Execution.VM.Processor.Processing_Loop(Int32 instructionPtr) in Z:\git\my\moonsharp\src\MoonSharp.Interpreter\Execution\VM\Processor\Processor_InstructionLoop.cs:line 279
   at MoonSharp.Interpreter.Execution.VM.Processor.Call(DynValue function, DynValue[] args) in Z:\git\my\moonsharp\src\MoonSharp.Interpreter\Execution\VM\Processor\Processor.cs:line 67
   at MoonSharp.Interpreter.Closure.Call(Object[] args) in Z:\git\my\moonsharp\src\MoonSharp.Interpreter\DataTypes\Closure.cs:line 91
   at GameServer.KiemThe.Entities.KTLuaScript.DoExecuteFunction(Script luaEnv, LuaScript script, String functionName, Object[] param) in C:\Users\Administrator\Downloads\Gs_HaoKiemTkim_Open\GameServer\KTGameServer\GameServer\KiemThe\LuaSystem\KTLuaScript.cs:line 406
2023-10-30 13:37:36: [ERROR] Execute Lua Script function got error, Dir = 'NPC/Common/ChuongMon.lua', Function = 'Scripts[152]:OnSelection'
Lua Message: chunk_54:(414,9-92): attempt to index a nil value
Exception: MoonSharp.Interpreter.ScriptRuntimeException: attempt to index a nil value
   at MoonSharp.Interpreter.Execution.VM.Processor.ExecIndex(Instruction i, Int32 instructionPtr) in Z:\git\my\moonsharp\src\MoonSharp.Interpreter\Execution\VM\Processor\Processor_InstructionLoop.cs:line 1349
   at MoonSharp.Interpreter.Execution.VM.Processor.Processing_Loop(Int32 instructionPtr) in Z:\git\my\moonsharp\src\MoonSharp.Interpreter\Execution\VM\Processor\Processor_InstructionLoop.cs:line 279
   at MoonSharp.Interpreter.Execution.VM.Processor.Call(DynValue function, DynValue[] args) in Z:\git\my\moonsharp\src\MoonSharp.Interpreter\Execution\VM\Processor\Processor.cs:line 67
   at MoonSharp.Interpreter.Closure.Call(Object[] args) in Z:\git\my\moonsharp\src\MoonSharp.Interpreter\DataTypes\Closure.cs:line 91
   at GameServer.KiemThe.Entities.KTLuaScript.DoExecuteFunction(Script luaEnv, LuaScript script, String functionName, Object[] param) in C:\Users\Administrator\Downloads\Gs_HaoKiemTkim_Open\GameServer\KTGameServer\GameServer\KiemThe\LuaSystem\KTLuaScript.cs:line 406
2023-10-30 14:02:13: [ERROR] Lua Script not found, ID = '-1'
2023-10-30 14:02:14: [ERROR] Lua Script not found, ID = '-1'
2023-10-30 14:02:15: [ERROR] Lua Script not found, ID = '-1'
2023-10-30 14:02:15: [ERROR] Lua Script not found, ID = '-1'
2023-10-30 14:03:49: [ERROR] Lua Script not found, ID = '-1'
2023-10-30 14:03:49: [ERROR] Lua Script not found, ID = '-1'
2023-10-30 14:03:50: [ERROR] Lua Script not found, ID = '-1'
2023-10-30 14:03:51: [ERROR] Lua Script not found, ID = '-1'
2023-10-30 14:05:41: [ERROR] Lua Script not found, ID = '-1'
2023-10-30 14:05:41: [ERROR] Lua Script not found, ID = '-1'
2023-10-30 14:05:42: [ERROR] Lua Script not found, ID = '-1'
2023-10-30 14:05:43: [ERROR] Lua Script not found, ID = '-1'
2023-10-30 14:11:48: [ERROR] Lua Script not found, ID = '-1'
2023-10-30 14:11:49: [ERROR] Lua Script not found, ID = '-1'
2023-10-30 14:14:16: [ERROR] Lua Script not found, ID = '-1'
2023-10-30 14:14:57: [ERROR] Lua Script not found, ID = '-1'
2023-10-30 14:14:58: [ERROR] Lua Script not found, ID = '-1'
2023-10-30 16:02:18: [ERROR] Lua Script not found, ID = '-1'
2023-10-30 16:02:20: [ERROR] Lua Script not found, ID = '-1'
2023-10-30 16:03:04: [ERROR] Lua Script not found, ID = '-1'
2023-10-30 16:03:06: [ERROR] Lua Script not found, ID = '-1'
2023-10-30 16:04:05: [ERROR] Lua Script not found, ID = '-1'
2023-10-30 16:04:07: [ERROR] Lua Script not found, ID = '-1'
2023-10-30 16:06:19: [ERROR] Lua Script not found, ID = '-1'
2023-10-30 16:30:45: [ERROR] Lua Script not found, ID = '-1'
2023-10-30 16:30:49: [ERROR] Lua Script not found, ID = '-1'
2023-10-30 16:31:16: [ERROR] Lua Script not found, ID = '-1'
2023-10-30 16:31:16: [ERROR] Lua Script not found, ID = '-1'
2023-10-30 16:31:17: [ERROR] Lua Script not found, ID = '-1'
2023-10-30 16:31:18: [ERROR] Lua Script not found, ID = '-1'
2023-10-30 16:32:17: [ERROR] Lua Script not found, ID = '-1'
2023-10-30 16:32:54: [ERROR] Lua Script not found, ID = '-1'
2023-10-30 16:32:54: [ERROR] Lua Script not found, ID = '-1'
2023-10-30 16:32:55: [ERROR] Lua Script not found, ID = '-1'
2023-10-30 16:32:56: [ERROR] Lua Script not found, ID = '-1'
2023-10-30 16:34:49: [ERROR] Lua Script not found, ID = '-1'
2023-10-30 16:34:49: [ERROR] Lua Script not found, ID = '-1'
2023-10-30 16:34:50: [ERROR] Lua Script not found, ID = '-1'
2023-10-30 16:34:50: [ERROR] Lua Script not found, ID = '-1'
2023-10-30 16:37:18: [ERROR] Lua Script not found, ID = '-1'
2023-10-30 16:50:39: [ERROR] Lua Script not found, ID = '5000'
2023-10-30 16:50:41: [ERROR] Lua Script not found, ID = '5000'
2023-10-30 16:50:42: [ERROR] Lua Script not found, ID = '5000'
2023-10-30 16:51:20: [ERROR] Lua Script not found, ID = '5000'
2023-10-30 16:51:47: [ERROR] Lua Script not found, ID = '5000'
2023-10-30 16:52:23: [ERROR] Lua Script not found, ID = '5000'
2023-10-30 16:53:02: [ERROR] Lua Script not found, ID = '5000'
2023-10-30 16:57:22: [ERROR] Lua Script not found, ID = '5000'
2023-10-30 16:57:24: [ERROR] Lua Script not found, ID = '5000'
2023-10-30 16:58:50: [ERROR] Lua Script not found, ID = '5000'
2023-10-30 16:58:52: [ERROR] Lua Script not found, ID = '5000'
2023-10-30 17:00:52: [ERROR] Lua Script not found, ID = '5000'
2023-10-30 17:00:56: [ERROR] Lua Script not found, ID = '5000'
2023-10-30 17:44:41: [ERROR] Lua Script not found, ID = '-1'
2023-10-30 17:44:42: [ERROR] Lua Script not found, ID = '-1'
2023-10-30 17:45:10: [ERROR] Lua Script not found, ID = '5000'
2023-10-30 17:45:15: [ERROR] Lua Script not found, ID = '5000'
2023-10-30 17:45:15: [ERROR] Lua Script not found, ID = '5000'
2023-10-30 17:45:18: [ERROR] Lua Script not found, ID = '5000'
2023-10-30 17:45:19: [ERROR] Lua Script not found, ID = '5000'
2023-10-30 17:45:22: [ERROR] Lua Script not found, ID = '5000'
2023-10-30 17:45:23: [ERROR] Lua Script not found, ID = '5000'
2023-10-30 17:45:27: [ERROR] Lua Script not found, ID = '5000'
2023-10-30 17:45:29: [ERROR] Lua Script not found, ID = '5000'
2023-10-30 17:45:48: [ERROR] Lua Script not found, ID = '5000'
2023-10-30 17:45:51: [ERROR] Lua Script not found, ID = '5000'
2023-10-30 17:45:55: [ERROR] Lua Script not found, ID = '5000'
2023-10-30 17:46:18: [ERROR] Lua Script not found, ID = '5000'
2023-10-30 17:47:15: [ERROR] Lua Script not found, ID = '5000'
2023-10-30 17:48:28: [ERROR] Lua Script not found, ID = '-1'
2023-10-30 17:48:59: [ERROR] Lua Script not found, ID = '-1'
2023-10-30 17:49:00: [ERROR] Lua Script not found, ID = '-1'
2023-10-30 17:53:43: [ERROR] Lua Script not found, ID = '-1'
2023-10-30 17:56:36: [ERROR] Lua Script not found, ID = '5000'
2023-10-30 17:56:39: [ERROR] Lua Script not found, ID = '5000'
2023-10-30 18:19:33: Script ID = 17, Function = OnSelection took 151ms to be processed
2023-10-30 18:57:54: [ERROR] Lua Script not found, ID = '-1'
2023-10-30 18:57:55: [ERROR] Lua Script not found, ID = '-1'
2023-10-30 18:57:55: [ERROR] Lua Script not found, ID = '-1'
2023-10-30 18:57:56: [ERROR] Lua Script not found, ID = '-1'
2023-10-30 19:07:35: [ERROR] Lua Script not found, ID = '-1'
2023-10-30 19:07:36: [ERROR] Lua Script not found, ID = '-1'
2023-10-30 19:07:36: [ERROR] Lua Script not found, ID = '-1'
2023-10-30 19:07:37: [ERROR] Lua Script not found, ID = '-1'
2023-10-30 19:07:38: [ERROR] Lua Script not found, ID = '-1'
2023-10-30 19:10:32: [ERROR] Lua Script not found, ID = '-1'
2023-10-30 19:10:33: [ERROR] Lua Script not found, ID = '-1'
2023-10-30 19:10:34: [ERROR] Lua Script not found, ID = '-1'
2023-10-30 19:10:35: [ERROR] Lua Script not found, ID = '-1'
2023-10-30 19:10:35: [ERROR] Lua Script not found, ID = '-1'
2023-10-30 19:10:37: [ERROR] Lua Script not found, ID = '-1'
2023-10-30 19:10:37: [ERROR] Lua Script not found, ID = '-1'
2023-10-30 19:10:38: [ERROR] Lua Script not found, ID = '-1'
2023-10-30 20:08:22: [ERROR] Lua Script not found, ID = '-1'
2023-10-30 20:08:24: [ERROR] Lua Script not found, ID = '-1'
2023-10-30 20:09:34: [ERROR] Lua Script not found, ID = '-1'
2023-10-30 20:09:35: [ERROR] Lua Script not found, ID = '-1'
2023-10-30 20:10:07: [ERROR] Lua Script not found, ID = '-1'
2023-10-30 20:36:37: [ERROR] Lua Script not found, ID = '-1'
2023-10-30 20:50:21: [ERROR] Lua Script not found, ID = '5000'
2023-10-30 20:50:23: [ERROR] Lua Script not found, ID = '5000'
2023-10-30 20:50:34: [ERROR] Lua Script not found, ID = '5000'
2023-10-30 20:51:26: [ERROR] Lua Script not found, ID = '5000'
2023-10-30 20:51:28: [ERROR] Lua Script not found, ID = '5000'
2023-10-30 20:51:41: [ERROR] Lua Script not found, ID = '5000'
2023-10-30 20:51:43: [ERROR] Lua Script not found, ID = '5000'
2023-10-30 20:52:20: [ERROR] Lua Script not found, ID = '5000'
2023-10-30 20:52:21: [ERROR] Lua Script not found, ID = '5000'
2023-10-30 20:52:23: [ERROR] Lua Script not found, ID = '5000'
2023-10-30 20:53:02: [ERROR] Lua Script not found, ID = '5000'
2023-10-30 20:53:04: [ERROR] Lua Script not found, ID = '5000'
2023-10-30 20:53:09: [ERROR] Lua Script not found, ID = '5000'
2023-10-30 20:53:42: [ERROR] Lua Script not found, ID = '5000'
2023-10-30 20:53:43: [ERROR] Lua Script not found, ID = '5000'
2023-10-30 20:54:25: [ERROR] Lua Script not found, ID = '5000'
2023-10-30 20:54:29: [ERROR] Lua Script not found, ID = '5000'
2023-10-30 20:55:19: [ERROR] Lua Script not found, ID = '5000'
2023-10-30 20:55:20: [ERROR] Lua Script not found, ID = '5000'
2023-10-30 20:55:21: [ERROR] Lua Script not found, ID = '5000'
2023-10-30 20:55:24: [ERROR] Lua Script not found, ID = '5000'
2023-10-30 20:55:35: [ERROR] Lua Script not found, ID = '5000'
2023-10-30 20:55:53: [ERROR] Lua Script not found, ID = '5000'
2023-10-30 20:55:55: [ERROR] Lua Script not found, ID = '5000'
2023-10-30 20:55:57: [ERROR] Lua Script not found, ID = '5000'
2023-10-30 20:58:08: [ERROR] Lua Script not found, ID = '5000'
2023-10-30 20:58:09: [ERROR] Lua Script not found, ID = '5000'
2023-10-30 20:58:12: [ERROR] Lua Script not found, ID = '5000'
2023-10-30 21:00:08: [ERROR] Lua Script not found, ID = '-1'
2023-10-30 21:00:13: [ERROR] Lua Script not found, ID = '-1'
2023-10-30 21:32:28: [ERROR] Lua Script not found, ID = '-1'
2023-10-30 21:32:29: [ERROR] Lua Script not found, ID = '-1'
2023-10-30 21:33:26: [ERROR] Lua Script not found, ID = '5000'
2023-10-30 21:33:28: [ERROR] Lua Script not found, ID = '5000'
2023-10-30 21:36:49: [ERROR] Lua Script not found, ID = '-1'
2023-10-30 21:45:12: [ERROR] Lua Script not found, ID = '5000'
2023-10-30 21:45:12: [ERROR] Lua Script not found, ID = '5000'
2023-10-30 21:45:12: [ERROR] Lua Script not found, ID = '5000'
2023-10-30 21:45:14: [ERROR] Lua Script not found, ID = '5000'
2023-10-30 21:45:15: [ERROR] Lua Script not found, ID = '5000'
2023-10-30 21:45:16: [ERROR] Lua Script not found, ID = '5000'
2023-10-30 21:45:16: [ERROR] Lua Script not found, ID = '5000'
2023-10-30 21:45:17: [ERROR] Lua Script not found, ID = '5000'
2023-10-30 21:45:19: [ERROR] Lua Script not found, ID = '5000'
2023-10-30 21:45:20: [ERROR] Lua Script not found, ID = '5000'
2023-10-30 21:45:22: [ERROR] Lua Script not found, ID = '5000'
2023-10-30 21:45:23: [ERROR] Lua Script not found, ID = '5000'
2023-10-30 21:45:24: [ERROR] Lua Script not found, ID = '5000'
2023-10-30 21:45:26: [ERROR] Lua Script not found, ID = '5000'
2023-10-30 21:45:27: [ERROR] Lua Script not found, ID = '5000'
2023-10-30 21:45:33: [ERROR] Lua Script not found, ID = '5000'
2023-10-30 21:45:41: [ERROR] Lua Script not found, ID = '5000'
2023-10-30 21:45:41: [ERROR] Lua Script not found, ID = '5000'
2023-10-30 21:45:41: [ERROR] Lua Script not found, ID = '5000'
2023-10-30 21:45:41: [ERROR] Lua Script not found, ID = '5000'
2023-10-30 21:45:41: [ERROR] Lua Script not found, ID = '5000'
2023-10-30 21:45:42: [ERROR] Lua Script not found, ID = '5000'
2023-10-30 21:45:50: [ERROR] Lua Script not found, ID = '5000'
2023-10-30 21:45:53: [ERROR] Lua Script not found, ID = '5000'
2023-10-30 21:45:54: [ERROR] Lua Script not found, ID = '5000'
2023-10-30 21:45:59: [ERROR] Lua Script not found, ID = '5000'
2023-10-30 21:46:08: [ERROR] Lua Script not found, ID = '5000'
2023-10-30 21:47:37: [ERROR] Lua Script not found, ID = '5000'
2023-10-30 21:47:37: [ERROR] Lua Script not found, ID = '5000'
2023-10-30 21:47:37: [ERROR] Lua Script not found, ID = '5000'
2023-10-30 21:47:37: [ERROR] Lua Script not found, ID = '5000'
2023-10-30 21:47:37: [ERROR] Lua Script not found, ID = '5000'
2023-10-30 21:49:45: [ERROR] Lua Script not found, ID = '-1'
2023-10-30 21:49:46: [ERROR] Lua Script not found, ID = '-1'
2023-10-30 21:51:57: [ERROR] Lua Script not found, ID = '5000'
2023-10-30 21:54:41: Script ID = 200095, Function = OnSelection took 240ms to be processed
2023-10-30 23:50:06: [ERROR] Lua Script not found, ID = '-1'
2023-10-30 23:54:14: [ERROR] Lua Script not found, ID = '-1'
2023-10-30 23:54:15: [ERROR] Lua Script not found, ID = '-1'
