2023-10-28 19:42:55: [200031][SoryBaby][11336009][3872] cường hóa ngũ hành tương khắc gia tăng : 171|70 | Tiêu tốn :1000
2023-10-28 19:45:34: [200025][PhiMuc1][11336100][3866] cường hóa ngũ hành tương khắc gia tăng : 171|70 | Tiêu tốn :1000
2023-10-28 19:45:56: [200148][Crocodie][11337118][3875] cường hóa ngũ hành tương khắc gia tăng : 171|70 | Tiêu tốn :1000
2023-10-28 19:51:17: [200051][ToiLaAi][11338631][3872] cường hóa ngũ hành tương khắc gia tăng : 171|70 | Tiêu tốn :1000
2023-10-28 19:55:05: [200137][RongThan][11338384][3870] cường hóa ngũ hành tương khắc gia tăng : 54|50 | Tiêu tốn :200
2023-10-28 19:55:09: [200137][RongThan][11338384][3870] nhược khóa ngũ hành tương khắc gia tăng : 54|50 | Tiêu tốn :200
2023-10-28 19:59:26: [200025][PhiMuc1][11336100][3866] cường hóa ngũ hành tương khắc gia tăng : 196|10 | Tiêu tốn :200
2023-10-28 20:10:30: [200149][sMoKyWood][11343192][3874] cường hóa ngũ hành tương khắc gia tăng : 171|70 | Tiêu tốn :1000
2023-10-28 20:10:41: [200233][Shin87][11343247][3874] cường hóa ngũ hành tương khắc gia tăng : 171|70 | Tiêu tốn :1000
2023-10-28 20:15:46: [200220][congianap][11342882][3875] cường hóa ngũ hành tương khắc gia tăng : 72|40 | Tiêu tốn :300
2023-10-28 20:15:48: [200105][KinhKha][11344104][3871] cường hóa ngũ hành tương khắc gia tăng : 171|70 | Tiêu tốn :1000
2023-10-28 20:15:57: [200220][congianap][11342882][3875] cường hóa ngũ hành tương khắc gia tăng : 103|25 | Tiêu tốn :200
2023-10-28 20:16:37: [200220][congianap][11342882][3875] nhược khóa ngũ hành tương khắc gia tăng : 72|40 | Tiêu tốn :300
2023-10-28 20:16:41: [200220][congianap][11342882][3875] nhược khóa ngũ hành tương khắc gia tăng : 103|25 | Tiêu tốn :200
2023-10-28 20:22:13: [200229][Keshino][11345030][3870] cường hóa ngũ hành tương khắc gia tăng : 171|70 | Tiêu tốn :1000
2023-10-28 20:28:48: [200149][sMoKyWood][11343192][3874] cường hóa ngũ hành tương khắc gia tăng : 217|90 | Tiêu tốn :400
2023-10-28 20:45:15: [200178][1DaoDoAtMang][11339514][3869] cường hóa ngũ hành tương khắc gia tăng : 88|0 | Tiêu tốn :400
2023-10-28 20:45:17: [200374][HieuRuBy][11350651][3870] nhược khóa ngũ hành tương khắc gia tăng : 171|70 | Tiêu tốn :1000
2023-10-28 20:59:25: [200132][aAlibaba][11338462][3875] cường hóa ngũ hành tương khắc gia tăng : 88|0 | Tiêu tốn :400
2023-10-28 21:01:42: [200015][ShinGG][11336969][3864] cường hóa ngũ hành tương khắc gia tăng : 63|25 | Tiêu tốn :247
2023-10-28 21:18:27: [200437][ohnoooo][11350898][3865] cường hóa ngũ hành tương khắc gia tăng : 63|25 | Tiêu tốn :247
2023-10-28 21:18:46: [200316][xichlong][11358472][3870] cường hóa ngũ hành tương khắc gia tăng : 171|70 | Tiêu tốn :1000
2023-10-28 21:19:26: [200724][cubeokk][11358513][3875] cường hóa ngũ hành tương khắc gia tăng : 171|70 | Tiêu tốn :1000
2023-10-28 21:33:44: [200854][BeoKaKa][11361792][3874] cường hóa ngũ hành tương khắc gia tăng : 171|70 | Tiêu tốn :1000
2023-10-28 21:37:25: [200784][Kimochi][11359141][3874] cường hóa ngũ hành tương khắc gia tăng : 33|35 | Tiêu tốn :100
2023-10-28 21:39:09: [200784][Kimochi][11359141][3874] cường hóa ngũ hành tương khắc gia tăng : 79|5 | Tiêu tốn :242
2023-10-28 21:59:46: [200043][QuanDoLa][11341004][3875] cường hóa ngũ hành tương khắc gia tăng : 405|295 | Tiêu tốn :5000
2023-10-28 21:59:50: [200043][QuanDoLa][11341004][3875] cường hóa ngũ hành tương khắc gia tăng : 522|140 | Tiêu tốn :5000
2023-10-28 21:59:58: [200043][QuanDoLa][11341004][3875] nhược khóa ngũ hành tương khắc gia tăng : 405|295 | Tiêu tốn :5000
2023-10-28 22:12:14: [200043][QuanDoLa][11341004][3875] cường hóa ngũ hành tương khắc gia tăng : 653|620 | Tiêu tốn :10000
2023-10-28 22:12:53: [200043][QuanDoLa][11341004][3875] cường hóa ngũ hành tương khắc gia tăng : 663|455 | Tiêu tốn :1000
2023-10-28 22:25:10: [200046][Classic][11338003][3871] cường hóa ngũ hành tương khắc gia tăng : 103|25 | Tiêu tốn :500
2023-10-28 22:25:15: [200046][Classic][11338003][3871] nhược khóa ngũ hành tương khắc gia tăng : 103|25 | Tiêu tốn :500
2023-10-28 22:25:42: [201170][QuanSky][11382413][3875] cường hóa ngũ hành tương khắc gia tăng : 171|70 | Tiêu tốn :1000
2023-10-28 22:46:25: [200165][WaSaBi][11387121][3873] cường hóa ngũ hành tương khắc gia tăng : 171|70 | Tiêu tốn :1000
2023-10-28 23:28:43: [200347][zZzKirazZz][11364930][3874] cường hóa ngũ hành tương khắc gia tăng : 171|70 | Tiêu tốn :1000
2023-10-28 23:46:28: [202719][SugerXdaddy][11411779][3875] nhược khóa ngũ hành tương khắc gia tăng : 171|70 | Tiêu tốn :1000
2023-10-28 23:48:06: [202425][6789bl][11411817][3866] cường hóa ngũ hành tương khắc gia tăng : 103|25 | Tiêu tốn :500
2023-10-28 23:48:12: [202425][6789bl][11411817][3866] nhược khóa ngũ hành tương khắc gia tăng : 103|25 | Tiêu tốn :500
