2023-10-29 00:08:49: [202795][CaVe2023][11419481][3868] cường hóa ngũ hành tương khắc gia tăng : 171|70 | Tiêu tốn :1000
2023-10-29 00:18:52: [202283][laoyam][11418757][3867] cường hóa ngũ hành tương khắc gia tăng : 171|70 | Tiêu tốn :1000
2023-10-29 02:07:42: [203756][SawKyo][11443952][3874] cường hóa ngũ hành tương khắc gia tăng : 171|70 | Tiêu tốn :1000
2023-10-29 05:09:15: [205656][MoonLight][11480170][3875] cường hóa ngũ hành tương khắc gia tăng : 103|25 | Tiêu tốn :500
2023-10-29 05:09:47: [205656][MoonLight][11480170][3875] nhược khóa ngũ hành tương khắc gia tăng : 103|25 | Tiêu tốn :500
2023-10-29 07:59:25: [200039][vodanh][11339970][3872] cường hóa ngũ hành tương khắc gia tăng : 125|15 | Tiêu tốn :647
2023-10-29 09:33:04: [206033][Henryy][11490856][3870] cường hóa ngũ hành tương khắc gia tăng : 171|70 | Tiêu tốn :1000
2023-10-29 10:56:09: [200839][ThienThien][11364213][3866] nhược khóa ngũ hành tương khắc gia tăng : 62|30 | Tiêu tốn :242
2023-10-29 11:04:56: [206178][PeHotBang][11496789][3871] cường hóa ngũ hành tương khắc gia tăng : 103|25 | Tiêu tốn :500
2023-10-29 11:05:01: [206178][PeHotBang][11496789][3871] nhược khóa ngũ hành tương khắc gia tăng : 103|25 | Tiêu tốn :500
2023-10-29 12:10:24: [206201][DusKyGren][11499750][3873] nhược khóa ngũ hành tương khắc gia tăng : 171|70 | Tiêu tốn :1000
2023-10-29 12:11:20: [206201][DusKyGren][11499750][3873] nhược khóa ngũ hành tương khắc gia tăng : 228|5 | Tiêu tốn :500
2023-10-29 13:13:52: [200043][QuanDoLa][11341004][3875] cường hóa ngũ hành tương khắc gia tăng : 844|1285 | Tiêu tốn :25000
2023-10-29 13:15:10: [200043][QuanDoLa][11341004][3875] nhược khóa ngũ hành tương khắc gia tăng : 598|510 | Tiêu tốn :10000
2023-10-29 13:40:50: [206212][Britisttan][11503383][3873] cường hóa ngũ hành tương khắc gia tăng : 171|70 | Tiêu tốn :1000
2023-10-29 13:41:43: [206212][Britisttan][11503383][3873] nhược khóa ngũ hành tương khắc gia tăng : 171|70 | Tiêu tốn :1000
2023-10-29 13:42:49: [206212][Britisttan][11503383][3873] cường hóa ngũ hành tương khắc gia tăng : 270|30 | Tiêu tốn :1000
2023-10-29 13:46:03: [206212][Britisttan][11503383][3873] nhược khóa ngũ hành tương khắc gia tăng : 270|30 | Tiêu tốn :1000
2023-10-29 14:19:40: [206017][Ben2k23][11490308][3871] cường hóa ngũ hành tương khắc gia tăng : 171|70 | Tiêu tốn :1000
2023-10-29 16:39:25: [200175][QuaiKiet][11510869][3874] cường hóa ngũ hành tương khắc gia tăng : 165|15 | Tiêu tốn :947
2023-10-29 17:15:29: [203158][SatThu1][11427897][3875] cường hóa ngũ hành tương khắc gia tăng : 158|70 | Tiêu tốn :900
2023-10-29 17:20:59: [203149][SatThu2][11427898][3874] cường hóa ngũ hành tương khắc gia tăng : 151|65 | Tiêu tốn :847
2023-10-29 17:23:56: [203157][SatThu3][11427896][3869] cường hóa ngũ hành tương khắc gia tăng : 110|40 | Tiêu tốn :547
2023-10-29 18:16:13: [206388][ThuyKiem][11515959][3875] cường hóa ngũ hành tương khắc gia tăng : 54|50 | Tiêu tốn :200
2023-10-29 18:16:24: [206388][ThuyKiem][11515959][3875] nhược khóa ngũ hành tương khắc gia tăng : 19|20 | Tiêu tốn :47
2023-10-29 20:55:15: [200129][MrPhongSiiro][11344637][3870] cường hóa ngũ hành tương khắc gia tăng : 171|70 | Tiêu tốn :1000
2023-10-29 20:55:27: [200129][MrPhongSiiro][11344637][3870] nhược khóa ngũ hành tương khắc gia tăng : 33|35 | Tiêu tốn :100
2023-10-29 21:54:49: [201303][Master][11387493][3870] cường hóa ngũ hành tương khắc gia tăng : 539|350 | Tiêu tốn :11000
2023-10-29 21:54:59: [201303][Master][11387493][3870] cường hóa ngũ hành tương khắc gia tăng : 671|515 | Tiêu tốn :10844
2023-10-29 21:57:03: [201303][Master][11387493][3870] nhược khóa ngũ hành tương khắc gia tăng : 381|30 | Tiêu tốn :4265
2023-10-29 21:57:13: [201303][Master][11387493][3870] nhược khóa ngũ hành tương khắc gia tăng : 508|340 | Tiêu tốn :5000
2023-10-29 22:08:24: [200214][TrieuTuLong][11354175][3871] cường hóa ngũ hành tương khắc gia tăng : 103|25 | Tiêu tốn :500
2023-10-29 22:08:32: [200214][TrieuTuLong][11354175][3871] nhược khóa ngũ hành tương khắc gia tăng : 30|20 | Tiêu tốn :85
2023-10-29 22:08:47: [200214][TrieuTuLong][11354175][3871] nhược khóa ngũ hành tương khắc gia tăng : 116|30 | Tiêu tốn :500
2023-10-29 22:31:52: [206443][zZTieuDaoZz][11523733][3870] cường hóa ngũ hành tương khắc gia tăng : 88|0 | Tiêu tốn :400
2023-10-29 22:53:47: [200039][vodanh][11339970][3872] nhược khóa ngũ hành tương khắc gia tăng : 435|40 | Tiêu tốn :6000
2023-10-29 22:54:39: [200039][vodanh][11339970][3872] cường hóa ngũ hành tương khắc gia tăng : 459|265 | Tiêu tốn :6317
