2023-10-28 04:26:10: [Dương Châu (Sơ)] Stating Battle OK!
2023-10-28 04:26:10: [Phượng Tường (Trung)] Stating Battle OK!
2023-10-28 04:26:10: [Tương Dương (Cao)] Stating Battle OK!
2023-10-28 04:30:59: [Dương Châu (Sơ)] Stating Battle OK!
2023-10-28 04:30:59: [Phượng Tường (Trung)] Stating Battle OK!
2023-10-28 04:30:59: [Tương Dương (Cao)] Stating Battle OK!
2023-10-28 04:34:13: [Dương Châu (Sơ)] Stating Battle OK!
2023-10-28 04:34:13: [Phượng Tường (Trung)] Stating Battle OK!
2023-10-28 04:34:13: [Tương Dương (Cao)] Stating Battle OK!
2023-10-28 04:51:58: [Dương Châu (Sơ)] Stating Battle OK!
2023-10-28 04:51:58: [Phượng Tường (Trung)] Stating Battle OK!
2023-10-28 04:51:58: [Tương Dương (Cao)] Stating Battle OK!
2023-10-28 04:54:39: [Dương Châu (Sơ)] Stating Battle OK!
2023-10-28 04:54:39: [Phượng Tường (Trung)] Stating Battle OK!
2023-10-28 04:54:39: [Tương Dương (Cao)] Stating Battle OK!
2023-10-28 04:58:18: [Dương Châu (Sơ)] Stating Battle OK!
2023-10-28 04:58:18: [Phượng Tường (Trung)] Stating Battle OK!
2023-10-28 04:58:18: [Tương Dương (Cao)] Stating Battle OK!
2023-10-28 05:06:17: [Dương Châu (Sơ)] Stating Battle OK!
2023-10-28 05:06:17: [Phượng Tường (Trung)] Stating Battle OK!
2023-10-28 05:06:17: [Tương Dương (Cao)] Stating Battle OK!
2023-10-28 05:11:23: [Dương Châu (Sơ)] Stating Battle OK!
2023-10-28 05:11:23: [Phượng Tường (Trung)] Stating Battle OK!
2023-10-28 05:11:23: [Tương Dương (Cao)] Stating Battle OK!
2023-10-28 06:29:40: [Dương Châu (Sơ)] Stating Battle OK!
2023-10-28 06:29:40: [Phượng Tường (Trung)] Stating Battle OK!
2023-10-28 06:29:40: [Tương Dương (Cao)] Stating Battle OK!
2023-10-28 07:23:55: [Dương Châu (Sơ)] Stating Battle OK!
2023-10-28 07:23:55: [Phượng Tường (Trung)] Stating Battle OK!
2023-10-28 07:23:55: [Tương Dương (Cao)] Stating Battle OK!
2023-10-28 07:43:48: [Dương Châu (Sơ)] Stating Battle OK!
2023-10-28 07:43:48: [Phượng Tường (Trung)] Stating Battle OK!
2023-10-28 07:43:48: [Tương Dương (Cao)] Stating Battle OK!
2023-10-28 07:54:37: [Dương Châu (Sơ)] Stating Battle OK!
2023-10-28 07:54:37: [Phượng Tường (Trung)] Stating Battle OK!
2023-10-28 07:54:37: [Tương Dương (Cao)] Stating Battle OK!
2023-10-28 08:10:40: [Dương Châu (Sơ)] Stating Battle OK!
2023-10-28 08:10:40: [Phượng Tường (Trung)] Stating Battle OK!
2023-10-28 08:10:40: [Tương Dương (Cao)] Stating Battle OK!
2023-10-28 08:44:27: [Dương Châu (Sơ)] Stating Battle OK!
2023-10-28 08:44:27: [Phượng Tường (Trung)] Stating Battle OK!
2023-10-28 08:44:27: [Tương Dương (Cao)] Stating Battle OK!
2023-10-28 09:00:22: [Dương Châu (Sơ)] Stating Battle OK!
2023-10-28 09:00:22: [Phượng Tường (Trung)] Stating Battle OK!
2023-10-28 09:00:22: [Tương Dương (Cao)] Stating Battle OK!
2023-10-28 10:50:00: [Phượng Tường (Trung)] Battle Change State ==> STATUS_PREPARE
2023-10-28 10:50:00: [Tương Dương (Cao)] Battle Change State ==> STATUS_PREPARE
2023-10-28 10:50:00: [Dương Châu (Sơ)] Battle Change State ==> STATUS_PREPARE
2023-10-28 11:00:02: [Phượng Tường (Trung)] Battle Change State ==> STATUS_NULL
2023-10-28 11:00:02: [Tương Dương (Cao)] Battle Change State ==> STATUS_NULL
2023-10-28 11:00:02: [Dương Châu (Sơ)] Battle Change State ==> STATUS_NULL
2023-10-28 13:03:26: [Dương Châu (Sơ)] Stating Battle OK!
2023-10-28 13:03:26: [Phượng Tường (Trung)] Stating Battle OK!
2023-10-28 13:03:26: [Tương Dương (Cao)] Stating Battle OK!
2023-10-28 16:50:01: [Tương Dương (Cao)] Battle Change State ==> STATUS_PREPARE
2023-10-28 16:50:01: [Dương Châu (Sơ)] Battle Change State ==> STATUS_PREPARE
2023-10-28 16:50:01: [Phượng Tường (Trung)] Battle Change State ==> STATUS_PREPARE
2023-10-28 17:00:03: [Tương Dương (Cao)] Battle Change State ==> STATUS_NULL
2023-10-28 17:00:03: [Phượng Tường (Trung)] Battle Change State ==> STATUS_NULL
2023-10-28 17:00:03: [Dương Châu (Sơ)] Battle Change State ==> STATUS_NULL
2023-10-28 17:01:20: [Dương Châu (Sơ)] Stating Battle OK!
2023-10-28 17:01:20: [Phượng Tường (Trung)] Stating Battle OK!
2023-10-28 17:01:20: [Tương Dương (Cao)] Stating Battle OK!
2023-10-28 19:05:46: [Dương Châu (Sơ)] Stating Battle OK!
2023-10-28 19:05:46: [Phượng Tường (Trung)] Stating Battle OK!
2023-10-28 19:05:46: [Tương Dương (Cao)] Stating Battle OK!
2023-10-28 20:12:12: [Dương Châu (Sơ)] Stating Battle OK!
2023-10-28 20:12:12: [Phượng Tường (Trung)] Stating Battle OK!
2023-10-28 20:12:12: [Tương Dương (Cao)] Stating Battle OK!
2023-10-28 20:50:01: [Dương Châu (Sơ)] Battle Change State ==> STATUS_PREPARE
2023-10-28 20:50:01: [Tương Dương (Cao)] Battle Change State ==> STATUS_PREPARE
2023-10-28 20:50:01: [Phượng Tường (Trung)] Battle Change State ==> STATUS_PREPARE
2023-10-28 21:00:03: [Tương Dương (Cao)] Battle Change State ==> STATUS_NULL
2023-10-28 21:00:03: [Phượng Tường (Trung)] Battle Change State ==> STATUS_NULL
2023-10-28 21:00:03: [Dương Châu (Sơ)] Battle Change State ==> STATUS_NULL
2023-10-28 18:45:36: [Dương Châu (Sơ)] Stating Battle OK!
2023-10-28 18:45:36: [Phượng Tường (Trung)] Stating Battle OK!
2023-10-28 18:45:36: [Tương Dương (Cao)] Stating Battle OK!
2023-10-28 18:59:12: [Dương Châu (Sơ)] Stating Battle OK!
2023-10-28 18:59:12: [Phượng Tường (Trung)] Stating Battle OK!
2023-10-28 18:59:12: [Tương Dương (Cao)] Stating Battle OK!
2023-10-28 20:50:00: [Phượng Tường (Trung)] Battle Change State ==> STATUS_PREPARE
2023-10-28 20:50:00: [Dương Châu (Sơ)] Battle Change State ==> STATUS_PREPARE
2023-10-28 20:50:01: [Tương Dương (Cao)] Battle Change State ==> STATUS_PREPARE
2023-10-28 21:00:01: [Phượng Tường (Trung)] Battle Change State ==> STATUS_NULL
2023-10-28 21:00:01: [Tương Dương (Cao)] Battle Change State ==> STATUS_NULL
2023-10-28 21:40:02: [Dương Châu (Sơ)] Battle Change State ==> STATUS_PREPAREEND
2023-10-28 21:45:03: [Dương Châu (Sơ)] Battle Change State ==> STATUS_END
2023-10-28 22:00:04: [Dương Châu (Sơ)] Battle Change State ==> STATUS_CLEAR
2023-10-28 22:01:04: [Dương Châu (Sơ)] Battle Change State ==> STATUS_NULL
