2023-10-28 22:43:50: Master (ID: 201303) mở được 1 cái Càn Khôn Phù (10).
2023-10-28 22:43:55: Master (ID: 201303) bắt đầu lượt khiêu chiến mới.
2023-10-28 22:44:01: Master (ID: 201303) đổi được 1 Tiền du long.
2023-10-28 22:44:02: Master (ID: 201303) tái chiến.
2023-10-28 22:44:12: Master (ID: 201303) mở được 1 cái Huyền Tinh Cấp 5.
2023-10-28 22:44:16: Master (ID: 201303) tái chiến.
2023-10-28 22:44:22: Master (ID: 201303) mở được 1 cái Bách Luyện Hoàn.
2023-10-28 22:44:24: Master (ID: 201303) tái chiến.
2023-10-28 22:44:31: Master (ID: 201303) mở được 1 cái Lục Thao Tập Chú.
2023-10-28 22:44:33: Master (ID: 201303) bắt đầu lượt khiêu chiến mới.
2023-10-28 22:44:39: Master (ID: 201303) mở được 1 cái Du Long Tu Luyện Phù.
2023-10-28 22:44:40: Master (ID: 201303) tái chiến.
2023-10-28 22:44:47: Master (ID: 201303) mở được 1 cái Du Long Uy Danh Phù.
2023-10-28 22:44:47: Master (ID: 201303) tái chiến.
2023-10-28 22:45:00: Master (ID: 201303) mở được 1 cái Huyền Tinh Cấp 5.
2023-10-28 22:45:01: Master (ID: 201303) bắt đầu lượt khiêu chiến mới.
2023-10-28 22:45:09: Master (ID: 201303) mở được 1 cái Du Long Tu Luyện Phù.
2023-10-28 22:45:10: Master (ID: 201303) tái chiến.
2023-10-28 22:45:19: Master (ID: 201303) mở được 1 cái Bách Luyện Hoàn.
2023-10-28 22:45:19: Master (ID: 201303) tái chiến.
2023-10-28 22:45:29: Master (ID: 201303) mở được 1 cái Bách Luyện Hoàn.
2023-10-28 22:45:30: Master (ID: 201303) tái chiến.
2023-10-28 22:45:39: Master (ID: 201303) mở được 1 cái Lệnh bài chúc phúc (sơ).
2023-10-28 22:45:40: Master (ID: 201303) bắt đầu lượt khiêu chiến mới.
2023-10-28 22:45:48: Master (ID: 201303) mở được 1 cái Du Long Tu Luyện Phù.
2023-10-28 22:45:49: Master (ID: 201303) tái chiến.
2023-10-28 22:46:00: Master (ID: 201303) đổi được 1 Tiền du long.
2023-10-28 22:46:01: Master (ID: 201303) bắt đầu lượt khiêu chiến mới.
2023-10-28 22:46:09: Master (ID: 201303) mở được 1 cái Du Long Uy Danh Phù.
2023-10-28 22:46:09: Master (ID: 201303) tái chiến.
2023-10-28 22:46:15: Master (ID: 201303) đổi được 1 Tiền du long.
2023-10-28 22:46:16: Master (ID: 201303) bắt đầu lượt khiêu chiến mới.
2023-10-28 22:46:24: Master (ID: 201303) mở được 1 cái Du Long Uy Danh Phù.
2023-10-28 22:46:25: Master (ID: 201303) tái chiến.
2023-10-28 22:46:35: Master (ID: 201303) đổi được 1 Tiền du long.
2023-10-28 22:46:35: Master (ID: 201303) bắt đầu lượt khiêu chiến mới.
2023-10-28 22:46:44: Master (ID: 201303) mở được 1 cái Du Long Tu Luyện Phù.
2023-10-28 22:46:45: Master (ID: 201303) tái chiến.
2023-10-28 22:46:54: Master (ID: 201303) mở được 1 cái Du Long Tu Luyện Phù.
2023-10-28 22:46:55: Master (ID: 201303) tái chiến.
2023-10-28 23:09:13: 1DaoDoAtMang (ID: 200178) mở được 1 cái Du Long Uy Danh Phù.
2023-10-28 23:11:54: 1DaoDoAtMang (ID: 200178) mở được 1 cái Du Long Tu Luyện Phù.
2023-10-28 23:11:57: 1DaoDoAtMang (ID: 200178) bắt đầu lượt khiêu chiến mới.
2023-10-28 23:12:37: 1DaoDoAtMang (ID: 200178) mở được 1 cái Du Long Tu Luyện Phù.
2023-10-28 23:12:38: 1DaoDoAtMang (ID: 200178) bắt đầu lượt khiêu chiến mới.
2023-10-28 23:13:02: 1DaoDoAtMang (ID: 200178) mở được 1 cái Du Long Tu Luyện Phù.
2023-10-28 23:13:02: 1DaoDoAtMang (ID: 200178) bắt đầu lượt khiêu chiến mới.
2023-10-28 23:13:28: 1DaoDoAtMang (ID: 200178) mở được 1 cái Du Long Uy Danh Phù.
2023-10-28 23:13:32: 1DaoDoAtMang (ID: 200178) bắt đầu lượt khiêu chiến mới.
2023-10-28 23:14:01: 1DaoDoAtMang (ID: 200178) mở được 1 cái Du Long Tu Luyện Phù.
2023-10-28 23:14:02: 1DaoDoAtMang (ID: 200178) bắt đầu lượt khiêu chiến mới.
2023-10-28 23:14:26: 1DaoDoAtMang (ID: 200178) mở được 1 cái Du Long Uy Danh Phù.
2023-10-28 23:14:32: 1DaoDoAtMang (ID: 200178) bắt đầu lượt khiêu chiến mới.
2023-10-28 23:15:02: 1DaoDoAtMang (ID: 200178) mở được 1 cái Du Long Uy Danh Phù.
2023-10-28 23:15:04: 1DaoDoAtMang (ID: 200178) bắt đầu lượt khiêu chiến mới.
2023-10-28 23:15:39: 1DaoDoAtMang (ID: 200178) mở được 1 cái Du Long Uy Danh Phù.
2023-10-28 23:15:54: 1DaoDoAtMang (ID: 200178) bắt đầu lượt khiêu chiến mới.
2023-10-28 23:16:18: 1DaoDoAtMang (ID: 200178) đổi được 1 Tiền du long.
2023-10-28 23:16:22: 1DaoDoAtMang (ID: 200178) bắt đầu lượt khiêu chiến mới.
2023-10-28 23:17:02: 1DaoDoAtMang (ID: 200178) mở được 1 cái Du Long Uy Danh Phù.
2023-10-28 23:17:04: 1DaoDoAtMang (ID: 200178) bắt đầu lượt khiêu chiến mới.
2023-10-28 23:17:22: 1DaoDoAtMang (ID: 200178) mở được 1 cái Du Long Tu Luyện Phù.
2023-10-28 23:17:23: 1DaoDoAtMang (ID: 200178) bắt đầu lượt khiêu chiến mới.
2023-10-28 23:18:12: 1DaoDoAtMang (ID: 200178) mở được 1 cái Du Long Tu Luyện Phù.
2023-10-28 23:18:14: 1DaoDoAtMang (ID: 200178) bắt đầu lượt khiêu chiến mới.
2023-10-28 23:18:41: 1DaoDoAtMang (ID: 200178) mở được 1 cái Huyền Tinh Cấp 5.
2023-10-28 23:18:42: 1DaoDoAtMang (ID: 200178) bắt đầu lượt khiêu chiến mới.
2023-10-28 23:19:14: 1DaoDoAtMang (ID: 200178) mở được 1 cái Du Long Uy Danh Phù.
2023-10-28 23:19:15: 1DaoDoAtMang (ID: 200178) bắt đầu lượt khiêu chiến mới.
2023-10-28 23:19:49: 1DaoDoAtMang (ID: 200178) mở được 1 cái Càn Khôn Phù (10).
2023-10-28 23:19:50: 1DaoDoAtMang (ID: 200178) bắt đầu lượt khiêu chiến mới.
2023-10-28 23:20:12: 1DaoDoAtMang (ID: 200178) mở được 1 cái Càn Khôn Phù (10).
2023-10-28 23:20:13: 1DaoDoAtMang (ID: 200178) bắt đầu lượt khiêu chiến mới.
2023-10-28 23:20:34: 1DaoDoAtMang (ID: 200178) mở được 1 cái Du Long Uy Danh Phù.
2023-10-28 23:20:36: 1DaoDoAtMang (ID: 200178) bắt đầu lượt khiêu chiến mới.
2023-10-28 23:20:58: 1DaoDoAtMang (ID: 200178) mở được 1 cái Du Long Tu Luyện Phù.
2023-10-28 23:20:59: 1DaoDoAtMang (ID: 200178) bắt đầu lượt khiêu chiến mới.
2023-10-28 23:21:30: 1DaoDoAtMang (ID: 200178) mở được 1 cái Du Long Uy Danh Phù.
