2023-10-29 09:32:48: concarrr (ID: 201710) mở được 1 cái Du Long Tu Luyện Phù.
2023-10-29 09:32:50: concarrr (ID: 201710) tái chiến.
2023-10-29 09:33:03: concarrr (ID: 201710) mở được 1 cái Du Long Uy Danh Phù.
2023-10-29 09:33:04: concarrr (ID: 201710) tái chiến.
2023-10-29 09:33:16: concarrr (ID: 201710) mở được 1 cái Càn Khôn Phù (10).
2023-10-29 09:33:17: concarrr (ID: 201710) tái chiến.
2023-10-29 09:33:27: concarrr (ID: 201710) mở được 1 cái Huyền Tinh có vết nứt (cấp 6).
2023-10-29 09:33:29: concarrr (ID: 201710) bắt đầu lượt khiêu chiến mới.
2023-10-29 09:33:41: concarrr (ID: 201710) mở được 1 cái Bách Luyện Hoàn.
2023-10-29 10:22:17: BaVuongKT (ID: 200255) đổi được 1 Tiền du long.
2023-10-29 10:22:19: BaVuongKT (ID: 200255) tái chiến.
2023-10-29 10:22:46: BaVuongKT (ID: 200255) đổi được 1 Tiền du long.
2023-10-29 10:22:47: BaVuongKT (ID: 200255) tái chiến.
2023-10-29 10:23:20: BaVuongKT (ID: 200255) mở được 1 cái Bách Luyện Hoàn.
2023-10-29 10:23:22: BaVuongKT (ID: 200255) tái chiến.
2023-10-29 10:23:54: BaVuongKT (ID: 200255) mở được 1 cái Tẩy Tủy Kinh (sơ).
2023-10-29 10:23:57: BaVuongKT (ID: 200255) bắt đầu lượt khiêu chiến mới.
2023-10-29 10:24:30: BaVuongKT (ID: 200255) đổi được 1 Tiền du long.
2023-10-29 10:24:31: BaVuongKT (ID: 200255) tái chiến.
2023-10-29 10:24:55: BaVuongKT (ID: 200255) mở được 1 cái Lệnh bài chúc phúc (sơ).
2023-10-29 10:24:57: BaVuongKT (ID: 200255) tái chiến.
2023-10-29 10:25:29: BaVuongKT (ID: 200255) mở được 1 cái Huyền Tinh có vết nứt (cấp 6).
2023-10-29 10:25:31: BaVuongKT (ID: 200255) tái chiến.
2023-10-29 10:25:53: BaVuongKT (ID: 200255) mở được 1 cái Lệnh bài chúc phúc (sơ).
2023-10-29 10:25:56: BaVuongKT (ID: 200255) bắt đầu lượt khiêu chiến mới.
2023-10-29 10:26:28: BaVuongKT (ID: 200255) đổi được 1 Tiền du long.
2023-10-29 10:26:29: BaVuongKT (ID: 200255) tái chiến.
2023-10-29 10:26:59: BaVuongKT (ID: 200255) đổi được 1 Tiền du long.
2023-10-29 10:33:08: BaVuongKT (ID: 200255) đổi được 1 Tiền du long.
2023-10-29 10:33:09: BaVuongKT (ID: 200255) tái chiến.
2023-10-29 10:34:40: BaVuongKT (ID: 200255) đổi được 1 Tiền du long.
2023-10-29 10:34:41: BaVuongKT (ID: 200255) tái chiến.
2023-10-29 10:35:12: BaVuongKT (ID: 200255) đổi được 1 Tiền du long.
2023-10-29 10:35:13: BaVuongKT (ID: 200255) tái chiến.
2023-10-29 10:35:42: BaVuongKT (ID: 200255) đổi được 1 Tiền du long.
2023-10-29 10:35:43: BaVuongKT (ID: 200255) tái chiến.
2023-10-29 10:36:08: BaVuongKT (ID: 200255) đổi được 1 Tiền du long.
2023-10-29 10:36:09: BaVuongKT (ID: 200255) bắt đầu lượt khiêu chiến mới.
2023-10-29 10:36:37: BaVuongKT (ID: 200255) đổi được 1 Tiền du long.
2023-10-29 10:36:39: BaVuongKT (ID: 200255) tái chiến.
2023-10-29 10:37:04: BaVuongKT (ID: 200255) đổi được 1 Tiền du long.
2023-10-29 10:37:05: BaVuongKT (ID: 200255) tái chiến.
2023-10-29 10:37:33: BaVuongKT (ID: 200255) đổi được 1 Tiền du long.
2023-10-29 10:37:34: BaVuongKT (ID: 200255) tái chiến.
2023-10-29 10:38:02: BaVuongKT (ID: 200255) đổi được 1 Tiền du long.
2023-10-29 10:49:10: BaVuongKT (ID: 200255) đổi được 1 Tiền du long.
2023-10-29 10:49:11: BaVuongKT (ID: 200255) tái chiến.
2023-10-29 10:49:32: BaVuongKT (ID: 200255) đổi được 1 Tiền du long.
2023-10-29 10:49:33: BaVuongKT (ID: 200255) tái chiến.
2023-10-29 10:49:57: BaVuongKT (ID: 200255) mở được 1 cái Bách Luyện Hoàn.
2023-10-29 10:49:59: BaVuongKT (ID: 200255) tái chiến.
2023-10-29 10:50:44: BaVuongKT (ID: 200255) mở được 1 cái Huyền Tinh có vết nứt (cấp 6).
2023-10-29 13:34:35: Master (ID: 201303) đổi được 1 Tiền du long.
2023-10-29 13:34:36: Master (ID: 201303) bắt đầu lượt khiêu chiến mới.
2023-10-29 13:34:49: Master (ID: 201303) mở được 1 cái Du Long Tu Luyện Phù.
2023-10-29 13:34:50: Master (ID: 201303) tái chiến.
2023-10-29 13:35:01: Master (ID: 201303) mở được 1 cái Du Long Tu Luyện Phù.
2023-10-29 13:35:01: Master (ID: 201303) tái chiến.
2023-10-29 13:35:11: Master (ID: 201303) mở được 1 cái Du Long Tu Luyện Phù.
2023-10-29 13:35:12: Master (ID: 201303) tái chiến.
2023-10-29 13:35:23: Master (ID: 201303) đổi được 1 Tiền du long.
2023-10-29 13:35:24: Master (ID: 201303) bắt đầu lượt khiêu chiến mới.
2023-10-29 13:35:31: Master (ID: 201303) đổi được 1 Tiền du long.
2023-10-29 13:35:32: Master (ID: 201303) bắt đầu lượt khiêu chiến mới.
2023-10-29 13:35:47: Master (ID: 201303) đổi được 1 Tiền du long.
2023-10-29 13:35:48: Master (ID: 201303) tái chiến.
2023-10-29 13:36:05: Master (ID: 201303) đổi được 1 Tiền du long.
2023-10-29 13:36:06: Master (ID: 201303) bắt đầu lượt khiêu chiến mới.
2023-10-29 13:36:12: Master (ID: 201303) đổi được 1 Tiền du long.
2023-10-29 13:36:13: Master (ID: 201303) tái chiến.
2023-10-29 13:36:25: Master (ID: 201303) mở được 1 cái Huyền Tinh Cấp 5.
2023-10-29 13:36:27: Master (ID: 201303) tái chiến.
2023-10-29 13:36:39: Master (ID: 201303) mở được 1 cái Tẩy Tủy Kinh (sơ).
2023-10-29 13:36:39: Master (ID: 201303) tái chiến.
2023-10-29 13:36:53: Master (ID: 201303) mở được 1 cái Võ Lâm Mật Tịch (sơ).
2023-10-29 13:36:58: Master (ID: 201303) bắt đầu lượt khiêu chiến mới.
2023-10-29 13:37:04: Master (ID: 201303) mở được 1 cái Du Long Tu Luyện Phù.
2023-10-29 13:37:05: Master (ID: 201303) tái chiến.
2023-10-29 13:37:14: Master (ID: 201303) mở được 1 cái Du Long Uy Danh Phù.
2023-10-29 13:37:15: Master (ID: 201303) tái chiến.
2023-10-29 13:37:23: Master (ID: 201303) mở được 1 cái Huyền Tinh có vết nứt (cấp 6).
2023-10-29 13:37:23: Master (ID: 201303) tái chiến.
2023-10-29 13:37:32: Master (ID: 201303) mở được 1 cái Lệnh bài chúc phúc (sơ).
2023-10-29 13:37:33: Master (ID: 201303) bắt đầu lượt khiêu chiến mới.
2023-10-29 13:37:43: Master (ID: 201303) đổi được 1 Tiền du long.
2023-10-29 13:37:44: Master (ID: 201303) bắt đầu lượt khiêu chiến mới.
2023-10-29 13:37:52: Master (ID: 201303) mở được 1 cái Thùng rượu (50 bình).
2023-10-29 13:37:53: Master (ID: 201303) bắt đầu lượt khiêu chiến mới.
2023-10-29 13:37:59: Master (ID: 201303) mở được 1 cái Võ Lâm Mật Tịch (sơ).
2023-10-29 13:38:00: Master (ID: 201303) tái chiến.
2023-10-29 13:38:08: Master (ID: 201303) mở được 1 cái Du Long Uy Danh Phù.
2023-10-29 13:38:08: Master (ID: 201303) tái chiến.
2023-10-29 13:38:13: Master (ID: 201303) đổi được 1 Tiền du long.
2023-10-29 15:37:45: HanBaoQuanl (ID: 200395) đổi được 1 Tiền du long.
2023-10-29 15:37:53: HanBaoQuanl (ID: 200395) tái chiến.
2023-10-29 15:38:12: HanBaoQuanl (ID: 200395) mở được 1 cái Huyền Tinh Cấp 5.
2023-10-29 15:38:15: HanBaoQuanl (ID: 200395) tái chiến.
2023-10-29 15:38:36: HanBaoQuanl (ID: 200395) mở được 1 cái Bách Luyện Hoàn.
2023-10-29 15:38:38: HanBaoQuanl (ID: 200395) tái chiến.
2023-10-29 15:39:00: HanBaoQuanl (ID: 200395) mở được 1 cái Bách Luyện Hoàn.
2023-10-29 15:39:05: HanBaoQuanl (ID: 200395) bắt đầu lượt khiêu chiến mới.
2023-10-29 15:39:35: HanBaoQuanl (ID: 200395) mở được 1 cái Du Long Tu Luyện Phù.
2023-10-29 15:39:41: HanBaoQuanl (ID: 200395) bắt đầu lượt khiêu chiến mới.
2023-10-29 15:40:05: HanBaoQuanl (ID: 200395) mở được 1 cái Du Long Tu Luyện Phù.
2023-10-29 15:40:07: HanBaoQuanl (ID: 200395) bắt đầu lượt khiêu chiến mới.
2023-10-29 15:40:37: HanBaoQuanl (ID: 200395) mở được 1 cái Càn Khôn Phù (10).
2023-10-29 15:40:39: HanBaoQuanl (ID: 200395) tái chiến.
2023-10-29 15:42:20: HanBaoQuanl (ID: 200395) mở được 1 cái Du Long Tu Luyện Phù.
2023-10-29 15:42:21: HanBaoQuanl (ID: 200395) tái chiến.
2023-10-29 15:42:51: HanBaoQuanl (ID: 200395) mở được 1 cái Lục Thao Tập Chú.
2023-10-29 21:47:22: SayThuocLao (ID: 201212) mở được 1 cái Thùng rượu (50 bình).
2023-10-29 21:47:27: SayThuocLao (ID: 201212) tái chiến.
2023-10-29 21:47:57: SayThuocLao (ID: 201212) mở được 1 cái Huyền Tinh có vết nứt (cấp 6).
2023-10-29 21:47:59: SayThuocLao (ID: 201212) tái chiến.
2023-10-29 21:48:21: SayThuocLao (ID: 201212) mở được 1 cái Võ Lâm Mật Tịch (sơ).
2023-10-29 21:48:23: SayThuocLao (ID: 201212) tái chiến.
2023-10-29 21:48:59: SayThuocLao (ID: 201212) mở được 1 cái Lục Thao Tập Chú.
2023-10-29 21:49:00: SayThuocLao (ID: 201212) bắt đầu lượt khiêu chiến mới.
2023-10-29 21:49:49: SayThuocLao (ID: 201212) mở được 1 cái Huyền Tinh Cấp 5.
2023-10-29 21:49:50: SayThuocLao (ID: 201212) tái chiến.
2023-10-29 21:50:16: SayThuocLao (ID: 201212) mở được 1 cái Bách Luyện Hoàn.
2023-10-29 21:50:18: SayThuocLao (ID: 201212) tái chiến.
2023-10-29 21:50:34: SayThuocLao (ID: 201212) mở được 1 cái Lục Thao Tập Chú.
2023-10-29 21:50:38: SayThuocLao (ID: 201212) tái chiến.
2023-10-29 21:51:00: SayThuocLao (ID: 201212) mở được 1 cái Lục Thao Tập Chú.
2023-10-29 21:51:01: SayThuocLao (ID: 201212) bắt đầu lượt khiêu chiến mới.
2023-10-29 21:51:37: SayThuocLao (ID: 201212) mở được 1 cái Càn Khôn Phù (10).
2023-10-29 21:51:38: SayThuocLao (ID: 201212) tái chiến.
2023-10-29 21:52:18: SayThuocLao (ID: 201212) mở được 1 cái Du Long Uy Danh Phù.
2023-10-29 21:53:14: SayThuocLao (ID: 201212) mở được 1 cái Càn Khôn Phù (10).
2023-10-29 21:53:15: SayThuocLao (ID: 201212) tái chiến.
2023-10-29 21:53:31: SayThuocLao (ID: 201212) mở được 1 cái Huyền Tinh có vết nứt (cấp 6).
2023-10-29 21:53:32: SayThuocLao (ID: 201212) tái chiến.
2023-10-29 21:54:00: SayThuocLao (ID: 201212) mở được 1 cái Huyền Tinh có vết nứt (cấp 6).
2023-10-29 21:54:01: SayThuocLao (ID: 201212) tái chiến.
2023-10-29 21:54:21: SayThuocLao (ID: 201212) mở được 1 cái Huyền Tinh có vết nứt (cấp 6).
2023-10-29 21:54:22: SayThuocLao (ID: 201212) bắt đầu lượt khiêu chiến mới.
2023-10-29 21:54:58: SayThuocLao (ID: 201212) mở được 1 cái Du Long Uy Danh Phù.
2023-10-29 21:54:58: SayThuocLao (ID: 201212) tái chiến.
2023-10-29 21:55:11: SayThuocLao (ID: 201212) mở được 1 cái Du Long Uy Danh Phù.
2023-10-29 21:55:11: SayThuocLao (ID: 201212) tái chiến.
2023-10-29 21:55:43: SayThuocLao (ID: 201212) mở được 1 cái Lệnh bài chúc phúc (sơ).
2023-10-29 21:55:44: SayThuocLao (ID: 201212) tái chiến.
2023-10-29 21:56:04: SayThuocLao (ID: 201212) mở được 1 cái Bánh ít bát bảo.
2023-10-29 21:56:05: SayThuocLao (ID: 201212) bắt đầu lượt khiêu chiến mới.
2023-10-29 21:56:23: SayThuocLao (ID: 201212) mở được 1 cái Du Long Uy Danh Phù.
2023-10-29 21:56:24: SayThuocLao (ID: 201212) tái chiến.
2023-10-29 21:57:16: SayThuocLao (ID: 201212) mở được 1 cái Lệnh bài chúc phúc (sơ).
2023-10-29 22:10:33: Duonghung (ID: 200188) đổi được 1 Tiền du long.
2023-10-29 22:12:02: Duonghung (ID: 200188) mở được 1 cái Du Long Uy Danh Phù.
2023-10-29 22:12:10: Duonghung (ID: 200188) bắt đầu lượt khiêu chiến mới.
2023-10-29 22:12:36: Duonghung (ID: 200188) mở được 1 cái Du Long Tu Luyện Phù.
2023-10-29 22:12:39: Duonghung (ID: 200188) tái chiến.
2023-10-29 22:13:02: Duonghung (ID: 200188) đổi được 1 Tiền du long.
2023-10-29 22:13:09: Duonghung (ID: 200188) bắt đầu lượt khiêu chiến mới.
2023-10-29 22:13:35: Duonghung (ID: 200188) đổi được 1 Tiền du long.
2023-10-29 22:13:43: Duonghung (ID: 200188) tái chiến.
2023-10-29 22:14:03: Duonghung (ID: 200188) đổi được 1 Tiền du long.
2023-10-29 22:14:05: Duonghung (ID: 200188) tái chiến.
2023-10-29 22:14:19: Duonghung (ID: 200188) đổi được 1 Tiền du long.
2023-10-29 22:14:22: Duonghung (ID: 200188) bắt đầu lượt khiêu chiến mới.
2023-10-29 22:14:36: Duonghung (ID: 200188) mở được 1 cái Du Long Uy Danh Phù.
2023-10-29 22:14:38: Duonghung (ID: 200188) tái chiến.
2023-10-29 22:14:53: Duonghung (ID: 200188) mở được 1 cái Bách Luyện Hoàn.
2023-10-29 22:14:55: Duonghung (ID: 200188) tái chiến.
2023-10-29 22:15:10: Duonghung (ID: 200188) mở được 1 cái Lệnh bài chúc phúc (sơ).
2023-10-29 22:15:12: Duonghung (ID: 200188) tái chiến.
2023-10-29 22:15:29: Duonghung (ID: 200188) đổi được 1 Tiền du long.
2023-10-29 22:15:33: Duonghung (ID: 200188) bắt đầu lượt khiêu chiến mới.
2023-10-29 22:15:47: Duonghung (ID: 200188) mở được 1 cái Du Long Uy Danh Phù.
2023-10-29 22:15:49: Duonghung (ID: 200188) tái chiến.
2023-10-29 22:16:00: Duonghung (ID: 200188) mở được 1 cái Bách Luyện Hoàn.
2023-10-29 22:16:01: Duonghung (ID: 200188) tái chiến.
2023-10-29 22:16:17: Duonghung (ID: 200188) đổi được 1 Tiền du long.
2023-10-29 22:16:22: Duonghung (ID: 200188) bắt đầu lượt khiêu chiến mới.
2023-10-29 22:16:39: Duonghung (ID: 200188) mở được 1 cái Du Long Tu Luyện Phù.
2023-10-29 22:16:40: Duonghung (ID: 200188) bắt đầu lượt khiêu chiến mới.
2023-10-29 22:16:56: Duonghung (ID: 200188) mở được 1 cái Du Long Uy Danh Phù.
2023-10-29 22:16:56: Duonghung (ID: 200188) tái chiến.
2023-10-29 22:17:08: Duonghung (ID: 200188) mở được 1 cái Huyền Tinh có vết nứt (cấp 6).
2023-10-29 22:17:09: Duonghung (ID: 200188) tái chiến.
2023-10-29 22:17:26: Duonghung (ID: 200188) mở được 1 cái Lục Thao Tập Chú.
2023-10-29 22:17:26: Duonghung (ID: 200188) tái chiến.
2023-10-29 22:17:41: Duonghung (ID: 200188) mở được 1 cái Lục Thao Tập Chú.
2023-10-29 22:17:46: Duonghung (ID: 200188) bắt đầu lượt khiêu chiến mới.
2023-10-29 22:17:57: Duonghung (ID: 200188) mở được 1 cái Du Long Uy Danh Phù.
2023-10-29 22:17:58: Duonghung (ID: 200188) tái chiến.
2023-10-29 22:18:14: Duonghung (ID: 200188) mở được 1 cái Thùng rượu (50 bình).
2023-10-29 22:18:15: Duonghung (ID: 200188) tái chiến.
2023-10-29 22:18:32: Duonghung (ID: 200188) mở được 1 cái Huyền Tinh có vết nứt (cấp 6).
2023-10-29 22:36:45: vodanh (ID: 200039) mở được 1 cái Du Long Tu Luyện Phù.
2023-10-29 22:36:48: vodanh (ID: 200039) bắt đầu lượt khiêu chiến mới.
2023-10-29 22:37:11: vodanh (ID: 200039) đổi được 1 Tiền du long.
2023-10-29 22:37:16: vodanh (ID: 200039) tái chiến.
2023-10-29 22:37:42: vodanh (ID: 200039) mở được 1 cái Du Long Uy Danh Phù.
2023-10-29 22:37:44: vodanh (ID: 200039) tái chiến.
2023-10-29 22:38:04: vodanh (ID: 200039) mở được 1 cái Du Long Uy Danh Phù.
2023-10-29 22:38:07: vodanh (ID: 200039) tái chiến.
2023-10-29 22:38:25: vodanh (ID: 200039) mở được 1 cái Bách Luyện Hoàn.
2023-10-29 22:38:31: vodanh (ID: 200039) bắt đầu lượt khiêu chiến mới.
2023-10-29 22:38:50: vodanh (ID: 200039) mở được 1 cái Du Long Tu Luyện Phù.
2023-10-29 22:38:51: vodanh (ID: 200039) bắt đầu lượt khiêu chiến mới.
2023-10-29 22:39:04: vodanh (ID: 200039) mở được 1 cái Du Long Uy Danh Phù.
2023-10-29 22:39:08: vodanh (ID: 200039) tái chiến.
2023-10-29 22:39:28: vodanh (ID: 200039) mở được 1 cái Lục Thao Tập Chú.
2023-10-29 22:39:34: vodanh (ID: 200039) tái chiến.
2023-10-29 22:39:57: vodanh (ID: 200039) mở được 1 cái Võ Lâm Mật Tịch (sơ).
2023-10-29 22:39:58: vodanh (ID: 200039) tái chiến.
2023-10-29 22:40:16: vodanh (ID: 200039) mở được 1 cái Thùng rượu (50 bình).
2023-10-29 22:43:27: vodanh (ID: 200039) mở được 1 cái Huyền Tinh Cấp 5.
2023-10-29 22:43:28: vodanh (ID: 200039) bắt đầu lượt khiêu chiến mới.
2023-10-29 22:43:40: vodanh (ID: 200039) mở được 1 cái Du Long Tu Luyện Phù.
2023-10-29 22:43:42: vodanh (ID: 200039) bắt đầu lượt khiêu chiến mới.
2023-10-29 22:44:02: vodanh (ID: 200039) mở được 1 cái Du Long Tu Luyện Phù.
2023-10-29 22:44:04: vodanh (ID: 200039) tái chiến.
2023-10-29 22:44:26: vodanh (ID: 200039) mở được 1 cái Huyền Tinh có vết nứt (cấp 6).
2023-10-29 22:44:28: vodanh (ID: 200039) tái chiến.
2023-10-29 22:44:47: vodanh (ID: 200039) mở được 1 cái Võ Lâm Mật Tịch (sơ).
2023-10-29 22:44:51: vodanh (ID: 200039) tái chiến.
2023-10-29 22:45:25: vodanh (ID: 200039) đổi được 1 Tiền du long.
2023-10-29 22:45:28: vodanh (ID: 200039) bắt đầu lượt khiêu chiến mới.
2023-10-29 22:45:52: vodanh (ID: 200039) mở được 1 cái Du Long Tu Luyện Phù.
2023-10-29 22:45:53: vodanh (ID: 200039) bắt đầu lượt khiêu chiến mới.
2023-10-29 22:46:11: vodanh (ID: 200039) mở được 1 cái Bách Luyện Hoàn.
2023-10-29 22:46:16: vodanh (ID: 200039) bắt đầu lượt khiêu chiến mới.
2023-10-29 22:46:34: vodanh (ID: 200039) đổi được 1 Tiền du long.
2023-10-29 22:46:35: vodanh (ID: 200039) tái chiến.
2023-10-29 22:46:58: vodanh (ID: 200039) mở được 1 cái Bách Luyện Hoàn.
2023-10-29 22:47:00: vodanh (ID: 200039) tái chiến.
2023-10-29 22:47:25: vodanh (ID: 200039) mở được 1 cái Bánh ít bát bảo.
2023-10-29 22:47:27: vodanh (ID: 200039) tái chiến.
2023-10-29 22:47:40: vodanh (ID: 200039) mở được 1 cái Huyền Tinh có vết nứt (cấp 6).
