2023-10-30 01:01:33: BaVuongKT (ID: 200255) đổi được 1 Tiền du long.
2023-10-30 01:01:34: BaVuongKT (ID: 200255) tái chiến.
2023-10-30 01:01:56: BaVuongKT (ID: 200255) đổi được 1 Tiền du long.
2023-10-30 01:01:57: BaVuongKT (ID: 200255) tái chiến.
2023-10-30 01:02:23: BaVuongKT (ID: 200255) mở được 1 cái Bách Luyện Hoàn.
2023-10-30 01:02:26: BaVuongKT (ID: 200255) tái chiến.
2023-10-30 01:02:50: BaVuongKT (ID: 200255) mở được 1 cái Lệnh bài chúc phúc (sơ).
2023-10-30 01:02:53: BaVuongKT (ID: 200255) bắt đầu lượt khiêu chiến mới.
2023-10-30 01:03:18: BaVuongKT (ID: 200255) đổi được 1 Tiền du long.
2023-10-30 01:03:19: BaVuongKT (ID: 200255) tái chiến.
2023-10-30 01:03:43: BaVuongKT (ID: 200255) đổi được 1 Tiền du long.
2023-10-30 01:03:44: BaVuongKT (ID: 200255) tái chiến.
2023-10-30 01:04:07: BaVuongKT (ID: 200255) đổi được 1 Tiền du long.
2023-10-30 01:04:08: BaVuongKT (ID: 200255) tái chiến.
2023-10-30 01:04:31: BaVuongKT (ID: 200255) mở được 1 cái Bách Luyện Hoàn.
2023-10-30 01:04:33: BaVuongKT (ID: 200255) bắt đầu lượt khiêu chiến mới.
2023-10-30 01:04:57: BaVuongKT (ID: 200255) đổi được 1 Tiền du long.
2023-10-30 01:04:59: BaVuongKT (ID: 200255) tái chiến.
2023-10-30 01:05:21: BaVuongKT (ID: 200255) đổi được 1 Tiền du long.
2023-10-30 01:05:22: BaVuongKT (ID: 200255) tái chiến.
2023-10-30 01:05:45: BaVuongKT (ID: 200255) đổi được 1 Tiền du long.
2023-10-30 01:05:46: BaVuongKT (ID: 200255) tái chiến.
2023-10-30 01:06:22: BaVuongKT (ID: 200255) mở được 1 cái Bánh ít bát bảo.
2023-10-30 06:01:32: vodanh (ID: 200039) đổi được 1 Tiền du long.
2023-10-30 06:01:35: vodanh (ID: 200039) bắt đầu lượt khiêu chiến mới.
2023-10-30 06:01:59: vodanh (ID: 200039) mở được 1 cái Du Long Uy Danh Phù.
2023-10-30 06:02:03: vodanh (ID: 200039) bắt đầu lượt khiêu chiến mới.
2023-10-30 06:02:25: vodanh (ID: 200039) mở được 1 cái Du Long Tu Luyện Phù.
2023-10-30 06:02:32: vodanh (ID: 200039) tái chiến.
2023-10-30 06:02:48: vodanh (ID: 200039) mở được 1 cái Du Long Tu Luyện Phù.
2023-10-30 06:02:50: vodanh (ID: 200039) bắt đầu lượt khiêu chiến mới.
2023-10-30 06:03:10: vodanh (ID: 200039) mở được 1 cái Huyền Tinh Cấp 5.
2023-10-30 06:03:12: vodanh (ID: 200039) tái chiến.
2023-10-30 06:03:30: vodanh (ID: 200039) đổi được 1 Tiền du long.
2023-10-30 06:03:34: vodanh (ID: 200039) tái chiến.
2023-10-30 06:04:02: vodanh (ID: 200039) đổi được 1 Tiền du long.
2023-10-30 06:04:05: vodanh (ID: 200039) tái chiến.
2023-10-30 06:04:29: vodanh (ID: 200039) mở được 1 cái Lệnh bài chúc phúc (sơ).
2023-10-30 06:04:33: vodanh (ID: 200039) bắt đầu lượt khiêu chiến mới.
2023-10-30 06:04:52: vodanh (ID: 200039) mở được 1 cái Bách Luyện Hoàn.
2023-10-30 06:05:10: vodanh (ID: 200039) bắt đầu lượt khiêu chiến mới.
2023-10-30 06:05:30: vodanh (ID: 200039) mở được 1 cái Du Long Uy Danh Phù.
2023-10-30 06:05:32: vodanh (ID: 200039) tái chiến.
2023-10-30 06:05:51: vodanh (ID: 200039) mở được 1 cái Huyền Tinh Cấp 5.
2023-10-30 06:05:52: vodanh (ID: 200039) tái chiến.
2023-10-30 06:06:12: vodanh (ID: 200039) mở được 1 cái Bách Luyện Hoàn.
2023-10-30 06:06:13: vodanh (ID: 200039) tái chiến.
2023-10-30 06:06:25: vodanh (ID: 200039) mở được 1 cái Bách Luyện Hoàn.
2023-10-30 06:06:27: vodanh (ID: 200039) bắt đầu lượt khiêu chiến mới.
2023-10-30 06:06:42: vodanh (ID: 200039) mở được 1 cái Du Long Tu Luyện Phù.
2023-10-30 06:06:49: vodanh (ID: 200039) bắt đầu lượt khiêu chiến mới.
2023-10-30 06:07:07: vodanh (ID: 200039) mở được 1 cái Du Long Tu Luyện Phù.
2023-10-30 06:07:11: vodanh (ID: 200039) tái chiến.
2023-10-30 06:07:27: vodanh (ID: 200039) mở được 1 cái Du Long Tu Luyện Phù.
2023-10-30 06:07:27: vodanh (ID: 200039) tái chiến.
2023-10-30 06:07:46: vodanh (ID: 200039) đổi được 1 Tiền du long.
2023-10-30 06:07:47: vodanh (ID: 200039) tái chiến.
2023-10-30 06:08:08: vodanh (ID: 200039) mở được 1 cái Võ Lâm Mật Tịch (sơ).
2023-10-30 08:14:58: BaVuongKT (ID: 200255) đổi được 1 Tiền du long.
2023-10-30 08:14:59: BaVuongKT (ID: 200255) tái chiến.
2023-10-30 08:15:18: BaVuongKT (ID: 200255) đổi được 1 Tiền du long.
2023-10-30 08:15:20: BaVuongKT (ID: 200255) tái chiến.
2023-10-30 08:15:39: BaVuongKT (ID: 200255) đổi được 1 Tiền du long.
2023-10-30 08:15:40: BaVuongKT (ID: 200255) tái chiến.
2023-10-30 08:15:56: BaVuongKT (ID: 200255) đổi được 1 Tiền du long.
2023-10-30 08:15:59: BaVuongKT (ID: 200255) bắt đầu lượt khiêu chiến mới.
2023-10-30 08:16:15: BaVuongKT (ID: 200255) đổi được 1 Tiền du long.
2023-10-30 08:16:29: BaVuongKT (ID: 200255) bắt đầu lượt khiêu chiến mới.
2023-10-30 08:16:45: BaVuongKT (ID: 200255) đổi được 1 Tiền du long.
2023-10-30 08:16:46: BaVuongKT (ID: 200255) tái chiến.
2023-10-30 08:17:06: BaVuongKT (ID: 200255) mở được 1 cái Thùng rượu (50 bình).
2023-10-30 08:17:07: BaVuongKT (ID: 200255) tái chiến.
2023-10-30 08:17:29: BaVuongKT (ID: 200255) mở được 1 cái Huyền Tinh có vết nứt (cấp 6).
2023-10-30 08:17:30: BaVuongKT (ID: 200255) tái chiến.
2023-10-30 08:18:03: BaVuongKT (ID: 200255) mở được 1 cái Lệnh bài chúc phúc (sơ).
2023-10-30 08:18:06: BaVuongKT (ID: 200255) bắt đầu lượt khiêu chiến mới.
2023-10-30 08:18:45: BaVuongKT (ID: 200255) mở được 1 cái Tẩy Tủy Kinh (sơ).
2023-10-30 08:59:14: kenken (ID: 200195) mở được 1 cái Du Long Tu Luyện Phù.
2023-10-30 09:26:45: kenken (ID: 200195) mở được 1 cái Du Long Tu Luyện Phù.
2023-10-30 09:26:47: kenken (ID: 200195) tái chiến.
2023-10-30 09:27:29: kenken (ID: 200195) đổi được 1 Tiền du long.
2023-10-30 09:27:31: kenken (ID: 200195) tái chiến.
2023-10-30 09:28:58: kenken (ID: 200195) mở được 1 cái Du Long Uy Danh Phù.
2023-10-30 09:28:59: kenken (ID: 200195) tái chiến.
2023-10-30 09:30:00: kenken (ID: 200195) mở được 1 cái Du Long Uy Danh Phù.
2023-10-30 09:30:02: kenken (ID: 200195) bắt đầu lượt khiêu chiến mới.
2023-10-30 09:31:33: kenken (ID: 200195) mở được 1 cái Du Long Tu Luyện Phù.
2023-10-30 09:31:35: kenken (ID: 200195) tái chiến.
2023-10-30 09:32:45: kenken (ID: 200195) mở được 1 cái Huyền Tinh Cấp 5.
2023-10-30 09:32:46: kenken (ID: 200195) tái chiến.
2023-10-30 09:34:24: kenken (ID: 200195) mở được 1 cái Tẩy Tủy Kinh (sơ).
2023-10-30 09:34:25: kenken (ID: 200195) tái chiến.
2023-10-30 09:35:56: kenken (ID: 200195) mở được 1 cái Huyền Tinh có vết nứt (cấp 6).
2023-10-30 09:35:58: kenken (ID: 200195) bắt đầu lượt khiêu chiến mới.
2023-10-30 09:36:57: kenken (ID: 200195) mở được 1 cái Du Long Uy Danh Phù.
2023-10-30 09:36:59: kenken (ID: 200195) tái chiến.
2023-10-30 09:38:25: kenken (ID: 200195) mở được 1 cái Du Long Uy Danh Phù.
2023-10-30 09:38:29: kenken (ID: 200195) tái chiến.
2023-10-30 09:39:30: kenken (ID: 200195) mở được 1 cái Bánh ít bát bảo.
2023-10-30 09:39:32: kenken (ID: 200195) tái chiến.
2023-10-30 09:40:34: kenken (ID: 200195) mở được 1 cái Tẩy Tủy Kinh (sơ).
2023-10-30 09:40:38: kenken (ID: 200195) bắt đầu lượt khiêu chiến mới.
2023-10-30 09:41:44: kenken (ID: 200195) mở được 1 cái Võ Lâm Mật Tịch (sơ).
2023-10-30 09:41:48: kenken (ID: 200195) tái chiến.
2023-10-30 09:43:18: kenken (ID: 200195) mở được 1 cái Lệnh bài chúc phúc (sơ).
2023-10-30 09:43:20: kenken (ID: 200195) tái chiến.
2023-10-30 09:44:07: kenken (ID: 200195) mở được 1 cái Huyền Tinh có vết nứt (cấp 6).
2023-10-30 09:44:10: kenken (ID: 200195) tái chiến.
2023-10-30 09:45:02: kenken (ID: 200195) mở được 1 cái Lệnh bài chúc phúc (sơ).
2023-10-30 10:03:36: QuanDoLa (ID: 200043) mở được 1 cái Du Long Uy Danh Phù.
2023-10-30 10:05:55: QuanDoLa (ID: 200043) mở được 1 cái Du Long Tu Luyện Phù.
2023-10-30 10:05:56: QuanDoLa (ID: 200043) bắt đầu lượt khiêu chiến mới.
2023-10-30 10:06:28: QuanDoLa (ID: 200043) mở được 1 cái Võ Lâm Mật Tịch (sơ).
2023-10-30 10:06:30: QuanDoLa (ID: 200043) bắt đầu lượt khiêu chiến mới.
2023-10-30 10:07:19: QuanDoLa (ID: 200043) mở được 1 cái Tẩy Tủy Kinh (sơ).
2023-10-30 10:07:21: QuanDoLa (ID: 200043) bắt đầu lượt khiêu chiến mới.
2023-10-30 10:07:43: QuanDoLa (ID: 200043) mở được 1 cái Du Long Tu Luyện Phù.
2023-10-30 10:07:45: QuanDoLa (ID: 200043) bắt đầu lượt khiêu chiến mới.
2023-10-30 10:08:20: QuanDoLa (ID: 200043) mở được 1 cái Du Long Tu Luyện Phù.
2023-10-30 10:08:21: QuanDoLa (ID: 200043) bắt đầu lượt khiêu chiến mới.
2023-10-30 10:09:01: QuanDoLa (ID: 200043) mở được 1 cái Du Long Tu Luyện Phù.
2023-10-30 10:09:03: QuanDoLa (ID: 200043) bắt đầu lượt khiêu chiến mới.
2023-10-30 10:09:56: QuanDoLa (ID: 200043) đổi được 1 Tiền du long.
2023-10-30 10:10:00: QuanDoLa (ID: 200043) bắt đầu lượt khiêu chiến mới.
2023-10-30 10:10:45: QuanDoLa (ID: 200043) đổi được 1 Tiền du long.
2023-10-30 10:10:46: QuanDoLa (ID: 200043) bắt đầu lượt khiêu chiến mới.
2023-10-30 10:11:30: QuanDoLa (ID: 200043) đổi được 1 Tiền du long.
2023-10-30 10:11:31: QuanDoLa (ID: 200043) bắt đầu lượt khiêu chiến mới.
2023-10-30 11:13:36: ILOVEYOU (ID: 200033) đổi được 1 Tiền du long.
2023-10-30 11:13:38: ILOVEYOU (ID: 200033) bắt đầu lượt khiêu chiến mới.
2023-10-30 11:14:05: ILOVEYOU (ID: 200033) đổi được 1 Tiền du long.
2023-10-30 11:14:08: ILOVEYOU (ID: 200033) bắt đầu lượt khiêu chiến mới.
2023-10-30 11:15:14: ILOVEYOU (ID: 200033) mở được 1 cái Bách Luyện Hoàn.
2023-10-30 11:15:15: ILOVEYOU (ID: 200033) bắt đầu lượt khiêu chiến mới.
2023-10-30 11:16:04: ILOVEYOU (ID: 200033) đổi được 1 Tiền du long.
2023-10-30 11:16:09: ILOVEYOU (ID: 200033) bắt đầu lượt khiêu chiến mới.
2023-10-30 11:16:19: Duonghung (ID: 200188) đổi được 1 Tiền du long.
2023-10-30 11:16:20: Duonghung (ID: 200188) bắt đầu lượt khiêu chiến mới.
2023-10-30 11:16:33: Duonghung (ID: 200188) mở được 1 cái Du Long Tu Luyện Phù.
2023-10-30 11:16:40: Duonghung (ID: 200188) bắt đầu lượt khiêu chiến mới.
2023-10-30 11:16:52: Duonghung (ID: 200188) mở được 1 cái Càn Khôn Phù (10).
2023-10-30 11:16:54: Duonghung (ID: 200188) tái chiến.
2023-10-30 11:17:03: ILOVEYOU (ID: 200033) đổi được 1 Tiền du long.
2023-10-30 11:17:08: Duonghung (ID: 200188) đổi được 1 Tiền du long.
2023-10-30 11:17:08: ILOVEYOU (ID: 200033) tái chiến.
2023-10-30 11:17:11: Duonghung (ID: 200188) bắt đầu lượt khiêu chiến mới.
2023-10-30 11:17:22: Duonghung (ID: 200188) đổi được 1 Tiền du long.
2023-10-30 11:17:23: Duonghung (ID: 200188) bắt đầu lượt khiêu chiến mới.
2023-10-30 11:17:36: Duonghung (ID: 200188) mở được 1 cái Càn Khôn Phù (10).
2023-10-30 11:17:36: Duonghung (ID: 200188) bắt đầu lượt khiêu chiến mới.
2023-10-30 11:17:51: Duonghung (ID: 200188) đổi được 1 Tiền du long.
2023-10-30 11:17:51: ILOVEYOU (ID: 200033) mở được 1 cái Huyền Tinh Cấp 5.
2023-10-30 11:17:51: Duonghung (ID: 200188) bắt đầu lượt khiêu chiến mới.
2023-10-30 11:17:53: ILOVEYOU (ID: 200033) bắt đầu lượt khiêu chiến mới.
2023-10-30 11:18:05: Duonghung (ID: 200188) đổi được 1 Tiền du long.
2023-10-30 11:18:07: Duonghung (ID: 200188) tái chiến.
2023-10-30 11:18:19: Duonghung (ID: 200188) mở được 1 cái Thùng rượu (50 bình).
2023-10-30 11:18:20: Duonghung (ID: 200188) bắt đầu lượt khiêu chiến mới.
2023-10-30 11:18:33: Duonghung (ID: 200188) mở được 1 cái Du Long Tu Luyện Phù.
2023-10-30 11:18:34: Duonghung (ID: 200188) bắt đầu lượt khiêu chiến mới.
2023-10-30 11:18:36: ILOVEYOU (ID: 200033) đổi được 1 Tiền du long.
2023-10-30 11:18:39: ILOVEYOU (ID: 200033) bắt đầu lượt khiêu chiến mới.
2023-10-30 11:18:48: Duonghung (ID: 200188) đổi được 1 Tiền du long.
2023-10-30 11:18:51: Duonghung (ID: 200188) tái chiến.
2023-10-30 11:19:18: Duonghung (ID: 200188) mở được 1 cái Bánh ít bát bảo.
2023-10-30 11:19:19: Duonghung (ID: 200188) tái chiến.
2023-10-30 11:19:20: ILOVEYOU (ID: 200033) đổi được 1 Tiền du long.
2023-10-30 11:19:22: ILOVEYOU (ID: 200033) bắt đầu lượt khiêu chiến mới.
2023-10-30 11:19:35: Duonghung (ID: 200188) mở được 1 cái Lệnh bài chúc phúc (sơ).
2023-10-30 11:19:36: Duonghung (ID: 200188) tái chiến.
2023-10-30 11:19:58: Duonghung (ID: 200188) mở được 1 cái Tẩy Tủy Kinh (sơ).
2023-10-30 11:20:00: Duonghung (ID: 200188) bắt đầu lượt khiêu chiến mới.
2023-10-30 11:20:02: ILOVEYOU (ID: 200033) đổi được 1 Tiền du long.
2023-10-30 11:20:05: ILOVEYOU (ID: 200033) bắt đầu lượt khiêu chiến mới.
2023-10-30 11:20:13: Duonghung (ID: 200188) mở được 1 cái Du Long Tu Luyện Phù.
2023-10-30 11:21:17: ILOVEYOU (ID: 200033) mở được 1 cái Du Long Uy Danh Phù.
2023-10-30 12:30:12: TongGiang (ID: 200575) mở được 1 cái Huyền Tinh Cấp 5.
2023-10-30 12:30:15: TongGiang (ID: 200575) tái chiến.
2023-10-30 12:30:26: TongGiang (ID: 200575) mở được 1 cái Bách Luyện Hoàn.
2023-10-30 12:30:26: TongGiang (ID: 200575) tái chiến.
2023-10-30 12:30:40: TongGiang (ID: 200575) mở được 1 cái Võ Lâm Mật Tịch (sơ).
2023-10-30 12:30:42: TongGiang (ID: 200575) tái chiến.
2023-10-30 12:30:56: TongGiang (ID: 200575) mở được 1 cái Thùng rượu (50 bình).
2023-10-30 12:30:58: TongGiang (ID: 200575) bắt đầu lượt khiêu chiến mới.
2023-10-30 12:31:11: TongGiang (ID: 200575) mở được 1 cái Du Long Tu Luyện Phù.
2023-10-30 12:31:11: TongGiang (ID: 200575) tái chiến.
2023-10-30 12:31:23: TongGiang (ID: 200575) mở được 1 cái Bách Luyện Hoàn.
2023-10-30 12:31:24: TongGiang (ID: 200575) tái chiến.
2023-10-30 12:31:33: TongGiang (ID: 200575) mở được 1 cái Du Long Tu Luyện Phù.
2023-10-30 12:31:34: TongGiang (ID: 200575) tái chiến.
2023-10-30 12:31:52: TongGiang (ID: 200575) mở được 1 cái Càn Khôn Phù (10).
2023-10-30 12:31:54: TongGiang (ID: 200575) bắt đầu lượt khiêu chiến mới.
2023-10-30 12:32:08: TongGiang (ID: 200575) mở được 1 cái Càn Khôn Phù (10).
2023-10-30 12:32:09: TongGiang (ID: 200575) tái chiến.
2023-10-30 12:32:24: TongGiang (ID: 200575) mở được 1 cái Du Long Uy Danh Phù.
2023-10-30 12:58:14: kenken (ID: 200195) mở được 1 cái Du Long Tu Luyện Phù.
2023-10-30 12:58:15: kenken (ID: 200195) tái chiến.
2023-10-30 12:58:58: kenken (ID: 200195) mở được 1 cái Huyền Tinh Cấp 5.
2023-10-30 12:59:00: kenken (ID: 200195) tái chiến.
2023-10-30 12:59:45: kenken (ID: 200195) đổi được 1 Tiền du long.
2023-10-30 12:59:48: kenken (ID: 200195) tái chiến.
2023-10-30 13:00:32: kenken (ID: 200195) mở được 1 cái Thùng rượu (50 bình).
2023-10-30 13:00:35: kenken (ID: 200195) bắt đầu lượt khiêu chiến mới.
2023-10-30 13:01:04: kenken (ID: 200195) mở được 1 cái Du Long Uy Danh Phù.
2023-10-30 13:01:05: kenken (ID: 200195) tái chiến.
2023-10-30 13:01:34: kenken (ID: 200195) mở được 1 cái Du Long Uy Danh Phù.
2023-10-30 14:12:52: MrCarr (ID: 201141) đổi được 1 Tiền du long.
2023-10-30 14:12:57: MrCarr (ID: 201141) tái chiến.
2023-10-30 14:14:06: MrCarr (ID: 201141) mở được 1 cái Bách Luyện Hoàn.
2023-10-30 14:15:38: MrCarr (ID: 201141) mở được 1 cái Huyền Tinh Cấp 5.
2023-10-30 14:15:40: MrCarr (ID: 201141) tái chiến.
2023-10-30 14:16:34: MrCarr (ID: 201141) mở được 1 cái Bách Luyện Hoàn.
2023-10-30 14:16:35: MrCarr (ID: 201141) bắt đầu lượt khiêu chiến mới.
2023-10-30 14:17:32: MrCarr (ID: 201141) mở được 1 cái Du Long Uy Danh Phù.
2023-10-30 14:17:33: MrCarr (ID: 201141) bắt đầu lượt khiêu chiến mới.
2023-10-30 14:18:23: MrCarr (ID: 201141) đổi được 1 Tiền du long.
2023-10-30 14:18:27: MrCarr (ID: 201141) bắt đầu lượt khiêu chiến mới.
2023-10-30 14:19:07: MrCarr (ID: 201141) đổi được 1 Tiền du long.
2023-10-30 14:19:09: MrCarr (ID: 201141) bắt đầu lượt khiêu chiến mới.
2023-10-30 14:19:58: MrCarr (ID: 201141) đổi được 1 Tiền du long.
2023-10-30 16:03:46: ThanhThao (ID: 203327) đổi được 1 Tiền du long.
2023-10-30 16:03:48: ThanhThao (ID: 203327) bắt đầu lượt khiêu chiến mới.
2023-10-30 16:04:37: ThanhThao (ID: 203327) đổi được 1 Tiền du long.
2023-10-30 16:04:39: ThanhThao (ID: 203327) bắt đầu lượt khiêu chiến mới.
2023-10-30 16:05:11: ThanhThao (ID: 203327) đổi được 1 Tiền du long.
2023-10-30 16:05:13: ThanhThao (ID: 203327) bắt đầu lượt khiêu chiến mới.
2023-10-30 16:05:44: ThanhThao (ID: 203327) đổi được 1 Tiền du long.
2023-10-30 16:05:46: ThanhThao (ID: 203327) bắt đầu lượt khiêu chiến mới.
2023-10-30 16:06:21: ThanhThao (ID: 203327) đổi được 1 Tiền du long.
2023-10-30 16:06:23: ThanhThao (ID: 203327) bắt đầu lượt khiêu chiến mới.
2023-10-30 16:31:09: Junner (ID: 200041) mở được 1 cái Du Long Uy Danh Phù.
2023-10-30 16:31:12: Junner (ID: 200041) bắt đầu lượt khiêu chiến mới.
2023-10-30 16:31:25: Junner (ID: 200041) đổi được 1 Tiền du long.
2023-10-30 16:31:27: Junner (ID: 200041) tái chiến.
2023-10-30 16:31:42: Junner (ID: 200041) mở được 1 cái Lục Thao Tập Chú.
2023-10-30 16:31:43: Junner (ID: 200041) tái chiến.
2023-10-30 16:31:55: Junner (ID: 200041) đổi được 1 Tiền du long.
2023-10-30 16:32:18: Junner (ID: 200041) tái chiến.
2023-10-30 16:32:39: Junner (ID: 200041) đổi được 1 Tiền du long.
2023-10-30 16:32:46: Junner (ID: 200041) bắt đầu lượt khiêu chiến mới.
2023-10-30 16:33:03: Junner (ID: 200041) mở được 1 cái Huyền Tinh Cấp 5.
2023-10-30 16:33:05: Junner (ID: 200041) tái chiến.
2023-10-30 16:33:15: Junner (ID: 200041) mở được 1 cái Huyền Tinh Cấp 5.
2023-10-30 16:33:16: Junner (ID: 200041) tái chiến.
2023-10-30 16:33:27: Junner (ID: 200041) đổi được 1 Tiền du long.
2023-10-30 16:33:29: Junner (ID: 200041) tái chiến.
2023-10-30 16:33:42: Junner (ID: 200041) mở được 1 cái Huyền Tinh có vết nứt (cấp 6).
2023-10-30 16:33:44: Junner (ID: 200041) bắt đầu lượt khiêu chiến mới.
2023-10-30 16:33:55: Junner (ID: 200041) mở được 1 cái Huyền Tinh Cấp 5.
2023-10-30 16:33:58: Junner (ID: 200041) tái chiến.
2023-10-30 16:34:09: Junner (ID: 200041) mở được 1 cái Càn Khôn Phù (10).
2023-10-30 16:34:11: Junner (ID: 200041) tái chiến.
2023-10-30 16:34:21: Junner (ID: 200041) mở được 1 cái Càn Khôn Phù (10).
2023-10-30 16:34:22: Junner (ID: 200041) tái chiến.
2023-10-30 16:34:32: Junner (ID: 200041) mở được 1 cái Càn Khôn Phù (10).
2023-10-30 16:34:33: Junner (ID: 200041) bắt đầu lượt khiêu chiến mới.
2023-10-30 16:34:46: Junner (ID: 200041) mở được 1 cái Du Long Tu Luyện Phù.
2023-10-30 16:35:00: Junner (ID: 200041) tái chiến.
2023-10-30 16:35:12: Junner (ID: 200041) mở được 1 cái Huyền Tinh Cấp 5.
2023-10-30 16:35:14: Junner (ID: 200041) tái chiến.
2023-10-30 16:35:31: Junner (ID: 200041) mở được 1 cái Bách Luyện Hoàn.
2023-10-30 16:35:32: Junner (ID: 200041) tái chiến.
2023-10-30 16:35:41: Junner (ID: 200041) mở được 1 cái Huyền Tinh Cấp 5.
2023-10-30 16:35:42: Junner (ID: 200041) bắt đầu lượt khiêu chiến mới.
2023-10-30 16:35:56: Junner (ID: 200041) mở được 1 cái Càn Khôn Phù (10).
2023-10-30 16:35:57: Junner (ID: 200041) tái chiến.
2023-10-30 16:36:05: Junner (ID: 200041) mở được 1 cái Huyền Tinh Cấp 5.
2023-10-30 16:36:06: Junner (ID: 200041) tái chiến.
2023-10-30 16:36:16: Junner (ID: 200041) mở được 1 cái Thùng rượu (50 bình).
2023-10-30 16:36:19: Junner (ID: 200041) tái chiến.
2023-10-30 16:36:36: Junner (ID: 200041) đổi được 1 Tiền du long.
2023-10-30 17:45:35: SweetLove (ID: 206780) mở được 1 cái Du Long Tu Luyện Phù.
2023-10-30 17:45:38: SweetLove (ID: 206780) bắt đầu lượt khiêu chiến mới.
2023-10-30 17:46:09: SweetLove (ID: 206780) đổi được 1 Tiền du long.
2023-10-30 17:46:11: SweetLove (ID: 206780) bắt đầu lượt khiêu chiến mới.
2023-10-30 17:47:17: SweetLove (ID: 206780) mở được 1 cái Huyền Tinh có vết nứt (cấp 6).
2023-10-30 17:47:19: SweetLove (ID: 206780) bắt đầu lượt khiêu chiến mới.
2023-10-30 17:48:16: SweetLove (ID: 206780) mở được 1 cái Du Long Tu Luyện Phù.
2023-10-30 17:49:45: SweetLove (ID: 206780) mở được 1 cái Du Long Uy Danh Phù.
2023-10-30 17:49:48: SweetLove (ID: 206780) tái chiến.
2023-10-30 17:50:39: SweetLove (ID: 206780) mở được 1 cái Du Long Uy Danh Phù.
2023-10-30 17:50:43: SweetLove (ID: 206780) tái chiến.
2023-10-30 17:51:26: SweetLove (ID: 206780) mở được 1 cái Tẩy Tủy Kinh (sơ).
2023-10-30 17:51:29: SweetLove (ID: 206780) tái chiến.
2023-10-30 17:52:17: SweetLove (ID: 206780) mở được 1 cái Bánh ít bát bảo.
2023-10-30 17:52:22: SweetLove (ID: 206780) bắt đầu lượt khiêu chiến mới.
2023-10-30 17:53:05: SweetLove (ID: 206780) mở được 1 cái Du Long Tu Luyện Phù.
2023-10-30 17:53:05: SweetLove (ID: 206780) tái chiến.
2023-10-30 17:53:38: SweetLove (ID: 206780) đổi được 1 Tiền du long.
2023-10-30 20:08:38: Quinn37 (ID: 200213) mở được 1 cái Du Long Tu Luyện Phù.
2023-10-30 20:08:42: Quinn37 (ID: 200213) tái chiến.
2023-10-30 20:08:56: Quinn37 (ID: 200213) mở được 1 cái Bách Luyện Hoàn.
2023-10-30 20:09:49: Quinn37 (ID: 200213) mở được 1 cái Du Long Tu Luyện Phù.
2023-10-30 20:09:50: Quinn37 (ID: 200213) tái chiến.
2023-10-30 20:10:03: Quinn37 (ID: 200213) mở được 1 cái Du Long Uy Danh Phù.
2023-10-30 21:33:08: xxtokudaxx (ID: 200024) đổi được 1 Tiền du long.
2023-10-30 21:33:21: xxtokudaxx (ID: 200024) bắt đầu lượt khiêu chiến mới.
2023-10-30 21:33:43: xxtokudaxx (ID: 200024) đổi được 1 Tiền du long.
2023-10-30 21:33:51: xxtokudaxx (ID: 200024) tái chiến.
2023-10-30 21:34:12: xxtokudaxx (ID: 200024) đổi được 1 Tiền du long.
2023-10-30 21:34:16: xxtokudaxx (ID: 200024) tái chiến.
2023-10-30 21:34:30: xxtokudaxx (ID: 200024) đổi được 1 Tiền du long.
2023-10-30 21:34:37: xxtokudaxx (ID: 200024) tái chiến.
2023-10-30 21:34:50: xxtokudaxx (ID: 200024) đổi được 1 Tiền du long.
2023-10-30 21:34:54: xxtokudaxx (ID: 200024) bắt đầu lượt khiêu chiến mới.
2023-10-30 21:35:05: xxtokudaxx (ID: 200024) đổi được 1 Tiền du long.
2023-10-30 21:35:08: xxtokudaxx (ID: 200024) bắt đầu lượt khiêu chiến mới.
2023-10-30 21:35:19: xxtokudaxx (ID: 200024) đổi được 1 Tiền du long.
2023-10-30 21:35:25: xxtokudaxx (ID: 200024) bắt đầu lượt khiêu chiến mới.
2023-10-30 21:35:56: xxtokudaxx (ID: 200024) mở được 1 cái Tẩy Tủy Kinh (sơ).
2023-10-30 21:35:58: xxtokudaxx (ID: 200024) tái chiến.
2023-10-30 21:36:14: xxtokudaxx (ID: 200024) mở được 1 cái Võ Lâm Mật Tịch (sơ).
2023-10-30 21:36:18: xxtokudaxx (ID: 200024) tái chiến.
2023-10-30 21:36:34: xxtokudaxx (ID: 200024) mở được 1 cái Bánh ít bát bảo.
2023-10-30 23:54:36: HPgaumeo (ID: 201284) đổi được 1 Tiền du long.
2023-10-30 23:54:39: HPgaumeo (ID: 201284) tái chiến.
2023-10-30 23:55:01: HPgaumeo (ID: 201284) mở được 1 cái Bánh ít bát bảo.
2023-10-30 23:55:02: HPgaumeo (ID: 201284) bắt đầu lượt khiêu chiến mới.
2023-10-30 23:55:14: HPgaumeo (ID: 201284) mở được 1 cái Du Long Tu Luyện Phù.
2023-10-30 23:55:16: HPgaumeo (ID: 201284) bắt đầu lượt khiêu chiến mới.
2023-10-30 23:55:28: HPgaumeo (ID: 201284) mở được 1 cái Càn Khôn Phù (10).
2023-10-30 23:55:29: HPgaumeo (ID: 201284) bắt đầu lượt khiêu chiến mới.
2023-10-30 23:55:41: HPgaumeo (ID: 201284) mở được 1 cái Du Long Tu Luyện Phù.
2023-10-30 23:55:42: HPgaumeo (ID: 201284) bắt đầu lượt khiêu chiến mới.
2023-10-30 23:55:56: HPgaumeo (ID: 201284) mở được 1 cái Du Long Uy Danh Phù.
2023-10-30 23:55:56: HPgaumeo (ID: 201284) bắt đầu lượt khiêu chiến mới.
2023-10-30 23:56:09: HPgaumeo (ID: 201284) mở được 1 cái Huyền Tinh Cấp 5.
2023-10-30 23:56:10: HPgaumeo (ID: 201284) bắt đầu lượt khiêu chiến mới.
2023-10-30 23:56:26: HPgaumeo (ID: 201284) mở được 1 cái Du Long Uy Danh Phù.
2023-10-30 23:56:26: HPgaumeo (ID: 201284) bắt đầu lượt khiêu chiến mới.
2023-10-30 23:57:14: HPgaumeo (ID: 201284) đổi được 1 Tiền du long.
2023-10-30 23:57:16: HPgaumeo (ID: 201284) bắt đầu lượt khiêu chiến mới.
2023-10-30 23:57:48: HPgaumeo (ID: 201284) mở được 1 cái Du Long Uy Danh Phù.
